[2024-08-06T22:01:33.883+0000] {taskinstance.py:1083} INFO - Dependencies all met for <TaskInstance: load_parquet_to_bq_dag.dbt_run manual__2024-08-06T22:01:33.346495+00:00 [queued]>
[2024-08-06T22:01:33.887+0000] {taskinstance.py:1083} INFO - Dependencies all met for <TaskInstance: load_parquet_to_bq_dag.dbt_run manual__2024-08-06T22:01:33.346495+00:00 [queued]>
[2024-08-06T22:01:33.887+0000] {taskinstance.py:1279} INFO - 
--------------------------------------------------------------------------------
[2024-08-06T22:01:33.887+0000] {taskinstance.py:1280} INFO - Starting attempt 1 of 2
[2024-08-06T22:01:33.888+0000] {taskinstance.py:1281} INFO - 
--------------------------------------------------------------------------------
[2024-08-06T22:01:33.893+0000] {taskinstance.py:1300} INFO - Executing <Task(DbtRunOperator): dbt_run> on 2024-08-06 22:01:33.346495+00:00
[2024-08-06T22:01:33.895+0000] {standard_task_runner.py:55} INFO - Started process 80 to run task
[2024-08-06T22:01:33.898+0000] {standard_task_runner.py:82} INFO - Running: ['***', 'tasks', 'run', 'load_parquet_to_bq_dag', 'dbt_run', 'manual__2024-08-06T22:01:33.346495+00:00', '--job-id', '74', '--raw', '--subdir', 'DAGS_FOLDER/load_dbt_dag.py', '--cfg-path', '/tmp/tmpfx83f2jf']
[2024-08-06T22:01:33.898+0000] {standard_task_runner.py:83} INFO - Job 74: Subtask dbt_run
[2024-08-06T22:01:33.927+0000] {task_command.py:388} INFO - Running <TaskInstance: load_parquet_to_bq_dag.dbt_run manual__2024-08-06T22:01:33.346495+00:00 [running]> on host cf0df9e834a7
[2024-08-06T22:01:33.953+0000] {taskinstance.py:1507} INFO - Exporting the following env vars:
AIRFLOW_CTX_DAG_OWNER=miguel
AIRFLOW_CTX_DAG_ID=load_parquet_to_bq_dag
AIRFLOW_CTX_TASK_ID=dbt_run
AIRFLOW_CTX_EXECUTION_DATE=2024-08-06T22:01:33.346495+00:00
AIRFLOW_CTX_TRY_NUMBER=1
AIRFLOW_CTX_DAG_RUN_ID=manual__2024-08-06T22:01:33.346495+00:00
[2024-08-06T22:01:33.953+0000] {dbt_hook.py:117} INFO - dbt run --profiles-dir /opt/dbt_project --models load_parquet_to_test
[2024-08-06T22:01:33.957+0000] {dbt_hook.py:126} INFO - Output:
[2024-08-06T22:01:34.793+0000] {dbt_hook.py:130} INFO - [0m22:01:34  Running with dbt=1.8.4
[2024-08-06T22:01:35.302+0000] {dbt_hook.py:130} INFO - [0m22:01:35  Registered adapter: bigquery=1.8.2
[2024-08-06T22:01:35.459+0000] {dbt_hook.py:130} INFO - [0m22:01:35  Encountered an error:
[2024-08-06T22:01:35.459+0000] {dbt_hook.py:130} INFO - Compilation Error in model load_parquet_to_test (models/load_parquet_to_test.sql)
[2024-08-06T22:01:35.460+0000] {dbt_hook.py:130} INFO -   expected token ',', got '='
[2024-08-06T22:01:35.460+0000] {dbt_hook.py:130} INFO -     line 2
[2024-08-06T22:01:35.460+0000] {dbt_hook.py:130} INFO -       --     materialized='table',
[2024-08-06T22:01:36.946+0000] {dbt_hook.py:132} INFO - Command exited with return code 2
[2024-08-06T22:01:36.954+0000] {taskinstance.py:1768} ERROR - Task failed with exception
Traceback (most recent call last):
  File "/home/airflow/.local/lib/python3.8/site-packages/airflow_dbt/operators/dbt_operator.py", line 98, in execute
    self.create_hook().run_cli('run')
  File "/home/airflow/.local/lib/python3.8/site-packages/airflow_dbt/hooks/dbt_hook.py", line 138, in run_cli
    raise AirflowException("dbt command failed")
airflow.exceptions.AirflowException: dbt command failed
[2024-08-06T22:01:36.956+0000] {taskinstance.py:1318} INFO - Marking task as UP_FOR_RETRY. dag_id=load_parquet_to_bq_dag, task_id=dbt_run, execution_date=20240806T220133, start_date=20240806T220133, end_date=20240806T220136
[2024-08-06T22:01:36.962+0000] {standard_task_runner.py:100} ERROR - Failed to execute job 74 for task dbt_run (dbt command failed; 80)
[2024-08-06T22:01:36.989+0000] {local_task_job.py:208} INFO - Task exited with return code 1
[2024-08-06T22:01:36.997+0000] {taskinstance.py:2578} INFO - 0 downstream tasks scheduled from follow-on schedule check
