[2024-07-25T13:34:21.668+0000] {taskinstance.py:1083} INFO - Dependencies all met for <TaskInstance: execute_get_api_data_script.run_python_script manual__2024-07-25T13:34:20.573681+00:00 [queued]>
[2024-07-25T13:34:21.673+0000] {taskinstance.py:1083} INFO - Dependencies all met for <TaskInstance: execute_get_api_data_script.run_python_script manual__2024-07-25T13:34:20.573681+00:00 [queued]>
[2024-07-25T13:34:21.673+0000] {taskinstance.py:1279} INFO - 
--------------------------------------------------------------------------------
[2024-07-25T13:34:21.673+0000] {taskinstance.py:1280} INFO - Starting attempt 1 of 2
[2024-07-25T13:34:21.673+0000] {taskinstance.py:1281} INFO - 
--------------------------------------------------------------------------------
[2024-07-25T13:34:21.679+0000] {taskinstance.py:1300} INFO - Executing <Task(BashOperator): run_python_script> on 2024-07-25 13:34:20.573681+00:00
[2024-07-25T13:34:21.681+0000] {standard_task_runner.py:55} INFO - Started process 957 to run task
[2024-07-25T13:34:21.682+0000] {standard_task_runner.py:82} INFO - Running: ['***', 'tasks', 'run', 'execute_get_api_data_script', 'run_python_script', 'manual__2024-07-25T13:34:20.573681+00:00', '--job-id', '13', '--raw', '--subdir', 'DAGS_FOLDER/get_api_data_dag.py', '--cfg-path', '/tmp/tmpipr_u2n1']
[2024-07-25T13:34:21.683+0000] {standard_task_runner.py:83} INFO - Job 13: Subtask run_python_script
[2024-07-25T13:34:21.709+0000] {task_command.py:388} INFO - Running <TaskInstance: execute_get_api_data_script.run_python_script manual__2024-07-25T13:34:20.573681+00:00 [running]> on host ebb7cd7d43b9
[2024-07-25T13:34:21.738+0000] {taskinstance.py:1509} INFO - Exporting the following env vars:
AIRFLOW_CTX_DAG_OWNER=miguelrezende
AIRFLOW_CTX_DAG_ID=execute_get_api_data_script
AIRFLOW_CTX_TASK_ID=run_python_script
AIRFLOW_CTX_EXECUTION_DATE=2024-07-25T13:34:20.573681+00:00
AIRFLOW_CTX_TRY_NUMBER=1
AIRFLOW_CTX_DAG_RUN_ID=manual__2024-07-25T13:34:20.573681+00:00
[2024-07-25T13:34:21.738+0000] {subprocess.py:63} INFO - Tmp dir root location: 
 /tmp
[2024-07-25T13:34:21.739+0000] {subprocess.py:75} INFO - Running command: ['/bin/bash', '-c', 'python3 /opt/***/python_scripts/get_api_data_script.py 2>&1']
[2024-07-25T13:34:21.742+0000] {subprocess.py:86} INFO - Output:
[2024-07-25T13:34:23.423+0000] {subprocess.py:93} INFO - BAZINGA 2
[2024-07-25T13:34:23.425+0000] {subprocess.py:93} INFO -                city  ...       type
[2024-07-25T13:34:23.425+0000] {subprocess.py:93} INFO - 0            Suzano  ...    feriado
[2024-07-25T13:34:23.425+0000] {subprocess.py:93} INFO - 0            Suzano  ...    feriado
[2024-07-25T13:34:23.425+0000] {subprocess.py:93} INFO - 0            Suzano  ...    feriado
[2024-07-25T13:34:23.425+0000] {subprocess.py:93} INFO - 0            Suzano  ...    feriado
[2024-07-25T13:34:23.425+0000] {subprocess.py:93} INFO - 0            Suzano  ...    feriado
[2024-07-25T13:34:23.425+0000] {subprocess.py:93} INFO - ..              ...  ...        ...
[2024-07-25T13:34:23.425+0000] {subprocess.py:93} INFO - 7   Mogi das Cruzes  ...  suspensao
[2024-07-25T13:34:23.426+0000] {subprocess.py:93} INFO - 8   Mogi das Cruzes  ...  suspensao
[2024-07-25T13:34:23.426+0000] {subprocess.py:93} INFO - 9   Mogi das Cruzes  ...  suspensao
[2024-07-25T13:34:23.426+0000] {subprocess.py:93} INFO - 10  Mogi das Cruzes  ...  suspensao
[2024-07-25T13:34:23.426+0000] {subprocess.py:93} INFO - 11  Mogi das Cruzes  ...  suspensao
[2024-07-25T13:34:23.426+0000] {subprocess.py:93} INFO - 
[2024-07-25T13:34:23.426+0000] {subprocess.py:93} INFO - [236 rows x 6 columns]
[2024-07-25T13:34:23.456+0000] {subprocess.py:97} INFO - Command exited with return code 0
[2024-07-25T13:34:23.470+0000] {taskinstance.py:1323} INFO - Marking task as SUCCESS. dag_id=execute_get_api_data_script, task_id=run_python_script, execution_date=20240725T133420, start_date=20240725T133421, end_date=20240725T133423
[2024-07-25T13:34:23.488+0000] {local_task_job.py:208} INFO - Task exited with return code 0
[2024-07-25T13:34:23.499+0000] {taskinstance.py:2578} INFO - 0 downstream tasks scheduled from follow-on schedule check
