[2024-08-03T19:01:10.017+0000] {taskinstance.py:1083} INFO - Dependencies all met for <TaskInstance: execute_get_api_data_script.run_python_script manual__2024-08-03T19:01:08.737307+00:00 [queued]>
[2024-08-03T19:01:10.022+0000] {taskinstance.py:1083} INFO - Dependencies all met for <TaskInstance: execute_get_api_data_script.run_python_script manual__2024-08-03T19:01:08.737307+00:00 [queued]>
[2024-08-03T19:01:10.022+0000] {taskinstance.py:1279} INFO - 
--------------------------------------------------------------------------------
[2024-08-03T19:01:10.022+0000] {taskinstance.py:1280} INFO - Starting attempt 1 of 2
[2024-08-03T19:01:10.022+0000] {taskinstance.py:1281} INFO - 
--------------------------------------------------------------------------------
[2024-08-03T19:01:10.043+0000] {taskinstance.py:1300} INFO - Executing <Task(BashOperator): run_python_script> on 2024-08-03 19:01:08.737307+00:00
[2024-08-03T19:01:10.045+0000] {standard_task_runner.py:55} INFO - Started process 88 to run task
[2024-08-03T19:01:10.047+0000] {standard_task_runner.py:82} INFO - Running: ['***', 'tasks', 'run', 'execute_get_api_data_script', 'run_python_script', 'manual__2024-08-03T19:01:08.737307+00:00', '--job-id', '33', '--raw', '--subdir', 'DAGS_FOLDER/get_api_data_dag.py', '--cfg-path', '/tmp/tmp8mtnc451']
[2024-08-03T19:01:10.049+0000] {standard_task_runner.py:83} INFO - Job 33: Subtask run_python_script
[2024-08-03T19:01:10.076+0000] {task_command.py:388} INFO - Running <TaskInstance: execute_get_api_data_script.run_python_script manual__2024-08-03T19:01:08.737307+00:00 [running]> on host 20e7dcf735b8
[2024-08-03T19:01:10.109+0000] {taskinstance.py:1509} INFO - Exporting the following env vars:
AIRFLOW_CTX_DAG_OWNER=miguelrezende
AIRFLOW_CTX_DAG_ID=execute_get_api_data_script
AIRFLOW_CTX_TASK_ID=run_python_script
AIRFLOW_CTX_EXECUTION_DATE=2024-08-03T19:01:08.737307+00:00
AIRFLOW_CTX_TRY_NUMBER=1
AIRFLOW_CTX_DAG_RUN_ID=manual__2024-08-03T19:01:08.737307+00:00
[2024-08-03T19:01:10.110+0000] {subprocess.py:63} INFO - Tmp dir root location: 
 /tmp
[2024-08-03T19:01:10.110+0000] {subprocess.py:75} INFO - Running command: ['/bin/bash', '-c', 'python3 /opt/***/python_scripts/get_api_data_script.py 2>&1']
[2024-08-03T19:01:10.115+0000] {subprocess.py:86} INFO - Output:
[2024-08-03T19:01:12.812+0000] {subprocess.py:93} INFO - Getting data from API
[2024-08-03T19:01:12.813+0000] {subprocess.py:93} INFO - 
[2024-08-03T19:01:12.814+0000] {subprocess.py:93} INFO - Endpoint: feriados
[2024-08-03T19:01:12.814+0000] {subprocess.py:93} INFO - Suzano - 2023
[2024-08-03T19:01:12.814+0000] {subprocess.py:93} INFO - Suzano - 2024
[2024-08-03T19:01:12.815+0000] {subprocess.py:93} INFO - Mogi das Cruzes - 2023
[2024-08-03T19:01:12.815+0000] {subprocess.py:93} INFO - Mogi das Cruzes - 2024
[2024-08-03T19:01:12.815+0000] {subprocess.py:93} INFO - 
[2024-08-03T19:01:12.815+0000] {subprocess.py:93} INFO - Endpoint: suspensoes
[2024-08-03T19:01:12.816+0000] {subprocess.py:93} INFO - Suzano - 2023
[2024-08-03T19:01:12.816+0000] {subprocess.py:93} INFO - Suzano - 2024
[2024-08-03T19:01:12.816+0000] {subprocess.py:93} INFO - Mogi das Cruzes - 2023
[2024-08-03T19:01:12.816+0000] {subprocess.py:93} INFO - Mogi das Cruzes - 2024
[2024-08-03T19:01:12.816+0000] {subprocess.py:93} INFO - Saving file: gs://prazos_bucket/2024/08/03/190111_file.parquet in Google Cloud Storage
[2024-08-03T19:01:12.876+0000] {subprocess.py:97} INFO - Command exited with return code 0
[2024-08-03T19:01:12.890+0000] {taskinstance.py:1323} INFO - Marking task as SUCCESS. dag_id=execute_get_api_data_script, task_id=run_python_script, execution_date=20240803T190108, start_date=20240803T190110, end_date=20240803T190112
[2024-08-03T19:01:12.934+0000] {local_task_job.py:208} INFO - Task exited with return code 0
[2024-08-03T19:01:12.943+0000] {taskinstance.py:2578} INFO - 0 downstream tasks scheduled from follow-on schedule check
