[2024-07-24T20:59:41.540+0000] {taskinstance.py:1083} INFO - Dependencies all met for <TaskInstance: execute_python_script.run_script scheduled__2024-07-23T00:00:00+00:00 [queued]>
[2024-07-24T20:59:41.544+0000] {taskinstance.py:1083} INFO - Dependencies all met for <TaskInstance: execute_python_script.run_script scheduled__2024-07-23T00:00:00+00:00 [queued]>
[2024-07-24T20:59:41.544+0000] {taskinstance.py:1279} INFO - 
--------------------------------------------------------------------------------
[2024-07-24T20:59:41.545+0000] {taskinstance.py:1280} INFO - Starting attempt 1 of 1
[2024-07-24T20:59:41.545+0000] {taskinstance.py:1281} INFO - 
--------------------------------------------------------------------------------
[2024-07-24T20:59:41.550+0000] {taskinstance.py:1300} INFO - Executing <Task(PythonOperator): run_script> on 2024-07-23 00:00:00+00:00
[2024-07-24T20:59:41.552+0000] {standard_task_runner.py:55} INFO - Started process 88 to run task
[2024-07-24T20:59:41.553+0000] {standard_task_runner.py:82} INFO - Running: ['***', 'tasks', 'run', 'execute_python_script', 'run_script', 'scheduled__2024-07-23T00:00:00+00:00', '--job-id', '7', '--raw', '--subdir', 'DAGS_FOLDER/get_api_data_dag.py', '--cfg-path', '/tmp/tmpqiwadoa_']
[2024-07-24T20:59:41.553+0000] {standard_task_runner.py:83} INFO - Job 7: Subtask run_script
[2024-07-24T20:59:41.576+0000] {task_command.py:388} INFO - Running <TaskInstance: execute_python_script.run_script scheduled__2024-07-23T00:00:00+00:00 [running]> on host b1d6be0ca44a
[2024-07-24T20:59:41.603+0000] {taskinstance.py:1509} INFO - Exporting the following env vars:
AIRFLOW_CTX_DAG_OWNER=***
AIRFLOW_CTX_DAG_ID=execute_python_script
AIRFLOW_CTX_TASK_ID=run_script
AIRFLOW_CTX_EXECUTION_DATE=2024-07-23T00:00:00+00:00
AIRFLOW_CTX_TRY_NUMBER=1
AIRFLOW_CTX_DAG_RUN_ID=scheduled__2024-07-23T00:00:00+00:00
[2024-07-24T20:59:41.605+0000] {logging_mixin.py:137} INFO - Hello from my_script.py!
[2024-07-24T20:59:41.605+0000] {python.py:177} INFO - Done. Returned value was: None
[2024-07-24T20:59:41.609+0000] {taskinstance.py:1323} INFO - Marking task as SUCCESS. dag_id=execute_python_script, task_id=run_script, execution_date=20240723T000000, start_date=20240724T205941, end_date=20240724T205941
[2024-07-24T20:59:41.651+0000] {local_task_job.py:208} INFO - Task exited with return code 0
[2024-07-24T20:59:41.658+0000] {taskinstance.py:2578} INFO - 0 downstream tasks scheduled from follow-on schedule check
