[2024-08-05T16:43:22.152+0000] {taskinstance.py:1083} INFO - Dependencies all met for <TaskInstance: execute_get_api_data_script.run_python_script scheduled__2024-08-04T16:43:20.919941+00:00 [queued]>
[2024-08-05T16:43:22.157+0000] {taskinstance.py:1083} INFO - Dependencies all met for <TaskInstance: execute_get_api_data_script.run_python_script scheduled__2024-08-04T16:43:20.919941+00:00 [queued]>
[2024-08-05T16:43:22.157+0000] {taskinstance.py:1279} INFO - 
--------------------------------------------------------------------------------
[2024-08-05T16:43:22.157+0000] {taskinstance.py:1280} INFO - Starting attempt 1 of 2
[2024-08-05T16:43:22.157+0000] {taskinstance.py:1281} INFO - 
--------------------------------------------------------------------------------
[2024-08-05T16:43:22.163+0000] {taskinstance.py:1300} INFO - Executing <Task(BashOperator): run_python_script> on 2024-08-04 16:43:20.919941+00:00
[2024-08-05T16:43:22.165+0000] {standard_task_runner.py:55} INFO - Started process 113 to run task
[2024-08-05T16:43:22.166+0000] {standard_task_runner.py:82} INFO - Running: ['***', 'tasks', 'run', 'execute_get_api_data_script', 'run_python_script', 'scheduled__2024-08-04T16:43:20.919941+00:00', '--job-id', '38', '--raw', '--subdir', 'DAGS_FOLDER/get_api_data_dag.py', '--cfg-path', '/tmp/tmp0pzhoegc']
[2024-08-05T16:43:22.167+0000] {standard_task_runner.py:83} INFO - Job 38: Subtask run_python_script
[2024-08-05T16:43:22.192+0000] {task_command.py:388} INFO - Running <TaskInstance: execute_get_api_data_script.run_python_script scheduled__2024-08-04T16:43:20.919941+00:00 [running]> on host 20e7dcf735b8
[2024-08-05T16:43:22.220+0000] {taskinstance.py:1509} INFO - Exporting the following env vars:
AIRFLOW_CTX_DAG_OWNER=miguelrezende
AIRFLOW_CTX_DAG_ID=execute_get_api_data_script
AIRFLOW_CTX_TASK_ID=run_python_script
AIRFLOW_CTX_EXECUTION_DATE=2024-08-04T16:43:20.919941+00:00
AIRFLOW_CTX_TRY_NUMBER=1
AIRFLOW_CTX_DAG_RUN_ID=scheduled__2024-08-04T16:43:20.919941+00:00
[2024-08-05T16:43:22.221+0000] {subprocess.py:63} INFO - Tmp dir root location: 
 /tmp
[2024-08-05T16:43:22.221+0000] {subprocess.py:75} INFO - Running command: ['/bin/bash', '-c', 'python3 /opt/***/python_scripts/get_api_data_script.py 2>&1']
[2024-08-05T16:43:22.224+0000] {subprocess.py:86} INFO - Output:
[2024-08-05T16:43:24.344+0000] {subprocess.py:93} INFO - Getting data from API
[2024-08-05T16:43:24.348+0000] {subprocess.py:93} INFO - 
[2024-08-05T16:43:24.348+0000] {subprocess.py:93} INFO - Endpoint: feriados
[2024-08-05T16:43:24.349+0000] {subprocess.py:93} INFO - Suzano - 2023
[2024-08-05T16:43:24.349+0000] {subprocess.py:93} INFO - Suzano - 2024
[2024-08-05T16:43:24.350+0000] {subprocess.py:93} INFO - Mogi das Cruzes - 2023
[2024-08-05T16:43:24.350+0000] {subprocess.py:93} INFO - Mogi das Cruzes - 2024
[2024-08-05T16:43:24.350+0000] {subprocess.py:93} INFO - 
[2024-08-05T16:43:24.351+0000] {subprocess.py:93} INFO - Endpoint: suspensoes
[2024-08-05T16:43:24.351+0000] {subprocess.py:93} INFO - Suzano - 2023
[2024-08-05T16:43:24.351+0000] {subprocess.py:93} INFO - Suzano - 2024
[2024-08-05T16:43:24.351+0000] {subprocess.py:93} INFO - Mogi das Cruzes - 2023
[2024-08-05T16:43:24.352+0000] {subprocess.py:93} INFO - Mogi das Cruzes - 2024
[2024-08-05T16:43:24.352+0000] {subprocess.py:93} INFO - Saving file: gs://prazos_bucket/2024/08/05/164323_file.parquet in Google Cloud Storage
[2024-08-05T16:43:24.422+0000] {subprocess.py:97} INFO - Command exited with return code 0
[2024-08-05T16:43:24.434+0000] {taskinstance.py:1323} INFO - Marking task as SUCCESS. dag_id=execute_get_api_data_script, task_id=run_python_script, execution_date=20240804T164320, start_date=20240805T164322, end_date=20240805T164324
[2024-08-05T16:43:24.450+0000] {local_task_job.py:208} INFO - Task exited with return code 0
[2024-08-05T16:43:24.458+0000] {taskinstance.py:2578} INFO - 0 downstream tasks scheduled from follow-on schedule check
