[2024-07-23T20:30:32.664+0000] {processor.py:153} INFO - Started process (PID=67) to work on /home/airflow/.local/lib/python3.7/site-packages/airflow/example_dags/example_task_group.py
[2024-07-23T20:30:32.670+0000] {processor.py:743} INFO - Processing file /home/airflow/.local/lib/python3.7/site-packages/airflow/example_dags/example_task_group.py for tasks to queue
[2024-07-23T20:30:32.674+0000] {logging_mixin.py:137} INFO - [2024-07-23T20:30:32.671+0000] {dagbag.py:538} INFO - Filling up the DagBag from /home/airflow/.local/lib/python3.7/site-packages/airflow/example_dags/example_task_group.py
[2024-07-23T20:30:32.710+0000] {processor.py:753} INFO - DAG(s) dict_keys(['example_task_group']) retrieved from /home/airflow/.local/lib/python3.7/site-packages/airflow/example_dags/example_task_group.py
[2024-07-23T20:30:32.884+0000] {logging_mixin.py:137} INFO - [2024-07-23T20:30:32.884+0000] {manager.py:504} INFO - Created Permission View: can read on DAG:example_task_group
[2024-07-23T20:30:32.893+0000] {logging_mixin.py:137} INFO - [2024-07-23T20:30:32.892+0000] {manager.py:504} INFO - Created Permission View: can delete on DAG:example_task_group
[2024-07-23T20:30:32.900+0000] {logging_mixin.py:137} INFO - [2024-07-23T20:30:32.900+0000] {manager.py:504} INFO - Created Permission View: can edit on DAG:example_task_group
[2024-07-23T20:30:32.902+0000] {logging_mixin.py:137} INFO - [2024-07-23T20:30:32.902+0000] {dag.py:2690} INFO - Sync 1 DAGs
[2024-07-23T20:30:32.925+0000] {logging_mixin.py:137} INFO - [2024-07-23T20:30:32.924+0000] {dag.py:2711} INFO - Creating ORM DAG for example_task_group
[2024-07-23T20:30:32.938+0000] {logging_mixin.py:137} INFO - [2024-07-23T20:30:32.938+0000] {dag.py:3441} INFO - Setting next_dagrun for example_task_group to 2024-07-22T20:30:32.938563+00:00, run_after=2024-07-23T20:30:32.938563+00:00
[2024-07-23T20:30:32.955+0000] {processor.py:175} INFO - Processing /home/airflow/.local/lib/python3.7/site-packages/airflow/example_dags/example_task_group.py took 0.295 seconds
[2024-07-23T20:31:03.761+0000] {processor.py:153} INFO - Started process (PID=145) to work on /home/airflow/.local/lib/python3.7/site-packages/airflow/example_dags/example_task_group.py
[2024-07-23T20:31:03.765+0000] {processor.py:743} INFO - Processing file /home/airflow/.local/lib/python3.7/site-packages/airflow/example_dags/example_task_group.py for tasks to queue
[2024-07-23T20:31:03.767+0000] {logging_mixin.py:137} INFO - [2024-07-23T20:31:03.766+0000] {dagbag.py:538} INFO - Filling up the DagBag from /home/airflow/.local/lib/python3.7/site-packages/airflow/example_dags/example_task_group.py
[2024-07-23T20:31:03.776+0000] {processor.py:753} INFO - DAG(s) dict_keys(['example_task_group']) retrieved from /home/airflow/.local/lib/python3.7/site-packages/airflow/example_dags/example_task_group.py
[2024-07-23T20:31:03.790+0000] {logging_mixin.py:137} INFO - [2024-07-23T20:31:03.790+0000] {dag.py:2690} INFO - Sync 1 DAGs
[2024-07-23T20:31:03.802+0000] {logging_mixin.py:137} INFO - [2024-07-23T20:31:03.802+0000] {dag.py:3441} INFO - Setting next_dagrun for example_task_group to 2024-07-22T20:31:03.802527+00:00, run_after=2024-07-23T20:31:03.802527+00:00
[2024-07-23T20:31:03.818+0000] {processor.py:175} INFO - Processing /home/airflow/.local/lib/python3.7/site-packages/airflow/example_dags/example_task_group.py took 0.059 seconds
[2024-07-23T20:31:34.285+0000] {processor.py:153} INFO - Started process (PID=232) to work on /home/airflow/.local/lib/python3.7/site-packages/airflow/example_dags/example_task_group.py
[2024-07-23T20:31:34.293+0000] {processor.py:743} INFO - Processing file /home/airflow/.local/lib/python3.7/site-packages/airflow/example_dags/example_task_group.py for tasks to queue
[2024-07-23T20:31:34.294+0000] {logging_mixin.py:137} INFO - [2024-07-23T20:31:34.293+0000] {dagbag.py:538} INFO - Filling up the DagBag from /home/airflow/.local/lib/python3.7/site-packages/airflow/example_dags/example_task_group.py
[2024-07-23T20:31:34.305+0000] {processor.py:753} INFO - DAG(s) dict_keys(['example_task_group']) retrieved from /home/airflow/.local/lib/python3.7/site-packages/airflow/example_dags/example_task_group.py
[2024-07-23T20:31:34.324+0000] {logging_mixin.py:137} INFO - [2024-07-23T20:31:34.324+0000] {dag.py:2690} INFO - Sync 1 DAGs
[2024-07-23T20:31:34.338+0000] {logging_mixin.py:137} INFO - [2024-07-23T20:31:34.338+0000] {dag.py:3441} INFO - Setting next_dagrun for example_task_group to 2024-07-22T20:31:34.338767+00:00, run_after=2024-07-23T20:31:34.338767+00:00
[2024-07-23T20:31:34.350+0000] {processor.py:175} INFO - Processing /home/airflow/.local/lib/python3.7/site-packages/airflow/example_dags/example_task_group.py took 0.069 seconds
[2024-07-23T20:32:05.038+0000] {processor.py:153} INFO - Started process (PID=319) to work on /home/airflow/.local/lib/python3.7/site-packages/airflow/example_dags/example_task_group.py
[2024-07-23T20:32:05.042+0000] {processor.py:743} INFO - Processing file /home/airflow/.local/lib/python3.7/site-packages/airflow/example_dags/example_task_group.py for tasks to queue
[2024-07-23T20:32:05.042+0000] {logging_mixin.py:137} INFO - [2024-07-23T20:32:05.042+0000] {dagbag.py:538} INFO - Filling up the DagBag from /home/airflow/.local/lib/python3.7/site-packages/airflow/example_dags/example_task_group.py
[2024-07-23T20:32:05.050+0000] {processor.py:753} INFO - DAG(s) dict_keys(['example_task_group']) retrieved from /home/airflow/.local/lib/python3.7/site-packages/airflow/example_dags/example_task_group.py
[2024-07-23T20:32:05.068+0000] {logging_mixin.py:137} INFO - [2024-07-23T20:32:05.068+0000] {dag.py:2690} INFO - Sync 1 DAGs
[2024-07-23T20:32:05.083+0000] {logging_mixin.py:137} INFO - [2024-07-23T20:32:05.083+0000] {dag.py:3441} INFO - Setting next_dagrun for example_task_group to 2024-07-22T20:32:05.083088+00:00, run_after=2024-07-23T20:32:05.083088+00:00
[2024-07-23T20:32:05.096+0000] {processor.py:175} INFO - Processing /home/airflow/.local/lib/python3.7/site-packages/airflow/example_dags/example_task_group.py took 0.059 seconds
[2024-07-23T20:32:35.669+0000] {processor.py:153} INFO - Started process (PID=390) to work on /home/airflow/.local/lib/python3.7/site-packages/airflow/example_dags/example_task_group.py
[2024-07-23T20:32:35.670+0000] {processor.py:743} INFO - Processing file /home/airflow/.local/lib/python3.7/site-packages/airflow/example_dags/example_task_group.py for tasks to queue
[2024-07-23T20:32:35.671+0000] {logging_mixin.py:137} INFO - [2024-07-23T20:32:35.671+0000] {dagbag.py:538} INFO - Filling up the DagBag from /home/airflow/.local/lib/python3.7/site-packages/airflow/example_dags/example_task_group.py
[2024-07-23T20:32:35.685+0000] {processor.py:753} INFO - DAG(s) dict_keys(['example_task_group']) retrieved from /home/airflow/.local/lib/python3.7/site-packages/airflow/example_dags/example_task_group.py
[2024-07-23T20:32:35.706+0000] {logging_mixin.py:137} INFO - [2024-07-23T20:32:35.706+0000] {dag.py:2690} INFO - Sync 1 DAGs
[2024-07-23T20:32:35.723+0000] {logging_mixin.py:137} INFO - [2024-07-23T20:32:35.723+0000] {dag.py:3441} INFO - Setting next_dagrun for example_task_group to 2024-07-22T20:32:35.723229+00:00, run_after=2024-07-23T20:32:35.723229+00:00
[2024-07-23T20:32:35.736+0000] {processor.py:175} INFO - Processing /home/airflow/.local/lib/python3.7/site-packages/airflow/example_dags/example_task_group.py took 0.071 seconds
[2024-07-23T20:33:06.389+0000] {processor.py:153} INFO - Started process (PID=476) to work on /home/airflow/.local/lib/python3.7/site-packages/airflow/example_dags/example_task_group.py
[2024-07-23T20:33:06.392+0000] {processor.py:743} INFO - Processing file /home/airflow/.local/lib/python3.7/site-packages/airflow/example_dags/example_task_group.py for tasks to queue
[2024-07-23T20:33:06.396+0000] {logging_mixin.py:137} INFO - [2024-07-23T20:33:06.396+0000] {dagbag.py:538} INFO - Filling up the DagBag from /home/airflow/.local/lib/python3.7/site-packages/airflow/example_dags/example_task_group.py
[2024-07-23T20:33:06.408+0000] {processor.py:753} INFO - DAG(s) dict_keys(['example_task_group']) retrieved from /home/airflow/.local/lib/python3.7/site-packages/airflow/example_dags/example_task_group.py
[2024-07-23T20:33:06.423+0000] {logging_mixin.py:137} INFO - [2024-07-23T20:33:06.423+0000] {dag.py:2690} INFO - Sync 1 DAGs
[2024-07-23T20:33:06.440+0000] {logging_mixin.py:137} INFO - [2024-07-23T20:33:06.440+0000] {dag.py:3441} INFO - Setting next_dagrun for example_task_group to 2024-07-22T20:33:06.440373+00:00, run_after=2024-07-23T20:33:06.440373+00:00
[2024-07-23T20:33:06.450+0000] {processor.py:175} INFO - Processing /home/airflow/.local/lib/python3.7/site-packages/airflow/example_dags/example_task_group.py took 0.063 seconds
[2024-07-23T20:33:37.027+0000] {processor.py:153} INFO - Started process (PID=563) to work on /home/airflow/.local/lib/python3.7/site-packages/airflow/example_dags/example_task_group.py
[2024-07-23T20:33:37.034+0000] {processor.py:743} INFO - Processing file /home/airflow/.local/lib/python3.7/site-packages/airflow/example_dags/example_task_group.py for tasks to queue
[2024-07-23T20:33:37.037+0000] {logging_mixin.py:137} INFO - [2024-07-23T20:33:37.037+0000] {dagbag.py:538} INFO - Filling up the DagBag from /home/airflow/.local/lib/python3.7/site-packages/airflow/example_dags/example_task_group.py
[2024-07-23T20:33:37.045+0000] {processor.py:753} INFO - DAG(s) dict_keys(['example_task_group']) retrieved from /home/airflow/.local/lib/python3.7/site-packages/airflow/example_dags/example_task_group.py
[2024-07-23T20:33:37.060+0000] {logging_mixin.py:137} INFO - [2024-07-23T20:33:37.060+0000] {dag.py:2690} INFO - Sync 1 DAGs
[2024-07-23T20:33:37.075+0000] {logging_mixin.py:137} INFO - [2024-07-23T20:33:37.075+0000] {dag.py:3441} INFO - Setting next_dagrun for example_task_group to 2024-07-22T20:33:37.075297+00:00, run_after=2024-07-23T20:33:37.075297+00:00
[2024-07-23T20:33:37.087+0000] {processor.py:175} INFO - Processing /home/airflow/.local/lib/python3.7/site-packages/airflow/example_dags/example_task_group.py took 0.062 seconds
[2024-07-23T20:34:07.689+0000] {processor.py:153} INFO - Started process (PID=650) to work on /home/airflow/.local/lib/python3.7/site-packages/airflow/example_dags/example_task_group.py
[2024-07-23T20:34:07.695+0000] {processor.py:743} INFO - Processing file /home/airflow/.local/lib/python3.7/site-packages/airflow/example_dags/example_task_group.py for tasks to queue
[2024-07-23T20:34:07.699+0000] {logging_mixin.py:137} INFO - [2024-07-23T20:34:07.699+0000] {dagbag.py:538} INFO - Filling up the DagBag from /home/airflow/.local/lib/python3.7/site-packages/airflow/example_dags/example_task_group.py
[2024-07-23T20:34:07.713+0000] {processor.py:753} INFO - DAG(s) dict_keys(['example_task_group']) retrieved from /home/airflow/.local/lib/python3.7/site-packages/airflow/example_dags/example_task_group.py
[2024-07-23T20:34:07.727+0000] {logging_mixin.py:137} INFO - [2024-07-23T20:34:07.727+0000] {dag.py:2690} INFO - Sync 1 DAGs
[2024-07-23T20:34:07.738+0000] {logging_mixin.py:137} INFO - [2024-07-23T20:34:07.738+0000] {dag.py:3441} INFO - Setting next_dagrun for example_task_group to 2024-07-22T20:34:07.738372+00:00, run_after=2024-07-23T20:34:07.738372+00:00
[2024-07-23T20:34:07.751+0000] {processor.py:175} INFO - Processing /home/airflow/.local/lib/python3.7/site-packages/airflow/example_dags/example_task_group.py took 0.064 seconds
[2024-07-23T20:34:38.291+0000] {processor.py:153} INFO - Started process (PID=721) to work on /home/airflow/.local/lib/python3.7/site-packages/airflow/example_dags/example_task_group.py
[2024-07-23T20:34:38.295+0000] {processor.py:743} INFO - Processing file /home/airflow/.local/lib/python3.7/site-packages/airflow/example_dags/example_task_group.py for tasks to queue
[2024-07-23T20:34:38.299+0000] {logging_mixin.py:137} INFO - [2024-07-23T20:34:38.298+0000] {dagbag.py:538} INFO - Filling up the DagBag from /home/airflow/.local/lib/python3.7/site-packages/airflow/example_dags/example_task_group.py
[2024-07-23T20:34:38.309+0000] {processor.py:753} INFO - DAG(s) dict_keys(['example_task_group']) retrieved from /home/airflow/.local/lib/python3.7/site-packages/airflow/example_dags/example_task_group.py
[2024-07-23T20:34:38.327+0000] {logging_mixin.py:137} INFO - [2024-07-23T20:34:38.326+0000] {dag.py:2690} INFO - Sync 1 DAGs
[2024-07-23T20:34:38.343+0000] {logging_mixin.py:137} INFO - [2024-07-23T20:34:38.343+0000] {dag.py:3441} INFO - Setting next_dagrun for example_task_group to 2024-07-22T20:34:38.343680+00:00, run_after=2024-07-23T20:34:38.343680+00:00
[2024-07-23T20:34:38.353+0000] {processor.py:175} INFO - Processing /home/airflow/.local/lib/python3.7/site-packages/airflow/example_dags/example_task_group.py took 0.065 seconds
[2024-07-23T20:35:08.834+0000] {processor.py:153} INFO - Started process (PID=808) to work on /home/airflow/.local/lib/python3.7/site-packages/airflow/example_dags/example_task_group.py
[2024-07-23T20:35:08.834+0000] {processor.py:743} INFO - Processing file /home/airflow/.local/lib/python3.7/site-packages/airflow/example_dags/example_task_group.py for tasks to queue
[2024-07-23T20:35:08.838+0000] {logging_mixin.py:137} INFO - [2024-07-23T20:35:08.838+0000] {dagbag.py:538} INFO - Filling up the DagBag from /home/airflow/.local/lib/python3.7/site-packages/airflow/example_dags/example_task_group.py
[2024-07-23T20:35:08.846+0000] {processor.py:753} INFO - DAG(s) dict_keys(['example_task_group']) retrieved from /home/airflow/.local/lib/python3.7/site-packages/airflow/example_dags/example_task_group.py
[2024-07-23T20:35:08.864+0000] {logging_mixin.py:137} INFO - [2024-07-23T20:35:08.863+0000] {dag.py:2690} INFO - Sync 1 DAGs
[2024-07-23T20:35:08.881+0000] {logging_mixin.py:137} INFO - [2024-07-23T20:35:08.881+0000] {dag.py:3441} INFO - Setting next_dagrun for example_task_group to 2024-07-22T20:35:08.880955+00:00, run_after=2024-07-23T20:35:08.880955+00:00
[2024-07-23T20:35:08.893+0000] {processor.py:175} INFO - Processing /home/airflow/.local/lib/python3.7/site-packages/airflow/example_dags/example_task_group.py took 0.061 seconds
[2024-07-23T20:35:39.444+0000] {processor.py:153} INFO - Started process (PID=895) to work on /home/airflow/.local/lib/python3.7/site-packages/airflow/example_dags/example_task_group.py
[2024-07-23T20:35:39.445+0000] {processor.py:743} INFO - Processing file /home/airflow/.local/lib/python3.7/site-packages/airflow/example_dags/example_task_group.py for tasks to queue
[2024-07-23T20:35:39.446+0000] {logging_mixin.py:137} INFO - [2024-07-23T20:35:39.446+0000] {dagbag.py:538} INFO - Filling up the DagBag from /home/airflow/.local/lib/python3.7/site-packages/airflow/example_dags/example_task_group.py
[2024-07-23T20:35:39.461+0000] {processor.py:753} INFO - DAG(s) dict_keys(['example_task_group']) retrieved from /home/airflow/.local/lib/python3.7/site-packages/airflow/example_dags/example_task_group.py
[2024-07-23T20:35:39.475+0000] {logging_mixin.py:137} INFO - [2024-07-23T20:35:39.475+0000] {dag.py:2690} INFO - Sync 1 DAGs
[2024-07-23T20:35:39.491+0000] {logging_mixin.py:137} INFO - [2024-07-23T20:35:39.491+0000] {dag.py:3441} INFO - Setting next_dagrun for example_task_group to 2024-07-22T20:35:39.491312+00:00, run_after=2024-07-23T20:35:39.491312+00:00
[2024-07-23T20:35:39.500+0000] {processor.py:175} INFO - Processing /home/airflow/.local/lib/python3.7/site-packages/airflow/example_dags/example_task_group.py took 0.059 seconds
[2024-07-23T20:36:09.986+0000] {processor.py:153} INFO - Started process (PID=973) to work on /home/airflow/.local/lib/python3.7/site-packages/airflow/example_dags/example_task_group.py
[2024-07-23T20:36:09.990+0000] {processor.py:743} INFO - Processing file /home/airflow/.local/lib/python3.7/site-packages/airflow/example_dags/example_task_group.py for tasks to queue
[2024-07-23T20:36:09.990+0000] {logging_mixin.py:137} INFO - [2024-07-23T20:36:09.990+0000] {dagbag.py:538} INFO - Filling up the DagBag from /home/airflow/.local/lib/python3.7/site-packages/airflow/example_dags/example_task_group.py
[2024-07-23T20:36:09.998+0000] {processor.py:753} INFO - DAG(s) dict_keys(['example_task_group']) retrieved from /home/airflow/.local/lib/python3.7/site-packages/airflow/example_dags/example_task_group.py
[2024-07-23T20:36:10.011+0000] {logging_mixin.py:137} INFO - [2024-07-23T20:36:10.011+0000] {dag.py:2690} INFO - Sync 1 DAGs
[2024-07-23T20:36:10.028+0000] {logging_mixin.py:137} INFO - [2024-07-23T20:36:10.028+0000] {dag.py:3441} INFO - Setting next_dagrun for example_task_group to 2024-07-22T20:36:10.028003+00:00, run_after=2024-07-23T20:36:10.028003+00:00
[2024-07-23T20:36:10.038+0000] {processor.py:175} INFO - Processing /home/airflow/.local/lib/python3.7/site-packages/airflow/example_dags/example_task_group.py took 0.054 seconds
