[2024-07-23T20:30:28.705+0000] {processor.py:153} INFO - Started process (PID=37) to work on /home/airflow/.local/lib/python3.7/site-packages/airflow/example_dags/example_latest_only.py
[2024-07-23T20:30:28.707+0000] {processor.py:743} INFO - Processing file /home/airflow/.local/lib/python3.7/site-packages/airflow/example_dags/example_latest_only.py for tasks to queue
[2024-07-23T20:30:28.709+0000] {logging_mixin.py:137} INFO - [2024-07-23T20:30:28.709+0000] {dagbag.py:538} INFO - Filling up the DagBag from /home/airflow/.local/lib/python3.7/site-packages/airflow/example_dags/example_latest_only.py
[2024-07-23T20:30:28.752+0000] {processor.py:753} INFO - DAG(s) dict_keys(['latest_only']) retrieved from /home/airflow/.local/lib/python3.7/site-packages/airflow/example_dags/example_latest_only.py
[2024-07-23T20:30:28.929+0000] {logging_mixin.py:137} INFO - [2024-07-23T20:30:28.929+0000] {manager.py:504} INFO - Created Permission View: can read on DAG:latest_only
[2024-07-23T20:30:28.945+0000] {logging_mixin.py:137} INFO - [2024-07-23T20:30:28.944+0000] {manager.py:504} INFO - Created Permission View: can delete on DAG:latest_only
[2024-07-23T20:30:28.953+0000] {logging_mixin.py:137} INFO - [2024-07-23T20:30:28.953+0000] {manager.py:504} INFO - Created Permission View: can edit on DAG:latest_only
[2024-07-23T20:30:28.954+0000] {logging_mixin.py:137} INFO - [2024-07-23T20:30:28.953+0000] {dag.py:2690} INFO - Sync 1 DAGs
[2024-07-23T20:30:28.965+0000] {logging_mixin.py:137} INFO - [2024-07-23T20:30:28.965+0000] {dag.py:2711} INFO - Creating ORM DAG for latest_only
[2024-07-23T20:30:28.974+0000] {logging_mixin.py:137} INFO - [2024-07-23T20:30:28.974+0000] {dag.py:3441} INFO - Setting next_dagrun for latest_only to 2024-07-23T16:30:28.974111+00:00, run_after=2024-07-23T20:30:28.974111+00:00
[2024-07-23T20:30:29.008+0000] {processor.py:175} INFO - Processing /home/airflow/.local/lib/python3.7/site-packages/airflow/example_dags/example_latest_only.py took 0.306 seconds
[2024-07-23T20:30:59.902+0000] {processor.py:153} INFO - Started process (PID=124) to work on /home/airflow/.local/lib/python3.7/site-packages/airflow/example_dags/example_latest_only.py
[2024-07-23T20:30:59.905+0000] {processor.py:743} INFO - Processing file /home/airflow/.local/lib/python3.7/site-packages/airflow/example_dags/example_latest_only.py for tasks to queue
[2024-07-23T20:30:59.906+0000] {logging_mixin.py:137} INFO - [2024-07-23T20:30:59.906+0000] {dagbag.py:538} INFO - Filling up the DagBag from /home/airflow/.local/lib/python3.7/site-packages/airflow/example_dags/example_latest_only.py
[2024-07-23T20:30:59.926+0000] {processor.py:753} INFO - DAG(s) dict_keys(['latest_only']) retrieved from /home/airflow/.local/lib/python3.7/site-packages/airflow/example_dags/example_latest_only.py
[2024-07-23T20:30:59.949+0000] {logging_mixin.py:137} INFO - [2024-07-23T20:30:59.948+0000] {dag.py:2690} INFO - Sync 1 DAGs
[2024-07-23T20:30:59.973+0000] {logging_mixin.py:137} INFO - [2024-07-23T20:30:59.972+0000] {dag.py:3441} INFO - Setting next_dagrun for latest_only to 2024-07-23T16:30:59.972557+00:00, run_after=2024-07-23T20:30:59.972557+00:00
[2024-07-23T20:30:59.985+0000] {processor.py:175} INFO - Processing /home/airflow/.local/lib/python3.7/site-packages/airflow/example_dags/example_latest_only.py took 0.095 seconds
[2024-07-23T20:31:30.603+0000] {processor.py:153} INFO - Started process (PID=211) to work on /home/airflow/.local/lib/python3.7/site-packages/airflow/example_dags/example_latest_only.py
[2024-07-23T20:31:30.604+0000] {processor.py:743} INFO - Processing file /home/airflow/.local/lib/python3.7/site-packages/airflow/example_dags/example_latest_only.py for tasks to queue
[2024-07-23T20:31:30.604+0000] {logging_mixin.py:137} INFO - [2024-07-23T20:31:30.604+0000] {dagbag.py:538} INFO - Filling up the DagBag from /home/airflow/.local/lib/python3.7/site-packages/airflow/example_dags/example_latest_only.py
[2024-07-23T20:31:30.611+0000] {processor.py:753} INFO - DAG(s) dict_keys(['latest_only']) retrieved from /home/airflow/.local/lib/python3.7/site-packages/airflow/example_dags/example_latest_only.py
[2024-07-23T20:31:30.623+0000] {logging_mixin.py:137} INFO - [2024-07-23T20:31:30.623+0000] {dag.py:2690} INFO - Sync 1 DAGs
[2024-07-23T20:31:30.638+0000] {logging_mixin.py:137} INFO - [2024-07-23T20:31:30.638+0000] {dag.py:3441} INFO - Setting next_dagrun for latest_only to 2024-07-23T16:31:30.638133+00:00, run_after=2024-07-23T20:31:30.638133+00:00
[2024-07-23T20:31:30.651+0000] {processor.py:175} INFO - Processing /home/airflow/.local/lib/python3.7/site-packages/airflow/example_dags/example_latest_only.py took 0.050 seconds
[2024-07-23T20:32:01.123+0000] {processor.py:153} INFO - Started process (PID=282) to work on /home/airflow/.local/lib/python3.7/site-packages/airflow/example_dags/example_latest_only.py
[2024-07-23T20:32:01.124+0000] {processor.py:743} INFO - Processing file /home/airflow/.local/lib/python3.7/site-packages/airflow/example_dags/example_latest_only.py for tasks to queue
[2024-07-23T20:32:01.125+0000] {logging_mixin.py:137} INFO - [2024-07-23T20:32:01.125+0000] {dagbag.py:538} INFO - Filling up the DagBag from /home/airflow/.local/lib/python3.7/site-packages/airflow/example_dags/example_latest_only.py
[2024-07-23T20:32:01.146+0000] {processor.py:753} INFO - DAG(s) dict_keys(['latest_only']) retrieved from /home/airflow/.local/lib/python3.7/site-packages/airflow/example_dags/example_latest_only.py
[2024-07-23T20:32:01.178+0000] {logging_mixin.py:137} INFO - [2024-07-23T20:32:01.178+0000] {dag.py:2690} INFO - Sync 1 DAGs
[2024-07-23T20:32:01.199+0000] {logging_mixin.py:137} INFO - [2024-07-23T20:32:01.199+0000] {dag.py:3441} INFO - Setting next_dagrun for latest_only to 2024-07-23T16:32:01.199247+00:00, run_after=2024-07-23T20:32:01.199247+00:00
[2024-07-23T20:32:01.215+0000] {processor.py:175} INFO - Processing /home/airflow/.local/lib/python3.7/site-packages/airflow/example_dags/example_latest_only.py took 0.100 seconds
[2024-07-23T20:32:31.963+0000] {processor.py:153} INFO - Started process (PID=369) to work on /home/airflow/.local/lib/python3.7/site-packages/airflow/example_dags/example_latest_only.py
[2024-07-23T20:32:31.964+0000] {processor.py:743} INFO - Processing file /home/airflow/.local/lib/python3.7/site-packages/airflow/example_dags/example_latest_only.py for tasks to queue
[2024-07-23T20:32:31.965+0000] {logging_mixin.py:137} INFO - [2024-07-23T20:32:31.965+0000] {dagbag.py:538} INFO - Filling up the DagBag from /home/airflow/.local/lib/python3.7/site-packages/airflow/example_dags/example_latest_only.py
[2024-07-23T20:32:31.980+0000] {processor.py:753} INFO - DAG(s) dict_keys(['latest_only']) retrieved from /home/airflow/.local/lib/python3.7/site-packages/airflow/example_dags/example_latest_only.py
[2024-07-23T20:32:32.003+0000] {logging_mixin.py:137} INFO - [2024-07-23T20:32:32.003+0000] {dag.py:2690} INFO - Sync 1 DAGs
[2024-07-23T20:32:32.020+0000] {logging_mixin.py:137} INFO - [2024-07-23T20:32:32.020+0000] {dag.py:3441} INFO - Setting next_dagrun for latest_only to 2024-07-23T16:32:32.020219+00:00, run_after=2024-07-23T20:32:32.020219+00:00
[2024-07-23T20:32:32.032+0000] {processor.py:175} INFO - Processing /home/airflow/.local/lib/python3.7/site-packages/airflow/example_dags/example_latest_only.py took 0.074 seconds
[2024-07-23T20:33:02.642+0000] {processor.py:153} INFO - Started process (PID=455) to work on /home/airflow/.local/lib/python3.7/site-packages/airflow/example_dags/example_latest_only.py
[2024-07-23T20:33:02.643+0000] {processor.py:743} INFO - Processing file /home/airflow/.local/lib/python3.7/site-packages/airflow/example_dags/example_latest_only.py for tasks to queue
[2024-07-23T20:33:02.644+0000] {logging_mixin.py:137} INFO - [2024-07-23T20:33:02.644+0000] {dagbag.py:538} INFO - Filling up the DagBag from /home/airflow/.local/lib/python3.7/site-packages/airflow/example_dags/example_latest_only.py
[2024-07-23T20:33:02.655+0000] {processor.py:753} INFO - DAG(s) dict_keys(['latest_only']) retrieved from /home/airflow/.local/lib/python3.7/site-packages/airflow/example_dags/example_latest_only.py
[2024-07-23T20:33:02.671+0000] {logging_mixin.py:137} INFO - [2024-07-23T20:33:02.671+0000] {dag.py:2690} INFO - Sync 1 DAGs
[2024-07-23T20:33:02.688+0000] {logging_mixin.py:137} INFO - [2024-07-23T20:33:02.688+0000] {dag.py:3441} INFO - Setting next_dagrun for latest_only to 2024-07-23T16:33:02.688385+00:00, run_after=2024-07-23T20:33:02.688385+00:00
[2024-07-23T20:33:02.700+0000] {processor.py:175} INFO - Processing /home/airflow/.local/lib/python3.7/site-packages/airflow/example_dags/example_latest_only.py took 0.061 seconds
[2024-07-23T20:33:33.287+0000] {processor.py:153} INFO - Started process (PID=542) to work on /home/airflow/.local/lib/python3.7/site-packages/airflow/example_dags/example_latest_only.py
[2024-07-23T20:33:33.293+0000] {processor.py:743} INFO - Processing file /home/airflow/.local/lib/python3.7/site-packages/airflow/example_dags/example_latest_only.py for tasks to queue
[2024-07-23T20:33:33.301+0000] {logging_mixin.py:137} INFO - [2024-07-23T20:33:33.301+0000] {dagbag.py:538} INFO - Filling up the DagBag from /home/airflow/.local/lib/python3.7/site-packages/airflow/example_dags/example_latest_only.py
[2024-07-23T20:33:33.314+0000] {processor.py:753} INFO - DAG(s) dict_keys(['latest_only']) retrieved from /home/airflow/.local/lib/python3.7/site-packages/airflow/example_dags/example_latest_only.py
[2024-07-23T20:33:33.329+0000] {logging_mixin.py:137} INFO - [2024-07-23T20:33:33.328+0000] {dag.py:2690} INFO - Sync 1 DAGs
[2024-07-23T20:33:33.344+0000] {logging_mixin.py:137} INFO - [2024-07-23T20:33:33.344+0000] {dag.py:3441} INFO - Setting next_dagrun for latest_only to 2024-07-23T16:33:33.344506+00:00, run_after=2024-07-23T20:33:33.344506+00:00
[2024-07-23T20:33:33.359+0000] {processor.py:175} INFO - Processing /home/airflow/.local/lib/python3.7/site-packages/airflow/example_dags/example_latest_only.py took 0.074 seconds
[2024-07-23T20:34:03.866+0000] {processor.py:153} INFO - Started process (PID=613) to work on /home/airflow/.local/lib/python3.7/site-packages/airflow/example_dags/example_latest_only.py
[2024-07-23T20:34:03.867+0000] {processor.py:743} INFO - Processing file /home/airflow/.local/lib/python3.7/site-packages/airflow/example_dags/example_latest_only.py for tasks to queue
[2024-07-23T20:34:03.868+0000] {logging_mixin.py:137} INFO - [2024-07-23T20:34:03.868+0000] {dagbag.py:538} INFO - Filling up the DagBag from /home/airflow/.local/lib/python3.7/site-packages/airflow/example_dags/example_latest_only.py
[2024-07-23T20:34:03.888+0000] {processor.py:753} INFO - DAG(s) dict_keys(['latest_only']) retrieved from /home/airflow/.local/lib/python3.7/site-packages/airflow/example_dags/example_latest_only.py
[2024-07-23T20:34:03.906+0000] {logging_mixin.py:137} INFO - [2024-07-23T20:34:03.906+0000] {dag.py:2690} INFO - Sync 1 DAGs
[2024-07-23T20:34:03.920+0000] {logging_mixin.py:137} INFO - [2024-07-23T20:34:03.919+0000] {dag.py:3441} INFO - Setting next_dagrun for latest_only to 2024-07-23T16:34:03.919790+00:00, run_after=2024-07-23T20:34:03.919790+00:00
[2024-07-23T20:34:03.932+0000] {processor.py:175} INFO - Processing /home/airflow/.local/lib/python3.7/site-packages/airflow/example_dags/example_latest_only.py took 0.071 seconds
[2024-07-23T20:34:34.575+0000] {processor.py:153} INFO - Started process (PID=700) to work on /home/airflow/.local/lib/python3.7/site-packages/airflow/example_dags/example_latest_only.py
[2024-07-23T20:34:34.577+0000] {processor.py:743} INFO - Processing file /home/airflow/.local/lib/python3.7/site-packages/airflow/example_dags/example_latest_only.py for tasks to queue
[2024-07-23T20:34:34.578+0000] {logging_mixin.py:137} INFO - [2024-07-23T20:34:34.578+0000] {dagbag.py:538} INFO - Filling up the DagBag from /home/airflow/.local/lib/python3.7/site-packages/airflow/example_dags/example_latest_only.py
[2024-07-23T20:34:34.593+0000] {processor.py:753} INFO - DAG(s) dict_keys(['latest_only']) retrieved from /home/airflow/.local/lib/python3.7/site-packages/airflow/example_dags/example_latest_only.py
[2024-07-23T20:34:34.625+0000] {logging_mixin.py:137} INFO - [2024-07-23T20:34:34.625+0000] {dag.py:2690} INFO - Sync 1 DAGs
[2024-07-23T20:34:34.641+0000] {logging_mixin.py:137} INFO - [2024-07-23T20:34:34.641+0000] {dag.py:3441} INFO - Setting next_dagrun for latest_only to 2024-07-23T16:34:34.641524+00:00, run_after=2024-07-23T20:34:34.641524+00:00
[2024-07-23T20:34:34.654+0000] {processor.py:175} INFO - Processing /home/airflow/.local/lib/python3.7/site-packages/airflow/example_dags/example_latest_only.py took 0.084 seconds
[2024-07-23T20:35:05.181+0000] {processor.py:153} INFO - Started process (PID=787) to work on /home/airflow/.local/lib/python3.7/site-packages/airflow/example_dags/example_latest_only.py
[2024-07-23T20:35:05.181+0000] {processor.py:743} INFO - Processing file /home/airflow/.local/lib/python3.7/site-packages/airflow/example_dags/example_latest_only.py for tasks to queue
[2024-07-23T20:35:05.182+0000] {logging_mixin.py:137} INFO - [2024-07-23T20:35:05.182+0000] {dagbag.py:538} INFO - Filling up the DagBag from /home/airflow/.local/lib/python3.7/site-packages/airflow/example_dags/example_latest_only.py
[2024-07-23T20:35:05.189+0000] {processor.py:753} INFO - DAG(s) dict_keys(['latest_only']) retrieved from /home/airflow/.local/lib/python3.7/site-packages/airflow/example_dags/example_latest_only.py
[2024-07-23T20:35:05.207+0000] {logging_mixin.py:137} INFO - [2024-07-23T20:35:05.206+0000] {dag.py:2690} INFO - Sync 1 DAGs
[2024-07-23T20:35:05.219+0000] {logging_mixin.py:137} INFO - [2024-07-23T20:35:05.219+0000] {dag.py:3441} INFO - Setting next_dagrun for latest_only to 2024-07-23T16:35:05.219558+00:00, run_after=2024-07-23T20:35:05.219558+00:00
[2024-07-23T20:35:05.234+0000] {processor.py:175} INFO - Processing /home/airflow/.local/lib/python3.7/site-packages/airflow/example_dags/example_latest_only.py took 0.055 seconds
[2024-07-23T20:35:35.804+0000] {processor.py:153} INFO - Started process (PID=858) to work on /home/airflow/.local/lib/python3.7/site-packages/airflow/example_dags/example_latest_only.py
[2024-07-23T20:35:35.806+0000] {processor.py:743} INFO - Processing file /home/airflow/.local/lib/python3.7/site-packages/airflow/example_dags/example_latest_only.py for tasks to queue
[2024-07-23T20:35:35.807+0000] {logging_mixin.py:137} INFO - [2024-07-23T20:35:35.807+0000] {dagbag.py:538} INFO - Filling up the DagBag from /home/airflow/.local/lib/python3.7/site-packages/airflow/example_dags/example_latest_only.py
[2024-07-23T20:35:35.823+0000] {processor.py:753} INFO - DAG(s) dict_keys(['latest_only']) retrieved from /home/airflow/.local/lib/python3.7/site-packages/airflow/example_dags/example_latest_only.py
[2024-07-23T20:35:35.842+0000] {logging_mixin.py:137} INFO - [2024-07-23T20:35:35.842+0000] {dag.py:2690} INFO - Sync 1 DAGs
[2024-07-23T20:35:35.858+0000] {logging_mixin.py:137} INFO - [2024-07-23T20:35:35.858+0000] {dag.py:3441} INFO - Setting next_dagrun for latest_only to 2024-07-23T16:35:35.857872+00:00, run_after=2024-07-23T20:35:35.857872+00:00
[2024-07-23T20:35:35.869+0000] {processor.py:175} INFO - Processing /home/airflow/.local/lib/python3.7/site-packages/airflow/example_dags/example_latest_only.py took 0.070 seconds
[2024-07-23T20:36:06.380+0000] {processor.py:153} INFO - Started process (PID=945) to work on /home/airflow/.local/lib/python3.7/site-packages/airflow/example_dags/example_latest_only.py
[2024-07-23T20:36:06.381+0000] {processor.py:743} INFO - Processing file /home/airflow/.local/lib/python3.7/site-packages/airflow/example_dags/example_latest_only.py for tasks to queue
[2024-07-23T20:36:06.381+0000] {logging_mixin.py:137} INFO - [2024-07-23T20:36:06.381+0000] {dagbag.py:538} INFO - Filling up the DagBag from /home/airflow/.local/lib/python3.7/site-packages/airflow/example_dags/example_latest_only.py
[2024-07-23T20:36:06.393+0000] {processor.py:753} INFO - DAG(s) dict_keys(['latest_only']) retrieved from /home/airflow/.local/lib/python3.7/site-packages/airflow/example_dags/example_latest_only.py
[2024-07-23T20:36:06.409+0000] {logging_mixin.py:137} INFO - [2024-07-23T20:36:06.409+0000] {dag.py:2690} INFO - Sync 1 DAGs
[2024-07-23T20:36:06.423+0000] {logging_mixin.py:137} INFO - [2024-07-23T20:36:06.423+0000] {dag.py:3441} INFO - Setting next_dagrun for latest_only to 2024-07-23T16:36:06.423387+00:00, run_after=2024-07-23T20:36:06.423387+00:00
[2024-07-23T20:36:06.432+0000] {processor.py:175} INFO - Processing /home/airflow/.local/lib/python3.7/site-packages/airflow/example_dags/example_latest_only.py took 0.056 seconds
[2024-07-23T20:36:36.887+0000] {processor.py:153} INFO - Started process (PID=1032) to work on /home/airflow/.local/lib/python3.7/site-packages/airflow/example_dags/example_latest_only.py
[2024-07-23T20:36:36.888+0000] {processor.py:743} INFO - Processing file /home/airflow/.local/lib/python3.7/site-packages/airflow/example_dags/example_latest_only.py for tasks to queue
[2024-07-23T20:36:36.888+0000] {logging_mixin.py:137} INFO - [2024-07-23T20:36:36.888+0000] {dagbag.py:538} INFO - Filling up the DagBag from /home/airflow/.local/lib/python3.7/site-packages/airflow/example_dags/example_latest_only.py
[2024-07-23T20:36:36.899+0000] {processor.py:753} INFO - DAG(s) dict_keys(['latest_only']) retrieved from /home/airflow/.local/lib/python3.7/site-packages/airflow/example_dags/example_latest_only.py
[2024-07-23T20:36:36.912+0000] {logging_mixin.py:137} INFO - [2024-07-23T20:36:36.912+0000] {dag.py:2690} INFO - Sync 1 DAGs
[2024-07-23T20:36:36.925+0000] {logging_mixin.py:137} INFO - [2024-07-23T20:36:36.925+0000] {dag.py:3441} INFO - Setting next_dagrun for latest_only to 2024-07-23T16:36:36.925217+00:00, run_after=2024-07-23T20:36:36.925217+00:00
[2024-07-23T20:36:36.933+0000] {processor.py:175} INFO - Processing /home/airflow/.local/lib/python3.7/site-packages/airflow/example_dags/example_latest_only.py took 0.049 seconds
