[2024-07-23T20:30:31.534+0000] {processor.py:153} INFO - Started process (PID=52) to work on /home/airflow/.local/lib/python3.7/site-packages/airflow/example_dags/example_complex.py
[2024-07-23T20:30:31.540+0000] {processor.py:743} INFO - Processing file /home/airflow/.local/lib/python3.7/site-packages/airflow/example_dags/example_complex.py for tasks to queue
[2024-07-23T20:30:31.543+0000] {logging_mixin.py:137} INFO - [2024-07-23T20:30:31.543+0000] {dagbag.py:538} INFO - Filling up the DagBag from /home/airflow/.local/lib/python3.7/site-packages/airflow/example_dags/example_complex.py
[2024-07-23T20:30:31.561+0000] {logging_mixin.py:137} INFO - [2024-07-23T20:30:31.560+0000] {taskmixin.py:205} WARNING - Dependency <Task(BashOperator): create_entry_group>, delete_entry_group already registered for DAG: example_complex
[2024-07-23T20:30:31.561+0000] {logging_mixin.py:137} INFO - [2024-07-23T20:30:31.561+0000] {taskmixin.py:205} WARNING - Dependency <Task(BashOperator): delete_entry_group>, create_entry_group already registered for DAG: example_complex
[2024-07-23T20:30:31.562+0000] {logging_mixin.py:137} INFO - [2024-07-23T20:30:31.562+0000] {taskmixin.py:205} WARNING - Dependency <Task(BashOperator): create_entry_gcs>, delete_entry already registered for DAG: example_complex
[2024-07-23T20:30:31.564+0000] {logging_mixin.py:137} INFO - [2024-07-23T20:30:31.563+0000] {taskmixin.py:205} WARNING - Dependency <Task(BashOperator): delete_entry>, create_entry_gcs already registered for DAG: example_complex
[2024-07-23T20:30:31.565+0000] {logging_mixin.py:137} INFO - [2024-07-23T20:30:31.564+0000] {taskmixin.py:205} WARNING - Dependency <Task(BashOperator): create_tag>, delete_tag already registered for DAG: example_complex
[2024-07-23T20:30:31.566+0000] {logging_mixin.py:137} INFO - [2024-07-23T20:30:31.566+0000] {taskmixin.py:205} WARNING - Dependency <Task(BashOperator): delete_tag>, create_tag already registered for DAG: example_complex
[2024-07-23T20:30:31.581+0000] {processor.py:753} INFO - DAG(s) dict_keys(['example_complex']) retrieved from /home/airflow/.local/lib/python3.7/site-packages/airflow/example_dags/example_complex.py
[2024-07-23T20:30:31.733+0000] {logging_mixin.py:137} INFO - [2024-07-23T20:30:31.732+0000] {manager.py:504} INFO - Created Permission View: can read on DAG:example_complex
[2024-07-23T20:30:31.763+0000] {logging_mixin.py:137} INFO - [2024-07-23T20:30:31.763+0000] {manager.py:504} INFO - Created Permission View: can delete on DAG:example_complex
[2024-07-23T20:30:31.775+0000] {logging_mixin.py:137} INFO - [2024-07-23T20:30:31.775+0000] {manager.py:504} INFO - Created Permission View: can edit on DAG:example_complex
[2024-07-23T20:30:31.777+0000] {logging_mixin.py:137} INFO - [2024-07-23T20:30:31.777+0000] {dag.py:2690} INFO - Sync 1 DAGs
[2024-07-23T20:30:31.801+0000] {logging_mixin.py:137} INFO - [2024-07-23T20:30:31.801+0000] {dag.py:2711} INFO - Creating ORM DAG for example_complex
[2024-07-23T20:30:31.838+0000] {logging_mixin.py:137} INFO - [2024-07-23T20:30:31.838+0000] {dag.py:3441} INFO - Setting next_dagrun for example_complex to None, run_after=None
[2024-07-23T20:30:31.867+0000] {processor.py:175} INFO - Processing /home/airflow/.local/lib/python3.7/site-packages/airflow/example_dags/example_complex.py took 0.335 seconds
[2024-07-23T20:31:02.585+0000] {processor.py:153} INFO - Started process (PID=139) to work on /home/airflow/.local/lib/python3.7/site-packages/airflow/example_dags/example_complex.py
[2024-07-23T20:31:02.586+0000] {processor.py:743} INFO - Processing file /home/airflow/.local/lib/python3.7/site-packages/airflow/example_dags/example_complex.py for tasks to queue
[2024-07-23T20:31:02.586+0000] {logging_mixin.py:137} INFO - [2024-07-23T20:31:02.586+0000] {dagbag.py:538} INFO - Filling up the DagBag from /home/airflow/.local/lib/python3.7/site-packages/airflow/example_dags/example_complex.py
[2024-07-23T20:31:02.593+0000] {logging_mixin.py:137} INFO - [2024-07-23T20:31:02.593+0000] {taskmixin.py:205} WARNING - Dependency <Task(BashOperator): create_entry_group>, delete_entry_group already registered for DAG: example_complex
[2024-07-23T20:31:02.594+0000] {logging_mixin.py:137} INFO - [2024-07-23T20:31:02.594+0000] {taskmixin.py:205} WARNING - Dependency <Task(BashOperator): delete_entry_group>, create_entry_group already registered for DAG: example_complex
[2024-07-23T20:31:02.594+0000] {logging_mixin.py:137} INFO - [2024-07-23T20:31:02.594+0000] {taskmixin.py:205} WARNING - Dependency <Task(BashOperator): create_entry_gcs>, delete_entry already registered for DAG: example_complex
[2024-07-23T20:31:02.600+0000] {logging_mixin.py:137} INFO - [2024-07-23T20:31:02.600+0000] {taskmixin.py:205} WARNING - Dependency <Task(BashOperator): delete_entry>, create_entry_gcs already registered for DAG: example_complex
[2024-07-23T20:31:02.602+0000] {logging_mixin.py:137} INFO - [2024-07-23T20:31:02.602+0000] {taskmixin.py:205} WARNING - Dependency <Task(BashOperator): create_tag>, delete_tag already registered for DAG: example_complex
[2024-07-23T20:31:02.603+0000] {logging_mixin.py:137} INFO - [2024-07-23T20:31:02.603+0000] {taskmixin.py:205} WARNING - Dependency <Task(BashOperator): delete_tag>, create_tag already registered for DAG: example_complex
[2024-07-23T20:31:02.608+0000] {processor.py:753} INFO - DAG(s) dict_keys(['example_complex']) retrieved from /home/airflow/.local/lib/python3.7/site-packages/airflow/example_dags/example_complex.py
[2024-07-23T20:31:02.625+0000] {logging_mixin.py:137} INFO - [2024-07-23T20:31:02.624+0000] {dag.py:2690} INFO - Sync 1 DAGs
[2024-07-23T20:31:02.637+0000] {logging_mixin.py:137} INFO - [2024-07-23T20:31:02.637+0000] {dag.py:3441} INFO - Setting next_dagrun for example_complex to None, run_after=None
[2024-07-23T20:31:02.650+0000] {processor.py:175} INFO - Processing /home/airflow/.local/lib/python3.7/site-packages/airflow/example_dags/example_complex.py took 0.067 seconds
[2024-07-23T20:31:33.098+0000] {processor.py:153} INFO - Started process (PID=226) to work on /home/airflow/.local/lib/python3.7/site-packages/airflow/example_dags/example_complex.py
[2024-07-23T20:31:33.098+0000] {processor.py:743} INFO - Processing file /home/airflow/.local/lib/python3.7/site-packages/airflow/example_dags/example_complex.py for tasks to queue
[2024-07-23T20:31:33.098+0000] {logging_mixin.py:137} INFO - [2024-07-23T20:31:33.098+0000] {dagbag.py:538} INFO - Filling up the DagBag from /home/airflow/.local/lib/python3.7/site-packages/airflow/example_dags/example_complex.py
[2024-07-23T20:31:33.104+0000] {logging_mixin.py:137} INFO - [2024-07-23T20:31:33.104+0000] {taskmixin.py:205} WARNING - Dependency <Task(BashOperator): create_entry_group>, delete_entry_group already registered for DAG: example_complex
[2024-07-23T20:31:33.104+0000] {logging_mixin.py:137} INFO - [2024-07-23T20:31:33.104+0000] {taskmixin.py:205} WARNING - Dependency <Task(BashOperator): delete_entry_group>, create_entry_group already registered for DAG: example_complex
[2024-07-23T20:31:33.104+0000] {logging_mixin.py:137} INFO - [2024-07-23T20:31:33.104+0000] {taskmixin.py:205} WARNING - Dependency <Task(BashOperator): create_entry_gcs>, delete_entry already registered for DAG: example_complex
[2024-07-23T20:31:33.105+0000] {logging_mixin.py:137} INFO - [2024-07-23T20:31:33.105+0000] {taskmixin.py:205} WARNING - Dependency <Task(BashOperator): delete_entry>, create_entry_gcs already registered for DAG: example_complex
[2024-07-23T20:31:33.105+0000] {logging_mixin.py:137} INFO - [2024-07-23T20:31:33.105+0000] {taskmixin.py:205} WARNING - Dependency <Task(BashOperator): create_tag>, delete_tag already registered for DAG: example_complex
[2024-07-23T20:31:33.107+0000] {logging_mixin.py:137} INFO - [2024-07-23T20:31:33.107+0000] {taskmixin.py:205} WARNING - Dependency <Task(BashOperator): delete_tag>, create_tag already registered for DAG: example_complex
[2024-07-23T20:31:33.112+0000] {processor.py:753} INFO - DAG(s) dict_keys(['example_complex']) retrieved from /home/airflow/.local/lib/python3.7/site-packages/airflow/example_dags/example_complex.py
[2024-07-23T20:31:33.126+0000] {logging_mixin.py:137} INFO - [2024-07-23T20:31:33.126+0000] {dag.py:2690} INFO - Sync 1 DAGs
[2024-07-23T20:31:33.140+0000] {logging_mixin.py:137} INFO - [2024-07-23T20:31:33.140+0000] {dag.py:3441} INFO - Setting next_dagrun for example_complex to None, run_after=None
[2024-07-23T20:31:33.152+0000] {processor.py:175} INFO - Processing /home/airflow/.local/lib/python3.7/site-packages/airflow/example_dags/example_complex.py took 0.056 seconds
[2024-07-23T20:32:03.725+0000] {processor.py:153} INFO - Started process (PID=313) to work on /home/airflow/.local/lib/python3.7/site-packages/airflow/example_dags/example_complex.py
[2024-07-23T20:32:03.726+0000] {processor.py:743} INFO - Processing file /home/airflow/.local/lib/python3.7/site-packages/airflow/example_dags/example_complex.py for tasks to queue
[2024-07-23T20:32:03.729+0000] {logging_mixin.py:137} INFO - [2024-07-23T20:32:03.729+0000] {dagbag.py:538} INFO - Filling up the DagBag from /home/airflow/.local/lib/python3.7/site-packages/airflow/example_dags/example_complex.py
[2024-07-23T20:32:03.736+0000] {logging_mixin.py:137} INFO - [2024-07-23T20:32:03.736+0000] {taskmixin.py:205} WARNING - Dependency <Task(BashOperator): create_entry_group>, delete_entry_group already registered for DAG: example_complex
[2024-07-23T20:32:03.737+0000] {logging_mixin.py:137} INFO - [2024-07-23T20:32:03.737+0000] {taskmixin.py:205} WARNING - Dependency <Task(BashOperator): delete_entry_group>, create_entry_group already registered for DAG: example_complex
[2024-07-23T20:32:03.738+0000] {logging_mixin.py:137} INFO - [2024-07-23T20:32:03.737+0000] {taskmixin.py:205} WARNING - Dependency <Task(BashOperator): create_entry_gcs>, delete_entry already registered for DAG: example_complex
[2024-07-23T20:32:03.738+0000] {logging_mixin.py:137} INFO - [2024-07-23T20:32:03.738+0000] {taskmixin.py:205} WARNING - Dependency <Task(BashOperator): delete_entry>, create_entry_gcs already registered for DAG: example_complex
[2024-07-23T20:32:03.738+0000] {logging_mixin.py:137} INFO - [2024-07-23T20:32:03.738+0000] {taskmixin.py:205} WARNING - Dependency <Task(BashOperator): create_tag>, delete_tag already registered for DAG: example_complex
[2024-07-23T20:32:03.739+0000] {logging_mixin.py:137} INFO - [2024-07-23T20:32:03.739+0000] {taskmixin.py:205} WARNING - Dependency <Task(BashOperator): delete_tag>, create_tag already registered for DAG: example_complex
[2024-07-23T20:32:03.744+0000] {processor.py:753} INFO - DAG(s) dict_keys(['example_complex']) retrieved from /home/airflow/.local/lib/python3.7/site-packages/airflow/example_dags/example_complex.py
[2024-07-23T20:32:03.775+0000] {logging_mixin.py:137} INFO - [2024-07-23T20:32:03.774+0000] {dag.py:2690} INFO - Sync 1 DAGs
[2024-07-23T20:32:03.793+0000] {logging_mixin.py:137} INFO - [2024-07-23T20:32:03.793+0000] {dag.py:3441} INFO - Setting next_dagrun for example_complex to None, run_after=None
[2024-07-23T20:32:03.816+0000] {processor.py:175} INFO - Processing /home/airflow/.local/lib/python3.7/site-packages/airflow/example_dags/example_complex.py took 0.093 seconds
[2024-07-23T20:32:34.474+0000] {processor.py:153} INFO - Started process (PID=384) to work on /home/airflow/.local/lib/python3.7/site-packages/airflow/example_dags/example_complex.py
[2024-07-23T20:32:34.475+0000] {processor.py:743} INFO - Processing file /home/airflow/.local/lib/python3.7/site-packages/airflow/example_dags/example_complex.py for tasks to queue
[2024-07-23T20:32:34.476+0000] {logging_mixin.py:137} INFO - [2024-07-23T20:32:34.476+0000] {dagbag.py:538} INFO - Filling up the DagBag from /home/airflow/.local/lib/python3.7/site-packages/airflow/example_dags/example_complex.py
[2024-07-23T20:32:34.482+0000] {logging_mixin.py:137} INFO - [2024-07-23T20:32:34.482+0000] {taskmixin.py:205} WARNING - Dependency <Task(BashOperator): create_entry_group>, delete_entry_group already registered for DAG: example_complex
[2024-07-23T20:32:34.482+0000] {logging_mixin.py:137} INFO - [2024-07-23T20:32:34.482+0000] {taskmixin.py:205} WARNING - Dependency <Task(BashOperator): delete_entry_group>, create_entry_group already registered for DAG: example_complex
[2024-07-23T20:32:34.483+0000] {logging_mixin.py:137} INFO - [2024-07-23T20:32:34.483+0000] {taskmixin.py:205} WARNING - Dependency <Task(BashOperator): create_entry_gcs>, delete_entry already registered for DAG: example_complex
[2024-07-23T20:32:34.483+0000] {logging_mixin.py:137} INFO - [2024-07-23T20:32:34.483+0000] {taskmixin.py:205} WARNING - Dependency <Task(BashOperator): delete_entry>, create_entry_gcs already registered for DAG: example_complex
[2024-07-23T20:32:34.483+0000] {logging_mixin.py:137} INFO - [2024-07-23T20:32:34.483+0000] {taskmixin.py:205} WARNING - Dependency <Task(BashOperator): create_tag>, delete_tag already registered for DAG: example_complex
[2024-07-23T20:32:34.483+0000] {logging_mixin.py:137} INFO - [2024-07-23T20:32:34.483+0000] {taskmixin.py:205} WARNING - Dependency <Task(BashOperator): delete_tag>, create_tag already registered for DAG: example_complex
[2024-07-23T20:32:34.487+0000] {processor.py:753} INFO - DAG(s) dict_keys(['example_complex']) retrieved from /home/airflow/.local/lib/python3.7/site-packages/airflow/example_dags/example_complex.py
[2024-07-23T20:32:34.507+0000] {logging_mixin.py:137} INFO - [2024-07-23T20:32:34.507+0000] {dag.py:2690} INFO - Sync 1 DAGs
[2024-07-23T20:32:34.527+0000] {logging_mixin.py:137} INFO - [2024-07-23T20:32:34.527+0000] {dag.py:3441} INFO - Setting next_dagrun for example_complex to None, run_after=None
[2024-07-23T20:32:34.540+0000] {processor.py:175} INFO - Processing /home/airflow/.local/lib/python3.7/site-packages/airflow/example_dags/example_complex.py took 0.068 seconds
[2024-07-23T20:33:05.198+0000] {processor.py:153} INFO - Started process (PID=470) to work on /home/airflow/.local/lib/python3.7/site-packages/airflow/example_dags/example_complex.py
[2024-07-23T20:33:05.199+0000] {processor.py:743} INFO - Processing file /home/airflow/.local/lib/python3.7/site-packages/airflow/example_dags/example_complex.py for tasks to queue
[2024-07-23T20:33:05.199+0000] {logging_mixin.py:137} INFO - [2024-07-23T20:33:05.199+0000] {dagbag.py:538} INFO - Filling up the DagBag from /home/airflow/.local/lib/python3.7/site-packages/airflow/example_dags/example_complex.py
[2024-07-23T20:33:05.205+0000] {logging_mixin.py:137} INFO - [2024-07-23T20:33:05.205+0000] {taskmixin.py:205} WARNING - Dependency <Task(BashOperator): create_entry_group>, delete_entry_group already registered for DAG: example_complex
[2024-07-23T20:33:05.205+0000] {logging_mixin.py:137} INFO - [2024-07-23T20:33:05.205+0000] {taskmixin.py:205} WARNING - Dependency <Task(BashOperator): delete_entry_group>, create_entry_group already registered for DAG: example_complex
[2024-07-23T20:33:05.205+0000] {logging_mixin.py:137} INFO - [2024-07-23T20:33:05.205+0000] {taskmixin.py:205} WARNING - Dependency <Task(BashOperator): create_entry_gcs>, delete_entry already registered for DAG: example_complex
[2024-07-23T20:33:05.205+0000] {logging_mixin.py:137} INFO - [2024-07-23T20:33:05.205+0000] {taskmixin.py:205} WARNING - Dependency <Task(BashOperator): delete_entry>, create_entry_gcs already registered for DAG: example_complex
[2024-07-23T20:33:05.206+0000] {logging_mixin.py:137} INFO - [2024-07-23T20:33:05.205+0000] {taskmixin.py:205} WARNING - Dependency <Task(BashOperator): create_tag>, delete_tag already registered for DAG: example_complex
[2024-07-23T20:33:05.206+0000] {logging_mixin.py:137} INFO - [2024-07-23T20:33:05.206+0000] {taskmixin.py:205} WARNING - Dependency <Task(BashOperator): delete_tag>, create_tag already registered for DAG: example_complex
[2024-07-23T20:33:05.209+0000] {processor.py:753} INFO - DAG(s) dict_keys(['example_complex']) retrieved from /home/airflow/.local/lib/python3.7/site-packages/airflow/example_dags/example_complex.py
[2024-07-23T20:33:05.224+0000] {logging_mixin.py:137} INFO - [2024-07-23T20:33:05.224+0000] {dag.py:2690} INFO - Sync 1 DAGs
[2024-07-23T20:33:05.235+0000] {logging_mixin.py:137} INFO - [2024-07-23T20:33:05.235+0000] {dag.py:3441} INFO - Setting next_dagrun for example_complex to None, run_after=None
[2024-07-23T20:33:05.244+0000] {processor.py:175} INFO - Processing /home/airflow/.local/lib/python3.7/site-packages/airflow/example_dags/example_complex.py took 0.047 seconds
[2024-07-23T20:33:35.838+0000] {processor.py:153} INFO - Started process (PID=557) to work on /home/airflow/.local/lib/python3.7/site-packages/airflow/example_dags/example_complex.py
[2024-07-23T20:33:35.839+0000] {processor.py:743} INFO - Processing file /home/airflow/.local/lib/python3.7/site-packages/airflow/example_dags/example_complex.py for tasks to queue
[2024-07-23T20:33:35.839+0000] {logging_mixin.py:137} INFO - [2024-07-23T20:33:35.839+0000] {dagbag.py:538} INFO - Filling up the DagBag from /home/airflow/.local/lib/python3.7/site-packages/airflow/example_dags/example_complex.py
[2024-07-23T20:33:35.845+0000] {logging_mixin.py:137} INFO - [2024-07-23T20:33:35.844+0000] {taskmixin.py:205} WARNING - Dependency <Task(BashOperator): create_entry_group>, delete_entry_group already registered for DAG: example_complex
[2024-07-23T20:33:35.845+0000] {logging_mixin.py:137} INFO - [2024-07-23T20:33:35.845+0000] {taskmixin.py:205} WARNING - Dependency <Task(BashOperator): delete_entry_group>, create_entry_group already registered for DAG: example_complex
[2024-07-23T20:33:35.845+0000] {logging_mixin.py:137} INFO - [2024-07-23T20:33:35.845+0000] {taskmixin.py:205} WARNING - Dependency <Task(BashOperator): create_entry_gcs>, delete_entry already registered for DAG: example_complex
[2024-07-23T20:33:35.845+0000] {logging_mixin.py:137} INFO - [2024-07-23T20:33:35.845+0000] {taskmixin.py:205} WARNING - Dependency <Task(BashOperator): delete_entry>, create_entry_gcs already registered for DAG: example_complex
[2024-07-23T20:33:35.845+0000] {logging_mixin.py:137} INFO - [2024-07-23T20:33:35.845+0000] {taskmixin.py:205} WARNING - Dependency <Task(BashOperator): create_tag>, delete_tag already registered for DAG: example_complex
[2024-07-23T20:33:35.846+0000] {logging_mixin.py:137} INFO - [2024-07-23T20:33:35.846+0000] {taskmixin.py:205} WARNING - Dependency <Task(BashOperator): delete_tag>, create_tag already registered for DAG: example_complex
[2024-07-23T20:33:35.849+0000] {processor.py:753} INFO - DAG(s) dict_keys(['example_complex']) retrieved from /home/airflow/.local/lib/python3.7/site-packages/airflow/example_dags/example_complex.py
[2024-07-23T20:33:35.863+0000] {logging_mixin.py:137} INFO - [2024-07-23T20:33:35.863+0000] {dag.py:2690} INFO - Sync 1 DAGs
[2024-07-23T20:33:35.874+0000] {logging_mixin.py:137} INFO - [2024-07-23T20:33:35.874+0000] {dag.py:3441} INFO - Setting next_dagrun for example_complex to None, run_after=None
[2024-07-23T20:33:35.881+0000] {processor.py:175} INFO - Processing /home/airflow/.local/lib/python3.7/site-packages/airflow/example_dags/example_complex.py took 0.044 seconds
[2024-07-23T20:34:06.471+0000] {processor.py:153} INFO - Started process (PID=637) to work on /home/airflow/.local/lib/python3.7/site-packages/airflow/example_dags/example_complex.py
[2024-07-23T20:34:06.473+0000] {processor.py:743} INFO - Processing file /home/airflow/.local/lib/python3.7/site-packages/airflow/example_dags/example_complex.py for tasks to queue
[2024-07-23T20:34:06.473+0000] {logging_mixin.py:137} INFO - [2024-07-23T20:34:06.473+0000] {dagbag.py:538} INFO - Filling up the DagBag from /home/airflow/.local/lib/python3.7/site-packages/airflow/example_dags/example_complex.py
[2024-07-23T20:34:06.480+0000] {logging_mixin.py:137} INFO - [2024-07-23T20:34:06.480+0000] {taskmixin.py:205} WARNING - Dependency <Task(BashOperator): create_entry_group>, delete_entry_group already registered for DAG: example_complex
[2024-07-23T20:34:06.480+0000] {logging_mixin.py:137} INFO - [2024-07-23T20:34:06.480+0000] {taskmixin.py:205} WARNING - Dependency <Task(BashOperator): delete_entry_group>, create_entry_group already registered for DAG: example_complex
[2024-07-23T20:34:06.481+0000] {logging_mixin.py:137} INFO - [2024-07-23T20:34:06.481+0000] {taskmixin.py:205} WARNING - Dependency <Task(BashOperator): create_entry_gcs>, delete_entry already registered for DAG: example_complex
[2024-07-23T20:34:06.481+0000] {logging_mixin.py:137} INFO - [2024-07-23T20:34:06.481+0000] {taskmixin.py:205} WARNING - Dependency <Task(BashOperator): delete_entry>, create_entry_gcs already registered for DAG: example_complex
[2024-07-23T20:34:06.482+0000] {logging_mixin.py:137} INFO - [2024-07-23T20:34:06.482+0000] {taskmixin.py:205} WARNING - Dependency <Task(BashOperator): create_tag>, delete_tag already registered for DAG: example_complex
[2024-07-23T20:34:06.482+0000] {logging_mixin.py:137} INFO - [2024-07-23T20:34:06.482+0000] {taskmixin.py:205} WARNING - Dependency <Task(BashOperator): delete_tag>, create_tag already registered for DAG: example_complex
[2024-07-23T20:34:06.487+0000] {processor.py:753} INFO - DAG(s) dict_keys(['example_complex']) retrieved from /home/airflow/.local/lib/python3.7/site-packages/airflow/example_dags/example_complex.py
[2024-07-23T20:34:06.514+0000] {logging_mixin.py:137} INFO - [2024-07-23T20:34:06.514+0000] {dag.py:2690} INFO - Sync 1 DAGs
[2024-07-23T20:34:06.534+0000] {logging_mixin.py:137} INFO - [2024-07-23T20:34:06.534+0000] {dag.py:3441} INFO - Setting next_dagrun for example_complex to None, run_after=None
[2024-07-23T20:34:06.552+0000] {processor.py:175} INFO - Processing /home/airflow/.local/lib/python3.7/site-packages/airflow/example_dags/example_complex.py took 0.083 seconds
[2024-07-23T20:34:37.113+0000] {processor.py:153} INFO - Started process (PID=715) to work on /home/airflow/.local/lib/python3.7/site-packages/airflow/example_dags/example_complex.py
[2024-07-23T20:34:37.114+0000] {processor.py:743} INFO - Processing file /home/airflow/.local/lib/python3.7/site-packages/airflow/example_dags/example_complex.py for tasks to queue
[2024-07-23T20:34:37.114+0000] {logging_mixin.py:137} INFO - [2024-07-23T20:34:37.114+0000] {dagbag.py:538} INFO - Filling up the DagBag from /home/airflow/.local/lib/python3.7/site-packages/airflow/example_dags/example_complex.py
[2024-07-23T20:34:37.120+0000] {logging_mixin.py:137} INFO - [2024-07-23T20:34:37.120+0000] {taskmixin.py:205} WARNING - Dependency <Task(BashOperator): create_entry_group>, delete_entry_group already registered for DAG: example_complex
[2024-07-23T20:34:37.122+0000] {logging_mixin.py:137} INFO - [2024-07-23T20:34:37.122+0000] {taskmixin.py:205} WARNING - Dependency <Task(BashOperator): delete_entry_group>, create_entry_group already registered for DAG: example_complex
[2024-07-23T20:34:37.123+0000] {logging_mixin.py:137} INFO - [2024-07-23T20:34:37.123+0000] {taskmixin.py:205} WARNING - Dependency <Task(BashOperator): create_entry_gcs>, delete_entry already registered for DAG: example_complex
[2024-07-23T20:34:37.123+0000] {logging_mixin.py:137} INFO - [2024-07-23T20:34:37.123+0000] {taskmixin.py:205} WARNING - Dependency <Task(BashOperator): delete_entry>, create_entry_gcs already registered for DAG: example_complex
[2024-07-23T20:34:37.123+0000] {logging_mixin.py:137} INFO - [2024-07-23T20:34:37.123+0000] {taskmixin.py:205} WARNING - Dependency <Task(BashOperator): create_tag>, delete_tag already registered for DAG: example_complex
[2024-07-23T20:34:37.123+0000] {logging_mixin.py:137} INFO - [2024-07-23T20:34:37.123+0000] {taskmixin.py:205} WARNING - Dependency <Task(BashOperator): delete_tag>, create_tag already registered for DAG: example_complex
[2024-07-23T20:34:37.127+0000] {processor.py:753} INFO - DAG(s) dict_keys(['example_complex']) retrieved from /home/airflow/.local/lib/python3.7/site-packages/airflow/example_dags/example_complex.py
[2024-07-23T20:34:37.143+0000] {logging_mixin.py:137} INFO - [2024-07-23T20:34:37.142+0000] {dag.py:2690} INFO - Sync 1 DAGs
[2024-07-23T20:34:37.153+0000] {logging_mixin.py:137} INFO - [2024-07-23T20:34:37.153+0000] {dag.py:3441} INFO - Setting next_dagrun for example_complex to None, run_after=None
[2024-07-23T20:34:37.161+0000] {processor.py:175} INFO - Processing /home/airflow/.local/lib/python3.7/site-packages/airflow/example_dags/example_complex.py took 0.050 seconds
[2024-07-23T20:35:07.680+0000] {processor.py:153} INFO - Started process (PID=802) to work on /home/airflow/.local/lib/python3.7/site-packages/airflow/example_dags/example_complex.py
[2024-07-23T20:35:07.681+0000] {processor.py:743} INFO - Processing file /home/airflow/.local/lib/python3.7/site-packages/airflow/example_dags/example_complex.py for tasks to queue
[2024-07-23T20:35:07.681+0000] {logging_mixin.py:137} INFO - [2024-07-23T20:35:07.681+0000] {dagbag.py:538} INFO - Filling up the DagBag from /home/airflow/.local/lib/python3.7/site-packages/airflow/example_dags/example_complex.py
[2024-07-23T20:35:07.687+0000] {logging_mixin.py:137} INFO - [2024-07-23T20:35:07.687+0000] {taskmixin.py:205} WARNING - Dependency <Task(BashOperator): create_entry_group>, delete_entry_group already registered for DAG: example_complex
[2024-07-23T20:35:07.687+0000] {logging_mixin.py:137} INFO - [2024-07-23T20:35:07.687+0000] {taskmixin.py:205} WARNING - Dependency <Task(BashOperator): delete_entry_group>, create_entry_group already registered for DAG: example_complex
[2024-07-23T20:35:07.687+0000] {logging_mixin.py:137} INFO - [2024-07-23T20:35:07.687+0000] {taskmixin.py:205} WARNING - Dependency <Task(BashOperator): create_entry_gcs>, delete_entry already registered for DAG: example_complex
[2024-07-23T20:35:07.688+0000] {logging_mixin.py:137} INFO - [2024-07-23T20:35:07.688+0000] {taskmixin.py:205} WARNING - Dependency <Task(BashOperator): delete_entry>, create_entry_gcs already registered for DAG: example_complex
[2024-07-23T20:35:07.688+0000] {logging_mixin.py:137} INFO - [2024-07-23T20:35:07.688+0000] {taskmixin.py:205} WARNING - Dependency <Task(BashOperator): create_tag>, delete_tag already registered for DAG: example_complex
[2024-07-23T20:35:07.689+0000] {logging_mixin.py:137} INFO - [2024-07-23T20:35:07.689+0000] {taskmixin.py:205} WARNING - Dependency <Task(BashOperator): delete_tag>, create_tag already registered for DAG: example_complex
[2024-07-23T20:35:07.695+0000] {processor.py:753} INFO - DAG(s) dict_keys(['example_complex']) retrieved from /home/airflow/.local/lib/python3.7/site-packages/airflow/example_dags/example_complex.py
[2024-07-23T20:35:07.713+0000] {logging_mixin.py:137} INFO - [2024-07-23T20:35:07.713+0000] {dag.py:2690} INFO - Sync 1 DAGs
[2024-07-23T20:35:07.726+0000] {logging_mixin.py:137} INFO - [2024-07-23T20:35:07.726+0000] {dag.py:3441} INFO - Setting next_dagrun for example_complex to None, run_after=None
[2024-07-23T20:35:07.739+0000] {processor.py:175} INFO - Processing /home/airflow/.local/lib/python3.7/site-packages/airflow/example_dags/example_complex.py took 0.061 seconds
[2024-07-23T20:35:38.280+0000] {processor.py:153} INFO - Started process (PID=889) to work on /home/airflow/.local/lib/python3.7/site-packages/airflow/example_dags/example_complex.py
[2024-07-23T20:35:38.281+0000] {processor.py:743} INFO - Processing file /home/airflow/.local/lib/python3.7/site-packages/airflow/example_dags/example_complex.py for tasks to queue
[2024-07-23T20:35:38.282+0000] {logging_mixin.py:137} INFO - [2024-07-23T20:35:38.282+0000] {dagbag.py:538} INFO - Filling up the DagBag from /home/airflow/.local/lib/python3.7/site-packages/airflow/example_dags/example_complex.py
[2024-07-23T20:35:38.288+0000] {logging_mixin.py:137} INFO - [2024-07-23T20:35:38.287+0000] {taskmixin.py:205} WARNING - Dependency <Task(BashOperator): create_entry_group>, delete_entry_group already registered for DAG: example_complex
[2024-07-23T20:35:38.288+0000] {logging_mixin.py:137} INFO - [2024-07-23T20:35:38.288+0000] {taskmixin.py:205} WARNING - Dependency <Task(BashOperator): delete_entry_group>, create_entry_group already registered for DAG: example_complex
[2024-07-23T20:35:38.288+0000] {logging_mixin.py:137} INFO - [2024-07-23T20:35:38.288+0000] {taskmixin.py:205} WARNING - Dependency <Task(BashOperator): create_entry_gcs>, delete_entry already registered for DAG: example_complex
[2024-07-23T20:35:38.288+0000] {logging_mixin.py:137} INFO - [2024-07-23T20:35:38.288+0000] {taskmixin.py:205} WARNING - Dependency <Task(BashOperator): delete_entry>, create_entry_gcs already registered for DAG: example_complex
[2024-07-23T20:35:38.288+0000] {logging_mixin.py:137} INFO - [2024-07-23T20:35:38.288+0000] {taskmixin.py:205} WARNING - Dependency <Task(BashOperator): create_tag>, delete_tag already registered for DAG: example_complex
[2024-07-23T20:35:38.289+0000] {logging_mixin.py:137} INFO - [2024-07-23T20:35:38.289+0000] {taskmixin.py:205} WARNING - Dependency <Task(BashOperator): delete_tag>, create_tag already registered for DAG: example_complex
[2024-07-23T20:35:38.292+0000] {processor.py:753} INFO - DAG(s) dict_keys(['example_complex']) retrieved from /home/airflow/.local/lib/python3.7/site-packages/airflow/example_dags/example_complex.py
[2024-07-23T20:35:38.306+0000] {logging_mixin.py:137} INFO - [2024-07-23T20:35:38.306+0000] {dag.py:2690} INFO - Sync 1 DAGs
[2024-07-23T20:35:38.317+0000] {logging_mixin.py:137} INFO - [2024-07-23T20:35:38.317+0000] {dag.py:3441} INFO - Setting next_dagrun for example_complex to None, run_after=None
[2024-07-23T20:35:38.325+0000] {processor.py:175} INFO - Processing /home/airflow/.local/lib/python3.7/site-packages/airflow/example_dags/example_complex.py took 0.046 seconds
[2024-07-23T20:36:08.837+0000] {processor.py:153} INFO - Started process (PID=960) to work on /home/airflow/.local/lib/python3.7/site-packages/airflow/example_dags/example_complex.py
[2024-07-23T20:36:08.839+0000] {processor.py:743} INFO - Processing file /home/airflow/.local/lib/python3.7/site-packages/airflow/example_dags/example_complex.py for tasks to queue
[2024-07-23T20:36:08.839+0000] {logging_mixin.py:137} INFO - [2024-07-23T20:36:08.839+0000] {dagbag.py:538} INFO - Filling up the DagBag from /home/airflow/.local/lib/python3.7/site-packages/airflow/example_dags/example_complex.py
[2024-07-23T20:36:08.845+0000] {logging_mixin.py:137} INFO - [2024-07-23T20:36:08.845+0000] {taskmixin.py:205} WARNING - Dependency <Task(BashOperator): create_entry_group>, delete_entry_group already registered for DAG: example_complex
[2024-07-23T20:36:08.845+0000] {logging_mixin.py:137} INFO - [2024-07-23T20:36:08.845+0000] {taskmixin.py:205} WARNING - Dependency <Task(BashOperator): delete_entry_group>, create_entry_group already registered for DAG: example_complex
[2024-07-23T20:36:08.845+0000] {logging_mixin.py:137} INFO - [2024-07-23T20:36:08.845+0000] {taskmixin.py:205} WARNING - Dependency <Task(BashOperator): create_entry_gcs>, delete_entry already registered for DAG: example_complex
[2024-07-23T20:36:08.845+0000] {logging_mixin.py:137} INFO - [2024-07-23T20:36:08.845+0000] {taskmixin.py:205} WARNING - Dependency <Task(BashOperator): delete_entry>, create_entry_gcs already registered for DAG: example_complex
[2024-07-23T20:36:08.845+0000] {logging_mixin.py:137} INFO - [2024-07-23T20:36:08.845+0000] {taskmixin.py:205} WARNING - Dependency <Task(BashOperator): create_tag>, delete_tag already registered for DAG: example_complex
[2024-07-23T20:36:08.846+0000] {logging_mixin.py:137} INFO - [2024-07-23T20:36:08.846+0000] {taskmixin.py:205} WARNING - Dependency <Task(BashOperator): delete_tag>, create_tag already registered for DAG: example_complex
[2024-07-23T20:36:08.849+0000] {processor.py:753} INFO - DAG(s) dict_keys(['example_complex']) retrieved from /home/airflow/.local/lib/python3.7/site-packages/airflow/example_dags/example_complex.py
[2024-07-23T20:36:08.863+0000] {logging_mixin.py:137} INFO - [2024-07-23T20:36:08.863+0000] {dag.py:2690} INFO - Sync 1 DAGs
[2024-07-23T20:36:08.874+0000] {logging_mixin.py:137} INFO - [2024-07-23T20:36:08.874+0000] {dag.py:3441} INFO - Setting next_dagrun for example_complex to None, run_after=None
[2024-07-23T20:36:08.882+0000] {processor.py:175} INFO - Processing /home/airflow/.local/lib/python3.7/site-packages/airflow/example_dags/example_complex.py took 0.046 seconds
[2024-07-23T20:36:39.488+0000] {processor.py:153} INFO - Started process (PID=1047) to work on /home/airflow/.local/lib/python3.7/site-packages/airflow/example_dags/example_complex.py
[2024-07-23T20:36:39.490+0000] {processor.py:743} INFO - Processing file /home/airflow/.local/lib/python3.7/site-packages/airflow/example_dags/example_complex.py for tasks to queue
[2024-07-23T20:36:39.491+0000] {logging_mixin.py:137} INFO - [2024-07-23T20:36:39.491+0000] {dagbag.py:538} INFO - Filling up the DagBag from /home/airflow/.local/lib/python3.7/site-packages/airflow/example_dags/example_complex.py
[2024-07-23T20:36:39.499+0000] {logging_mixin.py:137} INFO - [2024-07-23T20:36:39.499+0000] {taskmixin.py:205} WARNING - Dependency <Task(BashOperator): create_entry_group>, delete_entry_group already registered for DAG: example_complex
[2024-07-23T20:36:39.500+0000] {logging_mixin.py:137} INFO - [2024-07-23T20:36:39.500+0000] {taskmixin.py:205} WARNING - Dependency <Task(BashOperator): delete_entry_group>, create_entry_group already registered for DAG: example_complex
[2024-07-23T20:36:39.501+0000] {logging_mixin.py:137} INFO - [2024-07-23T20:36:39.500+0000] {taskmixin.py:205} WARNING - Dependency <Task(BashOperator): create_entry_gcs>, delete_entry already registered for DAG: example_complex
[2024-07-23T20:36:39.501+0000] {logging_mixin.py:137} INFO - [2024-07-23T20:36:39.501+0000] {taskmixin.py:205} WARNING - Dependency <Task(BashOperator): delete_entry>, create_entry_gcs already registered for DAG: example_complex
[2024-07-23T20:36:39.502+0000] {logging_mixin.py:137} INFO - [2024-07-23T20:36:39.502+0000] {taskmixin.py:205} WARNING - Dependency <Task(BashOperator): create_tag>, delete_tag already registered for DAG: example_complex
[2024-07-23T20:36:39.504+0000] {logging_mixin.py:137} INFO - [2024-07-23T20:36:39.504+0000] {taskmixin.py:205} WARNING - Dependency <Task(BashOperator): delete_tag>, create_tag already registered for DAG: example_complex
[2024-07-23T20:36:39.515+0000] {processor.py:753} INFO - DAG(s) dict_keys(['example_complex']) retrieved from /home/airflow/.local/lib/python3.7/site-packages/airflow/example_dags/example_complex.py
[2024-07-23T20:36:39.548+0000] {logging_mixin.py:137} INFO - [2024-07-23T20:36:39.547+0000] {dag.py:2690} INFO - Sync 1 DAGs
[2024-07-23T20:36:39.580+0000] {logging_mixin.py:137} INFO - [2024-07-23T20:36:39.580+0000] {dag.py:3441} INFO - Setting next_dagrun for example_complex to None, run_after=None
[2024-07-23T20:36:39.620+0000] {processor.py:175} INFO - Processing /home/airflow/.local/lib/python3.7/site-packages/airflow/example_dags/example_complex.py took 0.135 seconds
