[2024-07-23T20:30:30.803+0000] {processor.py:153} INFO - Started process (PID=47) to work on /home/airflow/.local/lib/python3.7/site-packages/airflow/example_dags/example_task_group_decorator.py
[2024-07-23T20:30:30.805+0000] {processor.py:743} INFO - Processing file /home/airflow/.local/lib/python3.7/site-packages/airflow/example_dags/example_task_group_decorator.py for tasks to queue
[2024-07-23T20:30:30.806+0000] {logging_mixin.py:137} INFO - [2024-07-23T20:30:30.806+0000] {dagbag.py:538} INFO - Filling up the DagBag from /home/airflow/.local/lib/python3.7/site-packages/airflow/example_dags/example_task_group_decorator.py
[2024-07-23T20:30:30.832+0000] {processor.py:753} INFO - DAG(s) dict_keys(['example_task_group_decorator']) retrieved from /home/airflow/.local/lib/python3.7/site-packages/airflow/example_dags/example_task_group_decorator.py
[2024-07-23T20:30:30.937+0000] {logging_mixin.py:137} INFO - [2024-07-23T20:30:30.937+0000] {manager.py:504} INFO - Created Permission View: can read on DAG:example_task_group_decorator
[2024-07-23T20:30:30.943+0000] {logging_mixin.py:137} INFO - [2024-07-23T20:30:30.943+0000] {manager.py:504} INFO - Created Permission View: can delete on DAG:example_task_group_decorator
[2024-07-23T20:30:30.952+0000] {logging_mixin.py:137} INFO - [2024-07-23T20:30:30.952+0000] {manager.py:504} INFO - Created Permission View: can edit on DAG:example_task_group_decorator
[2024-07-23T20:30:30.953+0000] {logging_mixin.py:137} INFO - [2024-07-23T20:30:30.953+0000] {dag.py:2690} INFO - Sync 1 DAGs
[2024-07-23T20:30:30.971+0000] {logging_mixin.py:137} INFO - [2024-07-23T20:30:30.971+0000] {dag.py:2711} INFO - Creating ORM DAG for example_task_group_decorator
[2024-07-23T20:30:30.983+0000] {logging_mixin.py:137} INFO - [2024-07-23T20:30:30.983+0000] {dag.py:3441} INFO - Setting next_dagrun for example_task_group_decorator to 2024-07-22T20:30:30.982969+00:00, run_after=2024-07-23T20:30:30.982969+00:00
[2024-07-23T20:30:31.006+0000] {processor.py:175} INFO - Processing /home/airflow/.local/lib/python3.7/site-packages/airflow/example_dags/example_task_group_decorator.py took 0.208 seconds
[2024-07-23T20:31:01.369+0000] {processor.py:153} INFO - Started process (PID=134) to work on /home/airflow/.local/lib/python3.7/site-packages/airflow/example_dags/example_task_group_decorator.py
[2024-07-23T20:31:01.370+0000] {processor.py:743} INFO - Processing file /home/airflow/.local/lib/python3.7/site-packages/airflow/example_dags/example_task_group_decorator.py for tasks to queue
[2024-07-23T20:31:01.370+0000] {logging_mixin.py:137} INFO - [2024-07-23T20:31:01.370+0000] {dagbag.py:538} INFO - Filling up the DagBag from /home/airflow/.local/lib/python3.7/site-packages/airflow/example_dags/example_task_group_decorator.py
[2024-07-23T20:31:01.384+0000] {processor.py:753} INFO - DAG(s) dict_keys(['example_task_group_decorator']) retrieved from /home/airflow/.local/lib/python3.7/site-packages/airflow/example_dags/example_task_group_decorator.py
[2024-07-23T20:31:01.396+0000] {logging_mixin.py:137} INFO - [2024-07-23T20:31:01.396+0000] {dag.py:2690} INFO - Sync 1 DAGs
[2024-07-23T20:31:01.407+0000] {logging_mixin.py:137} INFO - [2024-07-23T20:31:01.407+0000] {dag.py:3441} INFO - Setting next_dagrun for example_task_group_decorator to 2024-07-22T20:31:01.407638+00:00, run_after=2024-07-23T20:31:01.407638+00:00
[2024-07-23T20:31:01.415+0000] {processor.py:175} INFO - Processing /home/airflow/.local/lib/python3.7/site-packages/airflow/example_dags/example_task_group_decorator.py took 0.047 seconds
[2024-07-23T20:31:31.952+0000] {processor.py:153} INFO - Started process (PID=221) to work on /home/airflow/.local/lib/python3.7/site-packages/airflow/example_dags/example_task_group_decorator.py
[2024-07-23T20:31:31.952+0000] {processor.py:743} INFO - Processing file /home/airflow/.local/lib/python3.7/site-packages/airflow/example_dags/example_task_group_decorator.py for tasks to queue
[2024-07-23T20:31:31.952+0000] {logging_mixin.py:137} INFO - [2024-07-23T20:31:31.952+0000] {dagbag.py:538} INFO - Filling up the DagBag from /home/airflow/.local/lib/python3.7/site-packages/airflow/example_dags/example_task_group_decorator.py
[2024-07-23T20:31:31.965+0000] {processor.py:753} INFO - DAG(s) dict_keys(['example_task_group_decorator']) retrieved from /home/airflow/.local/lib/python3.7/site-packages/airflow/example_dags/example_task_group_decorator.py
[2024-07-23T20:31:31.976+0000] {logging_mixin.py:137} INFO - [2024-07-23T20:31:31.976+0000] {dag.py:2690} INFO - Sync 1 DAGs
[2024-07-23T20:31:31.987+0000] {logging_mixin.py:137} INFO - [2024-07-23T20:31:31.987+0000] {dag.py:3441} INFO - Setting next_dagrun for example_task_group_decorator to 2024-07-22T20:31:31.987152+00:00, run_after=2024-07-23T20:31:31.987152+00:00
[2024-07-23T20:31:31.994+0000] {processor.py:175} INFO - Processing /home/airflow/.local/lib/python3.7/site-packages/airflow/example_dags/example_task_group_decorator.py took 0.044 seconds
[2024-07-23T20:32:02.519+0000] {processor.py:153} INFO - Started process (PID=292) to work on /home/airflow/.local/lib/python3.7/site-packages/airflow/example_dags/example_task_group_decorator.py
[2024-07-23T20:32:02.520+0000] {processor.py:743} INFO - Processing file /home/airflow/.local/lib/python3.7/site-packages/airflow/example_dags/example_task_group_decorator.py for tasks to queue
[2024-07-23T20:32:02.520+0000] {logging_mixin.py:137} INFO - [2024-07-23T20:32:02.520+0000] {dagbag.py:538} INFO - Filling up the DagBag from /home/airflow/.local/lib/python3.7/site-packages/airflow/example_dags/example_task_group_decorator.py
[2024-07-23T20:32:02.536+0000] {processor.py:753} INFO - DAG(s) dict_keys(['example_task_group_decorator']) retrieved from /home/airflow/.local/lib/python3.7/site-packages/airflow/example_dags/example_task_group_decorator.py
[2024-07-23T20:32:02.555+0000] {logging_mixin.py:137} INFO - [2024-07-23T20:32:02.555+0000] {dag.py:2690} INFO - Sync 1 DAGs
[2024-07-23T20:32:02.569+0000] {logging_mixin.py:137} INFO - [2024-07-23T20:32:02.568+0000] {dag.py:3441} INFO - Setting next_dagrun for example_task_group_decorator to 2024-07-22T20:32:02.568839+00:00, run_after=2024-07-23T20:32:02.568839+00:00
[2024-07-23T20:32:02.586+0000] {processor.py:175} INFO - Processing /home/airflow/.local/lib/python3.7/site-packages/airflow/example_dags/example_task_group_decorator.py took 0.068 seconds
[2024-07-23T20:32:33.308+0000] {processor.py:153} INFO - Started process (PID=379) to work on /home/airflow/.local/lib/python3.7/site-packages/airflow/example_dags/example_task_group_decorator.py
[2024-07-23T20:32:33.309+0000] {processor.py:743} INFO - Processing file /home/airflow/.local/lib/python3.7/site-packages/airflow/example_dags/example_task_group_decorator.py for tasks to queue
[2024-07-23T20:32:33.309+0000] {logging_mixin.py:137} INFO - [2024-07-23T20:32:33.309+0000] {dagbag.py:538} INFO - Filling up the DagBag from /home/airflow/.local/lib/python3.7/site-packages/airflow/example_dags/example_task_group_decorator.py
[2024-07-23T20:32:33.325+0000] {processor.py:753} INFO - DAG(s) dict_keys(['example_task_group_decorator']) retrieved from /home/airflow/.local/lib/python3.7/site-packages/airflow/example_dags/example_task_group_decorator.py
[2024-07-23T20:32:33.340+0000] {logging_mixin.py:137} INFO - [2024-07-23T20:32:33.340+0000] {dag.py:2690} INFO - Sync 1 DAGs
[2024-07-23T20:32:33.351+0000] {logging_mixin.py:137} INFO - [2024-07-23T20:32:33.351+0000] {dag.py:3441} INFO - Setting next_dagrun for example_task_group_decorator to 2024-07-22T20:32:33.351752+00:00, run_after=2024-07-23T20:32:33.351752+00:00
[2024-07-23T20:32:33.362+0000] {processor.py:175} INFO - Processing /home/airflow/.local/lib/python3.7/site-packages/airflow/example_dags/example_task_group_decorator.py took 0.055 seconds
[2024-07-23T20:33:04.035+0000] {processor.py:153} INFO - Started process (PID=465) to work on /home/airflow/.local/lib/python3.7/site-packages/airflow/example_dags/example_task_group_decorator.py
[2024-07-23T20:33:04.035+0000] {processor.py:743} INFO - Processing file /home/airflow/.local/lib/python3.7/site-packages/airflow/example_dags/example_task_group_decorator.py for tasks to queue
[2024-07-23T20:33:04.036+0000] {logging_mixin.py:137} INFO - [2024-07-23T20:33:04.036+0000] {dagbag.py:538} INFO - Filling up the DagBag from /home/airflow/.local/lib/python3.7/site-packages/airflow/example_dags/example_task_group_decorator.py
[2024-07-23T20:33:04.052+0000] {processor.py:753} INFO - DAG(s) dict_keys(['example_task_group_decorator']) retrieved from /home/airflow/.local/lib/python3.7/site-packages/airflow/example_dags/example_task_group_decorator.py
[2024-07-23T20:33:04.070+0000] {logging_mixin.py:137} INFO - [2024-07-23T20:33:04.070+0000] {dag.py:2690} INFO - Sync 1 DAGs
[2024-07-23T20:33:04.086+0000] {logging_mixin.py:137} INFO - [2024-07-23T20:33:04.086+0000] {dag.py:3441} INFO - Setting next_dagrun for example_task_group_decorator to 2024-07-22T20:33:04.086200+00:00, run_after=2024-07-23T20:33:04.086200+00:00
[2024-07-23T20:33:04.097+0000] {processor.py:175} INFO - Processing /home/airflow/.local/lib/python3.7/site-packages/airflow/example_dags/example_task_group_decorator.py took 0.064 seconds
[2024-07-23T20:33:34.664+0000] {processor.py:153} INFO - Started process (PID=552) to work on /home/airflow/.local/lib/python3.7/site-packages/airflow/example_dags/example_task_group_decorator.py
[2024-07-23T20:33:34.664+0000] {processor.py:743} INFO - Processing file /home/airflow/.local/lib/python3.7/site-packages/airflow/example_dags/example_task_group_decorator.py for tasks to queue
[2024-07-23T20:33:34.664+0000] {logging_mixin.py:137} INFO - [2024-07-23T20:33:34.664+0000] {dagbag.py:538} INFO - Filling up the DagBag from /home/airflow/.local/lib/python3.7/site-packages/airflow/example_dags/example_task_group_decorator.py
[2024-07-23T20:33:34.677+0000] {processor.py:753} INFO - DAG(s) dict_keys(['example_task_group_decorator']) retrieved from /home/airflow/.local/lib/python3.7/site-packages/airflow/example_dags/example_task_group_decorator.py
[2024-07-23T20:33:34.690+0000] {logging_mixin.py:137} INFO - [2024-07-23T20:33:34.689+0000] {dag.py:2690} INFO - Sync 1 DAGs
[2024-07-23T20:33:34.703+0000] {logging_mixin.py:137} INFO - [2024-07-23T20:33:34.703+0000] {dag.py:3441} INFO - Setting next_dagrun for example_task_group_decorator to 2024-07-22T20:33:34.702989+00:00, run_after=2024-07-23T20:33:34.702989+00:00
[2024-07-23T20:33:34.718+0000] {processor.py:175} INFO - Processing /home/airflow/.local/lib/python3.7/site-packages/airflow/example_dags/example_task_group_decorator.py took 0.055 seconds
[2024-07-23T20:34:05.250+0000] {processor.py:153} INFO - Started process (PID=623) to work on /home/airflow/.local/lib/python3.7/site-packages/airflow/example_dags/example_task_group_decorator.py
[2024-07-23T20:34:05.250+0000] {processor.py:743} INFO - Processing file /home/airflow/.local/lib/python3.7/site-packages/airflow/example_dags/example_task_group_decorator.py for tasks to queue
[2024-07-23T20:34:05.250+0000] {logging_mixin.py:137} INFO - [2024-07-23T20:34:05.250+0000] {dagbag.py:538} INFO - Filling up the DagBag from /home/airflow/.local/lib/python3.7/site-packages/airflow/example_dags/example_task_group_decorator.py
[2024-07-23T20:34:05.263+0000] {processor.py:753} INFO - DAG(s) dict_keys(['example_task_group_decorator']) retrieved from /home/airflow/.local/lib/python3.7/site-packages/airflow/example_dags/example_task_group_decorator.py
[2024-07-23T20:34:05.276+0000] {logging_mixin.py:137} INFO - [2024-07-23T20:34:05.276+0000] {dag.py:2690} INFO - Sync 1 DAGs
[2024-07-23T20:34:05.286+0000] {logging_mixin.py:137} INFO - [2024-07-23T20:34:05.286+0000] {dag.py:3441} INFO - Setting next_dagrun for example_task_group_decorator to 2024-07-22T20:34:05.286740+00:00, run_after=2024-07-23T20:34:05.286740+00:00
[2024-07-23T20:34:05.294+0000] {processor.py:175} INFO - Processing /home/airflow/.local/lib/python3.7/site-packages/airflow/example_dags/example_task_group_decorator.py took 0.046 seconds
[2024-07-23T20:34:35.961+0000] {processor.py:153} INFO - Started process (PID=710) to work on /home/airflow/.local/lib/python3.7/site-packages/airflow/example_dags/example_task_group_decorator.py
[2024-07-23T20:34:35.961+0000] {processor.py:743} INFO - Processing file /home/airflow/.local/lib/python3.7/site-packages/airflow/example_dags/example_task_group_decorator.py for tasks to queue
[2024-07-23T20:34:35.962+0000] {logging_mixin.py:137} INFO - [2024-07-23T20:34:35.962+0000] {dagbag.py:538} INFO - Filling up the DagBag from /home/airflow/.local/lib/python3.7/site-packages/airflow/example_dags/example_task_group_decorator.py
[2024-07-23T20:34:35.977+0000] {processor.py:753} INFO - DAG(s) dict_keys(['example_task_group_decorator']) retrieved from /home/airflow/.local/lib/python3.7/site-packages/airflow/example_dags/example_task_group_decorator.py
[2024-07-23T20:34:35.990+0000] {logging_mixin.py:137} INFO - [2024-07-23T20:34:35.990+0000] {dag.py:2690} INFO - Sync 1 DAGs
[2024-07-23T20:34:36.006+0000] {logging_mixin.py:137} INFO - [2024-07-23T20:34:36.006+0000] {dag.py:3441} INFO - Setting next_dagrun for example_task_group_decorator to 2024-07-22T20:34:36.006737+00:00, run_after=2024-07-23T20:34:36.006737+00:00
[2024-07-23T20:34:36.023+0000] {processor.py:175} INFO - Processing /home/airflow/.local/lib/python3.7/site-packages/airflow/example_dags/example_task_group_decorator.py took 0.064 seconds
[2024-07-23T20:35:06.510+0000] {processor.py:153} INFO - Started process (PID=797) to work on /home/airflow/.local/lib/python3.7/site-packages/airflow/example_dags/example_task_group_decorator.py
[2024-07-23T20:35:06.511+0000] {processor.py:743} INFO - Processing file /home/airflow/.local/lib/python3.7/site-packages/airflow/example_dags/example_task_group_decorator.py for tasks to queue
[2024-07-23T20:35:06.511+0000] {logging_mixin.py:137} INFO - [2024-07-23T20:35:06.511+0000] {dagbag.py:538} INFO - Filling up the DagBag from /home/airflow/.local/lib/python3.7/site-packages/airflow/example_dags/example_task_group_decorator.py
[2024-07-23T20:35:06.526+0000] {processor.py:753} INFO - DAG(s) dict_keys(['example_task_group_decorator']) retrieved from /home/airflow/.local/lib/python3.7/site-packages/airflow/example_dags/example_task_group_decorator.py
[2024-07-23T20:35:06.544+0000] {logging_mixin.py:137} INFO - [2024-07-23T20:35:06.544+0000] {dag.py:2690} INFO - Sync 1 DAGs
[2024-07-23T20:35:06.556+0000] {logging_mixin.py:137} INFO - [2024-07-23T20:35:06.556+0000] {dag.py:3441} INFO - Setting next_dagrun for example_task_group_decorator to 2024-07-22T20:35:06.556380+00:00, run_after=2024-07-23T20:35:06.556380+00:00
[2024-07-23T20:35:06.573+0000] {processor.py:175} INFO - Processing /home/airflow/.local/lib/python3.7/site-packages/airflow/example_dags/example_task_group_decorator.py took 0.063 seconds
[2024-07-23T20:35:37.109+0000] {processor.py:153} INFO - Started process (PID=884) to work on /home/airflow/.local/lib/python3.7/site-packages/airflow/example_dags/example_task_group_decorator.py
[2024-07-23T20:35:37.109+0000] {processor.py:743} INFO - Processing file /home/airflow/.local/lib/python3.7/site-packages/airflow/example_dags/example_task_group_decorator.py for tasks to queue
[2024-07-23T20:35:37.110+0000] {logging_mixin.py:137} INFO - [2024-07-23T20:35:37.110+0000] {dagbag.py:538} INFO - Filling up the DagBag from /home/airflow/.local/lib/python3.7/site-packages/airflow/example_dags/example_task_group_decorator.py
[2024-07-23T20:35:37.122+0000] {processor.py:753} INFO - DAG(s) dict_keys(['example_task_group_decorator']) retrieved from /home/airflow/.local/lib/python3.7/site-packages/airflow/example_dags/example_task_group_decorator.py
[2024-07-23T20:35:37.134+0000] {logging_mixin.py:137} INFO - [2024-07-23T20:35:37.134+0000] {dag.py:2690} INFO - Sync 1 DAGs
[2024-07-23T20:35:37.144+0000] {logging_mixin.py:137} INFO - [2024-07-23T20:35:37.144+0000] {dag.py:3441} INFO - Setting next_dagrun for example_task_group_decorator to 2024-07-22T20:35:37.144378+00:00, run_after=2024-07-23T20:35:37.144378+00:00
[2024-07-23T20:35:37.151+0000] {processor.py:175} INFO - Processing /home/airflow/.local/lib/python3.7/site-packages/airflow/example_dags/example_task_group_decorator.py took 0.044 seconds
[2024-07-23T20:36:07.686+0000] {processor.py:153} INFO - Started process (PID=955) to work on /home/airflow/.local/lib/python3.7/site-packages/airflow/example_dags/example_task_group_decorator.py
[2024-07-23T20:36:07.687+0000] {processor.py:743} INFO - Processing file /home/airflow/.local/lib/python3.7/site-packages/airflow/example_dags/example_task_group_decorator.py for tasks to queue
[2024-07-23T20:36:07.687+0000] {logging_mixin.py:137} INFO - [2024-07-23T20:36:07.687+0000] {dagbag.py:538} INFO - Filling up the DagBag from /home/airflow/.local/lib/python3.7/site-packages/airflow/example_dags/example_task_group_decorator.py
[2024-07-23T20:36:07.703+0000] {processor.py:753} INFO - DAG(s) dict_keys(['example_task_group_decorator']) retrieved from /home/airflow/.local/lib/python3.7/site-packages/airflow/example_dags/example_task_group_decorator.py
[2024-07-23T20:36:07.716+0000] {logging_mixin.py:137} INFO - [2024-07-23T20:36:07.716+0000] {dag.py:2690} INFO - Sync 1 DAGs
[2024-07-23T20:36:07.727+0000] {logging_mixin.py:137} INFO - [2024-07-23T20:36:07.727+0000] {dag.py:3441} INFO - Setting next_dagrun for example_task_group_decorator to 2024-07-22T20:36:07.727745+00:00, run_after=2024-07-23T20:36:07.727745+00:00
[2024-07-23T20:36:07.735+0000] {processor.py:175} INFO - Processing /home/airflow/.local/lib/python3.7/site-packages/airflow/example_dags/example_task_group_decorator.py took 0.051 seconds
[2024-07-23T20:36:38.204+0000] {processor.py:153} INFO - Started process (PID=1042) to work on /home/airflow/.local/lib/python3.7/site-packages/airflow/example_dags/example_task_group_decorator.py
[2024-07-23T20:36:38.204+0000] {processor.py:743} INFO - Processing file /home/airflow/.local/lib/python3.7/site-packages/airflow/example_dags/example_task_group_decorator.py for tasks to queue
[2024-07-23T20:36:38.205+0000] {logging_mixin.py:137} INFO - [2024-07-23T20:36:38.205+0000] {dagbag.py:538} INFO - Filling up the DagBag from /home/airflow/.local/lib/python3.7/site-packages/airflow/example_dags/example_task_group_decorator.py
[2024-07-23T20:36:38.217+0000] {processor.py:753} INFO - DAG(s) dict_keys(['example_task_group_decorator']) retrieved from /home/airflow/.local/lib/python3.7/site-packages/airflow/example_dags/example_task_group_decorator.py
[2024-07-23T20:36:38.229+0000] {logging_mixin.py:137} INFO - [2024-07-23T20:36:38.229+0000] {dag.py:2690} INFO - Sync 1 DAGs
[2024-07-23T20:36:38.240+0000] {logging_mixin.py:137} INFO - [2024-07-23T20:36:38.240+0000] {dag.py:3441} INFO - Setting next_dagrun for example_task_group_decorator to 2024-07-22T20:36:38.239947+00:00, run_after=2024-07-23T20:36:38.239947+00:00
[2024-07-23T20:36:38.248+0000] {processor.py:175} INFO - Processing /home/airflow/.local/lib/python3.7/site-packages/airflow/example_dags/example_task_group_decorator.py took 0.046 seconds
