[2024-07-23T20:30:31.036+0000] {processor.py:153} INFO - Started process (PID=49) to work on /home/airflow/.local/lib/python3.7/site-packages/airflow/example_dags/example_branch_labels.py
[2024-07-23T20:30:31.040+0000] {processor.py:743} INFO - Processing file /home/airflow/.local/lib/python3.7/site-packages/airflow/example_dags/example_branch_labels.py for tasks to queue
[2024-07-23T20:30:31.043+0000] {logging_mixin.py:137} INFO - [2024-07-23T20:30:31.043+0000] {dagbag.py:538} INFO - Filling up the DagBag from /home/airflow/.local/lib/python3.7/site-packages/airflow/example_dags/example_branch_labels.py
[2024-07-23T20:30:31.072+0000] {processor.py:753} INFO - DAG(s) dict_keys(['example_branch_labels']) retrieved from /home/airflow/.local/lib/python3.7/site-packages/airflow/example_dags/example_branch_labels.py
[2024-07-23T20:30:31.217+0000] {logging_mixin.py:137} INFO - [2024-07-23T20:30:31.216+0000] {manager.py:504} INFO - Created Permission View: can read on DAG:example_branch_labels
[2024-07-23T20:30:31.238+0000] {logging_mixin.py:137} INFO - [2024-07-23T20:30:31.238+0000] {manager.py:504} INFO - Created Permission View: can delete on DAG:example_branch_labels
[2024-07-23T20:30:31.251+0000] {logging_mixin.py:137} INFO - [2024-07-23T20:30:31.251+0000] {manager.py:504} INFO - Created Permission View: can edit on DAG:example_branch_labels
[2024-07-23T20:30:31.252+0000] {logging_mixin.py:137} INFO - [2024-07-23T20:30:31.251+0000] {dag.py:2690} INFO - Sync 1 DAGs
[2024-07-23T20:30:31.267+0000] {logging_mixin.py:137} INFO - [2024-07-23T20:30:31.267+0000] {dag.py:2711} INFO - Creating ORM DAG for example_branch_labels
[2024-07-23T20:30:31.280+0000] {logging_mixin.py:137} INFO - [2024-07-23T20:30:31.280+0000] {dag.py:3441} INFO - Setting next_dagrun for example_branch_labels to 2024-07-22T00:00:00+00:00, run_after=2024-07-23T00:00:00+00:00
[2024-07-23T20:30:31.302+0000] {processor.py:175} INFO - Processing /home/airflow/.local/lib/python3.7/site-packages/airflow/example_dags/example_branch_labels.py took 0.273 seconds
[2024-07-23T20:31:01.426+0000] {processor.py:153} INFO - Started process (PID=136) to work on /home/airflow/.local/lib/python3.7/site-packages/airflow/example_dags/example_branch_labels.py
[2024-07-23T20:31:01.427+0000] {processor.py:743} INFO - Processing file /home/airflow/.local/lib/python3.7/site-packages/airflow/example_dags/example_branch_labels.py for tasks to queue
[2024-07-23T20:31:01.428+0000] {logging_mixin.py:137} INFO - [2024-07-23T20:31:01.428+0000] {dagbag.py:538} INFO - Filling up the DagBag from /home/airflow/.local/lib/python3.7/site-packages/airflow/example_dags/example_branch_labels.py
[2024-07-23T20:31:01.437+0000] {processor.py:753} INFO - DAG(s) dict_keys(['example_branch_labels']) retrieved from /home/airflow/.local/lib/python3.7/site-packages/airflow/example_dags/example_branch_labels.py
[2024-07-23T20:31:01.453+0000] {logging_mixin.py:137} INFO - [2024-07-23T20:31:01.453+0000] {dag.py:2690} INFO - Sync 1 DAGs
[2024-07-23T20:31:01.467+0000] {logging_mixin.py:137} INFO - [2024-07-23T20:31:01.467+0000] {dag.py:3441} INFO - Setting next_dagrun for example_branch_labels to 2024-07-22T00:00:00+00:00, run_after=2024-07-23T00:00:00+00:00
[2024-07-23T20:31:01.481+0000] {processor.py:175} INFO - Processing /home/airflow/.local/lib/python3.7/site-packages/airflow/example_dags/example_branch_labels.py took 0.056 seconds
[2024-07-23T20:31:32.005+0000] {processor.py:153} INFO - Started process (PID=223) to work on /home/airflow/.local/lib/python3.7/site-packages/airflow/example_dags/example_branch_labels.py
[2024-07-23T20:31:32.008+0000] {processor.py:743} INFO - Processing file /home/airflow/.local/lib/python3.7/site-packages/airflow/example_dags/example_branch_labels.py for tasks to queue
[2024-07-23T20:31:32.010+0000] {logging_mixin.py:137} INFO - [2024-07-23T20:31:32.010+0000] {dagbag.py:538} INFO - Filling up the DagBag from /home/airflow/.local/lib/python3.7/site-packages/airflow/example_dags/example_branch_labels.py
[2024-07-23T20:31:32.017+0000] {processor.py:753} INFO - DAG(s) dict_keys(['example_branch_labels']) retrieved from /home/airflow/.local/lib/python3.7/site-packages/airflow/example_dags/example_branch_labels.py
[2024-07-23T20:31:32.031+0000] {logging_mixin.py:137} INFO - [2024-07-23T20:31:32.031+0000] {dag.py:2690} INFO - Sync 1 DAGs
[2024-07-23T20:31:32.043+0000] {logging_mixin.py:137} INFO - [2024-07-23T20:31:32.043+0000] {dag.py:3441} INFO - Setting next_dagrun for example_branch_labels to 2024-07-22T00:00:00+00:00, run_after=2024-07-23T00:00:00+00:00
[2024-07-23T20:31:32.054+0000] {processor.py:175} INFO - Processing /home/airflow/.local/lib/python3.7/site-packages/airflow/example_dags/example_branch_labels.py took 0.050 seconds
[2024-07-23T20:32:02.603+0000] {processor.py:153} INFO - Started process (PID=294) to work on /home/airflow/.local/lib/python3.7/site-packages/airflow/example_dags/example_branch_labels.py
[2024-07-23T20:32:02.604+0000] {processor.py:743} INFO - Processing file /home/airflow/.local/lib/python3.7/site-packages/airflow/example_dags/example_branch_labels.py for tasks to queue
[2024-07-23T20:32:02.605+0000] {logging_mixin.py:137} INFO - [2024-07-23T20:32:02.605+0000] {dagbag.py:538} INFO - Filling up the DagBag from /home/airflow/.local/lib/python3.7/site-packages/airflow/example_dags/example_branch_labels.py
[2024-07-23T20:32:02.614+0000] {processor.py:753} INFO - DAG(s) dict_keys(['example_branch_labels']) retrieved from /home/airflow/.local/lib/python3.7/site-packages/airflow/example_dags/example_branch_labels.py
[2024-07-23T20:32:02.632+0000] {logging_mixin.py:137} INFO - [2024-07-23T20:32:02.632+0000] {dag.py:2690} INFO - Sync 1 DAGs
[2024-07-23T20:32:02.645+0000] {logging_mixin.py:137} INFO - [2024-07-23T20:32:02.645+0000] {dag.py:3441} INFO - Setting next_dagrun for example_branch_labels to 2024-07-22T00:00:00+00:00, run_after=2024-07-23T00:00:00+00:00
[2024-07-23T20:32:02.653+0000] {processor.py:175} INFO - Processing /home/airflow/.local/lib/python3.7/site-packages/airflow/example_dags/example_branch_labels.py took 0.052 seconds
[2024-07-23T20:32:33.371+0000] {processor.py:153} INFO - Started process (PID=381) to work on /home/airflow/.local/lib/python3.7/site-packages/airflow/example_dags/example_branch_labels.py
[2024-07-23T20:32:33.372+0000] {processor.py:743} INFO - Processing file /home/airflow/.local/lib/python3.7/site-packages/airflow/example_dags/example_branch_labels.py for tasks to queue
[2024-07-23T20:32:33.372+0000] {logging_mixin.py:137} INFO - [2024-07-23T20:32:33.372+0000] {dagbag.py:538} INFO - Filling up the DagBag from /home/airflow/.local/lib/python3.7/site-packages/airflow/example_dags/example_branch_labels.py
[2024-07-23T20:32:33.379+0000] {processor.py:753} INFO - DAG(s) dict_keys(['example_branch_labels']) retrieved from /home/airflow/.local/lib/python3.7/site-packages/airflow/example_dags/example_branch_labels.py
[2024-07-23T20:32:33.389+0000] {logging_mixin.py:137} INFO - [2024-07-23T20:32:33.389+0000] {dag.py:2690} INFO - Sync 1 DAGs
[2024-07-23T20:32:33.400+0000] {logging_mixin.py:137} INFO - [2024-07-23T20:32:33.400+0000] {dag.py:3441} INFO - Setting next_dagrun for example_branch_labels to 2024-07-22T00:00:00+00:00, run_after=2024-07-23T00:00:00+00:00
[2024-07-23T20:32:33.407+0000] {processor.py:175} INFO - Processing /home/airflow/.local/lib/python3.7/site-packages/airflow/example_dags/example_branch_labels.py took 0.037 seconds
[2024-07-23T20:33:04.108+0000] {processor.py:153} INFO - Started process (PID=467) to work on /home/airflow/.local/lib/python3.7/site-packages/airflow/example_dags/example_branch_labels.py
[2024-07-23T20:33:04.109+0000] {processor.py:743} INFO - Processing file /home/airflow/.local/lib/python3.7/site-packages/airflow/example_dags/example_branch_labels.py for tasks to queue
[2024-07-23T20:33:04.109+0000] {logging_mixin.py:137} INFO - [2024-07-23T20:33:04.109+0000] {dagbag.py:538} INFO - Filling up the DagBag from /home/airflow/.local/lib/python3.7/site-packages/airflow/example_dags/example_branch_labels.py
[2024-07-23T20:33:04.117+0000] {processor.py:753} INFO - DAG(s) dict_keys(['example_branch_labels']) retrieved from /home/airflow/.local/lib/python3.7/site-packages/airflow/example_dags/example_branch_labels.py
[2024-07-23T20:33:04.129+0000] {logging_mixin.py:137} INFO - [2024-07-23T20:33:04.129+0000] {dag.py:2690} INFO - Sync 1 DAGs
[2024-07-23T20:33:04.140+0000] {logging_mixin.py:137} INFO - [2024-07-23T20:33:04.140+0000] {dag.py:3441} INFO - Setting next_dagrun for example_branch_labels to 2024-07-22T00:00:00+00:00, run_after=2024-07-23T00:00:00+00:00
[2024-07-23T20:33:04.148+0000] {processor.py:175} INFO - Processing /home/airflow/.local/lib/python3.7/site-packages/airflow/example_dags/example_branch_labels.py took 0.042 seconds
[2024-07-23T20:33:34.727+0000] {processor.py:153} INFO - Started process (PID=554) to work on /home/airflow/.local/lib/python3.7/site-packages/airflow/example_dags/example_branch_labels.py
[2024-07-23T20:33:34.727+0000] {processor.py:743} INFO - Processing file /home/airflow/.local/lib/python3.7/site-packages/airflow/example_dags/example_branch_labels.py for tasks to queue
[2024-07-23T20:33:34.727+0000] {logging_mixin.py:137} INFO - [2024-07-23T20:33:34.727+0000] {dagbag.py:538} INFO - Filling up the DagBag from /home/airflow/.local/lib/python3.7/site-packages/airflow/example_dags/example_branch_labels.py
[2024-07-23T20:33:34.734+0000] {processor.py:753} INFO - DAG(s) dict_keys(['example_branch_labels']) retrieved from /home/airflow/.local/lib/python3.7/site-packages/airflow/example_dags/example_branch_labels.py
[2024-07-23T20:33:34.745+0000] {logging_mixin.py:137} INFO - [2024-07-23T20:33:34.745+0000] {dag.py:2690} INFO - Sync 1 DAGs
[2024-07-23T20:33:34.756+0000] {logging_mixin.py:137} INFO - [2024-07-23T20:33:34.756+0000] {dag.py:3441} INFO - Setting next_dagrun for example_branch_labels to 2024-07-22T00:00:00+00:00, run_after=2024-07-23T00:00:00+00:00
[2024-07-23T20:33:34.764+0000] {processor.py:175} INFO - Processing /home/airflow/.local/lib/python3.7/site-packages/airflow/example_dags/example_branch_labels.py took 0.039 seconds
[2024-07-23T20:34:05.304+0000] {processor.py:153} INFO - Started process (PID=625) to work on /home/airflow/.local/lib/python3.7/site-packages/airflow/example_dags/example_branch_labels.py
[2024-07-23T20:34:05.308+0000] {processor.py:743} INFO - Processing file /home/airflow/.local/lib/python3.7/site-packages/airflow/example_dags/example_branch_labels.py for tasks to queue
[2024-07-23T20:34:05.309+0000] {logging_mixin.py:137} INFO - [2024-07-23T20:34:05.308+0000] {dagbag.py:538} INFO - Filling up the DagBag from /home/airflow/.local/lib/python3.7/site-packages/airflow/example_dags/example_branch_labels.py
[2024-07-23T20:34:05.316+0000] {processor.py:753} INFO - DAG(s) dict_keys(['example_branch_labels']) retrieved from /home/airflow/.local/lib/python3.7/site-packages/airflow/example_dags/example_branch_labels.py
[2024-07-23T20:34:05.333+0000] {logging_mixin.py:137} INFO - [2024-07-23T20:34:05.333+0000] {dag.py:2690} INFO - Sync 1 DAGs
[2024-07-23T20:34:05.349+0000] {logging_mixin.py:137} INFO - [2024-07-23T20:34:05.348+0000] {dag.py:3441} INFO - Setting next_dagrun for example_branch_labels to 2024-07-22T00:00:00+00:00, run_after=2024-07-23T00:00:00+00:00
[2024-07-23T20:34:05.361+0000] {processor.py:175} INFO - Processing /home/airflow/.local/lib/python3.7/site-packages/airflow/example_dags/example_branch_labels.py took 0.059 seconds
[2024-07-23T20:34:36.035+0000] {processor.py:153} INFO - Started process (PID=712) to work on /home/airflow/.local/lib/python3.7/site-packages/airflow/example_dags/example_branch_labels.py
[2024-07-23T20:34:36.036+0000] {processor.py:743} INFO - Processing file /home/airflow/.local/lib/python3.7/site-packages/airflow/example_dags/example_branch_labels.py for tasks to queue
[2024-07-23T20:34:36.036+0000] {logging_mixin.py:137} INFO - [2024-07-23T20:34:36.036+0000] {dagbag.py:538} INFO - Filling up the DagBag from /home/airflow/.local/lib/python3.7/site-packages/airflow/example_dags/example_branch_labels.py
[2024-07-23T20:34:36.043+0000] {processor.py:753} INFO - DAG(s) dict_keys(['example_branch_labels']) retrieved from /home/airflow/.local/lib/python3.7/site-packages/airflow/example_dags/example_branch_labels.py
[2024-07-23T20:34:36.055+0000] {logging_mixin.py:137} INFO - [2024-07-23T20:34:36.054+0000] {dag.py:2690} INFO - Sync 1 DAGs
[2024-07-23T20:34:36.066+0000] {logging_mixin.py:137} INFO - [2024-07-23T20:34:36.066+0000] {dag.py:3441} INFO - Setting next_dagrun for example_branch_labels to 2024-07-22T00:00:00+00:00, run_after=2024-07-23T00:00:00+00:00
[2024-07-23T20:34:36.073+0000] {processor.py:175} INFO - Processing /home/airflow/.local/lib/python3.7/site-packages/airflow/example_dags/example_branch_labels.py took 0.040 seconds
[2024-07-23T20:35:06.595+0000] {processor.py:153} INFO - Started process (PID=799) to work on /home/airflow/.local/lib/python3.7/site-packages/airflow/example_dags/example_branch_labels.py
[2024-07-23T20:35:06.596+0000] {processor.py:743} INFO - Processing file /home/airflow/.local/lib/python3.7/site-packages/airflow/example_dags/example_branch_labels.py for tasks to queue
[2024-07-23T20:35:06.596+0000] {logging_mixin.py:137} INFO - [2024-07-23T20:35:06.596+0000] {dagbag.py:538} INFO - Filling up the DagBag from /home/airflow/.local/lib/python3.7/site-packages/airflow/example_dags/example_branch_labels.py
[2024-07-23T20:35:06.605+0000] {processor.py:753} INFO - DAG(s) dict_keys(['example_branch_labels']) retrieved from /home/airflow/.local/lib/python3.7/site-packages/airflow/example_dags/example_branch_labels.py
[2024-07-23T20:35:06.619+0000] {logging_mixin.py:137} INFO - [2024-07-23T20:35:06.619+0000] {dag.py:2690} INFO - Sync 1 DAGs
[2024-07-23T20:35:06.632+0000] {logging_mixin.py:137} INFO - [2024-07-23T20:35:06.632+0000] {dag.py:3441} INFO - Setting next_dagrun for example_branch_labels to 2024-07-22T00:00:00+00:00, run_after=2024-07-23T00:00:00+00:00
[2024-07-23T20:35:06.640+0000] {processor.py:175} INFO - Processing /home/airflow/.local/lib/python3.7/site-packages/airflow/example_dags/example_branch_labels.py took 0.047 seconds
[2024-07-23T20:35:37.161+0000] {processor.py:153} INFO - Started process (PID=886) to work on /home/airflow/.local/lib/python3.7/site-packages/airflow/example_dags/example_branch_labels.py
[2024-07-23T20:35:37.165+0000] {processor.py:743} INFO - Processing file /home/airflow/.local/lib/python3.7/site-packages/airflow/example_dags/example_branch_labels.py for tasks to queue
[2024-07-23T20:35:37.165+0000] {logging_mixin.py:137} INFO - [2024-07-23T20:35:37.165+0000] {dagbag.py:538} INFO - Filling up the DagBag from /home/airflow/.local/lib/python3.7/site-packages/airflow/example_dags/example_branch_labels.py
[2024-07-23T20:35:37.172+0000] {processor.py:753} INFO - DAG(s) dict_keys(['example_branch_labels']) retrieved from /home/airflow/.local/lib/python3.7/site-packages/airflow/example_dags/example_branch_labels.py
[2024-07-23T20:35:37.183+0000] {logging_mixin.py:137} INFO - [2024-07-23T20:35:37.183+0000] {dag.py:2690} INFO - Sync 1 DAGs
[2024-07-23T20:35:37.198+0000] {logging_mixin.py:137} INFO - [2024-07-23T20:35:37.198+0000] {dag.py:3441} INFO - Setting next_dagrun for example_branch_labels to 2024-07-22T00:00:00+00:00, run_after=2024-07-23T00:00:00+00:00
[2024-07-23T20:35:37.205+0000] {processor.py:175} INFO - Processing /home/airflow/.local/lib/python3.7/site-packages/airflow/example_dags/example_branch_labels.py took 0.046 seconds
[2024-07-23T20:36:07.745+0000] {processor.py:153} INFO - Started process (PID=957) to work on /home/airflow/.local/lib/python3.7/site-packages/airflow/example_dags/example_branch_labels.py
[2024-07-23T20:36:07.745+0000] {processor.py:743} INFO - Processing file /home/airflow/.local/lib/python3.7/site-packages/airflow/example_dags/example_branch_labels.py for tasks to queue
[2024-07-23T20:36:07.746+0000] {logging_mixin.py:137} INFO - [2024-07-23T20:36:07.746+0000] {dagbag.py:538} INFO - Filling up the DagBag from /home/airflow/.local/lib/python3.7/site-packages/airflow/example_dags/example_branch_labels.py
[2024-07-23T20:36:07.752+0000] {processor.py:753} INFO - DAG(s) dict_keys(['example_branch_labels']) retrieved from /home/airflow/.local/lib/python3.7/site-packages/airflow/example_dags/example_branch_labels.py
[2024-07-23T20:36:07.763+0000] {logging_mixin.py:137} INFO - [2024-07-23T20:36:07.763+0000] {dag.py:2690} INFO - Sync 1 DAGs
[2024-07-23T20:36:07.774+0000] {logging_mixin.py:137} INFO - [2024-07-23T20:36:07.774+0000] {dag.py:3441} INFO - Setting next_dagrun for example_branch_labels to 2024-07-22T00:00:00+00:00, run_after=2024-07-23T00:00:00+00:00
[2024-07-23T20:36:07.782+0000] {processor.py:175} INFO - Processing /home/airflow/.local/lib/python3.7/site-packages/airflow/example_dags/example_branch_labels.py took 0.038 seconds
[2024-07-23T20:36:38.261+0000] {processor.py:153} INFO - Started process (PID=1044) to work on /home/airflow/.local/lib/python3.7/site-packages/airflow/example_dags/example_branch_labels.py
[2024-07-23T20:36:38.264+0000] {processor.py:743} INFO - Processing file /home/airflow/.local/lib/python3.7/site-packages/airflow/example_dags/example_branch_labels.py for tasks to queue
[2024-07-23T20:36:38.264+0000] {logging_mixin.py:137} INFO - [2024-07-23T20:36:38.264+0000] {dagbag.py:538} INFO - Filling up the DagBag from /home/airflow/.local/lib/python3.7/site-packages/airflow/example_dags/example_branch_labels.py
[2024-07-23T20:36:38.274+0000] {processor.py:753} INFO - DAG(s) dict_keys(['example_branch_labels']) retrieved from /home/airflow/.local/lib/python3.7/site-packages/airflow/example_dags/example_branch_labels.py
[2024-07-23T20:36:38.291+0000] {logging_mixin.py:137} INFO - [2024-07-23T20:36:38.291+0000] {dag.py:2690} INFO - Sync 1 DAGs
[2024-07-23T20:36:38.307+0000] {logging_mixin.py:137} INFO - [2024-07-23T20:36:38.307+0000] {dag.py:3441} INFO - Setting next_dagrun for example_branch_labels to 2024-07-22T00:00:00+00:00, run_after=2024-07-23T00:00:00+00:00
[2024-07-23T20:36:38.316+0000] {processor.py:175} INFO - Processing /home/airflow/.local/lib/python3.7/site-packages/airflow/example_dags/example_branch_labels.py took 0.057 seconds
