[2024-07-23T20:30:34.324+0000] {processor.py:153} INFO - Started process (PID=87) to work on /home/airflow/.local/lib/python3.7/site-packages/airflow/example_dags/example_branch_operator_decorator.py
[2024-07-23T20:30:34.325+0000] {processor.py:743} INFO - Processing file /home/airflow/.local/lib/python3.7/site-packages/airflow/example_dags/example_branch_operator_decorator.py for tasks to queue
[2024-07-23T20:30:34.325+0000] {logging_mixin.py:137} INFO - [2024-07-23T20:30:34.325+0000] {dagbag.py:538} INFO - Filling up the DagBag from /home/airflow/.local/lib/python3.7/site-packages/airflow/example_dags/example_branch_operator_decorator.py
[2024-07-23T20:30:34.350+0000] {processor.py:753} INFO - DAG(s) dict_keys(['example_branch_python_operator_decorator']) retrieved from /home/airflow/.local/lib/python3.7/site-packages/airflow/example_dags/example_branch_operator_decorator.py
[2024-07-23T20:30:34.417+0000] {logging_mixin.py:137} INFO - [2024-07-23T20:30:34.417+0000] {manager.py:504} INFO - Created Permission View: can read on DAG:example_branch_python_operator_decorator
[2024-07-23T20:30:34.424+0000] {logging_mixin.py:137} INFO - [2024-07-23T20:30:34.424+0000] {manager.py:504} INFO - Created Permission View: can delete on DAG:example_branch_python_operator_decorator
[2024-07-23T20:30:34.431+0000] {logging_mixin.py:137} INFO - [2024-07-23T20:30:34.431+0000] {manager.py:504} INFO - Created Permission View: can edit on DAG:example_branch_python_operator_decorator
[2024-07-23T20:30:34.432+0000] {logging_mixin.py:137} INFO - [2024-07-23T20:30:34.432+0000] {dag.py:2690} INFO - Sync 1 DAGs
[2024-07-23T20:30:34.439+0000] {logging_mixin.py:137} INFO - [2024-07-23T20:30:34.438+0000] {dag.py:2711} INFO - Creating ORM DAG for example_branch_python_operator_decorator
[2024-07-23T20:30:34.445+0000] {logging_mixin.py:137} INFO - [2024-07-23T20:30:34.445+0000] {dag.py:3441} INFO - Setting next_dagrun for example_branch_python_operator_decorator to 2024-07-22T00:00:00+00:00, run_after=2024-07-23T00:00:00+00:00
[2024-07-23T20:30:34.455+0000] {processor.py:175} INFO - Processing /home/airflow/.local/lib/python3.7/site-packages/airflow/example_dags/example_branch_operator_decorator.py took 0.133 seconds
[2024-07-23T20:31:05.237+0000] {processor.py:153} INFO - Started process (PID=158) to work on /home/airflow/.local/lib/python3.7/site-packages/airflow/example_dags/example_branch_operator_decorator.py
[2024-07-23T20:31:05.238+0000] {processor.py:743} INFO - Processing file /home/airflow/.local/lib/python3.7/site-packages/airflow/example_dags/example_branch_operator_decorator.py for tasks to queue
[2024-07-23T20:31:05.238+0000] {logging_mixin.py:137} INFO - [2024-07-23T20:31:05.238+0000] {dagbag.py:538} INFO - Filling up the DagBag from /home/airflow/.local/lib/python3.7/site-packages/airflow/example_dags/example_branch_operator_decorator.py
[2024-07-23T20:31:05.251+0000] {processor.py:753} INFO - DAG(s) dict_keys(['example_branch_python_operator_decorator']) retrieved from /home/airflow/.local/lib/python3.7/site-packages/airflow/example_dags/example_branch_operator_decorator.py
[2024-07-23T20:31:05.263+0000] {logging_mixin.py:137} INFO - [2024-07-23T20:31:05.263+0000] {dag.py:2690} INFO - Sync 1 DAGs
[2024-07-23T20:31:05.276+0000] {logging_mixin.py:137} INFO - [2024-07-23T20:31:05.276+0000] {dag.py:3441} INFO - Setting next_dagrun for example_branch_python_operator_decorator to 2024-07-22T00:00:00+00:00, run_after=2024-07-23T00:00:00+00:00
[2024-07-23T20:31:05.284+0000] {processor.py:175} INFO - Processing /home/airflow/.local/lib/python3.7/site-packages/airflow/example_dags/example_branch_operator_decorator.py took 0.048 seconds
[2024-07-23T20:31:35.735+0000] {processor.py:153} INFO - Started process (PID=245) to work on /home/airflow/.local/lib/python3.7/site-packages/airflow/example_dags/example_branch_operator_decorator.py
[2024-07-23T20:31:35.737+0000] {processor.py:743} INFO - Processing file /home/airflow/.local/lib/python3.7/site-packages/airflow/example_dags/example_branch_operator_decorator.py for tasks to queue
[2024-07-23T20:31:35.737+0000] {logging_mixin.py:137} INFO - [2024-07-23T20:31:35.737+0000] {dagbag.py:538} INFO - Filling up the DagBag from /home/airflow/.local/lib/python3.7/site-packages/airflow/example_dags/example_branch_operator_decorator.py
[2024-07-23T20:31:35.749+0000] {processor.py:753} INFO - DAG(s) dict_keys(['example_branch_python_operator_decorator']) retrieved from /home/airflow/.local/lib/python3.7/site-packages/airflow/example_dags/example_branch_operator_decorator.py
[2024-07-23T20:31:35.764+0000] {logging_mixin.py:137} INFO - [2024-07-23T20:31:35.763+0000] {dag.py:2690} INFO - Sync 1 DAGs
[2024-07-23T20:31:35.777+0000] {logging_mixin.py:137} INFO - [2024-07-23T20:31:35.777+0000] {dag.py:3441} INFO - Setting next_dagrun for example_branch_python_operator_decorator to 2024-07-22T00:00:00+00:00, run_after=2024-07-23T00:00:00+00:00
[2024-07-23T20:31:35.787+0000] {processor.py:175} INFO - Processing /home/airflow/.local/lib/python3.7/site-packages/airflow/example_dags/example_branch_operator_decorator.py took 0.054 seconds
[2024-07-23T20:32:06.543+0000] {processor.py:153} INFO - Started process (PID=332) to work on /home/airflow/.local/lib/python3.7/site-packages/airflow/example_dags/example_branch_operator_decorator.py
[2024-07-23T20:32:06.545+0000] {processor.py:743} INFO - Processing file /home/airflow/.local/lib/python3.7/site-packages/airflow/example_dags/example_branch_operator_decorator.py for tasks to queue
[2024-07-23T20:32:06.547+0000] {logging_mixin.py:137} INFO - [2024-07-23T20:32:06.547+0000] {dagbag.py:538} INFO - Filling up the DagBag from /home/airflow/.local/lib/python3.7/site-packages/airflow/example_dags/example_branch_operator_decorator.py
[2024-07-23T20:32:06.564+0000] {processor.py:753} INFO - DAG(s) dict_keys(['example_branch_python_operator_decorator']) retrieved from /home/airflow/.local/lib/python3.7/site-packages/airflow/example_dags/example_branch_operator_decorator.py
[2024-07-23T20:32:06.586+0000] {logging_mixin.py:137} INFO - [2024-07-23T20:32:06.585+0000] {dag.py:2690} INFO - Sync 1 DAGs
[2024-07-23T20:32:06.601+0000] {logging_mixin.py:137} INFO - [2024-07-23T20:32:06.600+0000] {dag.py:3441} INFO - Setting next_dagrun for example_branch_python_operator_decorator to 2024-07-22T00:00:00+00:00, run_after=2024-07-23T00:00:00+00:00
[2024-07-23T20:32:06.611+0000] {processor.py:175} INFO - Processing /home/airflow/.local/lib/python3.7/site-packages/airflow/example_dags/example_branch_operator_decorator.py took 0.069 seconds
[2024-07-23T20:32:37.244+0000] {processor.py:153} INFO - Started process (PID=419) to work on /home/airflow/.local/lib/python3.7/site-packages/airflow/example_dags/example_branch_operator_decorator.py
[2024-07-23T20:32:37.244+0000] {processor.py:743} INFO - Processing file /home/airflow/.local/lib/python3.7/site-packages/airflow/example_dags/example_branch_operator_decorator.py for tasks to queue
[2024-07-23T20:32:37.245+0000] {logging_mixin.py:137} INFO - [2024-07-23T20:32:37.245+0000] {dagbag.py:538} INFO - Filling up the DagBag from /home/airflow/.local/lib/python3.7/site-packages/airflow/example_dags/example_branch_operator_decorator.py
[2024-07-23T20:32:37.259+0000] {processor.py:753} INFO - DAG(s) dict_keys(['example_branch_python_operator_decorator']) retrieved from /home/airflow/.local/lib/python3.7/site-packages/airflow/example_dags/example_branch_operator_decorator.py
[2024-07-23T20:32:37.282+0000] {logging_mixin.py:137} INFO - [2024-07-23T20:32:37.282+0000] {dag.py:2690} INFO - Sync 1 DAGs
[2024-07-23T20:32:37.297+0000] {logging_mixin.py:137} INFO - [2024-07-23T20:32:37.297+0000] {dag.py:3441} INFO - Setting next_dagrun for example_branch_python_operator_decorator to 2024-07-22T00:00:00+00:00, run_after=2024-07-23T00:00:00+00:00
[2024-07-23T20:32:37.307+0000] {processor.py:175} INFO - Processing /home/airflow/.local/lib/python3.7/site-packages/airflow/example_dags/example_branch_operator_decorator.py took 0.065 seconds
[2024-07-23T20:33:07.916+0000] {processor.py:153} INFO - Started process (PID=489) to work on /home/airflow/.local/lib/python3.7/site-packages/airflow/example_dags/example_branch_operator_decorator.py
[2024-07-23T20:33:07.917+0000] {processor.py:743} INFO - Processing file /home/airflow/.local/lib/python3.7/site-packages/airflow/example_dags/example_branch_operator_decorator.py for tasks to queue
[2024-07-23T20:33:07.917+0000] {logging_mixin.py:137} INFO - [2024-07-23T20:33:07.917+0000] {dagbag.py:538} INFO - Filling up the DagBag from /home/airflow/.local/lib/python3.7/site-packages/airflow/example_dags/example_branch_operator_decorator.py
[2024-07-23T20:33:07.930+0000] {processor.py:753} INFO - DAG(s) dict_keys(['example_branch_python_operator_decorator']) retrieved from /home/airflow/.local/lib/python3.7/site-packages/airflow/example_dags/example_branch_operator_decorator.py
[2024-07-23T20:33:07.948+0000] {logging_mixin.py:137} INFO - [2024-07-23T20:33:07.948+0000] {dag.py:2690} INFO - Sync 1 DAGs
[2024-07-23T20:33:07.965+0000] {logging_mixin.py:137} INFO - [2024-07-23T20:33:07.965+0000] {dag.py:3441} INFO - Setting next_dagrun for example_branch_python_operator_decorator to 2024-07-22T00:00:00+00:00, run_after=2024-07-23T00:00:00+00:00
[2024-07-23T20:33:07.980+0000] {processor.py:175} INFO - Processing /home/airflow/.local/lib/python3.7/site-packages/airflow/example_dags/example_branch_operator_decorator.py took 0.065 seconds
[2024-07-23T20:33:38.483+0000] {processor.py:153} INFO - Started process (PID=576) to work on /home/airflow/.local/lib/python3.7/site-packages/airflow/example_dags/example_branch_operator_decorator.py
[2024-07-23T20:33:38.484+0000] {processor.py:743} INFO - Processing file /home/airflow/.local/lib/python3.7/site-packages/airflow/example_dags/example_branch_operator_decorator.py for tasks to queue
[2024-07-23T20:33:38.484+0000] {logging_mixin.py:137} INFO - [2024-07-23T20:33:38.484+0000] {dagbag.py:538} INFO - Filling up the DagBag from /home/airflow/.local/lib/python3.7/site-packages/airflow/example_dags/example_branch_operator_decorator.py
[2024-07-23T20:33:38.499+0000] {processor.py:753} INFO - DAG(s) dict_keys(['example_branch_python_operator_decorator']) retrieved from /home/airflow/.local/lib/python3.7/site-packages/airflow/example_dags/example_branch_operator_decorator.py
[2024-07-23T20:33:38.514+0000] {logging_mixin.py:137} INFO - [2024-07-23T20:33:38.514+0000] {dag.py:2690} INFO - Sync 1 DAGs
[2024-07-23T20:33:38.527+0000] {logging_mixin.py:137} INFO - [2024-07-23T20:33:38.527+0000] {dag.py:3441} INFO - Setting next_dagrun for example_branch_python_operator_decorator to 2024-07-22T00:00:00+00:00, run_after=2024-07-23T00:00:00+00:00
[2024-07-23T20:33:38.540+0000] {processor.py:175} INFO - Processing /home/airflow/.local/lib/python3.7/site-packages/airflow/example_dags/example_branch_operator_decorator.py took 0.059 seconds
[2024-07-23T20:34:09.195+0000] {processor.py:153} INFO - Started process (PID=663) to work on /home/airflow/.local/lib/python3.7/site-packages/airflow/example_dags/example_branch_operator_decorator.py
[2024-07-23T20:34:09.196+0000] {processor.py:743} INFO - Processing file /home/airflow/.local/lib/python3.7/site-packages/airflow/example_dags/example_branch_operator_decorator.py for tasks to queue
[2024-07-23T20:34:09.197+0000] {logging_mixin.py:137} INFO - [2024-07-23T20:34:09.197+0000] {dagbag.py:538} INFO - Filling up the DagBag from /home/airflow/.local/lib/python3.7/site-packages/airflow/example_dags/example_branch_operator_decorator.py
[2024-07-23T20:34:09.210+0000] {processor.py:753} INFO - DAG(s) dict_keys(['example_branch_python_operator_decorator']) retrieved from /home/airflow/.local/lib/python3.7/site-packages/airflow/example_dags/example_branch_operator_decorator.py
[2024-07-23T20:34:09.225+0000] {logging_mixin.py:137} INFO - [2024-07-23T20:34:09.225+0000] {dag.py:2690} INFO - Sync 1 DAGs
[2024-07-23T20:34:09.237+0000] {logging_mixin.py:137} INFO - [2024-07-23T20:34:09.237+0000] {dag.py:3441} INFO - Setting next_dagrun for example_branch_python_operator_decorator to 2024-07-22T00:00:00+00:00, run_after=2024-07-23T00:00:00+00:00
[2024-07-23T20:34:09.247+0000] {processor.py:175} INFO - Processing /home/airflow/.local/lib/python3.7/site-packages/airflow/example_dags/example_branch_operator_decorator.py took 0.053 seconds
[2024-07-23T20:34:39.795+0000] {processor.py:153} INFO - Started process (PID=734) to work on /home/airflow/.local/lib/python3.7/site-packages/airflow/example_dags/example_branch_operator_decorator.py
[2024-07-23T20:34:39.795+0000] {processor.py:743} INFO - Processing file /home/airflow/.local/lib/python3.7/site-packages/airflow/example_dags/example_branch_operator_decorator.py for tasks to queue
[2024-07-23T20:34:39.796+0000] {logging_mixin.py:137} INFO - [2024-07-23T20:34:39.796+0000] {dagbag.py:538} INFO - Filling up the DagBag from /home/airflow/.local/lib/python3.7/site-packages/airflow/example_dags/example_branch_operator_decorator.py
[2024-07-23T20:34:39.807+0000] {processor.py:753} INFO - DAG(s) dict_keys(['example_branch_python_operator_decorator']) retrieved from /home/airflow/.local/lib/python3.7/site-packages/airflow/example_dags/example_branch_operator_decorator.py
[2024-07-23T20:34:39.824+0000] {logging_mixin.py:137} INFO - [2024-07-23T20:34:39.824+0000] {dag.py:2690} INFO - Sync 1 DAGs
[2024-07-23T20:34:39.839+0000] {logging_mixin.py:137} INFO - [2024-07-23T20:34:39.839+0000] {dag.py:3441} INFO - Setting next_dagrun for example_branch_python_operator_decorator to 2024-07-22T00:00:00+00:00, run_after=2024-07-23T00:00:00+00:00
[2024-07-23T20:34:39.849+0000] {processor.py:175} INFO - Processing /home/airflow/.local/lib/python3.7/site-packages/airflow/example_dags/example_branch_operator_decorator.py took 0.056 seconds
[2024-07-23T20:35:10.371+0000] {processor.py:153} INFO - Started process (PID=821) to work on /home/airflow/.local/lib/python3.7/site-packages/airflow/example_dags/example_branch_operator_decorator.py
[2024-07-23T20:35:10.372+0000] {processor.py:743} INFO - Processing file /home/airflow/.local/lib/python3.7/site-packages/airflow/example_dags/example_branch_operator_decorator.py for tasks to queue
[2024-07-23T20:35:10.372+0000] {logging_mixin.py:137} INFO - [2024-07-23T20:35:10.372+0000] {dagbag.py:538} INFO - Filling up the DagBag from /home/airflow/.local/lib/python3.7/site-packages/airflow/example_dags/example_branch_operator_decorator.py
[2024-07-23T20:35:10.385+0000] {processor.py:753} INFO - DAG(s) dict_keys(['example_branch_python_operator_decorator']) retrieved from /home/airflow/.local/lib/python3.7/site-packages/airflow/example_dags/example_branch_operator_decorator.py
[2024-07-23T20:35:10.401+0000] {logging_mixin.py:137} INFO - [2024-07-23T20:35:10.401+0000] {dag.py:2690} INFO - Sync 1 DAGs
[2024-07-23T20:35:10.414+0000] {logging_mixin.py:137} INFO - [2024-07-23T20:35:10.413+0000] {dag.py:3441} INFO - Setting next_dagrun for example_branch_python_operator_decorator to 2024-07-22T00:00:00+00:00, run_after=2024-07-23T00:00:00+00:00
[2024-07-23T20:35:10.430+0000] {processor.py:175} INFO - Processing /home/airflow/.local/lib/python3.7/site-packages/airflow/example_dags/example_branch_operator_decorator.py took 0.060 seconds
[2024-07-23T20:35:40.875+0000] {processor.py:153} INFO - Started process (PID=908) to work on /home/airflow/.local/lib/python3.7/site-packages/airflow/example_dags/example_branch_operator_decorator.py
[2024-07-23T20:35:40.875+0000] {processor.py:743} INFO - Processing file /home/airflow/.local/lib/python3.7/site-packages/airflow/example_dags/example_branch_operator_decorator.py for tasks to queue
[2024-07-23T20:35:40.876+0000] {logging_mixin.py:137} INFO - [2024-07-23T20:35:40.876+0000] {dagbag.py:538} INFO - Filling up the DagBag from /home/airflow/.local/lib/python3.7/site-packages/airflow/example_dags/example_branch_operator_decorator.py
[2024-07-23T20:35:40.886+0000] {processor.py:753} INFO - DAG(s) dict_keys(['example_branch_python_operator_decorator']) retrieved from /home/airflow/.local/lib/python3.7/site-packages/airflow/example_dags/example_branch_operator_decorator.py
[2024-07-23T20:35:40.899+0000] {logging_mixin.py:137} INFO - [2024-07-23T20:35:40.899+0000] {dag.py:2690} INFO - Sync 1 DAGs
[2024-07-23T20:35:40.911+0000] {logging_mixin.py:137} INFO - [2024-07-23T20:35:40.911+0000] {dag.py:3441} INFO - Setting next_dagrun for example_branch_python_operator_decorator to 2024-07-22T00:00:00+00:00, run_after=2024-07-23T00:00:00+00:00
[2024-07-23T20:35:40.919+0000] {processor.py:175} INFO - Processing /home/airflow/.local/lib/python3.7/site-packages/airflow/example_dags/example_branch_operator_decorator.py took 0.046 seconds
[2024-07-23T20:36:11.481+0000] {processor.py:153} INFO - Started process (PID=995) to work on /home/airflow/.local/lib/python3.7/site-packages/airflow/example_dags/example_branch_operator_decorator.py
[2024-07-23T20:36:11.482+0000] {processor.py:743} INFO - Processing file /home/airflow/.local/lib/python3.7/site-packages/airflow/example_dags/example_branch_operator_decorator.py for tasks to queue
[2024-07-23T20:36:11.482+0000] {logging_mixin.py:137} INFO - [2024-07-23T20:36:11.482+0000] {dagbag.py:538} INFO - Filling up the DagBag from /home/airflow/.local/lib/python3.7/site-packages/airflow/example_dags/example_branch_operator_decorator.py
[2024-07-23T20:36:11.494+0000] {processor.py:753} INFO - DAG(s) dict_keys(['example_branch_python_operator_decorator']) retrieved from /home/airflow/.local/lib/python3.7/site-packages/airflow/example_dags/example_branch_operator_decorator.py
[2024-07-23T20:36:11.508+0000] {logging_mixin.py:137} INFO - [2024-07-23T20:36:11.508+0000] {dag.py:2690} INFO - Sync 1 DAGs
[2024-07-23T20:36:11.521+0000] {logging_mixin.py:137} INFO - [2024-07-23T20:36:11.521+0000] {dag.py:3441} INFO - Setting next_dagrun for example_branch_python_operator_decorator to 2024-07-22T00:00:00+00:00, run_after=2024-07-23T00:00:00+00:00
[2024-07-23T20:36:11.530+0000] {processor.py:175} INFO - Processing /home/airflow/.local/lib/python3.7/site-packages/airflow/example_dags/example_branch_operator_decorator.py took 0.050 seconds
