[2024-07-23T20:30:33.485+0000] {processor.py:153} INFO - Started process (PID=79) to work on /home/airflow/.local/lib/python3.7/site-packages/airflow/example_dags/example_branch_day_of_week_operator.py
[2024-07-23T20:30:33.488+0000] {processor.py:743} INFO - Processing file /home/airflow/.local/lib/python3.7/site-packages/airflow/example_dags/example_branch_day_of_week_operator.py for tasks to queue
[2024-07-23T20:30:33.490+0000] {logging_mixin.py:137} INFO - [2024-07-23T20:30:33.489+0000] {dagbag.py:538} INFO - Filling up the DagBag from /home/airflow/.local/lib/python3.7/site-packages/airflow/example_dags/example_branch_day_of_week_operator.py
[2024-07-23T20:30:33.509+0000] {processor.py:753} INFO - DAG(s) dict_keys(['example_weekday_branch_operator']) retrieved from /home/airflow/.local/lib/python3.7/site-packages/airflow/example_dags/example_branch_day_of_week_operator.py
[2024-07-23T20:30:33.619+0000] {logging_mixin.py:137} INFO - [2024-07-23T20:30:33.618+0000] {manager.py:504} INFO - Created Permission View: can read on DAG:example_weekday_branch_operator
[2024-07-23T20:30:33.635+0000] {logging_mixin.py:137} INFO - [2024-07-23T20:30:33.635+0000] {manager.py:504} INFO - Created Permission View: can delete on DAG:example_weekday_branch_operator
[2024-07-23T20:30:33.640+0000] {logging_mixin.py:137} INFO - [2024-07-23T20:30:33.640+0000] {manager.py:504} INFO - Created Permission View: can edit on DAG:example_weekday_branch_operator
[2024-07-23T20:30:33.641+0000] {logging_mixin.py:137} INFO - [2024-07-23T20:30:33.641+0000] {dag.py:2690} INFO - Sync 1 DAGs
[2024-07-23T20:30:33.657+0000] {logging_mixin.py:137} INFO - [2024-07-23T20:30:33.656+0000] {dag.py:2711} INFO - Creating ORM DAG for example_weekday_branch_operator
[2024-07-23T20:30:33.672+0000] {logging_mixin.py:137} INFO - [2024-07-23T20:30:33.671+0000] {dag.py:3441} INFO - Setting next_dagrun for example_weekday_branch_operator to 2024-07-22T00:00:00+00:00, run_after=2024-07-23T00:00:00+00:00
[2024-07-23T20:30:33.705+0000] {processor.py:175} INFO - Processing /home/airflow/.local/lib/python3.7/site-packages/airflow/example_dags/example_branch_day_of_week_operator.py took 0.223 seconds
[2024-07-23T20:31:03.948+0000] {processor.py:153} INFO - Started process (PID=150) to work on /home/airflow/.local/lib/python3.7/site-packages/airflow/example_dags/example_branch_day_of_week_operator.py
[2024-07-23T20:31:03.949+0000] {processor.py:743} INFO - Processing file /home/airflow/.local/lib/python3.7/site-packages/airflow/example_dags/example_branch_day_of_week_operator.py for tasks to queue
[2024-07-23T20:31:03.950+0000] {logging_mixin.py:137} INFO - [2024-07-23T20:31:03.949+0000] {dagbag.py:538} INFO - Filling up the DagBag from /home/airflow/.local/lib/python3.7/site-packages/airflow/example_dags/example_branch_day_of_week_operator.py
[2024-07-23T20:31:03.958+0000] {processor.py:753} INFO - DAG(s) dict_keys(['example_weekday_branch_operator']) retrieved from /home/airflow/.local/lib/python3.7/site-packages/airflow/example_dags/example_branch_day_of_week_operator.py
[2024-07-23T20:31:03.972+0000] {logging_mixin.py:137} INFO - [2024-07-23T20:31:03.972+0000] {dag.py:2690} INFO - Sync 1 DAGs
[2024-07-23T20:31:03.985+0000] {logging_mixin.py:137} INFO - [2024-07-23T20:31:03.985+0000] {dag.py:3441} INFO - Setting next_dagrun for example_weekday_branch_operator to 2024-07-22T00:00:00+00:00, run_after=2024-07-23T00:00:00+00:00
[2024-07-23T20:31:03.998+0000] {processor.py:175} INFO - Processing /home/airflow/.local/lib/python3.7/site-packages/airflow/example_dags/example_branch_day_of_week_operator.py took 0.051 seconds
[2024-07-23T20:31:34.499+0000] {processor.py:153} INFO - Started process (PID=237) to work on /home/airflow/.local/lib/python3.7/site-packages/airflow/example_dags/example_branch_day_of_week_operator.py
[2024-07-23T20:31:34.499+0000] {processor.py:743} INFO - Processing file /home/airflow/.local/lib/python3.7/site-packages/airflow/example_dags/example_branch_day_of_week_operator.py for tasks to queue
[2024-07-23T20:31:34.500+0000] {logging_mixin.py:137} INFO - [2024-07-23T20:31:34.500+0000] {dagbag.py:538} INFO - Filling up the DagBag from /home/airflow/.local/lib/python3.7/site-packages/airflow/example_dags/example_branch_day_of_week_operator.py
[2024-07-23T20:31:34.508+0000] {processor.py:753} INFO - DAG(s) dict_keys(['example_weekday_branch_operator']) retrieved from /home/airflow/.local/lib/python3.7/site-packages/airflow/example_dags/example_branch_day_of_week_operator.py
[2024-07-23T20:31:34.522+0000] {logging_mixin.py:137} INFO - [2024-07-23T20:31:34.522+0000] {dag.py:2690} INFO - Sync 1 DAGs
[2024-07-23T20:31:34.536+0000] {logging_mixin.py:137} INFO - [2024-07-23T20:31:34.536+0000] {dag.py:3441} INFO - Setting next_dagrun for example_weekday_branch_operator to 2024-07-22T00:00:00+00:00, run_after=2024-07-23T00:00:00+00:00
[2024-07-23T20:31:34.547+0000] {processor.py:175} INFO - Processing /home/airflow/.local/lib/python3.7/site-packages/airflow/example_dags/example_branch_day_of_week_operator.py took 0.049 seconds
[2024-07-23T20:32:05.244+0000] {processor.py:153} INFO - Started process (PID=324) to work on /home/airflow/.local/lib/python3.7/site-packages/airflow/example_dags/example_branch_day_of_week_operator.py
[2024-07-23T20:32:05.246+0000] {processor.py:743} INFO - Processing file /home/airflow/.local/lib/python3.7/site-packages/airflow/example_dags/example_branch_day_of_week_operator.py for tasks to queue
[2024-07-23T20:32:05.246+0000] {logging_mixin.py:137} INFO - [2024-07-23T20:32:05.246+0000] {dagbag.py:538} INFO - Filling up the DagBag from /home/airflow/.local/lib/python3.7/site-packages/airflow/example_dags/example_branch_day_of_week_operator.py
[2024-07-23T20:32:05.253+0000] {processor.py:753} INFO - DAG(s) dict_keys(['example_weekday_branch_operator']) retrieved from /home/airflow/.local/lib/python3.7/site-packages/airflow/example_dags/example_branch_day_of_week_operator.py
[2024-07-23T20:32:05.266+0000] {logging_mixin.py:137} INFO - [2024-07-23T20:32:05.266+0000] {dag.py:2690} INFO - Sync 1 DAGs
[2024-07-23T20:32:05.279+0000] {logging_mixin.py:137} INFO - [2024-07-23T20:32:05.279+0000] {dag.py:3441} INFO - Setting next_dagrun for example_weekday_branch_operator to 2024-07-22T00:00:00+00:00, run_after=2024-07-23T00:00:00+00:00
[2024-07-23T20:32:05.289+0000] {processor.py:175} INFO - Processing /home/airflow/.local/lib/python3.7/site-packages/airflow/example_dags/example_branch_day_of_week_operator.py took 0.047 seconds
[2024-07-23T20:32:35.868+0000] {processor.py:153} INFO - Started process (PID=395) to work on /home/airflow/.local/lib/python3.7/site-packages/airflow/example_dags/example_branch_day_of_week_operator.py
[2024-07-23T20:32:35.870+0000] {processor.py:743} INFO - Processing file /home/airflow/.local/lib/python3.7/site-packages/airflow/example_dags/example_branch_day_of_week_operator.py for tasks to queue
[2024-07-23T20:32:35.870+0000] {logging_mixin.py:137} INFO - [2024-07-23T20:32:35.870+0000] {dagbag.py:538} INFO - Filling up the DagBag from /home/airflow/.local/lib/python3.7/site-packages/airflow/example_dags/example_branch_day_of_week_operator.py
[2024-07-23T20:32:35.879+0000] {processor.py:753} INFO - DAG(s) dict_keys(['example_weekday_branch_operator']) retrieved from /home/airflow/.local/lib/python3.7/site-packages/airflow/example_dags/example_branch_day_of_week_operator.py
[2024-07-23T20:32:35.891+0000] {logging_mixin.py:137} INFO - [2024-07-23T20:32:35.891+0000] {dag.py:2690} INFO - Sync 1 DAGs
[2024-07-23T20:32:35.906+0000] {logging_mixin.py:137} INFO - [2024-07-23T20:32:35.906+0000] {dag.py:3441} INFO - Setting next_dagrun for example_weekday_branch_operator to 2024-07-22T00:00:00+00:00, run_after=2024-07-23T00:00:00+00:00
[2024-07-23T20:32:35.919+0000] {processor.py:175} INFO - Processing /home/airflow/.local/lib/python3.7/site-packages/airflow/example_dags/example_branch_day_of_week_operator.py took 0.053 seconds
[2024-07-23T20:33:06.588+0000] {processor.py:153} INFO - Started process (PID=481) to work on /home/airflow/.local/lib/python3.7/site-packages/airflow/example_dags/example_branch_day_of_week_operator.py
[2024-07-23T20:33:06.589+0000] {processor.py:743} INFO - Processing file /home/airflow/.local/lib/python3.7/site-packages/airflow/example_dags/example_branch_day_of_week_operator.py for tasks to queue
[2024-07-23T20:33:06.591+0000] {logging_mixin.py:137} INFO - [2024-07-23T20:33:06.591+0000] {dagbag.py:538} INFO - Filling up the DagBag from /home/airflow/.local/lib/python3.7/site-packages/airflow/example_dags/example_branch_day_of_week_operator.py
[2024-07-23T20:33:06.598+0000] {processor.py:753} INFO - DAG(s) dict_keys(['example_weekday_branch_operator']) retrieved from /home/airflow/.local/lib/python3.7/site-packages/airflow/example_dags/example_branch_day_of_week_operator.py
[2024-07-23T20:33:06.614+0000] {logging_mixin.py:137} INFO - [2024-07-23T20:33:06.614+0000] {dag.py:2690} INFO - Sync 1 DAGs
[2024-07-23T20:33:06.627+0000] {logging_mixin.py:137} INFO - [2024-07-23T20:33:06.627+0000] {dag.py:3441} INFO - Setting next_dagrun for example_weekday_branch_operator to 2024-07-22T00:00:00+00:00, run_after=2024-07-23T00:00:00+00:00
[2024-07-23T20:33:06.639+0000] {processor.py:175} INFO - Processing /home/airflow/.local/lib/python3.7/site-packages/airflow/example_dags/example_branch_day_of_week_operator.py took 0.052 seconds
[2024-07-23T20:33:37.213+0000] {processor.py:153} INFO - Started process (PID=568) to work on /home/airflow/.local/lib/python3.7/site-packages/airflow/example_dags/example_branch_day_of_week_operator.py
[2024-07-23T20:33:37.213+0000] {processor.py:743} INFO - Processing file /home/airflow/.local/lib/python3.7/site-packages/airflow/example_dags/example_branch_day_of_week_operator.py for tasks to queue
[2024-07-23T20:33:37.215+0000] {logging_mixin.py:137} INFO - [2024-07-23T20:33:37.215+0000] {dagbag.py:538} INFO - Filling up the DagBag from /home/airflow/.local/lib/python3.7/site-packages/airflow/example_dags/example_branch_day_of_week_operator.py
[2024-07-23T20:33:37.223+0000] {processor.py:753} INFO - DAG(s) dict_keys(['example_weekday_branch_operator']) retrieved from /home/airflow/.local/lib/python3.7/site-packages/airflow/example_dags/example_branch_day_of_week_operator.py
[2024-07-23T20:33:37.234+0000] {logging_mixin.py:137} INFO - [2024-07-23T20:33:37.234+0000] {dag.py:2690} INFO - Sync 1 DAGs
[2024-07-23T20:33:37.246+0000] {logging_mixin.py:137} INFO - [2024-07-23T20:33:37.246+0000] {dag.py:3441} INFO - Setting next_dagrun for example_weekday_branch_operator to 2024-07-22T00:00:00+00:00, run_after=2024-07-23T00:00:00+00:00
[2024-07-23T20:33:37.259+0000] {processor.py:175} INFO - Processing /home/airflow/.local/lib/python3.7/site-packages/airflow/example_dags/example_branch_day_of_week_operator.py took 0.048 seconds
[2024-07-23T20:34:07.934+0000] {processor.py:153} INFO - Started process (PID=655) to work on /home/airflow/.local/lib/python3.7/site-packages/airflow/example_dags/example_branch_day_of_week_operator.py
[2024-07-23T20:34:07.935+0000] {processor.py:743} INFO - Processing file /home/airflow/.local/lib/python3.7/site-packages/airflow/example_dags/example_branch_day_of_week_operator.py for tasks to queue
[2024-07-23T20:34:07.936+0000] {logging_mixin.py:137} INFO - [2024-07-23T20:34:07.936+0000] {dagbag.py:538} INFO - Filling up the DagBag from /home/airflow/.local/lib/python3.7/site-packages/airflow/example_dags/example_branch_day_of_week_operator.py
[2024-07-23T20:34:07.944+0000] {processor.py:753} INFO - DAG(s) dict_keys(['example_weekday_branch_operator']) retrieved from /home/airflow/.local/lib/python3.7/site-packages/airflow/example_dags/example_branch_day_of_week_operator.py
[2024-07-23T20:34:07.959+0000] {logging_mixin.py:137} INFO - [2024-07-23T20:34:07.959+0000] {dag.py:2690} INFO - Sync 1 DAGs
[2024-07-23T20:34:07.972+0000] {logging_mixin.py:137} INFO - [2024-07-23T20:34:07.972+0000] {dag.py:3441} INFO - Setting next_dagrun for example_weekday_branch_operator to 2024-07-22T00:00:00+00:00, run_after=2024-07-23T00:00:00+00:00
[2024-07-23T20:34:07.983+0000] {processor.py:175} INFO - Processing /home/airflow/.local/lib/python3.7/site-packages/airflow/example_dags/example_branch_day_of_week_operator.py took 0.051 seconds
[2024-07-23T20:34:38.484+0000] {processor.py:153} INFO - Started process (PID=726) to work on /home/airflow/.local/lib/python3.7/site-packages/airflow/example_dags/example_branch_day_of_week_operator.py
[2024-07-23T20:34:38.484+0000] {processor.py:743} INFO - Processing file /home/airflow/.local/lib/python3.7/site-packages/airflow/example_dags/example_branch_day_of_week_operator.py for tasks to queue
[2024-07-23T20:34:38.486+0000] {logging_mixin.py:137} INFO - [2024-07-23T20:34:38.486+0000] {dagbag.py:538} INFO - Filling up the DagBag from /home/airflow/.local/lib/python3.7/site-packages/airflow/example_dags/example_branch_day_of_week_operator.py
[2024-07-23T20:34:38.493+0000] {processor.py:753} INFO - DAG(s) dict_keys(['example_weekday_branch_operator']) retrieved from /home/airflow/.local/lib/python3.7/site-packages/airflow/example_dags/example_branch_day_of_week_operator.py
[2024-07-23T20:34:38.514+0000] {logging_mixin.py:137} INFO - [2024-07-23T20:34:38.514+0000] {dag.py:2690} INFO - Sync 1 DAGs
[2024-07-23T20:34:38.526+0000] {logging_mixin.py:137} INFO - [2024-07-23T20:34:38.526+0000] {dag.py:3441} INFO - Setting next_dagrun for example_weekday_branch_operator to 2024-07-22T00:00:00+00:00, run_after=2024-07-23T00:00:00+00:00
[2024-07-23T20:34:38.534+0000] {processor.py:175} INFO - Processing /home/airflow/.local/lib/python3.7/site-packages/airflow/example_dags/example_branch_day_of_week_operator.py took 0.052 seconds
[2024-07-23T20:35:09.056+0000] {processor.py:153} INFO - Started process (PID=813) to work on /home/airflow/.local/lib/python3.7/site-packages/airflow/example_dags/example_branch_day_of_week_operator.py
[2024-07-23T20:35:09.059+0000] {processor.py:743} INFO - Processing file /home/airflow/.local/lib/python3.7/site-packages/airflow/example_dags/example_branch_day_of_week_operator.py for tasks to queue
[2024-07-23T20:35:09.060+0000] {logging_mixin.py:137} INFO - [2024-07-23T20:35:09.060+0000] {dagbag.py:538} INFO - Filling up the DagBag from /home/airflow/.local/lib/python3.7/site-packages/airflow/example_dags/example_branch_day_of_week_operator.py
[2024-07-23T20:35:09.073+0000] {processor.py:753} INFO - DAG(s) dict_keys(['example_weekday_branch_operator']) retrieved from /home/airflow/.local/lib/python3.7/site-packages/airflow/example_dags/example_branch_day_of_week_operator.py
[2024-07-23T20:35:09.090+0000] {logging_mixin.py:137} INFO - [2024-07-23T20:35:09.090+0000] {dag.py:2690} INFO - Sync 1 DAGs
[2024-07-23T20:35:09.105+0000] {logging_mixin.py:137} INFO - [2024-07-23T20:35:09.105+0000] {dag.py:3441} INFO - Setting next_dagrun for example_weekday_branch_operator to 2024-07-22T00:00:00+00:00, run_after=2024-07-23T00:00:00+00:00
[2024-07-23T20:35:09.118+0000] {processor.py:175} INFO - Processing /home/airflow/.local/lib/python3.7/site-packages/airflow/example_dags/example_branch_day_of_week_operator.py took 0.064 seconds
[2024-07-23T20:35:39.614+0000] {processor.py:153} INFO - Started process (PID=900) to work on /home/airflow/.local/lib/python3.7/site-packages/airflow/example_dags/example_branch_day_of_week_operator.py
[2024-07-23T20:35:39.614+0000] {processor.py:743} INFO - Processing file /home/airflow/.local/lib/python3.7/site-packages/airflow/example_dags/example_branch_day_of_week_operator.py for tasks to queue
[2024-07-23T20:35:39.614+0000] {logging_mixin.py:137} INFO - [2024-07-23T20:35:39.614+0000] {dagbag.py:538} INFO - Filling up the DagBag from /home/airflow/.local/lib/python3.7/site-packages/airflow/example_dags/example_branch_day_of_week_operator.py
[2024-07-23T20:35:39.621+0000] {processor.py:753} INFO - DAG(s) dict_keys(['example_weekday_branch_operator']) retrieved from /home/airflow/.local/lib/python3.7/site-packages/airflow/example_dags/example_branch_day_of_week_operator.py
[2024-07-23T20:35:39.632+0000] {logging_mixin.py:137} INFO - [2024-07-23T20:35:39.632+0000] {dag.py:2690} INFO - Sync 1 DAGs
[2024-07-23T20:35:39.643+0000] {logging_mixin.py:137} INFO - [2024-07-23T20:35:39.643+0000] {dag.py:3441} INFO - Setting next_dagrun for example_weekday_branch_operator to 2024-07-22T00:00:00+00:00, run_after=2024-07-23T00:00:00+00:00
[2024-07-23T20:35:39.650+0000] {processor.py:175} INFO - Processing /home/airflow/.local/lib/python3.7/site-packages/airflow/example_dags/example_branch_day_of_week_operator.py took 0.038 seconds
[2024-07-23T20:36:10.196+0000] {processor.py:153} INFO - Started process (PID=980) to work on /home/airflow/.local/lib/python3.7/site-packages/airflow/example_dags/example_branch_day_of_week_operator.py
[2024-07-23T20:36:10.197+0000] {processor.py:743} INFO - Processing file /home/airflow/.local/lib/python3.7/site-packages/airflow/example_dags/example_branch_day_of_week_operator.py for tasks to queue
[2024-07-23T20:36:10.198+0000] {logging_mixin.py:137} INFO - [2024-07-23T20:36:10.198+0000] {dagbag.py:538} INFO - Filling up the DagBag from /home/airflow/.local/lib/python3.7/site-packages/airflow/example_dags/example_branch_day_of_week_operator.py
[2024-07-23T20:36:10.205+0000] {processor.py:753} INFO - DAG(s) dict_keys(['example_weekday_branch_operator']) retrieved from /home/airflow/.local/lib/python3.7/site-packages/airflow/example_dags/example_branch_day_of_week_operator.py
[2024-07-23T20:36:10.219+0000] {logging_mixin.py:137} INFO - [2024-07-23T20:36:10.219+0000] {dag.py:2690} INFO - Sync 1 DAGs
[2024-07-23T20:36:10.235+0000] {logging_mixin.py:137} INFO - [2024-07-23T20:36:10.235+0000] {dag.py:3441} INFO - Setting next_dagrun for example_weekday_branch_operator to 2024-07-22T00:00:00+00:00, run_after=2024-07-23T00:00:00+00:00
[2024-07-23T20:36:10.249+0000] {processor.py:175} INFO - Processing /home/airflow/.local/lib/python3.7/site-packages/airflow/example_dags/example_branch_day_of_week_operator.py took 0.055 seconds
