[2024-07-23T20:30:31.939+0000] {processor.py:153} INFO - Started process (PID=60) to work on /home/airflow/.local/lib/python3.7/site-packages/airflow/example_dags/example_short_circuit_decorator.py
[2024-07-23T20:30:31.941+0000] {processor.py:743} INFO - Processing file /home/airflow/.local/lib/python3.7/site-packages/airflow/example_dags/example_short_circuit_decorator.py for tasks to queue
[2024-07-23T20:30:31.944+0000] {logging_mixin.py:137} INFO - [2024-07-23T20:30:31.944+0000] {dagbag.py:538} INFO - Filling up the DagBag from /home/airflow/.local/lib/python3.7/site-packages/airflow/example_dags/example_short_circuit_decorator.py
[2024-07-23T20:30:32.002+0000] {processor.py:753} INFO - DAG(s) dict_keys(['example_short_circuit_decorator']) retrieved from /home/airflow/.local/lib/python3.7/site-packages/airflow/example_dags/example_short_circuit_decorator.py
[2024-07-23T20:30:32.126+0000] {logging_mixin.py:137} INFO - [2024-07-23T20:30:32.126+0000] {manager.py:504} INFO - Created Permission View: can read on DAG:example_short_circuit_decorator
[2024-07-23T20:30:32.147+0000] {logging_mixin.py:137} INFO - [2024-07-23T20:30:32.147+0000] {manager.py:504} INFO - Created Permission View: can delete on DAG:example_short_circuit_decorator
[2024-07-23T20:30:32.153+0000] {logging_mixin.py:137} INFO - [2024-07-23T20:30:32.153+0000] {manager.py:504} INFO - Created Permission View: can edit on DAG:example_short_circuit_decorator
[2024-07-23T20:30:32.155+0000] {logging_mixin.py:137} INFO - [2024-07-23T20:30:32.154+0000] {dag.py:2690} INFO - Sync 1 DAGs
[2024-07-23T20:30:32.171+0000] {logging_mixin.py:137} INFO - [2024-07-23T20:30:32.171+0000] {dag.py:2711} INFO - Creating ORM DAG for example_short_circuit_decorator
[2024-07-23T20:30:32.186+0000] {logging_mixin.py:137} INFO - [2024-07-23T20:30:32.186+0000] {dag.py:3441} INFO - Setting next_dagrun for example_short_circuit_decorator to 2024-07-22T20:30:32.185838+00:00, run_after=2024-07-23T20:30:32.185838+00:00
[2024-07-23T20:30:32.207+0000] {processor.py:175} INFO - Processing /home/airflow/.local/lib/python3.7/site-packages/airflow/example_dags/example_short_circuit_decorator.py took 0.276 seconds
[2024-07-23T20:31:02.593+0000] {processor.py:153} INFO - Started process (PID=140) to work on /home/airflow/.local/lib/python3.7/site-packages/airflow/example_dags/example_short_circuit_decorator.py
[2024-07-23T20:31:02.594+0000] {processor.py:743} INFO - Processing file /home/airflow/.local/lib/python3.7/site-packages/airflow/example_dags/example_short_circuit_decorator.py for tasks to queue
[2024-07-23T20:31:02.594+0000] {logging_mixin.py:137} INFO - [2024-07-23T20:31:02.594+0000] {dagbag.py:538} INFO - Filling up the DagBag from /home/airflow/.local/lib/python3.7/site-packages/airflow/example_dags/example_short_circuit_decorator.py
[2024-07-23T20:31:02.607+0000] {processor.py:753} INFO - DAG(s) dict_keys(['example_short_circuit_decorator']) retrieved from /home/airflow/.local/lib/python3.7/site-packages/airflow/example_dags/example_short_circuit_decorator.py
[2024-07-23T20:31:02.621+0000] {logging_mixin.py:137} INFO - [2024-07-23T20:31:02.621+0000] {dag.py:2690} INFO - Sync 1 DAGs
[2024-07-23T20:31:02.633+0000] {logging_mixin.py:137} INFO - [2024-07-23T20:31:02.633+0000] {dag.py:3441} INFO - Setting next_dagrun for example_short_circuit_decorator to 2024-07-22T20:31:02.633464+00:00, run_after=2024-07-23T20:31:02.633464+00:00
[2024-07-23T20:31:02.644+0000] {processor.py:175} INFO - Processing /home/airflow/.local/lib/python3.7/site-packages/airflow/example_dags/example_short_circuit_decorator.py took 0.054 seconds
[2024-07-23T20:31:33.104+0000] {processor.py:153} INFO - Started process (PID=227) to work on /home/airflow/.local/lib/python3.7/site-packages/airflow/example_dags/example_short_circuit_decorator.py
[2024-07-23T20:31:33.104+0000] {processor.py:743} INFO - Processing file /home/airflow/.local/lib/python3.7/site-packages/airflow/example_dags/example_short_circuit_decorator.py for tasks to queue
[2024-07-23T20:31:33.105+0000] {logging_mixin.py:137} INFO - [2024-07-23T20:31:33.105+0000] {dagbag.py:538} INFO - Filling up the DagBag from /home/airflow/.local/lib/python3.7/site-packages/airflow/example_dags/example_short_circuit_decorator.py
[2024-07-23T20:31:33.117+0000] {processor.py:753} INFO - DAG(s) dict_keys(['example_short_circuit_decorator']) retrieved from /home/airflow/.local/lib/python3.7/site-packages/airflow/example_dags/example_short_circuit_decorator.py
[2024-07-23T20:31:33.128+0000] {logging_mixin.py:137} INFO - [2024-07-23T20:31:33.128+0000] {dag.py:2690} INFO - Sync 1 DAGs
[2024-07-23T20:31:33.141+0000] {logging_mixin.py:137} INFO - [2024-07-23T20:31:33.141+0000] {dag.py:3441} INFO - Setting next_dagrun for example_short_circuit_decorator to 2024-07-22T20:31:33.141636+00:00, run_after=2024-07-23T20:31:33.141636+00:00
[2024-07-23T20:31:33.154+0000] {processor.py:175} INFO - Processing /home/airflow/.local/lib/python3.7/site-packages/airflow/example_dags/example_short_circuit_decorator.py took 0.052 seconds
[2024-07-23T20:32:03.757+0000] {processor.py:153} INFO - Started process (PID=314) to work on /home/airflow/.local/lib/python3.7/site-packages/airflow/example_dags/example_short_circuit_decorator.py
[2024-07-23T20:32:03.761+0000] {processor.py:743} INFO - Processing file /home/airflow/.local/lib/python3.7/site-packages/airflow/example_dags/example_short_circuit_decorator.py for tasks to queue
[2024-07-23T20:32:03.762+0000] {logging_mixin.py:137} INFO - [2024-07-23T20:32:03.762+0000] {dagbag.py:538} INFO - Filling up the DagBag from /home/airflow/.local/lib/python3.7/site-packages/airflow/example_dags/example_short_circuit_decorator.py
[2024-07-23T20:32:03.779+0000] {processor.py:753} INFO - DAG(s) dict_keys(['example_short_circuit_decorator']) retrieved from /home/airflow/.local/lib/python3.7/site-packages/airflow/example_dags/example_short_circuit_decorator.py
[2024-07-23T20:32:03.808+0000] {logging_mixin.py:137} INFO - [2024-07-23T20:32:03.808+0000] {dag.py:2690} INFO - Sync 1 DAGs
[2024-07-23T20:32:03.827+0000] {logging_mixin.py:137} INFO - [2024-07-23T20:32:03.827+0000] {dag.py:3441} INFO - Setting next_dagrun for example_short_circuit_decorator to 2024-07-22T20:32:03.827294+00:00, run_after=2024-07-23T20:32:03.827294+00:00
[2024-07-23T20:32:03.838+0000] {processor.py:175} INFO - Processing /home/airflow/.local/lib/python3.7/site-packages/airflow/example_dags/example_short_circuit_decorator.py took 0.084 seconds
[2024-07-23T20:32:34.485+0000] {processor.py:153} INFO - Started process (PID=385) to work on /home/airflow/.local/lib/python3.7/site-packages/airflow/example_dags/example_short_circuit_decorator.py
[2024-07-23T20:32:34.488+0000] {processor.py:743} INFO - Processing file /home/airflow/.local/lib/python3.7/site-packages/airflow/example_dags/example_short_circuit_decorator.py for tasks to queue
[2024-07-23T20:32:34.489+0000] {logging_mixin.py:137} INFO - [2024-07-23T20:32:34.489+0000] {dagbag.py:538} INFO - Filling up the DagBag from /home/airflow/.local/lib/python3.7/site-packages/airflow/example_dags/example_short_circuit_decorator.py
[2024-07-23T20:32:34.505+0000] {processor.py:753} INFO - DAG(s) dict_keys(['example_short_circuit_decorator']) retrieved from /home/airflow/.local/lib/python3.7/site-packages/airflow/example_dags/example_short_circuit_decorator.py
[2024-07-23T20:32:34.523+0000] {logging_mixin.py:137} INFO - [2024-07-23T20:32:34.522+0000] {dag.py:2690} INFO - Sync 1 DAGs
[2024-07-23T20:32:34.539+0000] {logging_mixin.py:137} INFO - [2024-07-23T20:32:34.539+0000] {dag.py:3441} INFO - Setting next_dagrun for example_short_circuit_decorator to 2024-07-22T20:32:34.538883+00:00, run_after=2024-07-23T20:32:34.538883+00:00
[2024-07-23T20:32:34.549+0000] {processor.py:175} INFO - Processing /home/airflow/.local/lib/python3.7/site-packages/airflow/example_dags/example_short_circuit_decorator.py took 0.066 seconds
[2024-07-23T20:33:05.253+0000] {processor.py:153} INFO - Started process (PID=471) to work on /home/airflow/.local/lib/python3.7/site-packages/airflow/example_dags/example_short_circuit_decorator.py
[2024-07-23T20:33:05.254+0000] {processor.py:743} INFO - Processing file /home/airflow/.local/lib/python3.7/site-packages/airflow/example_dags/example_short_circuit_decorator.py for tasks to queue
[2024-07-23T20:33:05.254+0000] {logging_mixin.py:137} INFO - [2024-07-23T20:33:05.254+0000] {dagbag.py:538} INFO - Filling up the DagBag from /home/airflow/.local/lib/python3.7/site-packages/airflow/example_dags/example_short_circuit_decorator.py
[2024-07-23T20:33:05.269+0000] {processor.py:753} INFO - DAG(s) dict_keys(['example_short_circuit_decorator']) retrieved from /home/airflow/.local/lib/python3.7/site-packages/airflow/example_dags/example_short_circuit_decorator.py
[2024-07-23T20:33:05.282+0000] {logging_mixin.py:137} INFO - [2024-07-23T20:33:05.282+0000] {dag.py:2690} INFO - Sync 1 DAGs
[2024-07-23T20:33:05.294+0000] {logging_mixin.py:137} INFO - [2024-07-23T20:33:05.294+0000] {dag.py:3441} INFO - Setting next_dagrun for example_short_circuit_decorator to 2024-07-22T20:33:05.294779+00:00, run_after=2024-07-23T20:33:05.294779+00:00
[2024-07-23T20:33:05.306+0000] {processor.py:175} INFO - Processing /home/airflow/.local/lib/python3.7/site-packages/airflow/example_dags/example_short_circuit_decorator.py took 0.055 seconds
[2024-07-23T20:33:35.889+0000] {processor.py:153} INFO - Started process (PID=558) to work on /home/airflow/.local/lib/python3.7/site-packages/airflow/example_dags/example_short_circuit_decorator.py
[2024-07-23T20:33:35.890+0000] {processor.py:743} INFO - Processing file /home/airflow/.local/lib/python3.7/site-packages/airflow/example_dags/example_short_circuit_decorator.py for tasks to queue
[2024-07-23T20:33:35.890+0000] {logging_mixin.py:137} INFO - [2024-07-23T20:33:35.890+0000] {dagbag.py:538} INFO - Filling up the DagBag from /home/airflow/.local/lib/python3.7/site-packages/airflow/example_dags/example_short_circuit_decorator.py
[2024-07-23T20:33:35.904+0000] {processor.py:753} INFO - DAG(s) dict_keys(['example_short_circuit_decorator']) retrieved from /home/airflow/.local/lib/python3.7/site-packages/airflow/example_dags/example_short_circuit_decorator.py
[2024-07-23T20:33:35.918+0000] {logging_mixin.py:137} INFO - [2024-07-23T20:33:35.918+0000] {dag.py:2690} INFO - Sync 1 DAGs
[2024-07-23T20:33:35.932+0000] {logging_mixin.py:137} INFO - [2024-07-23T20:33:35.932+0000] {dag.py:3441} INFO - Setting next_dagrun for example_short_circuit_decorator to 2024-07-22T20:33:35.932458+00:00, run_after=2024-07-23T20:33:35.932458+00:00
[2024-07-23T20:33:35.944+0000] {processor.py:175} INFO - Processing /home/airflow/.local/lib/python3.7/site-packages/airflow/example_dags/example_short_circuit_decorator.py took 0.056 seconds
[2024-07-23T20:34:06.482+0000] {processor.py:153} INFO - Started process (PID=638) to work on /home/airflow/.local/lib/python3.7/site-packages/airflow/example_dags/example_short_circuit_decorator.py
[2024-07-23T20:34:06.482+0000] {processor.py:743} INFO - Processing file /home/airflow/.local/lib/python3.7/site-packages/airflow/example_dags/example_short_circuit_decorator.py for tasks to queue
[2024-07-23T20:34:06.486+0000] {logging_mixin.py:137} INFO - [2024-07-23T20:34:06.486+0000] {dagbag.py:538} INFO - Filling up the DagBag from /home/airflow/.local/lib/python3.7/site-packages/airflow/example_dags/example_short_circuit_decorator.py
[2024-07-23T20:34:06.508+0000] {processor.py:753} INFO - DAG(s) dict_keys(['example_short_circuit_decorator']) retrieved from /home/airflow/.local/lib/python3.7/site-packages/airflow/example_dags/example_short_circuit_decorator.py
[2024-07-23T20:34:06.534+0000] {logging_mixin.py:137} INFO - [2024-07-23T20:34:06.533+0000] {dag.py:2690} INFO - Sync 1 DAGs
[2024-07-23T20:34:06.548+0000] {logging_mixin.py:137} INFO - [2024-07-23T20:34:06.548+0000] {dag.py:3441} INFO - Setting next_dagrun for example_short_circuit_decorator to 2024-07-22T20:34:06.547681+00:00, run_after=2024-07-23T20:34:06.547681+00:00
[2024-07-23T20:34:06.565+0000] {processor.py:175} INFO - Processing /home/airflow/.local/lib/python3.7/site-packages/airflow/example_dags/example_short_circuit_decorator.py took 0.085 seconds
[2024-07-23T20:34:37.130+0000] {processor.py:153} INFO - Started process (PID=716) to work on /home/airflow/.local/lib/python3.7/site-packages/airflow/example_dags/example_short_circuit_decorator.py
[2024-07-23T20:34:37.132+0000] {processor.py:743} INFO - Processing file /home/airflow/.local/lib/python3.7/site-packages/airflow/example_dags/example_short_circuit_decorator.py for tasks to queue
[2024-07-23T20:34:37.136+0000] {logging_mixin.py:137} INFO - [2024-07-23T20:34:37.136+0000] {dagbag.py:538} INFO - Filling up the DagBag from /home/airflow/.local/lib/python3.7/site-packages/airflow/example_dags/example_short_circuit_decorator.py
[2024-07-23T20:34:37.148+0000] {processor.py:753} INFO - DAG(s) dict_keys(['example_short_circuit_decorator']) retrieved from /home/airflow/.local/lib/python3.7/site-packages/airflow/example_dags/example_short_circuit_decorator.py
[2024-07-23T20:34:37.163+0000] {logging_mixin.py:137} INFO - [2024-07-23T20:34:37.163+0000] {dag.py:2690} INFO - Sync 1 DAGs
[2024-07-23T20:34:37.175+0000] {logging_mixin.py:137} INFO - [2024-07-23T20:34:37.175+0000] {dag.py:3441} INFO - Setting next_dagrun for example_short_circuit_decorator to 2024-07-22T20:34:37.175052+00:00, run_after=2024-07-23T20:34:37.175052+00:00
[2024-07-23T20:34:37.190+0000] {processor.py:175} INFO - Processing /home/airflow/.local/lib/python3.7/site-packages/airflow/example_dags/example_short_circuit_decorator.py took 0.062 seconds
[2024-07-23T20:35:07.687+0000] {processor.py:153} INFO - Started process (PID=803) to work on /home/airflow/.local/lib/python3.7/site-packages/airflow/example_dags/example_short_circuit_decorator.py
[2024-07-23T20:35:07.687+0000] {processor.py:743} INFO - Processing file /home/airflow/.local/lib/python3.7/site-packages/airflow/example_dags/example_short_circuit_decorator.py for tasks to queue
[2024-07-23T20:35:07.688+0000] {logging_mixin.py:137} INFO - [2024-07-23T20:35:07.688+0000] {dagbag.py:538} INFO - Filling up the DagBag from /home/airflow/.local/lib/python3.7/site-packages/airflow/example_dags/example_short_circuit_decorator.py
[2024-07-23T20:35:07.700+0000] {processor.py:753} INFO - DAG(s) dict_keys(['example_short_circuit_decorator']) retrieved from /home/airflow/.local/lib/python3.7/site-packages/airflow/example_dags/example_short_circuit_decorator.py
[2024-07-23T20:35:07.716+0000] {logging_mixin.py:137} INFO - [2024-07-23T20:35:07.716+0000] {dag.py:2690} INFO - Sync 1 DAGs
[2024-07-23T20:35:07.732+0000] {logging_mixin.py:137} INFO - [2024-07-23T20:35:07.732+0000] {dag.py:3441} INFO - Setting next_dagrun for example_short_circuit_decorator to 2024-07-22T20:35:07.732017+00:00, run_after=2024-07-23T20:35:07.732017+00:00
[2024-07-23T20:35:07.743+0000] {processor.py:175} INFO - Processing /home/airflow/.local/lib/python3.7/site-packages/airflow/example_dags/example_short_circuit_decorator.py took 0.058 seconds
[2024-07-23T20:35:38.290+0000] {processor.py:153} INFO - Started process (PID=890) to work on /home/airflow/.local/lib/python3.7/site-packages/airflow/example_dags/example_short_circuit_decorator.py
[2024-07-23T20:35:38.292+0000] {processor.py:743} INFO - Processing file /home/airflow/.local/lib/python3.7/site-packages/airflow/example_dags/example_short_circuit_decorator.py for tasks to queue
[2024-07-23T20:35:38.294+0000] {logging_mixin.py:137} INFO - [2024-07-23T20:35:38.294+0000] {dagbag.py:538} INFO - Filling up the DagBag from /home/airflow/.local/lib/python3.7/site-packages/airflow/example_dags/example_short_circuit_decorator.py
[2024-07-23T20:35:38.305+0000] {processor.py:753} INFO - DAG(s) dict_keys(['example_short_circuit_decorator']) retrieved from /home/airflow/.local/lib/python3.7/site-packages/airflow/example_dags/example_short_circuit_decorator.py
[2024-07-23T20:35:38.317+0000] {logging_mixin.py:137} INFO - [2024-07-23T20:35:38.317+0000] {dag.py:2690} INFO - Sync 1 DAGs
[2024-07-23T20:35:38.328+0000] {logging_mixin.py:137} INFO - [2024-07-23T20:35:38.328+0000] {dag.py:3441} INFO - Setting next_dagrun for example_short_circuit_decorator to 2024-07-22T20:35:38.328029+00:00, run_after=2024-07-23T20:35:38.328029+00:00
[2024-07-23T20:35:38.337+0000] {processor.py:175} INFO - Processing /home/airflow/.local/lib/python3.7/site-packages/airflow/example_dags/example_short_circuit_decorator.py took 0.048 seconds
[2024-07-23T20:36:08.845+0000] {processor.py:153} INFO - Started process (PID=961) to work on /home/airflow/.local/lib/python3.7/site-packages/airflow/example_dags/example_short_circuit_decorator.py
[2024-07-23T20:36:08.846+0000] {processor.py:743} INFO - Processing file /home/airflow/.local/lib/python3.7/site-packages/airflow/example_dags/example_short_circuit_decorator.py for tasks to queue
[2024-07-23T20:36:08.849+0000] {logging_mixin.py:137} INFO - [2024-07-23T20:36:08.849+0000] {dagbag.py:538} INFO - Filling up the DagBag from /home/airflow/.local/lib/python3.7/site-packages/airflow/example_dags/example_short_circuit_decorator.py
[2024-07-23T20:36:08.862+0000] {processor.py:753} INFO - DAG(s) dict_keys(['example_short_circuit_decorator']) retrieved from /home/airflow/.local/lib/python3.7/site-packages/airflow/example_dags/example_short_circuit_decorator.py
[2024-07-23T20:36:08.874+0000] {logging_mixin.py:137} INFO - [2024-07-23T20:36:08.874+0000] {dag.py:2690} INFO - Sync 1 DAGs
[2024-07-23T20:36:08.885+0000] {logging_mixin.py:137} INFO - [2024-07-23T20:36:08.885+0000] {dag.py:3441} INFO - Setting next_dagrun for example_short_circuit_decorator to 2024-07-22T20:36:08.885341+00:00, run_after=2024-07-23T20:36:08.885341+00:00
[2024-07-23T20:36:08.895+0000] {processor.py:175} INFO - Processing /home/airflow/.local/lib/python3.7/site-packages/airflow/example_dags/example_short_circuit_decorator.py took 0.052 seconds
[2024-07-23T20:36:39.499+0000] {processor.py:153} INFO - Started process (PID=1048) to work on /home/airflow/.local/lib/python3.7/site-packages/airflow/example_dags/example_short_circuit_decorator.py
[2024-07-23T20:36:39.500+0000] {processor.py:743} INFO - Processing file /home/airflow/.local/lib/python3.7/site-packages/airflow/example_dags/example_short_circuit_decorator.py for tasks to queue
[2024-07-23T20:36:39.502+0000] {logging_mixin.py:137} INFO - [2024-07-23T20:36:39.502+0000] {dagbag.py:538} INFO - Filling up the DagBag from /home/airflow/.local/lib/python3.7/site-packages/airflow/example_dags/example_short_circuit_decorator.py
[2024-07-23T20:36:39.525+0000] {processor.py:753} INFO - DAG(s) dict_keys(['example_short_circuit_decorator']) retrieved from /home/airflow/.local/lib/python3.7/site-packages/airflow/example_dags/example_short_circuit_decorator.py
[2024-07-23T20:36:39.559+0000] {logging_mixin.py:137} INFO - [2024-07-23T20:36:39.559+0000] {dag.py:2690} INFO - Sync 1 DAGs
[2024-07-23T20:36:39.606+0000] {logging_mixin.py:137} INFO - [2024-07-23T20:36:39.606+0000] {dag.py:3441} INFO - Setting next_dagrun for example_short_circuit_decorator to 2024-07-22T20:36:39.606117+00:00, run_after=2024-07-23T20:36:39.606117+00:00
[2024-07-23T20:36:39.641+0000] {processor.py:175} INFO - Processing /home/airflow/.local/lib/python3.7/site-packages/airflow/example_dags/example_short_circuit_decorator.py took 0.145 seconds
