[2024-07-23T20:30:29.373+0000] {processor.py:153} INFO - Started process (PID=41) to work on /home/airflow/.local/lib/python3.7/site-packages/airflow/example_dags/example_short_circuit_operator.py
[2024-07-23T20:30:29.381+0000] {processor.py:743} INFO - Processing file /home/airflow/.local/lib/python3.7/site-packages/airflow/example_dags/example_short_circuit_operator.py for tasks to queue
[2024-07-23T20:30:29.382+0000] {logging_mixin.py:137} INFO - [2024-07-23T20:30:29.382+0000] {dagbag.py:538} INFO - Filling up the DagBag from /home/airflow/.local/lib/python3.7/site-packages/airflow/example_dags/example_short_circuit_operator.py
[2024-07-23T20:30:29.411+0000] {processor.py:753} INFO - DAG(s) dict_keys(['example_short_circuit_operator']) retrieved from /home/airflow/.local/lib/python3.7/site-packages/airflow/example_dags/example_short_circuit_operator.py
[2024-07-23T20:30:29.541+0000] {logging_mixin.py:137} INFO - [2024-07-23T20:30:29.541+0000] {manager.py:504} INFO - Created Permission View: can read on DAG:example_short_circuit_operator
[2024-07-23T20:30:29.548+0000] {logging_mixin.py:137} INFO - [2024-07-23T20:30:29.548+0000] {manager.py:504} INFO - Created Permission View: can delete on DAG:example_short_circuit_operator
[2024-07-23T20:30:29.553+0000] {logging_mixin.py:137} INFO - [2024-07-23T20:30:29.553+0000] {manager.py:504} INFO - Created Permission View: can edit on DAG:example_short_circuit_operator
[2024-07-23T20:30:29.553+0000] {logging_mixin.py:137} INFO - [2024-07-23T20:30:29.553+0000] {dag.py:2690} INFO - Sync 1 DAGs
[2024-07-23T20:30:29.569+0000] {logging_mixin.py:137} INFO - [2024-07-23T20:30:29.569+0000] {dag.py:2711} INFO - Creating ORM DAG for example_short_circuit_operator
[2024-07-23T20:30:29.590+0000] {logging_mixin.py:137} INFO - [2024-07-23T20:30:29.589+0000] {dag.py:3441} INFO - Setting next_dagrun for example_short_circuit_operator to 2024-07-22T20:30:29.589501+00:00, run_after=2024-07-23T20:30:29.589501+00:00
[2024-07-23T20:30:29.617+0000] {processor.py:175} INFO - Processing /home/airflow/.local/lib/python3.7/site-packages/airflow/example_dags/example_short_circuit_operator.py took 0.273 seconds
[2024-07-23T20:31:00.052+0000] {processor.py:153} INFO - Started process (PID=128) to work on /home/airflow/.local/lib/python3.7/site-packages/airflow/example_dags/example_short_circuit_operator.py
[2024-07-23T20:31:00.053+0000] {processor.py:743} INFO - Processing file /home/airflow/.local/lib/python3.7/site-packages/airflow/example_dags/example_short_circuit_operator.py for tasks to queue
[2024-07-23T20:31:00.054+0000] {logging_mixin.py:137} INFO - [2024-07-23T20:31:00.054+0000] {dagbag.py:538} INFO - Filling up the DagBag from /home/airflow/.local/lib/python3.7/site-packages/airflow/example_dags/example_short_circuit_operator.py
[2024-07-23T20:31:00.064+0000] {processor.py:753} INFO - DAG(s) dict_keys(['example_short_circuit_operator']) retrieved from /home/airflow/.local/lib/python3.7/site-packages/airflow/example_dags/example_short_circuit_operator.py
[2024-07-23T20:31:00.081+0000] {logging_mixin.py:137} INFO - [2024-07-23T20:31:00.081+0000] {dag.py:2690} INFO - Sync 1 DAGs
[2024-07-23T20:31:00.115+0000] {logging_mixin.py:137} INFO - [2024-07-23T20:31:00.115+0000] {dag.py:3441} INFO - Setting next_dagrun for example_short_circuit_operator to 2024-07-22T20:31:00.115359+00:00, run_after=2024-07-23T20:31:00.115359+00:00
[2024-07-23T20:31:00.150+0000] {processor.py:175} INFO - Processing /home/airflow/.local/lib/python3.7/site-packages/airflow/example_dags/example_short_circuit_operator.py took 0.099 seconds
[2024-07-23T20:31:30.715+0000] {processor.py:153} INFO - Started process (PID=215) to work on /home/airflow/.local/lib/python3.7/site-packages/airflow/example_dags/example_short_circuit_operator.py
[2024-07-23T20:31:30.718+0000] {processor.py:743} INFO - Processing file /home/airflow/.local/lib/python3.7/site-packages/airflow/example_dags/example_short_circuit_operator.py for tasks to queue
[2024-07-23T20:31:30.719+0000] {logging_mixin.py:137} INFO - [2024-07-23T20:31:30.719+0000] {dagbag.py:538} INFO - Filling up the DagBag from /home/airflow/.local/lib/python3.7/site-packages/airflow/example_dags/example_short_circuit_operator.py
[2024-07-23T20:31:30.728+0000] {processor.py:753} INFO - DAG(s) dict_keys(['example_short_circuit_operator']) retrieved from /home/airflow/.local/lib/python3.7/site-packages/airflow/example_dags/example_short_circuit_operator.py
[2024-07-23T20:31:30.748+0000] {logging_mixin.py:137} INFO - [2024-07-23T20:31:30.748+0000] {dag.py:2690} INFO - Sync 1 DAGs
[2024-07-23T20:31:30.764+0000] {logging_mixin.py:137} INFO - [2024-07-23T20:31:30.764+0000] {dag.py:3441} INFO - Setting next_dagrun for example_short_circuit_operator to 2024-07-22T20:31:30.764668+00:00, run_after=2024-07-23T20:31:30.764668+00:00
[2024-07-23T20:31:30.775+0000] {processor.py:175} INFO - Processing /home/airflow/.local/lib/python3.7/site-packages/airflow/example_dags/example_short_circuit_operator.py took 0.062 seconds
[2024-07-23T20:32:01.288+0000] {processor.py:153} INFO - Started process (PID=286) to work on /home/airflow/.local/lib/python3.7/site-packages/airflow/example_dags/example_short_circuit_operator.py
[2024-07-23T20:32:01.290+0000] {processor.py:743} INFO - Processing file /home/airflow/.local/lib/python3.7/site-packages/airflow/example_dags/example_short_circuit_operator.py for tasks to queue
[2024-07-23T20:32:01.292+0000] {logging_mixin.py:137} INFO - [2024-07-23T20:32:01.291+0000] {dagbag.py:538} INFO - Filling up the DagBag from /home/airflow/.local/lib/python3.7/site-packages/airflow/example_dags/example_short_circuit_operator.py
[2024-07-23T20:32:01.301+0000] {processor.py:753} INFO - DAG(s) dict_keys(['example_short_circuit_operator']) retrieved from /home/airflow/.local/lib/python3.7/site-packages/airflow/example_dags/example_short_circuit_operator.py
[2024-07-23T20:32:01.320+0000] {logging_mixin.py:137} INFO - [2024-07-23T20:32:01.320+0000] {dag.py:2690} INFO - Sync 1 DAGs
[2024-07-23T20:32:01.337+0000] {logging_mixin.py:137} INFO - [2024-07-23T20:32:01.337+0000] {dag.py:3441} INFO - Setting next_dagrun for example_short_circuit_operator to 2024-07-22T20:32:01.337269+00:00, run_after=2024-07-23T20:32:01.337269+00:00
[2024-07-23T20:32:01.349+0000] {processor.py:175} INFO - Processing /home/airflow/.local/lib/python3.7/site-packages/airflow/example_dags/example_short_circuit_operator.py took 0.063 seconds
[2024-07-23T20:32:32.108+0000] {processor.py:153} INFO - Started process (PID=373) to work on /home/airflow/.local/lib/python3.7/site-packages/airflow/example_dags/example_short_circuit_operator.py
[2024-07-23T20:32:32.109+0000] {processor.py:743} INFO - Processing file /home/airflow/.local/lib/python3.7/site-packages/airflow/example_dags/example_short_circuit_operator.py for tasks to queue
[2024-07-23T20:32:32.109+0000] {logging_mixin.py:137} INFO - [2024-07-23T20:32:32.109+0000] {dagbag.py:538} INFO - Filling up the DagBag from /home/airflow/.local/lib/python3.7/site-packages/airflow/example_dags/example_short_circuit_operator.py
[2024-07-23T20:32:32.117+0000] {processor.py:753} INFO - DAG(s) dict_keys(['example_short_circuit_operator']) retrieved from /home/airflow/.local/lib/python3.7/site-packages/airflow/example_dags/example_short_circuit_operator.py
[2024-07-23T20:32:32.128+0000] {logging_mixin.py:137} INFO - [2024-07-23T20:32:32.128+0000] {dag.py:2690} INFO - Sync 1 DAGs
[2024-07-23T20:32:32.138+0000] {logging_mixin.py:137} INFO - [2024-07-23T20:32:32.138+0000] {dag.py:3441} INFO - Setting next_dagrun for example_short_circuit_operator to 2024-07-22T20:32:32.138565+00:00, run_after=2024-07-23T20:32:32.138565+00:00
[2024-07-23T20:32:32.146+0000] {processor.py:175} INFO - Processing /home/airflow/.local/lib/python3.7/site-packages/airflow/example_dags/example_short_circuit_operator.py took 0.039 seconds
[2024-07-23T20:33:02.775+0000] {processor.py:153} INFO - Started process (PID=459) to work on /home/airflow/.local/lib/python3.7/site-packages/airflow/example_dags/example_short_circuit_operator.py
[2024-07-23T20:33:02.777+0000] {processor.py:743} INFO - Processing file /home/airflow/.local/lib/python3.7/site-packages/airflow/example_dags/example_short_circuit_operator.py for tasks to queue
[2024-07-23T20:33:02.778+0000] {logging_mixin.py:137} INFO - [2024-07-23T20:33:02.777+0000] {dagbag.py:538} INFO - Filling up the DagBag from /home/airflow/.local/lib/python3.7/site-packages/airflow/example_dags/example_short_circuit_operator.py
[2024-07-23T20:33:02.790+0000] {processor.py:753} INFO - DAG(s) dict_keys(['example_short_circuit_operator']) retrieved from /home/airflow/.local/lib/python3.7/site-packages/airflow/example_dags/example_short_circuit_operator.py
[2024-07-23T20:33:02.805+0000] {logging_mixin.py:137} INFO - [2024-07-23T20:33:02.805+0000] {dag.py:2690} INFO - Sync 1 DAGs
[2024-07-23T20:33:02.818+0000] {logging_mixin.py:137} INFO - [2024-07-23T20:33:02.818+0000] {dag.py:3441} INFO - Setting next_dagrun for example_short_circuit_operator to 2024-07-22T20:33:02.817960+00:00, run_after=2024-07-23T20:33:02.817960+00:00
[2024-07-23T20:33:02.831+0000] {processor.py:175} INFO - Processing /home/airflow/.local/lib/python3.7/site-packages/airflow/example_dags/example_short_circuit_operator.py took 0.059 seconds
[2024-07-23T20:33:33.432+0000] {processor.py:153} INFO - Started process (PID=546) to work on /home/airflow/.local/lib/python3.7/site-packages/airflow/example_dags/example_short_circuit_operator.py
[2024-07-23T20:33:33.433+0000] {processor.py:743} INFO - Processing file /home/airflow/.local/lib/python3.7/site-packages/airflow/example_dags/example_short_circuit_operator.py for tasks to queue
[2024-07-23T20:33:33.433+0000] {logging_mixin.py:137} INFO - [2024-07-23T20:33:33.433+0000] {dagbag.py:538} INFO - Filling up the DagBag from /home/airflow/.local/lib/python3.7/site-packages/airflow/example_dags/example_short_circuit_operator.py
[2024-07-23T20:33:33.444+0000] {processor.py:753} INFO - DAG(s) dict_keys(['example_short_circuit_operator']) retrieved from /home/airflow/.local/lib/python3.7/site-packages/airflow/example_dags/example_short_circuit_operator.py
[2024-07-23T20:33:33.467+0000] {logging_mixin.py:137} INFO - [2024-07-23T20:33:33.467+0000] {dag.py:2690} INFO - Sync 1 DAGs
[2024-07-23T20:33:33.484+0000] {logging_mixin.py:137} INFO - [2024-07-23T20:33:33.484+0000] {dag.py:3441} INFO - Setting next_dagrun for example_short_circuit_operator to 2024-07-22T20:33:33.484344+00:00, run_after=2024-07-23T20:33:33.484344+00:00
[2024-07-23T20:33:33.501+0000] {processor.py:175} INFO - Processing /home/airflow/.local/lib/python3.7/site-packages/airflow/example_dags/example_short_circuit_operator.py took 0.072 seconds
[2024-07-23T20:34:03.996+0000] {processor.py:153} INFO - Started process (PID=617) to work on /home/airflow/.local/lib/python3.7/site-packages/airflow/example_dags/example_short_circuit_operator.py
[2024-07-23T20:34:03.999+0000] {processor.py:743} INFO - Processing file /home/airflow/.local/lib/python3.7/site-packages/airflow/example_dags/example_short_circuit_operator.py for tasks to queue
[2024-07-23T20:34:04.000+0000] {logging_mixin.py:137} INFO - [2024-07-23T20:34:04.000+0000] {dagbag.py:538} INFO - Filling up the DagBag from /home/airflow/.local/lib/python3.7/site-packages/airflow/example_dags/example_short_circuit_operator.py
[2024-07-23T20:34:04.008+0000] {processor.py:753} INFO - DAG(s) dict_keys(['example_short_circuit_operator']) retrieved from /home/airflow/.local/lib/python3.7/site-packages/airflow/example_dags/example_short_circuit_operator.py
[2024-07-23T20:34:04.022+0000] {logging_mixin.py:137} INFO - [2024-07-23T20:34:04.021+0000] {dag.py:2690} INFO - Sync 1 DAGs
[2024-07-23T20:34:04.037+0000] {logging_mixin.py:137} INFO - [2024-07-23T20:34:04.037+0000] {dag.py:3441} INFO - Setting next_dagrun for example_short_circuit_operator to 2024-07-22T20:34:04.037453+00:00, run_after=2024-07-23T20:34:04.037453+00:00
[2024-07-23T20:34:04.048+0000] {processor.py:175} INFO - Processing /home/airflow/.local/lib/python3.7/site-packages/airflow/example_dags/example_short_circuit_operator.py took 0.054 seconds
[2024-07-23T20:34:34.712+0000] {processor.py:153} INFO - Started process (PID=704) to work on /home/airflow/.local/lib/python3.7/site-packages/airflow/example_dags/example_short_circuit_operator.py
[2024-07-23T20:34:34.713+0000] {processor.py:743} INFO - Processing file /home/airflow/.local/lib/python3.7/site-packages/airflow/example_dags/example_short_circuit_operator.py for tasks to queue
[2024-07-23T20:34:34.713+0000] {logging_mixin.py:137} INFO - [2024-07-23T20:34:34.713+0000] {dagbag.py:538} INFO - Filling up the DagBag from /home/airflow/.local/lib/python3.7/site-packages/airflow/example_dags/example_short_circuit_operator.py
[2024-07-23T20:34:34.723+0000] {processor.py:753} INFO - DAG(s) dict_keys(['example_short_circuit_operator']) retrieved from /home/airflow/.local/lib/python3.7/site-packages/airflow/example_dags/example_short_circuit_operator.py
[2024-07-23T20:34:34.738+0000] {logging_mixin.py:137} INFO - [2024-07-23T20:34:34.737+0000] {dag.py:2690} INFO - Sync 1 DAGs
[2024-07-23T20:34:34.753+0000] {logging_mixin.py:137} INFO - [2024-07-23T20:34:34.753+0000] {dag.py:3441} INFO - Setting next_dagrun for example_short_circuit_operator to 2024-07-22T20:34:34.753579+00:00, run_after=2024-07-23T20:34:34.753579+00:00
[2024-07-23T20:34:34.766+0000] {processor.py:175} INFO - Processing /home/airflow/.local/lib/python3.7/site-packages/airflow/example_dags/example_short_circuit_operator.py took 0.055 seconds
[2024-07-23T20:35:05.312+0000] {processor.py:153} INFO - Started process (PID=791) to work on /home/airflow/.local/lib/python3.7/site-packages/airflow/example_dags/example_short_circuit_operator.py
[2024-07-23T20:35:05.313+0000] {processor.py:743} INFO - Processing file /home/airflow/.local/lib/python3.7/site-packages/airflow/example_dags/example_short_circuit_operator.py for tasks to queue
[2024-07-23T20:35:05.313+0000] {logging_mixin.py:137} INFO - [2024-07-23T20:35:05.313+0000] {dagbag.py:538} INFO - Filling up the DagBag from /home/airflow/.local/lib/python3.7/site-packages/airflow/example_dags/example_short_circuit_operator.py
[2024-07-23T20:35:05.321+0000] {processor.py:753} INFO - DAG(s) dict_keys(['example_short_circuit_operator']) retrieved from /home/airflow/.local/lib/python3.7/site-packages/airflow/example_dags/example_short_circuit_operator.py
[2024-07-23T20:35:05.333+0000] {logging_mixin.py:137} INFO - [2024-07-23T20:35:05.333+0000] {dag.py:2690} INFO - Sync 1 DAGs
[2024-07-23T20:35:05.344+0000] {logging_mixin.py:137} INFO - [2024-07-23T20:35:05.344+0000] {dag.py:3441} INFO - Setting next_dagrun for example_short_circuit_operator to 2024-07-22T20:35:05.344308+00:00, run_after=2024-07-23T20:35:05.344308+00:00
[2024-07-23T20:35:05.352+0000] {processor.py:175} INFO - Processing /home/airflow/.local/lib/python3.7/site-packages/airflow/example_dags/example_short_circuit_operator.py took 0.041 seconds
[2024-07-23T20:35:35.940+0000] {processor.py:153} INFO - Started process (PID=869) to work on /home/airflow/.local/lib/python3.7/site-packages/airflow/example_dags/example_short_circuit_operator.py
[2024-07-23T20:35:35.941+0000] {processor.py:743} INFO - Processing file /home/airflow/.local/lib/python3.7/site-packages/airflow/example_dags/example_short_circuit_operator.py for tasks to queue
[2024-07-23T20:35:35.941+0000] {logging_mixin.py:137} INFO - [2024-07-23T20:35:35.941+0000] {dagbag.py:538} INFO - Filling up the DagBag from /home/airflow/.local/lib/python3.7/site-packages/airflow/example_dags/example_short_circuit_operator.py
[2024-07-23T20:35:35.950+0000] {processor.py:753} INFO - DAG(s) dict_keys(['example_short_circuit_operator']) retrieved from /home/airflow/.local/lib/python3.7/site-packages/airflow/example_dags/example_short_circuit_operator.py
[2024-07-23T20:35:35.963+0000] {logging_mixin.py:137} INFO - [2024-07-23T20:35:35.963+0000] {dag.py:2690} INFO - Sync 1 DAGs
[2024-07-23T20:35:35.976+0000] {logging_mixin.py:137} INFO - [2024-07-23T20:35:35.976+0000] {dag.py:3441} INFO - Setting next_dagrun for example_short_circuit_operator to 2024-07-22T20:35:35.975875+00:00, run_after=2024-07-23T20:35:35.975875+00:00
[2024-07-23T20:35:35.986+0000] {processor.py:175} INFO - Processing /home/airflow/.local/lib/python3.7/site-packages/airflow/example_dags/example_short_circuit_operator.py took 0.048 seconds
[2024-07-23T20:36:06.497+0000] {processor.py:153} INFO - Started process (PID=949) to work on /home/airflow/.local/lib/python3.7/site-packages/airflow/example_dags/example_short_circuit_operator.py
[2024-07-23T20:36:06.498+0000] {processor.py:743} INFO - Processing file /home/airflow/.local/lib/python3.7/site-packages/airflow/example_dags/example_short_circuit_operator.py for tasks to queue
[2024-07-23T20:36:06.499+0000] {logging_mixin.py:137} INFO - [2024-07-23T20:36:06.498+0000] {dagbag.py:538} INFO - Filling up the DagBag from /home/airflow/.local/lib/python3.7/site-packages/airflow/example_dags/example_short_circuit_operator.py
[2024-07-23T20:36:06.508+0000] {processor.py:753} INFO - DAG(s) dict_keys(['example_short_circuit_operator']) retrieved from /home/airflow/.local/lib/python3.7/site-packages/airflow/example_dags/example_short_circuit_operator.py
[2024-07-23T20:36:06.521+0000] {logging_mixin.py:137} INFO - [2024-07-23T20:36:06.521+0000] {dag.py:2690} INFO - Sync 1 DAGs
[2024-07-23T20:36:06.534+0000] {logging_mixin.py:137} INFO - [2024-07-23T20:36:06.534+0000] {dag.py:3441} INFO - Setting next_dagrun for example_short_circuit_operator to 2024-07-22T20:36:06.534298+00:00, run_after=2024-07-23T20:36:06.534298+00:00
[2024-07-23T20:36:06.542+0000] {processor.py:175} INFO - Processing /home/airflow/.local/lib/python3.7/site-packages/airflow/example_dags/example_short_circuit_operator.py took 0.046 seconds
[2024-07-23T20:36:36.997+0000] {processor.py:153} INFO - Started process (PID=1036) to work on /home/airflow/.local/lib/python3.7/site-packages/airflow/example_dags/example_short_circuit_operator.py
[2024-07-23T20:36:36.998+0000] {processor.py:743} INFO - Processing file /home/airflow/.local/lib/python3.7/site-packages/airflow/example_dags/example_short_circuit_operator.py for tasks to queue
[2024-07-23T20:36:36.998+0000] {logging_mixin.py:137} INFO - [2024-07-23T20:36:36.998+0000] {dagbag.py:538} INFO - Filling up the DagBag from /home/airflow/.local/lib/python3.7/site-packages/airflow/example_dags/example_short_circuit_operator.py
[2024-07-23T20:36:37.007+0000] {processor.py:753} INFO - DAG(s) dict_keys(['example_short_circuit_operator']) retrieved from /home/airflow/.local/lib/python3.7/site-packages/airflow/example_dags/example_short_circuit_operator.py
[2024-07-23T20:36:37.019+0000] {logging_mixin.py:137} INFO - [2024-07-23T20:36:37.019+0000] {dag.py:2690} INFO - Sync 1 DAGs
[2024-07-23T20:36:37.030+0000] {logging_mixin.py:137} INFO - [2024-07-23T20:36:37.030+0000] {dag.py:3441} INFO - Setting next_dagrun for example_short_circuit_operator to 2024-07-22T20:36:37.030518+00:00, run_after=2024-07-23T20:36:37.030518+00:00
[2024-07-23T20:36:37.038+0000] {processor.py:175} INFO - Processing /home/airflow/.local/lib/python3.7/site-packages/airflow/example_dags/example_short_circuit_operator.py took 0.043 seconds
