[2024-07-23T20:30:33.536+0000] {processor.py:153} INFO - Started process (PID=80) to work on /home/airflow/.local/lib/python3.7/site-packages/airflow/example_dags/example_trigger_target_dag.py
[2024-07-23T20:30:33.538+0000] {processor.py:743} INFO - Processing file /home/airflow/.local/lib/python3.7/site-packages/airflow/example_dags/example_trigger_target_dag.py for tasks to queue
[2024-07-23T20:30:33.539+0000] {logging_mixin.py:137} INFO - [2024-07-23T20:30:33.539+0000] {dagbag.py:538} INFO - Filling up the DagBag from /home/airflow/.local/lib/python3.7/site-packages/airflow/example_dags/example_trigger_target_dag.py
[2024-07-23T20:30:33.564+0000] {processor.py:753} INFO - DAG(s) dict_keys(['example_trigger_target_dag']) retrieved from /home/airflow/.local/lib/python3.7/site-packages/airflow/example_dags/example_trigger_target_dag.py
[2024-07-23T20:30:33.693+0000] {logging_mixin.py:137} INFO - [2024-07-23T20:30:33.693+0000] {manager.py:504} INFO - Created Permission View: can read on DAG:example_trigger_target_dag
[2024-07-23T20:30:33.718+0000] {logging_mixin.py:137} INFO - [2024-07-23T20:30:33.718+0000] {manager.py:504} INFO - Created Permission View: can delete on DAG:example_trigger_target_dag
[2024-07-23T20:30:33.739+0000] {logging_mixin.py:137} INFO - [2024-07-23T20:30:33.739+0000] {manager.py:504} INFO - Created Permission View: can edit on DAG:example_trigger_target_dag
[2024-07-23T20:30:33.740+0000] {logging_mixin.py:137} INFO - [2024-07-23T20:30:33.740+0000] {dag.py:2690} INFO - Sync 1 DAGs
[2024-07-23T20:30:33.764+0000] {logging_mixin.py:137} INFO - [2024-07-23T20:30:33.763+0000] {dag.py:2711} INFO - Creating ORM DAG for example_trigger_target_dag
[2024-07-23T20:30:33.775+0000] {logging_mixin.py:137} INFO - [2024-07-23T20:30:33.775+0000] {dag.py:3441} INFO - Setting next_dagrun for example_trigger_target_dag to None, run_after=None
[2024-07-23T20:30:33.800+0000] {processor.py:175} INFO - Processing /home/airflow/.local/lib/python3.7/site-packages/airflow/example_dags/example_trigger_target_dag.py took 0.268 seconds
[2024-07-23T20:31:04.003+0000] {processor.py:153} INFO - Started process (PID=151) to work on /home/airflow/.local/lib/python3.7/site-packages/airflow/example_dags/example_trigger_target_dag.py
[2024-07-23T20:31:04.004+0000] {processor.py:743} INFO - Processing file /home/airflow/.local/lib/python3.7/site-packages/airflow/example_dags/example_trigger_target_dag.py for tasks to queue
[2024-07-23T20:31:04.004+0000] {logging_mixin.py:137} INFO - [2024-07-23T20:31:04.004+0000] {dagbag.py:538} INFO - Filling up the DagBag from /home/airflow/.local/lib/python3.7/site-packages/airflow/example_dags/example_trigger_target_dag.py
[2024-07-23T20:31:04.015+0000] {processor.py:753} INFO - DAG(s) dict_keys(['example_trigger_target_dag']) retrieved from /home/airflow/.local/lib/python3.7/site-packages/airflow/example_dags/example_trigger_target_dag.py
[2024-07-23T20:31:04.026+0000] {logging_mixin.py:137} INFO - [2024-07-23T20:31:04.025+0000] {dag.py:2690} INFO - Sync 1 DAGs
[2024-07-23T20:31:04.036+0000] {logging_mixin.py:137} INFO - [2024-07-23T20:31:04.036+0000] {dag.py:3441} INFO - Setting next_dagrun for example_trigger_target_dag to None, run_after=None
[2024-07-23T20:31:04.044+0000] {processor.py:175} INFO - Processing /home/airflow/.local/lib/python3.7/site-packages/airflow/example_dags/example_trigger_target_dag.py took 0.042 seconds
[2024-07-23T20:31:34.506+0000] {processor.py:153} INFO - Started process (PID=238) to work on /home/airflow/.local/lib/python3.7/site-packages/airflow/example_dags/example_trigger_target_dag.py
[2024-07-23T20:31:34.508+0000] {processor.py:743} INFO - Processing file /home/airflow/.local/lib/python3.7/site-packages/airflow/example_dags/example_trigger_target_dag.py for tasks to queue
[2024-07-23T20:31:34.508+0000] {logging_mixin.py:137} INFO - [2024-07-23T20:31:34.508+0000] {dagbag.py:538} INFO - Filling up the DagBag from /home/airflow/.local/lib/python3.7/site-packages/airflow/example_dags/example_trigger_target_dag.py
[2024-07-23T20:31:34.520+0000] {processor.py:753} INFO - DAG(s) dict_keys(['example_trigger_target_dag']) retrieved from /home/airflow/.local/lib/python3.7/site-packages/airflow/example_dags/example_trigger_target_dag.py
[2024-07-23T20:31:34.533+0000] {logging_mixin.py:137} INFO - [2024-07-23T20:31:34.533+0000] {dag.py:2690} INFO - Sync 1 DAGs
[2024-07-23T20:31:34.544+0000] {logging_mixin.py:137} INFO - [2024-07-23T20:31:34.544+0000] {dag.py:3441} INFO - Setting next_dagrun for example_trigger_target_dag to None, run_after=None
[2024-07-23T20:31:34.552+0000] {processor.py:175} INFO - Processing /home/airflow/.local/lib/python3.7/site-packages/airflow/example_dags/example_trigger_target_dag.py took 0.048 seconds
[2024-07-23T20:32:05.298+0000] {processor.py:153} INFO - Started process (PID=325) to work on /home/airflow/.local/lib/python3.7/site-packages/airflow/example_dags/example_trigger_target_dag.py
[2024-07-23T20:32:05.299+0000] {processor.py:743} INFO - Processing file /home/airflow/.local/lib/python3.7/site-packages/airflow/example_dags/example_trigger_target_dag.py for tasks to queue
[2024-07-23T20:32:05.299+0000] {logging_mixin.py:137} INFO - [2024-07-23T20:32:05.299+0000] {dagbag.py:538} INFO - Filling up the DagBag from /home/airflow/.local/lib/python3.7/site-packages/airflow/example_dags/example_trigger_target_dag.py
[2024-07-23T20:32:05.309+0000] {processor.py:753} INFO - DAG(s) dict_keys(['example_trigger_target_dag']) retrieved from /home/airflow/.local/lib/python3.7/site-packages/airflow/example_dags/example_trigger_target_dag.py
[2024-07-23T20:32:05.321+0000] {logging_mixin.py:137} INFO - [2024-07-23T20:32:05.321+0000] {dag.py:2690} INFO - Sync 1 DAGs
[2024-07-23T20:32:05.332+0000] {logging_mixin.py:137} INFO - [2024-07-23T20:32:05.332+0000] {dag.py:3441} INFO - Setting next_dagrun for example_trigger_target_dag to None, run_after=None
[2024-07-23T20:32:05.340+0000] {processor.py:175} INFO - Processing /home/airflow/.local/lib/python3.7/site-packages/airflow/example_dags/example_trigger_target_dag.py took 0.044 seconds
[2024-07-23T20:32:35.925+0000] {processor.py:153} INFO - Started process (PID=396) to work on /home/airflow/.local/lib/python3.7/site-packages/airflow/example_dags/example_trigger_target_dag.py
[2024-07-23T20:32:35.926+0000] {processor.py:743} INFO - Processing file /home/airflow/.local/lib/python3.7/site-packages/airflow/example_dags/example_trigger_target_dag.py for tasks to queue
[2024-07-23T20:32:35.926+0000] {logging_mixin.py:137} INFO - [2024-07-23T20:32:35.926+0000] {dagbag.py:538} INFO - Filling up the DagBag from /home/airflow/.local/lib/python3.7/site-packages/airflow/example_dags/example_trigger_target_dag.py
[2024-07-23T20:32:35.938+0000] {processor.py:753} INFO - DAG(s) dict_keys(['example_trigger_target_dag']) retrieved from /home/airflow/.local/lib/python3.7/site-packages/airflow/example_dags/example_trigger_target_dag.py
[2024-07-23T20:32:35.956+0000] {logging_mixin.py:137} INFO - [2024-07-23T20:32:35.956+0000] {dag.py:2690} INFO - Sync 1 DAGs
[2024-07-23T20:32:35.970+0000] {logging_mixin.py:137} INFO - [2024-07-23T20:32:35.970+0000] {dag.py:3441} INFO - Setting next_dagrun for example_trigger_target_dag to None, run_after=None
[2024-07-23T20:32:35.979+0000] {processor.py:175} INFO - Processing /home/airflow/.local/lib/python3.7/site-packages/airflow/example_dags/example_trigger_target_dag.py took 0.055 seconds
[2024-07-23T20:33:06.645+0000] {processor.py:153} INFO - Started process (PID=482) to work on /home/airflow/.local/lib/python3.7/site-packages/airflow/example_dags/example_trigger_target_dag.py
[2024-07-23T20:33:06.646+0000] {processor.py:743} INFO - Processing file /home/airflow/.local/lib/python3.7/site-packages/airflow/example_dags/example_trigger_target_dag.py for tasks to queue
[2024-07-23T20:33:06.647+0000] {logging_mixin.py:137} INFO - [2024-07-23T20:33:06.646+0000] {dagbag.py:538} INFO - Filling up the DagBag from /home/airflow/.local/lib/python3.7/site-packages/airflow/example_dags/example_trigger_target_dag.py
[2024-07-23T20:33:06.657+0000] {processor.py:753} INFO - DAG(s) dict_keys(['example_trigger_target_dag']) retrieved from /home/airflow/.local/lib/python3.7/site-packages/airflow/example_dags/example_trigger_target_dag.py
[2024-07-23T20:33:06.671+0000] {logging_mixin.py:137} INFO - [2024-07-23T20:33:06.671+0000] {dag.py:2690} INFO - Sync 1 DAGs
[2024-07-23T20:33:06.684+0000] {logging_mixin.py:137} INFO - [2024-07-23T20:33:06.684+0000] {dag.py:3441} INFO - Setting next_dagrun for example_trigger_target_dag to None, run_after=None
[2024-07-23T20:33:06.693+0000] {processor.py:175} INFO - Processing /home/airflow/.local/lib/python3.7/site-packages/airflow/example_dags/example_trigger_target_dag.py took 0.049 seconds
[2024-07-23T20:33:37.267+0000] {processor.py:153} INFO - Started process (PID=569) to work on /home/airflow/.local/lib/python3.7/site-packages/airflow/example_dags/example_trigger_target_dag.py
[2024-07-23T20:33:37.267+0000] {processor.py:743} INFO - Processing file /home/airflow/.local/lib/python3.7/site-packages/airflow/example_dags/example_trigger_target_dag.py for tasks to queue
[2024-07-23T20:33:37.268+0000] {logging_mixin.py:137} INFO - [2024-07-23T20:33:37.268+0000] {dagbag.py:538} INFO - Filling up the DagBag from /home/airflow/.local/lib/python3.7/site-packages/airflow/example_dags/example_trigger_target_dag.py
[2024-07-23T20:33:37.277+0000] {processor.py:753} INFO - DAG(s) dict_keys(['example_trigger_target_dag']) retrieved from /home/airflow/.local/lib/python3.7/site-packages/airflow/example_dags/example_trigger_target_dag.py
[2024-07-23T20:33:37.289+0000] {logging_mixin.py:137} INFO - [2024-07-23T20:33:37.289+0000] {dag.py:2690} INFO - Sync 1 DAGs
[2024-07-23T20:33:37.299+0000] {logging_mixin.py:137} INFO - [2024-07-23T20:33:37.299+0000] {dag.py:3441} INFO - Setting next_dagrun for example_trigger_target_dag to None, run_after=None
[2024-07-23T20:33:37.306+0000] {processor.py:175} INFO - Processing /home/airflow/.local/lib/python3.7/site-packages/airflow/example_dags/example_trigger_target_dag.py took 0.041 seconds
[2024-07-23T20:34:07.934+0000] {processor.py:153} INFO - Started process (PID=656) to work on /home/airflow/.local/lib/python3.7/site-packages/airflow/example_dags/example_trigger_target_dag.py
[2024-07-23T20:34:07.935+0000] {processor.py:743} INFO - Processing file /home/airflow/.local/lib/python3.7/site-packages/airflow/example_dags/example_trigger_target_dag.py for tasks to queue
[2024-07-23T20:34:07.936+0000] {logging_mixin.py:137} INFO - [2024-07-23T20:34:07.936+0000] {dagbag.py:538} INFO - Filling up the DagBag from /home/airflow/.local/lib/python3.7/site-packages/airflow/example_dags/example_trigger_target_dag.py
[2024-07-23T20:34:07.946+0000] {processor.py:753} INFO - DAG(s) dict_keys(['example_trigger_target_dag']) retrieved from /home/airflow/.local/lib/python3.7/site-packages/airflow/example_dags/example_trigger_target_dag.py
[2024-07-23T20:34:07.959+0000] {logging_mixin.py:137} INFO - [2024-07-23T20:34:07.959+0000] {dag.py:2690} INFO - Sync 1 DAGs
[2024-07-23T20:34:07.974+0000] {logging_mixin.py:137} INFO - [2024-07-23T20:34:07.974+0000] {dag.py:3441} INFO - Setting next_dagrun for example_trigger_target_dag to None, run_after=None
[2024-07-23T20:34:07.983+0000] {processor.py:175} INFO - Processing /home/airflow/.local/lib/python3.7/site-packages/airflow/example_dags/example_trigger_target_dag.py took 0.051 seconds
[2024-07-23T20:34:38.539+0000] {processor.py:153} INFO - Started process (PID=727) to work on /home/airflow/.local/lib/python3.7/site-packages/airflow/example_dags/example_trigger_target_dag.py
[2024-07-23T20:34:38.539+0000] {processor.py:743} INFO - Processing file /home/airflow/.local/lib/python3.7/site-packages/airflow/example_dags/example_trigger_target_dag.py for tasks to queue
[2024-07-23T20:34:38.539+0000] {logging_mixin.py:137} INFO - [2024-07-23T20:34:38.539+0000] {dagbag.py:538} INFO - Filling up the DagBag from /home/airflow/.local/lib/python3.7/site-packages/airflow/example_dags/example_trigger_target_dag.py
[2024-07-23T20:34:38.549+0000] {processor.py:753} INFO - DAG(s) dict_keys(['example_trigger_target_dag']) retrieved from /home/airflow/.local/lib/python3.7/site-packages/airflow/example_dags/example_trigger_target_dag.py
[2024-07-23T20:34:38.568+0000] {logging_mixin.py:137} INFO - [2024-07-23T20:34:38.568+0000] {dag.py:2690} INFO - Sync 1 DAGs
[2024-07-23T20:34:38.584+0000] {logging_mixin.py:137} INFO - [2024-07-23T20:34:38.584+0000] {dag.py:3441} INFO - Setting next_dagrun for example_trigger_target_dag to None, run_after=None
[2024-07-23T20:34:38.599+0000] {processor.py:175} INFO - Processing /home/airflow/.local/lib/python3.7/site-packages/airflow/example_dags/example_trigger_target_dag.py took 0.062 seconds
[2024-07-23T20:35:09.129+0000] {processor.py:153} INFO - Started process (PID=814) to work on /home/airflow/.local/lib/python3.7/site-packages/airflow/example_dags/example_trigger_target_dag.py
[2024-07-23T20:35:09.130+0000] {processor.py:743} INFO - Processing file /home/airflow/.local/lib/python3.7/site-packages/airflow/example_dags/example_trigger_target_dag.py for tasks to queue
[2024-07-23T20:35:09.130+0000] {logging_mixin.py:137} INFO - [2024-07-23T20:35:09.130+0000] {dagbag.py:538} INFO - Filling up the DagBag from /home/airflow/.local/lib/python3.7/site-packages/airflow/example_dags/example_trigger_target_dag.py
[2024-07-23T20:35:09.143+0000] {processor.py:753} INFO - DAG(s) dict_keys(['example_trigger_target_dag']) retrieved from /home/airflow/.local/lib/python3.7/site-packages/airflow/example_dags/example_trigger_target_dag.py
[2024-07-23T20:35:09.158+0000] {logging_mixin.py:137} INFO - [2024-07-23T20:35:09.158+0000] {dag.py:2690} INFO - Sync 1 DAGs
[2024-07-23T20:35:09.172+0000] {logging_mixin.py:137} INFO - [2024-07-23T20:35:09.171+0000] {dag.py:3441} INFO - Setting next_dagrun for example_trigger_target_dag to None, run_after=None
[2024-07-23T20:35:09.181+0000] {processor.py:175} INFO - Processing /home/airflow/.local/lib/python3.7/site-packages/airflow/example_dags/example_trigger_target_dag.py took 0.054 seconds
[2024-07-23T20:35:39.658+0000] {processor.py:153} INFO - Started process (PID=901) to work on /home/airflow/.local/lib/python3.7/site-packages/airflow/example_dags/example_trigger_target_dag.py
[2024-07-23T20:35:39.659+0000] {processor.py:743} INFO - Processing file /home/airflow/.local/lib/python3.7/site-packages/airflow/example_dags/example_trigger_target_dag.py for tasks to queue
[2024-07-23T20:35:39.659+0000] {logging_mixin.py:137} INFO - [2024-07-23T20:35:39.659+0000] {dagbag.py:538} INFO - Filling up the DagBag from /home/airflow/.local/lib/python3.7/site-packages/airflow/example_dags/example_trigger_target_dag.py
[2024-07-23T20:35:39.669+0000] {processor.py:753} INFO - DAG(s) dict_keys(['example_trigger_target_dag']) retrieved from /home/airflow/.local/lib/python3.7/site-packages/airflow/example_dags/example_trigger_target_dag.py
[2024-07-23T20:35:39.681+0000] {logging_mixin.py:137} INFO - [2024-07-23T20:35:39.681+0000] {dag.py:2690} INFO - Sync 1 DAGs
[2024-07-23T20:35:39.692+0000] {logging_mixin.py:137} INFO - [2024-07-23T20:35:39.692+0000] {dag.py:3441} INFO - Setting next_dagrun for example_trigger_target_dag to None, run_after=None
[2024-07-23T20:35:39.699+0000] {processor.py:175} INFO - Processing /home/airflow/.local/lib/python3.7/site-packages/airflow/example_dags/example_trigger_target_dag.py took 0.042 seconds
[2024-07-23T20:36:10.258+0000] {processor.py:153} INFO - Started process (PID=981) to work on /home/airflow/.local/lib/python3.7/site-packages/airflow/example_dags/example_trigger_target_dag.py
[2024-07-23T20:36:10.259+0000] {processor.py:743} INFO - Processing file /home/airflow/.local/lib/python3.7/site-packages/airflow/example_dags/example_trigger_target_dag.py for tasks to queue
[2024-07-23T20:36:10.259+0000] {logging_mixin.py:137} INFO - [2024-07-23T20:36:10.259+0000] {dagbag.py:538} INFO - Filling up the DagBag from /home/airflow/.local/lib/python3.7/site-packages/airflow/example_dags/example_trigger_target_dag.py
[2024-07-23T20:36:10.270+0000] {processor.py:753} INFO - DAG(s) dict_keys(['example_trigger_target_dag']) retrieved from /home/airflow/.local/lib/python3.7/site-packages/airflow/example_dags/example_trigger_target_dag.py
[2024-07-23T20:36:10.284+0000] {logging_mixin.py:137} INFO - [2024-07-23T20:36:10.284+0000] {dag.py:2690} INFO - Sync 1 DAGs
[2024-07-23T20:36:10.295+0000] {logging_mixin.py:137} INFO - [2024-07-23T20:36:10.295+0000] {dag.py:3441} INFO - Setting next_dagrun for example_trigger_target_dag to None, run_after=None
[2024-07-23T20:36:10.304+0000] {processor.py:175} INFO - Processing /home/airflow/.local/lib/python3.7/site-packages/airflow/example_dags/example_trigger_target_dag.py took 0.047 seconds
