[2024-07-23T20:30:30.275+0000] {processor.py:153} INFO - Started process (PID=45) to work on /home/airflow/.local/lib/python3.7/site-packages/airflow/example_dags/example_sensors.py
[2024-07-23T20:30:30.278+0000] {processor.py:743} INFO - Processing file /home/airflow/.local/lib/python3.7/site-packages/airflow/example_dags/example_sensors.py for tasks to queue
[2024-07-23T20:30:30.280+0000] {logging_mixin.py:137} INFO - [2024-07-23T20:30:30.280+0000] {dagbag.py:538} INFO - Filling up the DagBag from /home/airflow/.local/lib/python3.7/site-packages/airflow/example_dags/example_sensors.py
[2024-07-23T20:30:30.372+0000] {processor.py:753} INFO - DAG(s) dict_keys(['example_sensors']) retrieved from /home/airflow/.local/lib/python3.7/site-packages/airflow/example_dags/example_sensors.py
[2024-07-23T20:30:30.643+0000] {logging_mixin.py:137} INFO - [2024-07-23T20:30:30.642+0000] {manager.py:504} INFO - Created Permission View: can read on DAG:example_sensors
[2024-07-23T20:30:30.673+0000] {logging_mixin.py:137} INFO - [2024-07-23T20:30:30.673+0000] {manager.py:504} INFO - Created Permission View: can delete on DAG:example_sensors
[2024-07-23T20:30:30.684+0000] {logging_mixin.py:137} INFO - [2024-07-23T20:30:30.683+0000] {manager.py:504} INFO - Created Permission View: can edit on DAG:example_sensors
[2024-07-23T20:30:30.685+0000] {logging_mixin.py:137} INFO - [2024-07-23T20:30:30.685+0000] {dag.py:2690} INFO - Sync 1 DAGs
[2024-07-23T20:30:30.719+0000] {logging_mixin.py:137} INFO - [2024-07-23T20:30:30.719+0000] {dag.py:2711} INFO - Creating ORM DAG for example_sensors
[2024-07-23T20:30:30.738+0000] {logging_mixin.py:137} INFO - [2024-07-23T20:30:30.738+0000] {dag.py:3441} INFO - Setting next_dagrun for example_sensors to None, run_after=None
[2024-07-23T20:30:30.768+0000] {processor.py:175} INFO - Processing /home/airflow/.local/lib/python3.7/site-packages/airflow/example_dags/example_sensors.py took 0.497 seconds
[2024-07-23T20:31:01.290+0000] {processor.py:153} INFO - Started process (PID=132) to work on /home/airflow/.local/lib/python3.7/site-packages/airflow/example_dags/example_sensors.py
[2024-07-23T20:31:01.292+0000] {processor.py:743} INFO - Processing file /home/airflow/.local/lib/python3.7/site-packages/airflow/example_dags/example_sensors.py for tasks to queue
[2024-07-23T20:31:01.293+0000] {logging_mixin.py:137} INFO - [2024-07-23T20:31:01.292+0000] {dagbag.py:538} INFO - Filling up the DagBag from /home/airflow/.local/lib/python3.7/site-packages/airflow/example_dags/example_sensors.py
[2024-07-23T20:31:01.313+0000] {processor.py:753} INFO - DAG(s) dict_keys(['example_sensors']) retrieved from /home/airflow/.local/lib/python3.7/site-packages/airflow/example_dags/example_sensors.py
[2024-07-23T20:31:01.332+0000] {logging_mixin.py:137} INFO - [2024-07-23T20:31:01.332+0000] {dag.py:2690} INFO - Sync 1 DAGs
[2024-07-23T20:31:01.347+0000] {logging_mixin.py:137} INFO - [2024-07-23T20:31:01.347+0000] {dag.py:3441} INFO - Setting next_dagrun for example_sensors to None, run_after=None
[2024-07-23T20:31:01.360+0000] {processor.py:175} INFO - Processing /home/airflow/.local/lib/python3.7/site-packages/airflow/example_dags/example_sensors.py took 0.073 seconds
[2024-07-23T20:31:31.873+0000] {processor.py:153} INFO - Started process (PID=219) to work on /home/airflow/.local/lib/python3.7/site-packages/airflow/example_dags/example_sensors.py
[2024-07-23T20:31:31.874+0000] {processor.py:743} INFO - Processing file /home/airflow/.local/lib/python3.7/site-packages/airflow/example_dags/example_sensors.py for tasks to queue
[2024-07-23T20:31:31.875+0000] {logging_mixin.py:137} INFO - [2024-07-23T20:31:31.875+0000] {dagbag.py:538} INFO - Filling up the DagBag from /home/airflow/.local/lib/python3.7/site-packages/airflow/example_dags/example_sensors.py
[2024-07-23T20:31:31.896+0000] {processor.py:753} INFO - DAG(s) dict_keys(['example_sensors']) retrieved from /home/airflow/.local/lib/python3.7/site-packages/airflow/example_dags/example_sensors.py
[2024-07-23T20:31:31.919+0000] {logging_mixin.py:137} INFO - [2024-07-23T20:31:31.919+0000] {dag.py:2690} INFO - Sync 1 DAGs
[2024-07-23T20:31:31.933+0000] {logging_mixin.py:137} INFO - [2024-07-23T20:31:31.933+0000] {dag.py:3441} INFO - Setting next_dagrun for example_sensors to None, run_after=None
[2024-07-23T20:31:31.944+0000] {processor.py:175} INFO - Processing /home/airflow/.local/lib/python3.7/site-packages/airflow/example_dags/example_sensors.py took 0.075 seconds
[2024-07-23T20:32:02.437+0000] {processor.py:153} INFO - Started process (PID=290) to work on /home/airflow/.local/lib/python3.7/site-packages/airflow/example_dags/example_sensors.py
[2024-07-23T20:32:02.438+0000] {processor.py:743} INFO - Processing file /home/airflow/.local/lib/python3.7/site-packages/airflow/example_dags/example_sensors.py for tasks to queue
[2024-07-23T20:32:02.438+0000] {logging_mixin.py:137} INFO - [2024-07-23T20:32:02.438+0000] {dagbag.py:538} INFO - Filling up the DagBag from /home/airflow/.local/lib/python3.7/site-packages/airflow/example_dags/example_sensors.py
[2024-07-23T20:32:02.451+0000] {processor.py:753} INFO - DAG(s) dict_keys(['example_sensors']) retrieved from /home/airflow/.local/lib/python3.7/site-packages/airflow/example_dags/example_sensors.py
[2024-07-23T20:32:02.472+0000] {logging_mixin.py:137} INFO - [2024-07-23T20:32:02.472+0000] {dag.py:2690} INFO - Sync 1 DAGs
[2024-07-23T20:32:02.491+0000] {logging_mixin.py:137} INFO - [2024-07-23T20:32:02.491+0000] {dag.py:3441} INFO - Setting next_dagrun for example_sensors to None, run_after=None
[2024-07-23T20:32:02.506+0000] {processor.py:175} INFO - Processing /home/airflow/.local/lib/python3.7/site-packages/airflow/example_dags/example_sensors.py took 0.070 seconds
[2024-07-23T20:32:33.234+0000] {processor.py:153} INFO - Started process (PID=377) to work on /home/airflow/.local/lib/python3.7/site-packages/airflow/example_dags/example_sensors.py
[2024-07-23T20:32:33.236+0000] {processor.py:743} INFO - Processing file /home/airflow/.local/lib/python3.7/site-packages/airflow/example_dags/example_sensors.py for tasks to queue
[2024-07-23T20:32:33.239+0000] {logging_mixin.py:137} INFO - [2024-07-23T20:32:33.239+0000] {dagbag.py:538} INFO - Filling up the DagBag from /home/airflow/.local/lib/python3.7/site-packages/airflow/example_dags/example_sensors.py
[2024-07-23T20:32:33.258+0000] {processor.py:753} INFO - DAG(s) dict_keys(['example_sensors']) retrieved from /home/airflow/.local/lib/python3.7/site-packages/airflow/example_dags/example_sensors.py
[2024-07-23T20:32:33.275+0000] {logging_mixin.py:137} INFO - [2024-07-23T20:32:33.275+0000] {dag.py:2690} INFO - Sync 1 DAGs
[2024-07-23T20:32:33.292+0000] {logging_mixin.py:137} INFO - [2024-07-23T20:32:33.292+0000] {dag.py:3441} INFO - Setting next_dagrun for example_sensors to None, run_after=None
[2024-07-23T20:32:33.302+0000] {processor.py:175} INFO - Processing /home/airflow/.local/lib/python3.7/site-packages/airflow/example_dags/example_sensors.py took 0.072 seconds
[2024-07-23T20:33:03.964+0000] {processor.py:153} INFO - Started process (PID=463) to work on /home/airflow/.local/lib/python3.7/site-packages/airflow/example_dags/example_sensors.py
[2024-07-23T20:33:03.965+0000] {processor.py:743} INFO - Processing file /home/airflow/.local/lib/python3.7/site-packages/airflow/example_dags/example_sensors.py for tasks to queue
[2024-07-23T20:33:03.966+0000] {logging_mixin.py:137} INFO - [2024-07-23T20:33:03.965+0000] {dagbag.py:538} INFO - Filling up the DagBag from /home/airflow/.local/lib/python3.7/site-packages/airflow/example_dags/example_sensors.py
[2024-07-23T20:33:03.976+0000] {processor.py:753} INFO - DAG(s) dict_keys(['example_sensors']) retrieved from /home/airflow/.local/lib/python3.7/site-packages/airflow/example_dags/example_sensors.py
[2024-07-23T20:33:03.997+0000] {logging_mixin.py:137} INFO - [2024-07-23T20:33:03.996+0000] {dag.py:2690} INFO - Sync 1 DAGs
[2024-07-23T20:33:04.010+0000] {logging_mixin.py:137} INFO - [2024-07-23T20:33:04.010+0000] {dag.py:3441} INFO - Setting next_dagrun for example_sensors to None, run_after=None
[2024-07-23T20:33:04.025+0000] {processor.py:175} INFO - Processing /home/airflow/.local/lib/python3.7/site-packages/airflow/example_dags/example_sensors.py took 0.063 seconds
[2024-07-23T20:33:34.589+0000] {processor.py:153} INFO - Started process (PID=550) to work on /home/airflow/.local/lib/python3.7/site-packages/airflow/example_dags/example_sensors.py
[2024-07-23T20:33:34.591+0000] {processor.py:743} INFO - Processing file /home/airflow/.local/lib/python3.7/site-packages/airflow/example_dags/example_sensors.py for tasks to queue
[2024-07-23T20:33:34.592+0000] {logging_mixin.py:137} INFO - [2024-07-23T20:33:34.592+0000] {dagbag.py:538} INFO - Filling up the DagBag from /home/airflow/.local/lib/python3.7/site-packages/airflow/example_dags/example_sensors.py
[2024-07-23T20:33:34.610+0000] {processor.py:753} INFO - DAG(s) dict_keys(['example_sensors']) retrieved from /home/airflow/.local/lib/python3.7/site-packages/airflow/example_dags/example_sensors.py
[2024-07-23T20:33:34.632+0000] {logging_mixin.py:137} INFO - [2024-07-23T20:33:34.631+0000] {dag.py:2690} INFO - Sync 1 DAGs
[2024-07-23T20:33:34.645+0000] {logging_mixin.py:137} INFO - [2024-07-23T20:33:34.645+0000] {dag.py:3441} INFO - Setting next_dagrun for example_sensors to None, run_after=None
[2024-07-23T20:33:34.658+0000] {processor.py:175} INFO - Processing /home/airflow/.local/lib/python3.7/site-packages/airflow/example_dags/example_sensors.py took 0.073 seconds
[2024-07-23T20:34:05.183+0000] {processor.py:153} INFO - Started process (PID=621) to work on /home/airflow/.local/lib/python3.7/site-packages/airflow/example_dags/example_sensors.py
[2024-07-23T20:34:05.184+0000] {processor.py:743} INFO - Processing file /home/airflow/.local/lib/python3.7/site-packages/airflow/example_dags/example_sensors.py for tasks to queue
[2024-07-23T20:34:05.185+0000] {logging_mixin.py:137} INFO - [2024-07-23T20:34:05.184+0000] {dagbag.py:538} INFO - Filling up the DagBag from /home/airflow/.local/lib/python3.7/site-packages/airflow/example_dags/example_sensors.py
[2024-07-23T20:34:05.201+0000] {processor.py:753} INFO - DAG(s) dict_keys(['example_sensors']) retrieved from /home/airflow/.local/lib/python3.7/site-packages/airflow/example_dags/example_sensors.py
[2024-07-23T20:34:05.219+0000] {logging_mixin.py:137} INFO - [2024-07-23T20:34:05.219+0000] {dag.py:2690} INFO - Sync 1 DAGs
[2024-07-23T20:34:05.232+0000] {logging_mixin.py:137} INFO - [2024-07-23T20:34:05.232+0000] {dag.py:3441} INFO - Setting next_dagrun for example_sensors to None, run_after=None
[2024-07-23T20:34:05.242+0000] {processor.py:175} INFO - Processing /home/airflow/.local/lib/python3.7/site-packages/airflow/example_dags/example_sensors.py took 0.064 seconds
[2024-07-23T20:34:35.847+0000] {processor.py:153} INFO - Started process (PID=708) to work on /home/airflow/.local/lib/python3.7/site-packages/airflow/example_dags/example_sensors.py
[2024-07-23T20:34:35.849+0000] {processor.py:743} INFO - Processing file /home/airflow/.local/lib/python3.7/site-packages/airflow/example_dags/example_sensors.py for tasks to queue
[2024-07-23T20:34:35.849+0000] {logging_mixin.py:137} INFO - [2024-07-23T20:34:35.849+0000] {dagbag.py:538} INFO - Filling up the DagBag from /home/airflow/.local/lib/python3.7/site-packages/airflow/example_dags/example_sensors.py
[2024-07-23T20:34:35.859+0000] {processor.py:753} INFO - DAG(s) dict_keys(['example_sensors']) retrieved from /home/airflow/.local/lib/python3.7/site-packages/airflow/example_dags/example_sensors.py
[2024-07-23T20:34:35.896+0000] {logging_mixin.py:137} INFO - [2024-07-23T20:34:35.895+0000] {dag.py:2690} INFO - Sync 1 DAGs
[2024-07-23T20:34:35.928+0000] {logging_mixin.py:137} INFO - [2024-07-23T20:34:35.928+0000] {dag.py:3441} INFO - Setting next_dagrun for example_sensors to None, run_after=None
[2024-07-23T20:34:35.948+0000] {processor.py:175} INFO - Processing /home/airflow/.local/lib/python3.7/site-packages/airflow/example_dags/example_sensors.py took 0.103 seconds
[2024-07-23T20:35:06.439+0000] {processor.py:153} INFO - Started process (PID=795) to work on /home/airflow/.local/lib/python3.7/site-packages/airflow/example_dags/example_sensors.py
[2024-07-23T20:35:06.440+0000] {processor.py:743} INFO - Processing file /home/airflow/.local/lib/python3.7/site-packages/airflow/example_dags/example_sensors.py for tasks to queue
[2024-07-23T20:35:06.442+0000] {logging_mixin.py:137} INFO - [2024-07-23T20:35:06.442+0000] {dagbag.py:538} INFO - Filling up the DagBag from /home/airflow/.local/lib/python3.7/site-packages/airflow/example_dags/example_sensors.py
[2024-07-23T20:35:06.451+0000] {processor.py:753} INFO - DAG(s) dict_keys(['example_sensors']) retrieved from /home/airflow/.local/lib/python3.7/site-packages/airflow/example_dags/example_sensors.py
[2024-07-23T20:35:06.468+0000] {logging_mixin.py:137} INFO - [2024-07-23T20:35:06.468+0000] {dag.py:2690} INFO - Sync 1 DAGs
[2024-07-23T20:35:06.487+0000] {logging_mixin.py:137} INFO - [2024-07-23T20:35:06.487+0000] {dag.py:3441} INFO - Setting next_dagrun for example_sensors to None, run_after=None
[2024-07-23T20:35:06.501+0000] {processor.py:175} INFO - Processing /home/airflow/.local/lib/python3.7/site-packages/airflow/example_dags/example_sensors.py took 0.065 seconds
[2024-07-23T20:35:37.059+0000] {processor.py:153} INFO - Started process (PID=882) to work on /home/airflow/.local/lib/python3.7/site-packages/airflow/example_dags/example_sensors.py
[2024-07-23T20:35:37.061+0000] {processor.py:743} INFO - Processing file /home/airflow/.local/lib/python3.7/site-packages/airflow/example_dags/example_sensors.py for tasks to queue
[2024-07-23T20:35:37.061+0000] {logging_mixin.py:137} INFO - [2024-07-23T20:35:37.061+0000] {dagbag.py:538} INFO - Filling up the DagBag from /home/airflow/.local/lib/python3.7/site-packages/airflow/example_dags/example_sensors.py
[2024-07-23T20:35:37.070+0000] {processor.py:753} INFO - DAG(s) dict_keys(['example_sensors']) retrieved from /home/airflow/.local/lib/python3.7/site-packages/airflow/example_dags/example_sensors.py
[2024-07-23T20:35:37.083+0000] {logging_mixin.py:137} INFO - [2024-07-23T20:35:37.083+0000] {dag.py:2690} INFO - Sync 1 DAGs
[2024-07-23T20:35:37.093+0000] {logging_mixin.py:137} INFO - [2024-07-23T20:35:37.093+0000] {dag.py:3441} INFO - Setting next_dagrun for example_sensors to None, run_after=None
[2024-07-23T20:35:37.101+0000] {processor.py:175} INFO - Processing /home/airflow/.local/lib/python3.7/site-packages/airflow/example_dags/example_sensors.py took 0.043 seconds
[2024-07-23T20:36:07.621+0000] {processor.py:153} INFO - Started process (PID=953) to work on /home/airflow/.local/lib/python3.7/site-packages/airflow/example_dags/example_sensors.py
[2024-07-23T20:36:07.622+0000] {processor.py:743} INFO - Processing file /home/airflow/.local/lib/python3.7/site-packages/airflow/example_dags/example_sensors.py for tasks to queue
[2024-07-23T20:36:07.622+0000] {logging_mixin.py:137} INFO - [2024-07-23T20:36:07.622+0000] {dagbag.py:538} INFO - Filling up the DagBag from /home/airflow/.local/lib/python3.7/site-packages/airflow/example_dags/example_sensors.py
[2024-07-23T20:36:07.633+0000] {processor.py:753} INFO - DAG(s) dict_keys(['example_sensors']) retrieved from /home/airflow/.local/lib/python3.7/site-packages/airflow/example_dags/example_sensors.py
[2024-07-23T20:36:07.648+0000] {logging_mixin.py:137} INFO - [2024-07-23T20:36:07.648+0000] {dag.py:2690} INFO - Sync 1 DAGs
[2024-07-23T20:36:07.662+0000] {logging_mixin.py:137} INFO - [2024-07-23T20:36:07.662+0000] {dag.py:3441} INFO - Setting next_dagrun for example_sensors to None, run_after=None
[2024-07-23T20:36:07.675+0000] {processor.py:175} INFO - Processing /home/airflow/.local/lib/python3.7/site-packages/airflow/example_dags/example_sensors.py took 0.056 seconds
[2024-07-23T20:36:38.126+0000] {processor.py:153} INFO - Started process (PID=1040) to work on /home/airflow/.local/lib/python3.7/site-packages/airflow/example_dags/example_sensors.py
[2024-07-23T20:36:38.128+0000] {processor.py:743} INFO - Processing file /home/airflow/.local/lib/python3.7/site-packages/airflow/example_dags/example_sensors.py for tasks to queue
[2024-07-23T20:36:38.130+0000] {logging_mixin.py:137} INFO - [2024-07-23T20:36:38.129+0000] {dagbag.py:538} INFO - Filling up the DagBag from /home/airflow/.local/lib/python3.7/site-packages/airflow/example_dags/example_sensors.py
[2024-07-23T20:36:38.151+0000] {processor.py:753} INFO - DAG(s) dict_keys(['example_sensors']) retrieved from /home/airflow/.local/lib/python3.7/site-packages/airflow/example_dags/example_sensors.py
[2024-07-23T20:36:38.171+0000] {logging_mixin.py:137} INFO - [2024-07-23T20:36:38.171+0000] {dag.py:2690} INFO - Sync 1 DAGs
[2024-07-23T20:36:38.185+0000] {logging_mixin.py:137} INFO - [2024-07-23T20:36:38.185+0000] {dag.py:3441} INFO - Setting next_dagrun for example_sensors to None, run_after=None
[2024-07-23T20:36:38.195+0000] {processor.py:175} INFO - Processing /home/airflow/.local/lib/python3.7/site-packages/airflow/example_dags/example_sensors.py took 0.075 seconds
