[2024-07-23T20:30:34.447+0000] {processor.py:153} INFO - Started process (PID=88) to work on /home/airflow/.local/lib/python3.7/site-packages/airflow/example_dags/example_sla_dag.py
[2024-07-23T20:30:34.450+0000] {processor.py:743} INFO - Processing file /home/airflow/.local/lib/python3.7/site-packages/airflow/example_dags/example_sla_dag.py for tasks to queue
[2024-07-23T20:30:34.450+0000] {logging_mixin.py:137} INFO - [2024-07-23T20:30:34.450+0000] {dagbag.py:538} INFO - Filling up the DagBag from /home/airflow/.local/lib/python3.7/site-packages/airflow/example_dags/example_sla_dag.py
[2024-07-23T20:30:34.464+0000] {processor.py:753} INFO - DAG(s) dict_keys(['example_sla_dag']) retrieved from /home/airflow/.local/lib/python3.7/site-packages/airflow/example_dags/example_sla_dag.py
[2024-07-23T20:30:34.534+0000] {logging_mixin.py:137} INFO - [2024-07-23T20:30:34.534+0000] {manager.py:504} INFO - Created Permission View: can read on DAG:example_sla_dag
[2024-07-23T20:30:34.547+0000] {logging_mixin.py:137} INFO - [2024-07-23T20:30:34.547+0000] {manager.py:504} INFO - Created Permission View: can delete on DAG:example_sla_dag
[2024-07-23T20:30:34.555+0000] {logging_mixin.py:137} INFO - [2024-07-23T20:30:34.555+0000] {manager.py:504} INFO - Created Permission View: can edit on DAG:example_sla_dag
[2024-07-23T20:30:34.558+0000] {logging_mixin.py:137} INFO - [2024-07-23T20:30:34.558+0000] {dag.py:2690} INFO - Sync 1 DAGs
[2024-07-23T20:30:34.567+0000] {logging_mixin.py:137} INFO - [2024-07-23T20:30:34.567+0000] {dag.py:2711} INFO - Creating ORM DAG for example_sla_dag
[2024-07-23T20:30:34.579+0000] {logging_mixin.py:137} INFO - [2024-07-23T20:30:34.579+0000] {dag.py:3441} INFO - Setting next_dagrun for example_sla_dag to 2024-07-23T20:28:00+00:00, run_after=2024-07-23T20:30:00+00:00
[2024-07-23T20:30:34.592+0000] {processor.py:175} INFO - Processing /home/airflow/.local/lib/python3.7/site-packages/airflow/example_dags/example_sla_dag.py took 0.147 seconds
[2024-07-23T20:31:05.283+0000] {processor.py:153} INFO - Started process (PID=159) to work on /home/airflow/.local/lib/python3.7/site-packages/airflow/example_dags/example_sla_dag.py
[2024-07-23T20:31:05.284+0000] {processor.py:743} INFO - Processing file /home/airflow/.local/lib/python3.7/site-packages/airflow/example_dags/example_sla_dag.py for tasks to queue
[2024-07-23T20:31:05.285+0000] {logging_mixin.py:137} INFO - [2024-07-23T20:31:05.285+0000] {dagbag.py:538} INFO - Filling up the DagBag from /home/airflow/.local/lib/python3.7/site-packages/airflow/example_dags/example_sla_dag.py
[2024-07-23T20:31:05.298+0000] {processor.py:753} INFO - DAG(s) dict_keys(['example_sla_dag']) retrieved from /home/airflow/.local/lib/python3.7/site-packages/airflow/example_dags/example_sla_dag.py
[2024-07-23T20:31:05.319+0000] {logging_mixin.py:137} INFO - [2024-07-23T20:31:05.319+0000] {dag.py:2690} INFO - Sync 1 DAGs
[2024-07-23T20:31:05.337+0000] {logging_mixin.py:137} INFO - [2024-07-23T20:31:05.337+0000] {dag.py:3441} INFO - Setting next_dagrun for example_sla_dag to 2024-07-23T20:28:00+00:00, run_after=2024-07-23T20:30:00+00:00
[2024-07-23T20:31:05.350+0000] {processor.py:175} INFO - Processing /home/airflow/.local/lib/python3.7/site-packages/airflow/example_dags/example_sla_dag.py took 0.069 seconds
[2024-07-23T20:31:35.793+0000] {processor.py:153} INFO - Started process (PID=246) to work on /home/airflow/.local/lib/python3.7/site-packages/airflow/example_dags/example_sla_dag.py
[2024-07-23T20:31:35.793+0000] {processor.py:743} INFO - Processing file /home/airflow/.local/lib/python3.7/site-packages/airflow/example_dags/example_sla_dag.py for tasks to queue
[2024-07-23T20:31:35.794+0000] {logging_mixin.py:137} INFO - [2024-07-23T20:31:35.794+0000] {dagbag.py:538} INFO - Filling up the DagBag from /home/airflow/.local/lib/python3.7/site-packages/airflow/example_dags/example_sla_dag.py
[2024-07-23T20:31:35.806+0000] {processor.py:753} INFO - DAG(s) dict_keys(['example_sla_dag']) retrieved from /home/airflow/.local/lib/python3.7/site-packages/airflow/example_dags/example_sla_dag.py
[2024-07-23T20:31:35.818+0000] {logging_mixin.py:137} INFO - [2024-07-23T20:31:35.818+0000] {dag.py:2690} INFO - Sync 1 DAGs
[2024-07-23T20:31:35.835+0000] {logging_mixin.py:137} INFO - [2024-07-23T20:31:35.835+0000] {dag.py:3441} INFO - Setting next_dagrun for example_sla_dag to 2024-07-23T20:28:00+00:00, run_after=2024-07-23T20:30:00+00:00
[2024-07-23T20:31:35.844+0000] {processor.py:175} INFO - Processing /home/airflow/.local/lib/python3.7/site-packages/airflow/example_dags/example_sla_dag.py took 0.053 seconds
[2024-07-23T20:32:06.610+0000] {processor.py:153} INFO - Started process (PID=333) to work on /home/airflow/.local/lib/python3.7/site-packages/airflow/example_dags/example_sla_dag.py
[2024-07-23T20:32:06.611+0000] {processor.py:743} INFO - Processing file /home/airflow/.local/lib/python3.7/site-packages/airflow/example_dags/example_sla_dag.py for tasks to queue
[2024-07-23T20:32:06.613+0000] {logging_mixin.py:137} INFO - [2024-07-23T20:32:06.613+0000] {dagbag.py:538} INFO - Filling up the DagBag from /home/airflow/.local/lib/python3.7/site-packages/airflow/example_dags/example_sla_dag.py
[2024-07-23T20:32:06.626+0000] {processor.py:753} INFO - DAG(s) dict_keys(['example_sla_dag']) retrieved from /home/airflow/.local/lib/python3.7/site-packages/airflow/example_dags/example_sla_dag.py
[2024-07-23T20:32:06.652+0000] {logging_mixin.py:137} INFO - [2024-07-23T20:32:06.652+0000] {dag.py:2690} INFO - Sync 1 DAGs
[2024-07-23T20:32:06.670+0000] {logging_mixin.py:137} INFO - [2024-07-23T20:32:06.670+0000] {dag.py:3441} INFO - Setting next_dagrun for example_sla_dag to 2024-07-23T20:30:00+00:00, run_after=2024-07-23T20:32:00+00:00
[2024-07-23T20:32:06.680+0000] {processor.py:175} INFO - Processing /home/airflow/.local/lib/python3.7/site-packages/airflow/example_dags/example_sla_dag.py took 0.071 seconds
[2024-07-23T20:32:37.305+0000] {processor.py:153} INFO - Started process (PID=420) to work on /home/airflow/.local/lib/python3.7/site-packages/airflow/example_dags/example_sla_dag.py
[2024-07-23T20:32:37.306+0000] {processor.py:743} INFO - Processing file /home/airflow/.local/lib/python3.7/site-packages/airflow/example_dags/example_sla_dag.py for tasks to queue
[2024-07-23T20:32:37.307+0000] {logging_mixin.py:137} INFO - [2024-07-23T20:32:37.307+0000] {dagbag.py:538} INFO - Filling up the DagBag from /home/airflow/.local/lib/python3.7/site-packages/airflow/example_dags/example_sla_dag.py
[2024-07-23T20:32:37.320+0000] {processor.py:753} INFO - DAG(s) dict_keys(['example_sla_dag']) retrieved from /home/airflow/.local/lib/python3.7/site-packages/airflow/example_dags/example_sla_dag.py
[2024-07-23T20:32:37.347+0000] {logging_mixin.py:137} INFO - [2024-07-23T20:32:37.347+0000] {dag.py:2690} INFO - Sync 1 DAGs
[2024-07-23T20:32:37.367+0000] {logging_mixin.py:137} INFO - [2024-07-23T20:32:37.367+0000] {dag.py:3441} INFO - Setting next_dagrun for example_sla_dag to 2024-07-23T20:30:00+00:00, run_after=2024-07-23T20:32:00+00:00
[2024-07-23T20:32:37.385+0000] {processor.py:175} INFO - Processing /home/airflow/.local/lib/python3.7/site-packages/airflow/example_dags/example_sla_dag.py took 0.082 seconds
[2024-07-23T20:33:07.919+0000] {processor.py:153} INFO - Started process (PID=490) to work on /home/airflow/.local/lib/python3.7/site-packages/airflow/example_dags/example_sla_dag.py
[2024-07-23T20:33:07.921+0000] {processor.py:743} INFO - Processing file /home/airflow/.local/lib/python3.7/site-packages/airflow/example_dags/example_sla_dag.py for tasks to queue
[2024-07-23T20:33:07.921+0000] {logging_mixin.py:137} INFO - [2024-07-23T20:33:07.921+0000] {dagbag.py:538} INFO - Filling up the DagBag from /home/airflow/.local/lib/python3.7/site-packages/airflow/example_dags/example_sla_dag.py
[2024-07-23T20:33:07.933+0000] {processor.py:753} INFO - DAG(s) dict_keys(['example_sla_dag']) retrieved from /home/airflow/.local/lib/python3.7/site-packages/airflow/example_dags/example_sla_dag.py
[2024-07-23T20:33:07.954+0000] {logging_mixin.py:137} INFO - [2024-07-23T20:33:07.954+0000] {dag.py:2690} INFO - Sync 1 DAGs
[2024-07-23T20:33:07.971+0000] {logging_mixin.py:137} INFO - [2024-07-23T20:33:07.971+0000] {dag.py:3441} INFO - Setting next_dagrun for example_sla_dag to 2024-07-23T20:30:00+00:00, run_after=2024-07-23T20:32:00+00:00
[2024-07-23T20:33:07.985+0000] {processor.py:175} INFO - Processing /home/airflow/.local/lib/python3.7/site-packages/airflow/example_dags/example_sla_dag.py took 0.067 seconds
[2024-07-23T20:33:38.523+0000] {processor.py:153} INFO - Started process (PID=577) to work on /home/airflow/.local/lib/python3.7/site-packages/airflow/example_dags/example_sla_dag.py
[2024-07-23T20:33:38.525+0000] {processor.py:743} INFO - Processing file /home/airflow/.local/lib/python3.7/site-packages/airflow/example_dags/example_sla_dag.py for tasks to queue
[2024-07-23T20:33:38.525+0000] {logging_mixin.py:137} INFO - [2024-07-23T20:33:38.525+0000] {dagbag.py:538} INFO - Filling up the DagBag from /home/airflow/.local/lib/python3.7/site-packages/airflow/example_dags/example_sla_dag.py
[2024-07-23T20:33:38.536+0000] {processor.py:753} INFO - DAG(s) dict_keys(['example_sla_dag']) retrieved from /home/airflow/.local/lib/python3.7/site-packages/airflow/example_dags/example_sla_dag.py
[2024-07-23T20:33:38.551+0000] {logging_mixin.py:137} INFO - [2024-07-23T20:33:38.551+0000] {dag.py:2690} INFO - Sync 1 DAGs
[2024-07-23T20:33:38.564+0000] {logging_mixin.py:137} INFO - [2024-07-23T20:33:38.564+0000] {dag.py:3441} INFO - Setting next_dagrun for example_sla_dag to 2024-07-23T20:30:00+00:00, run_after=2024-07-23T20:32:00+00:00
[2024-07-23T20:33:38.573+0000] {processor.py:175} INFO - Processing /home/airflow/.local/lib/python3.7/site-packages/airflow/example_dags/example_sla_dag.py took 0.052 seconds
[2024-07-23T20:34:09.214+0000] {processor.py:153} INFO - Started process (PID=664) to work on /home/airflow/.local/lib/python3.7/site-packages/airflow/example_dags/example_sla_dag.py
[2024-07-23T20:34:09.215+0000] {processor.py:743} INFO - Processing file /home/airflow/.local/lib/python3.7/site-packages/airflow/example_dags/example_sla_dag.py for tasks to queue
[2024-07-23T20:34:09.215+0000] {logging_mixin.py:137} INFO - [2024-07-23T20:34:09.215+0000] {dagbag.py:538} INFO - Filling up the DagBag from /home/airflow/.local/lib/python3.7/site-packages/airflow/example_dags/example_sla_dag.py
[2024-07-23T20:34:09.231+0000] {processor.py:753} INFO - DAG(s) dict_keys(['example_sla_dag']) retrieved from /home/airflow/.local/lib/python3.7/site-packages/airflow/example_dags/example_sla_dag.py
[2024-07-23T20:34:09.248+0000] {logging_mixin.py:137} INFO - [2024-07-23T20:34:09.248+0000] {dag.py:2690} INFO - Sync 1 DAGs
[2024-07-23T20:34:09.262+0000] {logging_mixin.py:137} INFO - [2024-07-23T20:34:09.261+0000] {dag.py:3441} INFO - Setting next_dagrun for example_sla_dag to 2024-07-23T20:32:00+00:00, run_after=2024-07-23T20:34:00+00:00
[2024-07-23T20:34:09.273+0000] {processor.py:175} INFO - Processing /home/airflow/.local/lib/python3.7/site-packages/airflow/example_dags/example_sla_dag.py took 0.060 seconds
[2024-07-23T20:34:39.854+0000] {processor.py:153} INFO - Started process (PID=735) to work on /home/airflow/.local/lib/python3.7/site-packages/airflow/example_dags/example_sla_dag.py
[2024-07-23T20:34:39.854+0000] {processor.py:743} INFO - Processing file /home/airflow/.local/lib/python3.7/site-packages/airflow/example_dags/example_sla_dag.py for tasks to queue
[2024-07-23T20:34:39.854+0000] {logging_mixin.py:137} INFO - [2024-07-23T20:34:39.854+0000] {dagbag.py:538} INFO - Filling up the DagBag from /home/airflow/.local/lib/python3.7/site-packages/airflow/example_dags/example_sla_dag.py
[2024-07-23T20:34:39.868+0000] {processor.py:753} INFO - DAG(s) dict_keys(['example_sla_dag']) retrieved from /home/airflow/.local/lib/python3.7/site-packages/airflow/example_dags/example_sla_dag.py
[2024-07-23T20:34:39.887+0000] {logging_mixin.py:137} INFO - [2024-07-23T20:34:39.887+0000] {dag.py:2690} INFO - Sync 1 DAGs
[2024-07-23T20:34:39.902+0000] {logging_mixin.py:137} INFO - [2024-07-23T20:34:39.902+0000] {dag.py:3441} INFO - Setting next_dagrun for example_sla_dag to 2024-07-23T20:32:00+00:00, run_after=2024-07-23T20:34:00+00:00
[2024-07-23T20:34:39.916+0000] {processor.py:175} INFO - Processing /home/airflow/.local/lib/python3.7/site-packages/airflow/example_dags/example_sla_dag.py took 0.065 seconds
[2024-07-23T20:35:10.411+0000] {processor.py:153} INFO - Started process (PID=822) to work on /home/airflow/.local/lib/python3.7/site-packages/airflow/example_dags/example_sla_dag.py
[2024-07-23T20:35:10.413+0000] {processor.py:743} INFO - Processing file /home/airflow/.local/lib/python3.7/site-packages/airflow/example_dags/example_sla_dag.py for tasks to queue
[2024-07-23T20:35:10.414+0000] {logging_mixin.py:137} INFO - [2024-07-23T20:35:10.414+0000] {dagbag.py:538} INFO - Filling up the DagBag from /home/airflow/.local/lib/python3.7/site-packages/airflow/example_dags/example_sla_dag.py
[2024-07-23T20:35:10.426+0000] {processor.py:753} INFO - DAG(s) dict_keys(['example_sla_dag']) retrieved from /home/airflow/.local/lib/python3.7/site-packages/airflow/example_dags/example_sla_dag.py
[2024-07-23T20:35:10.441+0000] {logging_mixin.py:137} INFO - [2024-07-23T20:35:10.440+0000] {dag.py:2690} INFO - Sync 1 DAGs
[2024-07-23T20:35:10.454+0000] {logging_mixin.py:137} INFO - [2024-07-23T20:35:10.454+0000] {dag.py:3441} INFO - Setting next_dagrun for example_sla_dag to 2024-07-23T20:32:00+00:00, run_after=2024-07-23T20:34:00+00:00
[2024-07-23T20:35:10.468+0000] {processor.py:175} INFO - Processing /home/airflow/.local/lib/python3.7/site-packages/airflow/example_dags/example_sla_dag.py took 0.058 seconds
[2024-07-23T20:35:40.918+0000] {processor.py:153} INFO - Started process (PID=909) to work on /home/airflow/.local/lib/python3.7/site-packages/airflow/example_dags/example_sla_dag.py
[2024-07-23T20:35:40.919+0000] {processor.py:743} INFO - Processing file /home/airflow/.local/lib/python3.7/site-packages/airflow/example_dags/example_sla_dag.py for tasks to queue
[2024-07-23T20:35:40.919+0000] {logging_mixin.py:137} INFO - [2024-07-23T20:35:40.919+0000] {dagbag.py:538} INFO - Filling up the DagBag from /home/airflow/.local/lib/python3.7/site-packages/airflow/example_dags/example_sla_dag.py
[2024-07-23T20:35:40.931+0000] {processor.py:753} INFO - DAG(s) dict_keys(['example_sla_dag']) retrieved from /home/airflow/.local/lib/python3.7/site-packages/airflow/example_dags/example_sla_dag.py
[2024-07-23T20:35:40.942+0000] {logging_mixin.py:137} INFO - [2024-07-23T20:35:40.942+0000] {dag.py:2690} INFO - Sync 1 DAGs
[2024-07-23T20:35:40.954+0000] {logging_mixin.py:137} INFO - [2024-07-23T20:35:40.954+0000] {dag.py:3441} INFO - Setting next_dagrun for example_sla_dag to 2024-07-23T20:32:00+00:00, run_after=2024-07-23T20:34:00+00:00
[2024-07-23T20:35:40.961+0000] {processor.py:175} INFO - Processing /home/airflow/.local/lib/python3.7/site-packages/airflow/example_dags/example_sla_dag.py took 0.044 seconds
[2024-07-23T20:36:11.520+0000] {processor.py:153} INFO - Started process (PID=996) to work on /home/airflow/.local/lib/python3.7/site-packages/airflow/example_dags/example_sla_dag.py
[2024-07-23T20:36:11.520+0000] {processor.py:743} INFO - Processing file /home/airflow/.local/lib/python3.7/site-packages/airflow/example_dags/example_sla_dag.py for tasks to queue
[2024-07-23T20:36:11.521+0000] {logging_mixin.py:137} INFO - [2024-07-23T20:36:11.521+0000] {dagbag.py:538} INFO - Filling up the DagBag from /home/airflow/.local/lib/python3.7/site-packages/airflow/example_dags/example_sla_dag.py
[2024-07-23T20:36:11.535+0000] {processor.py:753} INFO - DAG(s) dict_keys(['example_sla_dag']) retrieved from /home/airflow/.local/lib/python3.7/site-packages/airflow/example_dags/example_sla_dag.py
[2024-07-23T20:36:11.547+0000] {logging_mixin.py:137} INFO - [2024-07-23T20:36:11.547+0000] {dag.py:2690} INFO - Sync 1 DAGs
[2024-07-23T20:36:11.560+0000] {logging_mixin.py:137} INFO - [2024-07-23T20:36:11.560+0000] {dag.py:3441} INFO - Setting next_dagrun for example_sla_dag to 2024-07-23T20:34:00+00:00, run_after=2024-07-23T20:36:00+00:00
[2024-07-23T20:36:11.568+0000] {processor.py:175} INFO - Processing /home/airflow/.local/lib/python3.7/site-packages/airflow/example_dags/example_sla_dag.py took 0.050 seconds
