[2024-07-23T20:30:34.290+0000] {processor.py:153} INFO - Started process (PID=86) to work on /home/airflow/.local/lib/python3.7/site-packages/airflow/example_dags/example_xcom.py
[2024-07-23T20:30:34.291+0000] {processor.py:743} INFO - Processing file /home/airflow/.local/lib/python3.7/site-packages/airflow/example_dags/example_xcom.py for tasks to queue
[2024-07-23T20:30:34.291+0000] {logging_mixin.py:137} INFO - [2024-07-23T20:30:34.291+0000] {dagbag.py:538} INFO - Filling up the DagBag from /home/airflow/.local/lib/python3.7/site-packages/airflow/example_dags/example_xcom.py
[2024-07-23T20:30:34.308+0000] {processor.py:753} INFO - DAG(s) dict_keys(['example_xcom']) retrieved from /home/airflow/.local/lib/python3.7/site-packages/airflow/example_dags/example_xcom.py
[2024-07-23T20:30:34.384+0000] {logging_mixin.py:137} INFO - [2024-07-23T20:30:34.384+0000] {manager.py:504} INFO - Created Permission View: can read on DAG:example_xcom
[2024-07-23T20:30:34.397+0000] {logging_mixin.py:137} INFO - [2024-07-23T20:30:34.397+0000] {manager.py:504} INFO - Created Permission View: can delete on DAG:example_xcom
[2024-07-23T20:30:34.402+0000] {logging_mixin.py:137} INFO - [2024-07-23T20:30:34.402+0000] {manager.py:504} INFO - Created Permission View: can edit on DAG:example_xcom
[2024-07-23T20:30:34.403+0000] {logging_mixin.py:137} INFO - [2024-07-23T20:30:34.402+0000] {dag.py:2690} INFO - Sync 1 DAGs
[2024-07-23T20:30:34.409+0000] {logging_mixin.py:137} INFO - [2024-07-23T20:30:34.409+0000] {dag.py:2711} INFO - Creating ORM DAG for example_xcom
[2024-07-23T20:30:34.416+0000] {logging_mixin.py:137} INFO - [2024-07-23T20:30:34.416+0000] {dag.py:3441} INFO - Setting next_dagrun for example_xcom to 2021-01-01T00:00:00+00:00, run_after=2021-01-01T00:00:00+00:00
[2024-07-23T20:30:34.428+0000] {processor.py:175} INFO - Processing /home/airflow/.local/lib/python3.7/site-packages/airflow/example_dags/example_xcom.py took 0.140 seconds
[2024-07-23T20:31:05.214+0000] {processor.py:153} INFO - Started process (PID=157) to work on /home/airflow/.local/lib/python3.7/site-packages/airflow/example_dags/example_xcom.py
[2024-07-23T20:31:05.216+0000] {processor.py:743} INFO - Processing file /home/airflow/.local/lib/python3.7/site-packages/airflow/example_dags/example_xcom.py for tasks to queue
[2024-07-23T20:31:05.216+0000] {logging_mixin.py:137} INFO - [2024-07-23T20:31:05.216+0000] {dagbag.py:538} INFO - Filling up the DagBag from /home/airflow/.local/lib/python3.7/site-packages/airflow/example_dags/example_xcom.py
[2024-07-23T20:31:05.231+0000] {processor.py:753} INFO - DAG(s) dict_keys(['example_xcom']) retrieved from /home/airflow/.local/lib/python3.7/site-packages/airflow/example_dags/example_xcom.py
[2024-07-23T20:31:05.244+0000] {logging_mixin.py:137} INFO - [2024-07-23T20:31:05.244+0000] {dag.py:2690} INFO - Sync 1 DAGs
[2024-07-23T20:31:05.258+0000] {logging_mixin.py:137} INFO - [2024-07-23T20:31:05.258+0000] {dag.py:3441} INFO - Setting next_dagrun for example_xcom to 2021-01-01T00:00:00+00:00, run_after=2021-01-01T00:00:00+00:00
[2024-07-23T20:31:05.269+0000] {processor.py:175} INFO - Processing /home/airflow/.local/lib/python3.7/site-packages/airflow/example_dags/example_xcom.py took 0.056 seconds
[2024-07-23T20:31:35.724+0000] {processor.py:153} INFO - Started process (PID=244) to work on /home/airflow/.local/lib/python3.7/site-packages/airflow/example_dags/example_xcom.py
[2024-07-23T20:31:35.725+0000] {processor.py:743} INFO - Processing file /home/airflow/.local/lib/python3.7/site-packages/airflow/example_dags/example_xcom.py for tasks to queue
[2024-07-23T20:31:35.726+0000] {logging_mixin.py:137} INFO - [2024-07-23T20:31:35.726+0000] {dagbag.py:538} INFO - Filling up the DagBag from /home/airflow/.local/lib/python3.7/site-packages/airflow/example_dags/example_xcom.py
[2024-07-23T20:31:35.739+0000] {processor.py:753} INFO - DAG(s) dict_keys(['example_xcom']) retrieved from /home/airflow/.local/lib/python3.7/site-packages/airflow/example_dags/example_xcom.py
[2024-07-23T20:31:35.752+0000] {logging_mixin.py:137} INFO - [2024-07-23T20:31:35.752+0000] {dag.py:2690} INFO - Sync 1 DAGs
[2024-07-23T20:31:35.766+0000] {logging_mixin.py:137} INFO - [2024-07-23T20:31:35.766+0000] {dag.py:3441} INFO - Setting next_dagrun for example_xcom to 2021-01-01T00:00:00+00:00, run_after=2021-01-01T00:00:00+00:00
[2024-07-23T20:31:35.781+0000] {processor.py:175} INFO - Processing /home/airflow/.local/lib/python3.7/site-packages/airflow/example_dags/example_xcom.py took 0.059 seconds
[2024-07-23T20:32:06.536+0000] {processor.py:153} INFO - Started process (PID=331) to work on /home/airflow/.local/lib/python3.7/site-packages/airflow/example_dags/example_xcom.py
[2024-07-23T20:32:06.537+0000] {processor.py:743} INFO - Processing file /home/airflow/.local/lib/python3.7/site-packages/airflow/example_dags/example_xcom.py for tasks to queue
[2024-07-23T20:32:06.537+0000] {logging_mixin.py:137} INFO - [2024-07-23T20:32:06.537+0000] {dagbag.py:538} INFO - Filling up the DagBag from /home/airflow/.local/lib/python3.7/site-packages/airflow/example_dags/example_xcom.py
[2024-07-23T20:32:06.549+0000] {processor.py:753} INFO - DAG(s) dict_keys(['example_xcom']) retrieved from /home/airflow/.local/lib/python3.7/site-packages/airflow/example_dags/example_xcom.py
[2024-07-23T20:32:06.567+0000] {logging_mixin.py:137} INFO - [2024-07-23T20:32:06.567+0000] {dag.py:2690} INFO - Sync 1 DAGs
[2024-07-23T20:32:06.581+0000] {logging_mixin.py:137} INFO - [2024-07-23T20:32:06.581+0000] {dag.py:3441} INFO - Setting next_dagrun for example_xcom to 2021-01-01T00:00:00+00:00, run_after=2021-01-01T00:00:00+00:00
[2024-07-23T20:32:06.597+0000] {processor.py:175} INFO - Processing /home/airflow/.local/lib/python3.7/site-packages/airflow/example_dags/example_xcom.py took 0.062 seconds
[2024-07-23T20:32:37.215+0000] {processor.py:153} INFO - Started process (PID=418) to work on /home/airflow/.local/lib/python3.7/site-packages/airflow/example_dags/example_xcom.py
[2024-07-23T20:32:37.216+0000] {processor.py:743} INFO - Processing file /home/airflow/.local/lib/python3.7/site-packages/airflow/example_dags/example_xcom.py for tasks to queue
[2024-07-23T20:32:37.216+0000] {logging_mixin.py:137} INFO - [2024-07-23T20:32:37.216+0000] {dagbag.py:538} INFO - Filling up the DagBag from /home/airflow/.local/lib/python3.7/site-packages/airflow/example_dags/example_xcom.py
[2024-07-23T20:32:37.232+0000] {processor.py:753} INFO - DAG(s) dict_keys(['example_xcom']) retrieved from /home/airflow/.local/lib/python3.7/site-packages/airflow/example_dags/example_xcom.py
[2024-07-23T20:32:37.259+0000] {logging_mixin.py:137} INFO - [2024-07-23T20:32:37.258+0000] {dag.py:2690} INFO - Sync 1 DAGs
[2024-07-23T20:32:37.273+0000] {logging_mixin.py:137} INFO - [2024-07-23T20:32:37.273+0000] {dag.py:3441} INFO - Setting next_dagrun for example_xcom to 2021-01-01T00:00:00+00:00, run_after=2021-01-01T00:00:00+00:00
[2024-07-23T20:32:37.291+0000] {processor.py:175} INFO - Processing /home/airflow/.local/lib/python3.7/site-packages/airflow/example_dags/example_xcom.py took 0.078 seconds
[2024-07-23T20:33:07.863+0000] {processor.py:153} INFO - Started process (PID=488) to work on /home/airflow/.local/lib/python3.7/site-packages/airflow/example_dags/example_xcom.py
[2024-07-23T20:33:07.864+0000] {processor.py:743} INFO - Processing file /home/airflow/.local/lib/python3.7/site-packages/airflow/example_dags/example_xcom.py for tasks to queue
[2024-07-23T20:33:07.864+0000] {logging_mixin.py:137} INFO - [2024-07-23T20:33:07.864+0000] {dagbag.py:538} INFO - Filling up the DagBag from /home/airflow/.local/lib/python3.7/site-packages/airflow/example_dags/example_xcom.py
[2024-07-23T20:33:07.875+0000] {processor.py:753} INFO - DAG(s) dict_keys(['example_xcom']) retrieved from /home/airflow/.local/lib/python3.7/site-packages/airflow/example_dags/example_xcom.py
[2024-07-23T20:33:07.887+0000] {logging_mixin.py:137} INFO - [2024-07-23T20:33:07.887+0000] {dag.py:2690} INFO - Sync 1 DAGs
[2024-07-23T20:33:07.899+0000] {logging_mixin.py:137} INFO - [2024-07-23T20:33:07.899+0000] {dag.py:3441} INFO - Setting next_dagrun for example_xcom to 2021-01-01T00:00:00+00:00, run_after=2021-01-01T00:00:00+00:00
[2024-07-23T20:33:07.907+0000] {processor.py:175} INFO - Processing /home/airflow/.local/lib/python3.7/site-packages/airflow/example_dags/example_xcom.py took 0.046 seconds
[2024-07-23T20:33:38.467+0000] {processor.py:153} INFO - Started process (PID=575) to work on /home/airflow/.local/lib/python3.7/site-packages/airflow/example_dags/example_xcom.py
[2024-07-23T20:33:38.468+0000] {processor.py:743} INFO - Processing file /home/airflow/.local/lib/python3.7/site-packages/airflow/example_dags/example_xcom.py for tasks to queue
[2024-07-23T20:33:38.468+0000] {logging_mixin.py:137} INFO - [2024-07-23T20:33:38.468+0000] {dagbag.py:538} INFO - Filling up the DagBag from /home/airflow/.local/lib/python3.7/site-packages/airflow/example_dags/example_xcom.py
[2024-07-23T20:33:38.479+0000] {processor.py:753} INFO - DAG(s) dict_keys(['example_xcom']) retrieved from /home/airflow/.local/lib/python3.7/site-packages/airflow/example_dags/example_xcom.py
[2024-07-23T20:33:38.491+0000] {logging_mixin.py:137} INFO - [2024-07-23T20:33:38.491+0000] {dag.py:2690} INFO - Sync 1 DAGs
[2024-07-23T20:33:38.502+0000] {logging_mixin.py:137} INFO - [2024-07-23T20:33:38.502+0000] {dag.py:3441} INFO - Setting next_dagrun for example_xcom to 2021-01-01T00:00:00+00:00, run_after=2021-01-01T00:00:00+00:00
[2024-07-23T20:33:38.512+0000] {processor.py:175} INFO - Processing /home/airflow/.local/lib/python3.7/site-packages/airflow/example_dags/example_xcom.py took 0.047 seconds
[2024-07-23T20:34:09.153+0000] {processor.py:153} INFO - Started process (PID=662) to work on /home/airflow/.local/lib/python3.7/site-packages/airflow/example_dags/example_xcom.py
[2024-07-23T20:34:09.156+0000] {processor.py:743} INFO - Processing file /home/airflow/.local/lib/python3.7/site-packages/airflow/example_dags/example_xcom.py for tasks to queue
[2024-07-23T20:34:09.157+0000] {logging_mixin.py:137} INFO - [2024-07-23T20:34:09.157+0000] {dagbag.py:538} INFO - Filling up the DagBag from /home/airflow/.local/lib/python3.7/site-packages/airflow/example_dags/example_xcom.py
[2024-07-23T20:34:09.169+0000] {processor.py:753} INFO - DAG(s) dict_keys(['example_xcom']) retrieved from /home/airflow/.local/lib/python3.7/site-packages/airflow/example_dags/example_xcom.py
[2024-07-23T20:34:09.183+0000] {logging_mixin.py:137} INFO - [2024-07-23T20:34:09.183+0000] {dag.py:2690} INFO - Sync 1 DAGs
[2024-07-23T20:34:09.195+0000] {logging_mixin.py:137} INFO - [2024-07-23T20:34:09.195+0000] {dag.py:3441} INFO - Setting next_dagrun for example_xcom to 2021-01-01T00:00:00+00:00, run_after=2021-01-01T00:00:00+00:00
[2024-07-23T20:34:09.203+0000] {processor.py:175} INFO - Processing /home/airflow/.local/lib/python3.7/site-packages/airflow/example_dags/example_xcom.py took 0.052 seconds
[2024-07-23T20:34:39.785+0000] {processor.py:153} INFO - Started process (PID=733) to work on /home/airflow/.local/lib/python3.7/site-packages/airflow/example_dags/example_xcom.py
[2024-07-23T20:34:39.785+0000] {processor.py:743} INFO - Processing file /home/airflow/.local/lib/python3.7/site-packages/airflow/example_dags/example_xcom.py for tasks to queue
[2024-07-23T20:34:39.786+0000] {logging_mixin.py:137} INFO - [2024-07-23T20:34:39.785+0000] {dagbag.py:538} INFO - Filling up the DagBag from /home/airflow/.local/lib/python3.7/site-packages/airflow/example_dags/example_xcom.py
[2024-07-23T20:34:39.797+0000] {processor.py:753} INFO - DAG(s) dict_keys(['example_xcom']) retrieved from /home/airflow/.local/lib/python3.7/site-packages/airflow/example_dags/example_xcom.py
[2024-07-23T20:34:39.817+0000] {logging_mixin.py:137} INFO - [2024-07-23T20:34:39.817+0000] {dag.py:2690} INFO - Sync 1 DAGs
[2024-07-23T20:34:39.828+0000] {logging_mixin.py:137} INFO - [2024-07-23T20:34:39.828+0000] {dag.py:3441} INFO - Setting next_dagrun for example_xcom to 2021-01-01T00:00:00+00:00, run_after=2021-01-01T00:00:00+00:00
[2024-07-23T20:34:39.842+0000] {processor.py:175} INFO - Processing /home/airflow/.local/lib/python3.7/site-packages/airflow/example_dags/example_xcom.py took 0.059 seconds
[2024-07-23T20:35:10.344+0000] {processor.py:153} INFO - Started process (PID=820) to work on /home/airflow/.local/lib/python3.7/site-packages/airflow/example_dags/example_xcom.py
[2024-07-23T20:35:10.345+0000] {processor.py:743} INFO - Processing file /home/airflow/.local/lib/python3.7/site-packages/airflow/example_dags/example_xcom.py for tasks to queue
[2024-07-23T20:35:10.345+0000] {logging_mixin.py:137} INFO - [2024-07-23T20:35:10.345+0000] {dagbag.py:538} INFO - Filling up the DagBag from /home/airflow/.local/lib/python3.7/site-packages/airflow/example_dags/example_xcom.py
[2024-07-23T20:35:10.357+0000] {processor.py:753} INFO - DAG(s) dict_keys(['example_xcom']) retrieved from /home/airflow/.local/lib/python3.7/site-packages/airflow/example_dags/example_xcom.py
[2024-07-23T20:35:10.372+0000] {logging_mixin.py:137} INFO - [2024-07-23T20:35:10.372+0000] {dag.py:2690} INFO - Sync 1 DAGs
[2024-07-23T20:35:10.384+0000] {logging_mixin.py:137} INFO - [2024-07-23T20:35:10.384+0000] {dag.py:3441} INFO - Setting next_dagrun for example_xcom to 2021-01-01T00:00:00+00:00, run_after=2021-01-01T00:00:00+00:00
[2024-07-23T20:35:10.395+0000] {processor.py:175} INFO - Processing /home/airflow/.local/lib/python3.7/site-packages/airflow/example_dags/example_xcom.py took 0.052 seconds
[2024-07-23T20:35:40.866+0000] {processor.py:153} INFO - Started process (PID=907) to work on /home/airflow/.local/lib/python3.7/site-packages/airflow/example_dags/example_xcom.py
[2024-07-23T20:35:40.868+0000] {processor.py:743} INFO - Processing file /home/airflow/.local/lib/python3.7/site-packages/airflow/example_dags/example_xcom.py for tasks to queue
[2024-07-23T20:35:40.869+0000] {logging_mixin.py:137} INFO - [2024-07-23T20:35:40.869+0000] {dagbag.py:538} INFO - Filling up the DagBag from /home/airflow/.local/lib/python3.7/site-packages/airflow/example_dags/example_xcom.py
[2024-07-23T20:35:40.880+0000] {processor.py:753} INFO - DAG(s) dict_keys(['example_xcom']) retrieved from /home/airflow/.local/lib/python3.7/site-packages/airflow/example_dags/example_xcom.py
[2024-07-23T20:35:40.891+0000] {logging_mixin.py:137} INFO - [2024-07-23T20:35:40.891+0000] {dag.py:2690} INFO - Sync 1 DAGs
[2024-07-23T20:35:40.902+0000] {logging_mixin.py:137} INFO - [2024-07-23T20:35:40.902+0000] {dag.py:3441} INFO - Setting next_dagrun for example_xcom to 2021-01-01T00:00:00+00:00, run_after=2021-01-01T00:00:00+00:00
[2024-07-23T20:35:40.909+0000] {processor.py:175} INFO - Processing /home/airflow/.local/lib/python3.7/site-packages/airflow/example_dags/example_xcom.py took 0.045 seconds
[2024-07-23T20:36:11.463+0000] {processor.py:153} INFO - Started process (PID=994) to work on /home/airflow/.local/lib/python3.7/site-packages/airflow/example_dags/example_xcom.py
[2024-07-23T20:36:11.465+0000] {processor.py:743} INFO - Processing file /home/airflow/.local/lib/python3.7/site-packages/airflow/example_dags/example_xcom.py for tasks to queue
[2024-07-23T20:36:11.466+0000] {logging_mixin.py:137} INFO - [2024-07-23T20:36:11.466+0000] {dagbag.py:538} INFO - Filling up the DagBag from /home/airflow/.local/lib/python3.7/site-packages/airflow/example_dags/example_xcom.py
[2024-07-23T20:36:11.479+0000] {processor.py:753} INFO - DAG(s) dict_keys(['example_xcom']) retrieved from /home/airflow/.local/lib/python3.7/site-packages/airflow/example_dags/example_xcom.py
[2024-07-23T20:36:11.491+0000] {logging_mixin.py:137} INFO - [2024-07-23T20:36:11.491+0000] {dag.py:2690} INFO - Sync 1 DAGs
[2024-07-23T20:36:11.502+0000] {logging_mixin.py:137} INFO - [2024-07-23T20:36:11.502+0000] {dag.py:3441} INFO - Setting next_dagrun for example_xcom to 2021-01-01T00:00:00+00:00, run_after=2021-01-01T00:00:00+00:00
[2024-07-23T20:36:11.510+0000] {processor.py:175} INFO - Processing /home/airflow/.local/lib/python3.7/site-packages/airflow/example_dags/example_xcom.py took 0.049 seconds
