[2024-07-23T20:30:34.158+0000] {processor.py:153} INFO - Started process (PID=84) to work on /home/airflow/.local/lib/python3.7/site-packages/airflow/example_dags/example_bash_operator.py
[2024-07-23T20:30:34.162+0000] {processor.py:743} INFO - Processing file /home/airflow/.local/lib/python3.7/site-packages/airflow/example_dags/example_bash_operator.py for tasks to queue
[2024-07-23T20:30:34.164+0000] {logging_mixin.py:137} INFO - [2024-07-23T20:30:34.164+0000] {dagbag.py:538} INFO - Filling up the DagBag from /home/airflow/.local/lib/python3.7/site-packages/airflow/example_dags/example_bash_operator.py
[2024-07-23T20:30:34.177+0000] {processor.py:753} INFO - DAG(s) dict_keys(['example_bash_operator']) retrieved from /home/airflow/.local/lib/python3.7/site-packages/airflow/example_dags/example_bash_operator.py
[2024-07-23T20:30:34.239+0000] {logging_mixin.py:137} INFO - [2024-07-23T20:30:34.239+0000] {manager.py:504} INFO - Created Permission View: can read on DAG:example_bash_operator
[2024-07-23T20:30:34.250+0000] {logging_mixin.py:137} INFO - [2024-07-23T20:30:34.250+0000] {manager.py:504} INFO - Created Permission View: can delete on DAG:example_bash_operator
[2024-07-23T20:30:34.253+0000] {logging_mixin.py:137} INFO - [2024-07-23T20:30:34.253+0000] {manager.py:504} INFO - Created Permission View: can edit on DAG:example_bash_operator
[2024-07-23T20:30:34.253+0000] {logging_mixin.py:137} INFO - [2024-07-23T20:30:34.253+0000] {dag.py:2690} INFO - Sync 1 DAGs
[2024-07-23T20:30:34.260+0000] {logging_mixin.py:137} INFO - [2024-07-23T20:30:34.260+0000] {dag.py:2711} INFO - Creating ORM DAG for example_bash_operator
[2024-07-23T20:30:34.267+0000] {logging_mixin.py:137} INFO - [2024-07-23T20:30:34.267+0000] {dag.py:3441} INFO - Setting next_dagrun for example_bash_operator to 2024-07-22T00:00:00+00:00, run_after=2024-07-23T00:00:00+00:00
[2024-07-23T20:30:34.279+0000] {processor.py:175} INFO - Processing /home/airflow/.local/lib/python3.7/site-packages/airflow/example_dags/example_bash_operator.py took 0.122 seconds
[2024-07-23T20:31:05.140+0000] {processor.py:153} INFO - Started process (PID=155) to work on /home/airflow/.local/lib/python3.7/site-packages/airflow/example_dags/example_bash_operator.py
[2024-07-23T20:31:05.143+0000] {processor.py:743} INFO - Processing file /home/airflow/.local/lib/python3.7/site-packages/airflow/example_dags/example_bash_operator.py for tasks to queue
[2024-07-23T20:31:05.143+0000] {logging_mixin.py:137} INFO - [2024-07-23T20:31:05.143+0000] {dagbag.py:538} INFO - Filling up the DagBag from /home/airflow/.local/lib/python3.7/site-packages/airflow/example_dags/example_bash_operator.py
[2024-07-23T20:31:05.157+0000] {processor.py:753} INFO - DAG(s) dict_keys(['example_bash_operator']) retrieved from /home/airflow/.local/lib/python3.7/site-packages/airflow/example_dags/example_bash_operator.py
[2024-07-23T20:31:05.173+0000] {logging_mixin.py:137} INFO - [2024-07-23T20:31:05.173+0000] {dag.py:2690} INFO - Sync 1 DAGs
[2024-07-23T20:31:05.187+0000] {logging_mixin.py:137} INFO - [2024-07-23T20:31:05.186+0000] {dag.py:3441} INFO - Setting next_dagrun for example_bash_operator to 2024-07-22T00:00:00+00:00, run_after=2024-07-23T00:00:00+00:00
[2024-07-23T20:31:05.202+0000] {processor.py:175} INFO - Processing /home/airflow/.local/lib/python3.7/site-packages/airflow/example_dags/example_bash_operator.py took 0.064 seconds
[2024-07-23T20:31:35.659+0000] {processor.py:153} INFO - Started process (PID=242) to work on /home/airflow/.local/lib/python3.7/site-packages/airflow/example_dags/example_bash_operator.py
[2024-07-23T20:31:35.660+0000] {processor.py:743} INFO - Processing file /home/airflow/.local/lib/python3.7/site-packages/airflow/example_dags/example_bash_operator.py for tasks to queue
[2024-07-23T20:31:35.661+0000] {logging_mixin.py:137} INFO - [2024-07-23T20:31:35.661+0000] {dagbag.py:538} INFO - Filling up the DagBag from /home/airflow/.local/lib/python3.7/site-packages/airflow/example_dags/example_bash_operator.py
[2024-07-23T20:31:35.675+0000] {processor.py:753} INFO - DAG(s) dict_keys(['example_bash_operator']) retrieved from /home/airflow/.local/lib/python3.7/site-packages/airflow/example_dags/example_bash_operator.py
[2024-07-23T20:31:35.693+0000] {logging_mixin.py:137} INFO - [2024-07-23T20:31:35.693+0000] {dag.py:2690} INFO - Sync 1 DAGs
[2024-07-23T20:31:35.706+0000] {logging_mixin.py:137} INFO - [2024-07-23T20:31:35.705+0000] {dag.py:3441} INFO - Setting next_dagrun for example_bash_operator to 2024-07-22T00:00:00+00:00, run_after=2024-07-23T00:00:00+00:00
[2024-07-23T20:31:35.714+0000] {processor.py:175} INFO - Processing /home/airflow/.local/lib/python3.7/site-packages/airflow/example_dags/example_bash_operator.py took 0.057 seconds
[2024-07-23T20:32:06.454+0000] {processor.py:153} INFO - Started process (PID=329) to work on /home/airflow/.local/lib/python3.7/site-packages/airflow/example_dags/example_bash_operator.py
[2024-07-23T20:32:06.454+0000] {processor.py:743} INFO - Processing file /home/airflow/.local/lib/python3.7/site-packages/airflow/example_dags/example_bash_operator.py for tasks to queue
[2024-07-23T20:32:06.455+0000] {logging_mixin.py:137} INFO - [2024-07-23T20:32:06.455+0000] {dagbag.py:538} INFO - Filling up the DagBag from /home/airflow/.local/lib/python3.7/site-packages/airflow/example_dags/example_bash_operator.py
[2024-07-23T20:32:06.468+0000] {processor.py:753} INFO - DAG(s) dict_keys(['example_bash_operator']) retrieved from /home/airflow/.local/lib/python3.7/site-packages/airflow/example_dags/example_bash_operator.py
[2024-07-23T20:32:06.493+0000] {logging_mixin.py:137} INFO - [2024-07-23T20:32:06.493+0000] {dag.py:2690} INFO - Sync 1 DAGs
[2024-07-23T20:32:06.511+0000] {logging_mixin.py:137} INFO - [2024-07-23T20:32:06.510+0000] {dag.py:3441} INFO - Setting next_dagrun for example_bash_operator to 2024-07-22T00:00:00+00:00, run_after=2024-07-23T00:00:00+00:00
[2024-07-23T20:32:06.523+0000] {processor.py:175} INFO - Processing /home/airflow/.local/lib/python3.7/site-packages/airflow/example_dags/example_bash_operator.py took 0.071 seconds
[2024-07-23T20:32:37.074+0000] {processor.py:153} INFO - Started process (PID=409) to work on /home/airflow/.local/lib/python3.7/site-packages/airflow/example_dags/example_bash_operator.py
[2024-07-23T20:32:37.085+0000] {processor.py:743} INFO - Processing file /home/airflow/.local/lib/python3.7/site-packages/airflow/example_dags/example_bash_operator.py for tasks to queue
[2024-07-23T20:32:37.089+0000] {logging_mixin.py:137} INFO - [2024-07-23T20:32:37.089+0000] {dagbag.py:538} INFO - Filling up the DagBag from /home/airflow/.local/lib/python3.7/site-packages/airflow/example_dags/example_bash_operator.py
[2024-07-23T20:32:37.121+0000] {processor.py:753} INFO - DAG(s) dict_keys(['example_bash_operator']) retrieved from /home/airflow/.local/lib/python3.7/site-packages/airflow/example_dags/example_bash_operator.py
[2024-07-23T20:32:37.168+0000] {logging_mixin.py:137} INFO - [2024-07-23T20:32:37.168+0000] {dag.py:2690} INFO - Sync 1 DAGs
[2024-07-23T20:32:37.187+0000] {logging_mixin.py:137} INFO - [2024-07-23T20:32:37.187+0000] {dag.py:3441} INFO - Setting next_dagrun for example_bash_operator to 2024-07-22T00:00:00+00:00, run_after=2024-07-23T00:00:00+00:00
[2024-07-23T20:32:37.201+0000] {processor.py:175} INFO - Processing /home/airflow/.local/lib/python3.7/site-packages/airflow/example_dags/example_bash_operator.py took 0.134 seconds
[2024-07-23T20:33:07.780+0000] {processor.py:153} INFO - Started process (PID=486) to work on /home/airflow/.local/lib/python3.7/site-packages/airflow/example_dags/example_bash_operator.py
[2024-07-23T20:33:07.781+0000] {processor.py:743} INFO - Processing file /home/airflow/.local/lib/python3.7/site-packages/airflow/example_dags/example_bash_operator.py for tasks to queue
[2024-07-23T20:33:07.781+0000] {logging_mixin.py:137} INFO - [2024-07-23T20:33:07.781+0000] {dagbag.py:538} INFO - Filling up the DagBag from /home/airflow/.local/lib/python3.7/site-packages/airflow/example_dags/example_bash_operator.py
[2024-07-23T20:33:07.794+0000] {processor.py:753} INFO - DAG(s) dict_keys(['example_bash_operator']) retrieved from /home/airflow/.local/lib/python3.7/site-packages/airflow/example_dags/example_bash_operator.py
[2024-07-23T20:33:07.819+0000] {logging_mixin.py:137} INFO - [2024-07-23T20:33:07.819+0000] {dag.py:2690} INFO - Sync 1 DAGs
[2024-07-23T20:33:07.838+0000] {logging_mixin.py:137} INFO - [2024-07-23T20:33:07.838+0000] {dag.py:3441} INFO - Setting next_dagrun for example_bash_operator to 2024-07-22T00:00:00+00:00, run_after=2024-07-23T00:00:00+00:00
[2024-07-23T20:33:07.852+0000] {processor.py:175} INFO - Processing /home/airflow/.local/lib/python3.7/site-packages/airflow/example_dags/example_bash_operator.py took 0.073 seconds
[2024-07-23T20:33:38.399+0000] {processor.py:153} INFO - Started process (PID=573) to work on /home/airflow/.local/lib/python3.7/site-packages/airflow/example_dags/example_bash_operator.py
[2024-07-23T20:33:38.400+0000] {processor.py:743} INFO - Processing file /home/airflow/.local/lib/python3.7/site-packages/airflow/example_dags/example_bash_operator.py for tasks to queue
[2024-07-23T20:33:38.400+0000] {logging_mixin.py:137} INFO - [2024-07-23T20:33:38.400+0000] {dagbag.py:538} INFO - Filling up the DagBag from /home/airflow/.local/lib/python3.7/site-packages/airflow/example_dags/example_bash_operator.py
[2024-07-23T20:33:38.411+0000] {processor.py:753} INFO - DAG(s) dict_keys(['example_bash_operator']) retrieved from /home/airflow/.local/lib/python3.7/site-packages/airflow/example_dags/example_bash_operator.py
[2024-07-23T20:33:38.427+0000] {logging_mixin.py:137} INFO - [2024-07-23T20:33:38.427+0000] {dag.py:2690} INFO - Sync 1 DAGs
[2024-07-23T20:33:38.440+0000] {logging_mixin.py:137} INFO - [2024-07-23T20:33:38.440+0000] {dag.py:3441} INFO - Setting next_dagrun for example_bash_operator to 2024-07-22T00:00:00+00:00, run_after=2024-07-23T00:00:00+00:00
[2024-07-23T20:33:38.455+0000] {processor.py:175} INFO - Processing /home/airflow/.local/lib/python3.7/site-packages/airflow/example_dags/example_bash_operator.py took 0.058 seconds
[2024-07-23T20:34:09.080+0000] {processor.py:153} INFO - Started process (PID=660) to work on /home/airflow/.local/lib/python3.7/site-packages/airflow/example_dags/example_bash_operator.py
[2024-07-23T20:34:09.081+0000] {processor.py:743} INFO - Processing file /home/airflow/.local/lib/python3.7/site-packages/airflow/example_dags/example_bash_operator.py for tasks to queue
[2024-07-23T20:34:09.081+0000] {logging_mixin.py:137} INFO - [2024-07-23T20:34:09.081+0000] {dagbag.py:538} INFO - Filling up the DagBag from /home/airflow/.local/lib/python3.7/site-packages/airflow/example_dags/example_bash_operator.py
[2024-07-23T20:34:09.094+0000] {processor.py:753} INFO - DAG(s) dict_keys(['example_bash_operator']) retrieved from /home/airflow/.local/lib/python3.7/site-packages/airflow/example_dags/example_bash_operator.py
[2024-07-23T20:34:09.115+0000] {logging_mixin.py:137} INFO - [2024-07-23T20:34:09.115+0000] {dag.py:2690} INFO - Sync 1 DAGs
[2024-07-23T20:34:09.128+0000] {logging_mixin.py:137} INFO - [2024-07-23T20:34:09.128+0000] {dag.py:3441} INFO - Setting next_dagrun for example_bash_operator to 2024-07-22T00:00:00+00:00, run_after=2024-07-23T00:00:00+00:00
[2024-07-23T20:34:09.141+0000] {processor.py:175} INFO - Processing /home/airflow/.local/lib/python3.7/site-packages/airflow/example_dags/example_bash_operator.py took 0.063 seconds
[2024-07-23T20:34:39.706+0000] {processor.py:153} INFO - Started process (PID=731) to work on /home/airflow/.local/lib/python3.7/site-packages/airflow/example_dags/example_bash_operator.py
[2024-07-23T20:34:39.708+0000] {processor.py:743} INFO - Processing file /home/airflow/.local/lib/python3.7/site-packages/airflow/example_dags/example_bash_operator.py for tasks to queue
[2024-07-23T20:34:39.709+0000] {logging_mixin.py:137} INFO - [2024-07-23T20:34:39.709+0000] {dagbag.py:538} INFO - Filling up the DagBag from /home/airflow/.local/lib/python3.7/site-packages/airflow/example_dags/example_bash_operator.py
[2024-07-23T20:34:39.721+0000] {processor.py:753} INFO - DAG(s) dict_keys(['example_bash_operator']) retrieved from /home/airflow/.local/lib/python3.7/site-packages/airflow/example_dags/example_bash_operator.py
[2024-07-23T20:34:39.740+0000] {logging_mixin.py:137} INFO - [2024-07-23T20:34:39.740+0000] {dag.py:2690} INFO - Sync 1 DAGs
[2024-07-23T20:34:39.754+0000] {logging_mixin.py:137} INFO - [2024-07-23T20:34:39.753+0000] {dag.py:3441} INFO - Setting next_dagrun for example_bash_operator to 2024-07-22T00:00:00+00:00, run_after=2024-07-23T00:00:00+00:00
[2024-07-23T20:34:39.770+0000] {processor.py:175} INFO - Processing /home/airflow/.local/lib/python3.7/site-packages/airflow/example_dags/example_bash_operator.py took 0.066 seconds
[2024-07-23T20:35:10.270+0000] {processor.py:153} INFO - Started process (PID=818) to work on /home/airflow/.local/lib/python3.7/site-packages/airflow/example_dags/example_bash_operator.py
[2024-07-23T20:35:10.270+0000] {processor.py:743} INFO - Processing file /home/airflow/.local/lib/python3.7/site-packages/airflow/example_dags/example_bash_operator.py for tasks to queue
[2024-07-23T20:35:10.271+0000] {logging_mixin.py:137} INFO - [2024-07-23T20:35:10.271+0000] {dagbag.py:538} INFO - Filling up the DagBag from /home/airflow/.local/lib/python3.7/site-packages/airflow/example_dags/example_bash_operator.py
[2024-07-23T20:35:10.284+0000] {processor.py:753} INFO - DAG(s) dict_keys(['example_bash_operator']) retrieved from /home/airflow/.local/lib/python3.7/site-packages/airflow/example_dags/example_bash_operator.py
[2024-07-23T20:35:10.303+0000] {logging_mixin.py:137} INFO - [2024-07-23T20:35:10.303+0000] {dag.py:2690} INFO - Sync 1 DAGs
[2024-07-23T20:35:10.318+0000] {logging_mixin.py:137} INFO - [2024-07-23T20:35:10.318+0000] {dag.py:3441} INFO - Setting next_dagrun for example_bash_operator to 2024-07-22T00:00:00+00:00, run_after=2024-07-23T00:00:00+00:00
[2024-07-23T20:35:10.330+0000] {processor.py:175} INFO - Processing /home/airflow/.local/lib/python3.7/site-packages/airflow/example_dags/example_bash_operator.py took 0.062 seconds
[2024-07-23T20:35:40.801+0000] {processor.py:153} INFO - Started process (PID=905) to work on /home/airflow/.local/lib/python3.7/site-packages/airflow/example_dags/example_bash_operator.py
[2024-07-23T20:35:40.801+0000] {processor.py:743} INFO - Processing file /home/airflow/.local/lib/python3.7/site-packages/airflow/example_dags/example_bash_operator.py for tasks to queue
[2024-07-23T20:35:40.801+0000] {logging_mixin.py:137} INFO - [2024-07-23T20:35:40.801+0000] {dagbag.py:538} INFO - Filling up the DagBag from /home/airflow/.local/lib/python3.7/site-packages/airflow/example_dags/example_bash_operator.py
[2024-07-23T20:35:40.811+0000] {processor.py:753} INFO - DAG(s) dict_keys(['example_bash_operator']) retrieved from /home/airflow/.local/lib/python3.7/site-packages/airflow/example_dags/example_bash_operator.py
[2024-07-23T20:35:40.832+0000] {logging_mixin.py:137} INFO - [2024-07-23T20:35:40.832+0000] {dag.py:2690} INFO - Sync 1 DAGs
[2024-07-23T20:35:40.844+0000] {logging_mixin.py:137} INFO - [2024-07-23T20:35:40.844+0000] {dag.py:3441} INFO - Setting next_dagrun for example_bash_operator to 2024-07-22T00:00:00+00:00, run_after=2024-07-23T00:00:00+00:00
[2024-07-23T20:35:40.854+0000] {processor.py:175} INFO - Processing /home/airflow/.local/lib/python3.7/site-packages/airflow/example_dags/example_bash_operator.py took 0.055 seconds
[2024-07-23T20:36:11.404+0000] {processor.py:153} INFO - Started process (PID=992) to work on /home/airflow/.local/lib/python3.7/site-packages/airflow/example_dags/example_bash_operator.py
[2024-07-23T20:36:11.405+0000] {processor.py:743} INFO - Processing file /home/airflow/.local/lib/python3.7/site-packages/airflow/example_dags/example_bash_operator.py for tasks to queue
[2024-07-23T20:36:11.405+0000] {logging_mixin.py:137} INFO - [2024-07-23T20:36:11.405+0000] {dagbag.py:538} INFO - Filling up the DagBag from /home/airflow/.local/lib/python3.7/site-packages/airflow/example_dags/example_bash_operator.py
[2024-07-23T20:36:11.416+0000] {processor.py:753} INFO - DAG(s) dict_keys(['example_bash_operator']) retrieved from /home/airflow/.local/lib/python3.7/site-packages/airflow/example_dags/example_bash_operator.py
[2024-07-23T20:36:11.433+0000] {logging_mixin.py:137} INFO - [2024-07-23T20:36:11.433+0000] {dag.py:2690} INFO - Sync 1 DAGs
[2024-07-23T20:36:11.446+0000] {logging_mixin.py:137} INFO - [2024-07-23T20:36:11.445+0000] {dag.py:3441} INFO - Setting next_dagrun for example_bash_operator to 2024-07-22T00:00:00+00:00, run_after=2024-07-23T00:00:00+00:00
[2024-07-23T20:36:11.453+0000] {processor.py:175} INFO - Processing /home/airflow/.local/lib/python3.7/site-packages/airflow/example_dags/example_bash_operator.py took 0.051 seconds
