[2024-07-23T20:30:32.549+0000] {processor.py:153} INFO - Started process (PID=66) to work on /home/airflow/.local/lib/python3.7/site-packages/airflow/example_dags/example_python_operator.py
[2024-07-23T20:30:32.550+0000] {processor.py:743} INFO - Processing file /home/airflow/.local/lib/python3.7/site-packages/airflow/example_dags/example_python_operator.py for tasks to queue
[2024-07-23T20:30:32.552+0000] {logging_mixin.py:137} INFO - [2024-07-23T20:30:32.551+0000] {dagbag.py:538} INFO - Filling up the DagBag from /home/airflow/.local/lib/python3.7/site-packages/airflow/example_dags/example_python_operator.py
[2024-07-23T20:30:32.575+0000] {logging_mixin.py:137} INFO - [2024-07-23T20:30:32.574+0000] {taskmixin.py:205} WARNING - Dependency <Task(_PythonDecoratedOperator): print_the_context>, log_sql_query already registered for DAG: example_python_operator
[2024-07-23T20:30:32.576+0000] {logging_mixin.py:137} INFO - [2024-07-23T20:30:32.576+0000] {taskmixin.py:205} WARNING - Dependency <Task(_PythonDecoratedOperator): log_sql_query>, print_the_context already registered for DAG: example_python_operator
[2024-07-23T20:30:32.578+0000] {logging_mixin.py:137} INFO - [2024-07-23T20:30:32.578+0000] {taskmixin.py:205} WARNING - Dependency <Task(_PythonDecoratedOperator): print_the_context>, log_sql_query already registered for DAG: example_python_operator
[2024-07-23T20:30:32.580+0000] {logging_mixin.py:137} INFO - [2024-07-23T20:30:32.579+0000] {taskmixin.py:205} WARNING - Dependency <Task(_PythonDecoratedOperator): log_sql_query>, print_the_context already registered for DAG: example_python_operator
[2024-07-23T20:30:32.581+0000] {logging_mixin.py:137} INFO - [2024-07-23T20:30:32.581+0000] {taskmixin.py:205} WARNING - Dependency <Task(_PythonDecoratedOperator): print_the_context>, log_sql_query already registered for DAG: example_python_operator
[2024-07-23T20:30:32.583+0000] {logging_mixin.py:137} INFO - [2024-07-23T20:30:32.583+0000] {taskmixin.py:205} WARNING - Dependency <Task(_PythonDecoratedOperator): log_sql_query>, print_the_context already registered for DAG: example_python_operator
[2024-07-23T20:30:32.584+0000] {logging_mixin.py:137} INFO - [2024-07-23T20:30:32.584+0000] {taskmixin.py:205} WARNING - Dependency <Task(_PythonDecoratedOperator): print_the_context>, log_sql_query already registered for DAG: example_python_operator
[2024-07-23T20:30:32.585+0000] {logging_mixin.py:137} INFO - [2024-07-23T20:30:32.584+0000] {taskmixin.py:205} WARNING - Dependency <Task(_PythonDecoratedOperator): log_sql_query>, print_the_context already registered for DAG: example_python_operator
[2024-07-23T20:30:32.593+0000] {processor.py:753} INFO - DAG(s) dict_keys(['example_python_operator']) retrieved from /home/airflow/.local/lib/python3.7/site-packages/airflow/example_dags/example_python_operator.py
[2024-07-23T20:30:32.725+0000] {logging_mixin.py:137} INFO - [2024-07-23T20:30:32.725+0000] {manager.py:504} INFO - Created Permission View: can read on DAG:example_python_operator
[2024-07-23T20:30:32.739+0000] {logging_mixin.py:137} INFO - [2024-07-23T20:30:32.738+0000] {manager.py:504} INFO - Created Permission View: can delete on DAG:example_python_operator
[2024-07-23T20:30:32.765+0000] {logging_mixin.py:137} INFO - [2024-07-23T20:30:32.765+0000] {manager.py:504} INFO - Created Permission View: can edit on DAG:example_python_operator
[2024-07-23T20:30:32.767+0000] {logging_mixin.py:137} INFO - [2024-07-23T20:30:32.766+0000] {dag.py:2690} INFO - Sync 1 DAGs
[2024-07-23T20:30:32.796+0000] {logging_mixin.py:137} INFO - [2024-07-23T20:30:32.796+0000] {dag.py:2711} INFO - Creating ORM DAG for example_python_operator
[2024-07-23T20:30:32.815+0000] {logging_mixin.py:137} INFO - [2024-07-23T20:30:32.815+0000] {dag.py:3441} INFO - Setting next_dagrun for example_python_operator to None, run_after=None
[2024-07-23T20:30:32.841+0000] {processor.py:175} INFO - Processing /home/airflow/.local/lib/python3.7/site-packages/airflow/example_dags/example_python_operator.py took 0.300 seconds
[2024-07-23T20:31:03.759+0000] {processor.py:153} INFO - Started process (PID=144) to work on /home/airflow/.local/lib/python3.7/site-packages/airflow/example_dags/example_python_operator.py
[2024-07-23T20:31:03.760+0000] {processor.py:743} INFO - Processing file /home/airflow/.local/lib/python3.7/site-packages/airflow/example_dags/example_python_operator.py for tasks to queue
[2024-07-23T20:31:03.760+0000] {logging_mixin.py:137} INFO - [2024-07-23T20:31:03.760+0000] {dagbag.py:538} INFO - Filling up the DagBag from /home/airflow/.local/lib/python3.7/site-packages/airflow/example_dags/example_python_operator.py
[2024-07-23T20:31:03.771+0000] {logging_mixin.py:137} INFO - [2024-07-23T20:31:03.771+0000] {taskmixin.py:205} WARNING - Dependency <Task(_PythonDecoratedOperator): print_the_context>, log_sql_query already registered for DAG: example_python_operator
[2024-07-23T20:31:03.772+0000] {logging_mixin.py:137} INFO - [2024-07-23T20:31:03.772+0000] {taskmixin.py:205} WARNING - Dependency <Task(_PythonDecoratedOperator): log_sql_query>, print_the_context already registered for DAG: example_python_operator
[2024-07-23T20:31:03.772+0000] {logging_mixin.py:137} INFO - [2024-07-23T20:31:03.772+0000] {taskmixin.py:205} WARNING - Dependency <Task(_PythonDecoratedOperator): print_the_context>, log_sql_query already registered for DAG: example_python_operator
[2024-07-23T20:31:03.772+0000] {logging_mixin.py:137} INFO - [2024-07-23T20:31:03.772+0000] {taskmixin.py:205} WARNING - Dependency <Task(_PythonDecoratedOperator): log_sql_query>, print_the_context already registered for DAG: example_python_operator
[2024-07-23T20:31:03.772+0000] {logging_mixin.py:137} INFO - [2024-07-23T20:31:03.772+0000] {taskmixin.py:205} WARNING - Dependency <Task(_PythonDecoratedOperator): print_the_context>, log_sql_query already registered for DAG: example_python_operator
[2024-07-23T20:31:03.773+0000] {logging_mixin.py:137} INFO - [2024-07-23T20:31:03.773+0000] {taskmixin.py:205} WARNING - Dependency <Task(_PythonDecoratedOperator): log_sql_query>, print_the_context already registered for DAG: example_python_operator
[2024-07-23T20:31:03.773+0000] {logging_mixin.py:137} INFO - [2024-07-23T20:31:03.773+0000] {taskmixin.py:205} WARNING - Dependency <Task(_PythonDecoratedOperator): print_the_context>, log_sql_query already registered for DAG: example_python_operator
[2024-07-23T20:31:03.774+0000] {logging_mixin.py:137} INFO - [2024-07-23T20:31:03.774+0000] {taskmixin.py:205} WARNING - Dependency <Task(_PythonDecoratedOperator): log_sql_query>, print_the_context already registered for DAG: example_python_operator
[2024-07-23T20:31:03.777+0000] {processor.py:753} INFO - DAG(s) dict_keys(['example_python_operator']) retrieved from /home/airflow/.local/lib/python3.7/site-packages/airflow/example_dags/example_python_operator.py
[2024-07-23T20:31:03.792+0000] {logging_mixin.py:137} INFO - [2024-07-23T20:31:03.792+0000] {dag.py:2690} INFO - Sync 1 DAGs
[2024-07-23T20:31:03.808+0000] {logging_mixin.py:137} INFO - [2024-07-23T20:31:03.808+0000] {dag.py:3441} INFO - Setting next_dagrun for example_python_operator to None, run_after=None
[2024-07-23T20:31:03.822+0000] {processor.py:175} INFO - Processing /home/airflow/.local/lib/python3.7/site-packages/airflow/example_dags/example_python_operator.py took 0.066 seconds
[2024-07-23T20:31:34.282+0000] {processor.py:153} INFO - Started process (PID=231) to work on /home/airflow/.local/lib/python3.7/site-packages/airflow/example_dags/example_python_operator.py
[2024-07-23T20:31:34.283+0000] {processor.py:743} INFO - Processing file /home/airflow/.local/lib/python3.7/site-packages/airflow/example_dags/example_python_operator.py for tasks to queue
[2024-07-23T20:31:34.284+0000] {logging_mixin.py:137} INFO - [2024-07-23T20:31:34.284+0000] {dagbag.py:538} INFO - Filling up the DagBag from /home/airflow/.local/lib/python3.7/site-packages/airflow/example_dags/example_python_operator.py
[2024-07-23T20:31:34.303+0000] {logging_mixin.py:137} INFO - [2024-07-23T20:31:34.303+0000] {taskmixin.py:205} WARNING - Dependency <Task(_PythonDecoratedOperator): print_the_context>, log_sql_query already registered for DAG: example_python_operator
[2024-07-23T20:31:34.306+0000] {logging_mixin.py:137} INFO - [2024-07-23T20:31:34.306+0000] {taskmixin.py:205} WARNING - Dependency <Task(_PythonDecoratedOperator): log_sql_query>, print_the_context already registered for DAG: example_python_operator
[2024-07-23T20:31:34.309+0000] {logging_mixin.py:137} INFO - [2024-07-23T20:31:34.308+0000] {taskmixin.py:205} WARNING - Dependency <Task(_PythonDecoratedOperator): print_the_context>, log_sql_query already registered for DAG: example_python_operator
[2024-07-23T20:31:34.309+0000] {logging_mixin.py:137} INFO - [2024-07-23T20:31:34.309+0000] {taskmixin.py:205} WARNING - Dependency <Task(_PythonDecoratedOperator): log_sql_query>, print_the_context already registered for DAG: example_python_operator
[2024-07-23T20:31:34.309+0000] {logging_mixin.py:137} INFO - [2024-07-23T20:31:34.309+0000] {taskmixin.py:205} WARNING - Dependency <Task(_PythonDecoratedOperator): print_the_context>, log_sql_query already registered for DAG: example_python_operator
[2024-07-23T20:31:34.310+0000] {logging_mixin.py:137} INFO - [2024-07-23T20:31:34.309+0000] {taskmixin.py:205} WARNING - Dependency <Task(_PythonDecoratedOperator): log_sql_query>, print_the_context already registered for DAG: example_python_operator
[2024-07-23T20:31:34.310+0000] {logging_mixin.py:137} INFO - [2024-07-23T20:31:34.310+0000] {taskmixin.py:205} WARNING - Dependency <Task(_PythonDecoratedOperator): print_the_context>, log_sql_query already registered for DAG: example_python_operator
[2024-07-23T20:31:34.311+0000] {logging_mixin.py:137} INFO - [2024-07-23T20:31:34.310+0000] {taskmixin.py:205} WARNING - Dependency <Task(_PythonDecoratedOperator): log_sql_query>, print_the_context already registered for DAG: example_python_operator
[2024-07-23T20:31:34.315+0000] {processor.py:753} INFO - DAG(s) dict_keys(['example_python_operator']) retrieved from /home/airflow/.local/lib/python3.7/site-packages/airflow/example_dags/example_python_operator.py
[2024-07-23T20:31:34.331+0000] {logging_mixin.py:137} INFO - [2024-07-23T20:31:34.331+0000] {dag.py:2690} INFO - Sync 1 DAGs
[2024-07-23T20:31:34.349+0000] {logging_mixin.py:137} INFO - [2024-07-23T20:31:34.349+0000] {dag.py:3441} INFO - Setting next_dagrun for example_python_operator to None, run_after=None
[2024-07-23T20:31:34.363+0000] {processor.py:175} INFO - Processing /home/airflow/.local/lib/python3.7/site-packages/airflow/example_dags/example_python_operator.py took 0.086 seconds
[2024-07-23T20:32:05.035+0000] {processor.py:153} INFO - Started process (PID=318) to work on /home/airflow/.local/lib/python3.7/site-packages/airflow/example_dags/example_python_operator.py
[2024-07-23T20:32:05.035+0000] {processor.py:743} INFO - Processing file /home/airflow/.local/lib/python3.7/site-packages/airflow/example_dags/example_python_operator.py for tasks to queue
[2024-07-23T20:32:05.036+0000] {logging_mixin.py:137} INFO - [2024-07-23T20:32:05.036+0000] {dagbag.py:538} INFO - Filling up the DagBag from /home/airflow/.local/lib/python3.7/site-packages/airflow/example_dags/example_python_operator.py
[2024-07-23T20:32:05.051+0000] {logging_mixin.py:137} INFO - [2024-07-23T20:32:05.050+0000] {taskmixin.py:205} WARNING - Dependency <Task(_PythonDecoratedOperator): print_the_context>, log_sql_query already registered for DAG: example_python_operator
[2024-07-23T20:32:05.052+0000] {logging_mixin.py:137} INFO - [2024-07-23T20:32:05.052+0000] {taskmixin.py:205} WARNING - Dependency <Task(_PythonDecoratedOperator): log_sql_query>, print_the_context already registered for DAG: example_python_operator
[2024-07-23T20:32:05.053+0000] {logging_mixin.py:137} INFO - [2024-07-23T20:32:05.053+0000] {taskmixin.py:205} WARNING - Dependency <Task(_PythonDecoratedOperator): print_the_context>, log_sql_query already registered for DAG: example_python_operator
[2024-07-23T20:32:05.053+0000] {logging_mixin.py:137} INFO - [2024-07-23T20:32:05.053+0000] {taskmixin.py:205} WARNING - Dependency <Task(_PythonDecoratedOperator): log_sql_query>, print_the_context already registered for DAG: example_python_operator
[2024-07-23T20:32:05.054+0000] {logging_mixin.py:137} INFO - [2024-07-23T20:32:05.054+0000] {taskmixin.py:205} WARNING - Dependency <Task(_PythonDecoratedOperator): print_the_context>, log_sql_query already registered for DAG: example_python_operator
[2024-07-23T20:32:05.054+0000] {logging_mixin.py:137} INFO - [2024-07-23T20:32:05.054+0000] {taskmixin.py:205} WARNING - Dependency <Task(_PythonDecoratedOperator): log_sql_query>, print_the_context already registered for DAG: example_python_operator
[2024-07-23T20:32:05.054+0000] {logging_mixin.py:137} INFO - [2024-07-23T20:32:05.054+0000] {taskmixin.py:205} WARNING - Dependency <Task(_PythonDecoratedOperator): print_the_context>, log_sql_query already registered for DAG: example_python_operator
[2024-07-23T20:32:05.054+0000] {logging_mixin.py:137} INFO - [2024-07-23T20:32:05.054+0000] {taskmixin.py:205} WARNING - Dependency <Task(_PythonDecoratedOperator): log_sql_query>, print_the_context already registered for DAG: example_python_operator
[2024-07-23T20:32:05.058+0000] {processor.py:753} INFO - DAG(s) dict_keys(['example_python_operator']) retrieved from /home/airflow/.local/lib/python3.7/site-packages/airflow/example_dags/example_python_operator.py
[2024-07-23T20:32:05.077+0000] {logging_mixin.py:137} INFO - [2024-07-23T20:32:05.077+0000] {dag.py:2690} INFO - Sync 1 DAGs
[2024-07-23T20:32:05.089+0000] {logging_mixin.py:137} INFO - [2024-07-23T20:32:05.089+0000] {dag.py:3441} INFO - Setting next_dagrun for example_python_operator to None, run_after=None
[2024-07-23T20:32:05.103+0000] {processor.py:175} INFO - Processing /home/airflow/.local/lib/python3.7/site-packages/airflow/example_dags/example_python_operator.py took 0.072 seconds
[2024-07-23T20:32:35.668+0000] {processor.py:153} INFO - Started process (PID=389) to work on /home/airflow/.local/lib/python3.7/site-packages/airflow/example_dags/example_python_operator.py
[2024-07-23T20:32:35.670+0000] {processor.py:743} INFO - Processing file /home/airflow/.local/lib/python3.7/site-packages/airflow/example_dags/example_python_operator.py for tasks to queue
[2024-07-23T20:32:35.671+0000] {logging_mixin.py:137} INFO - [2024-07-23T20:32:35.671+0000] {dagbag.py:538} INFO - Filling up the DagBag from /home/airflow/.local/lib/python3.7/site-packages/airflow/example_dags/example_python_operator.py
[2024-07-23T20:32:35.686+0000] {logging_mixin.py:137} INFO - [2024-07-23T20:32:35.686+0000] {taskmixin.py:205} WARNING - Dependency <Task(_PythonDecoratedOperator): print_the_context>, log_sql_query already registered for DAG: example_python_operator
[2024-07-23T20:32:35.688+0000] {logging_mixin.py:137} INFO - [2024-07-23T20:32:35.688+0000] {taskmixin.py:205} WARNING - Dependency <Task(_PythonDecoratedOperator): log_sql_query>, print_the_context already registered for DAG: example_python_operator
[2024-07-23T20:32:35.689+0000] {logging_mixin.py:137} INFO - [2024-07-23T20:32:35.689+0000] {taskmixin.py:205} WARNING - Dependency <Task(_PythonDecoratedOperator): print_the_context>, log_sql_query already registered for DAG: example_python_operator
[2024-07-23T20:32:35.689+0000] {logging_mixin.py:137} INFO - [2024-07-23T20:32:35.689+0000] {taskmixin.py:205} WARNING - Dependency <Task(_PythonDecoratedOperator): log_sql_query>, print_the_context already registered for DAG: example_python_operator
[2024-07-23T20:32:35.689+0000] {logging_mixin.py:137} INFO - [2024-07-23T20:32:35.689+0000] {taskmixin.py:205} WARNING - Dependency <Task(_PythonDecoratedOperator): print_the_context>, log_sql_query already registered for DAG: example_python_operator
[2024-07-23T20:32:35.690+0000] {logging_mixin.py:137} INFO - [2024-07-23T20:32:35.690+0000] {taskmixin.py:205} WARNING - Dependency <Task(_PythonDecoratedOperator): log_sql_query>, print_the_context already registered for DAG: example_python_operator
[2024-07-23T20:32:35.691+0000] {logging_mixin.py:137} INFO - [2024-07-23T20:32:35.691+0000] {taskmixin.py:205} WARNING - Dependency <Task(_PythonDecoratedOperator): print_the_context>, log_sql_query already registered for DAG: example_python_operator
[2024-07-23T20:32:35.691+0000] {logging_mixin.py:137} INFO - [2024-07-23T20:32:35.691+0000] {taskmixin.py:205} WARNING - Dependency <Task(_PythonDecoratedOperator): log_sql_query>, print_the_context already registered for DAG: example_python_operator
[2024-07-23T20:32:35.697+0000] {processor.py:753} INFO - DAG(s) dict_keys(['example_python_operator']) retrieved from /home/airflow/.local/lib/python3.7/site-packages/airflow/example_dags/example_python_operator.py
[2024-07-23T20:32:35.711+0000] {logging_mixin.py:137} INFO - [2024-07-23T20:32:35.711+0000] {dag.py:2690} INFO - Sync 1 DAGs
[2024-07-23T20:32:35.723+0000] {logging_mixin.py:137} INFO - [2024-07-23T20:32:35.723+0000] {dag.py:3441} INFO - Setting next_dagrun for example_python_operator to None, run_after=None
[2024-07-23T20:32:35.736+0000] {processor.py:175} INFO - Processing /home/airflow/.local/lib/python3.7/site-packages/airflow/example_dags/example_python_operator.py took 0.071 seconds
[2024-07-23T20:33:06.385+0000] {processor.py:153} INFO - Started process (PID=475) to work on /home/airflow/.local/lib/python3.7/site-packages/airflow/example_dags/example_python_operator.py
[2024-07-23T20:33:06.387+0000] {processor.py:743} INFO - Processing file /home/airflow/.local/lib/python3.7/site-packages/airflow/example_dags/example_python_operator.py for tasks to queue
[2024-07-23T20:33:06.387+0000] {logging_mixin.py:137} INFO - [2024-07-23T20:33:06.387+0000] {dagbag.py:538} INFO - Filling up the DagBag from /home/airflow/.local/lib/python3.7/site-packages/airflow/example_dags/example_python_operator.py
[2024-07-23T20:33:06.397+0000] {logging_mixin.py:137} INFO - [2024-07-23T20:33:06.397+0000] {taskmixin.py:205} WARNING - Dependency <Task(_PythonDecoratedOperator): print_the_context>, log_sql_query already registered for DAG: example_python_operator
[2024-07-23T20:33:06.401+0000] {logging_mixin.py:137} INFO - [2024-07-23T20:33:06.401+0000] {taskmixin.py:205} WARNING - Dependency <Task(_PythonDecoratedOperator): log_sql_query>, print_the_context already registered for DAG: example_python_operator
[2024-07-23T20:33:06.402+0000] {logging_mixin.py:137} INFO - [2024-07-23T20:33:06.402+0000] {taskmixin.py:205} WARNING - Dependency <Task(_PythonDecoratedOperator): print_the_context>, log_sql_query already registered for DAG: example_python_operator
[2024-07-23T20:33:06.404+0000] {logging_mixin.py:137} INFO - [2024-07-23T20:33:06.404+0000] {taskmixin.py:205} WARNING - Dependency <Task(_PythonDecoratedOperator): log_sql_query>, print_the_context already registered for DAG: example_python_operator
[2024-07-23T20:33:06.404+0000] {logging_mixin.py:137} INFO - [2024-07-23T20:33:06.404+0000] {taskmixin.py:205} WARNING - Dependency <Task(_PythonDecoratedOperator): print_the_context>, log_sql_query already registered for DAG: example_python_operator
[2024-07-23T20:33:06.404+0000] {logging_mixin.py:137} INFO - [2024-07-23T20:33:06.404+0000] {taskmixin.py:205} WARNING - Dependency <Task(_PythonDecoratedOperator): log_sql_query>, print_the_context already registered for DAG: example_python_operator
[2024-07-23T20:33:06.404+0000] {logging_mixin.py:137} INFO - [2024-07-23T20:33:06.404+0000] {taskmixin.py:205} WARNING - Dependency <Task(_PythonDecoratedOperator): print_the_context>, log_sql_query already registered for DAG: example_python_operator
[2024-07-23T20:33:06.405+0000] {logging_mixin.py:137} INFO - [2024-07-23T20:33:06.405+0000] {taskmixin.py:205} WARNING - Dependency <Task(_PythonDecoratedOperator): log_sql_query>, print_the_context already registered for DAG: example_python_operator
[2024-07-23T20:33:06.408+0000] {processor.py:753} INFO - DAG(s) dict_keys(['example_python_operator']) retrieved from /home/airflow/.local/lib/python3.7/site-packages/airflow/example_dags/example_python_operator.py
[2024-07-23T20:33:06.423+0000] {logging_mixin.py:137} INFO - [2024-07-23T20:33:06.423+0000] {dag.py:2690} INFO - Sync 1 DAGs
[2024-07-23T20:33:06.441+0000] {logging_mixin.py:137} INFO - [2024-07-23T20:33:06.441+0000] {dag.py:3441} INFO - Setting next_dagrun for example_python_operator to None, run_after=None
[2024-07-23T20:33:06.450+0000] {processor.py:175} INFO - Processing /home/airflow/.local/lib/python3.7/site-packages/airflow/example_dags/example_python_operator.py took 0.067 seconds
[2024-07-23T20:33:37.022+0000] {processor.py:153} INFO - Started process (PID=562) to work on /home/airflow/.local/lib/python3.7/site-packages/airflow/example_dags/example_python_operator.py
[2024-07-23T20:33:37.023+0000] {processor.py:743} INFO - Processing file /home/airflow/.local/lib/python3.7/site-packages/airflow/example_dags/example_python_operator.py for tasks to queue
[2024-07-23T20:33:37.023+0000] {logging_mixin.py:137} INFO - [2024-07-23T20:33:37.023+0000] {dagbag.py:538} INFO - Filling up the DagBag from /home/airflow/.local/lib/python3.7/site-packages/airflow/example_dags/example_python_operator.py
[2024-07-23T20:33:37.037+0000] {logging_mixin.py:137} INFO - [2024-07-23T20:33:37.036+0000] {taskmixin.py:205} WARNING - Dependency <Task(_PythonDecoratedOperator): print_the_context>, log_sql_query already registered for DAG: example_python_operator
[2024-07-23T20:33:37.037+0000] {logging_mixin.py:137} INFO - [2024-07-23T20:33:37.037+0000] {taskmixin.py:205} WARNING - Dependency <Task(_PythonDecoratedOperator): log_sql_query>, print_the_context already registered for DAG: example_python_operator
[2024-07-23T20:33:37.039+0000] {logging_mixin.py:137} INFO - [2024-07-23T20:33:37.039+0000] {taskmixin.py:205} WARNING - Dependency <Task(_PythonDecoratedOperator): print_the_context>, log_sql_query already registered for DAG: example_python_operator
[2024-07-23T20:33:37.042+0000] {logging_mixin.py:137} INFO - [2024-07-23T20:33:37.042+0000] {taskmixin.py:205} WARNING - Dependency <Task(_PythonDecoratedOperator): log_sql_query>, print_the_context already registered for DAG: example_python_operator
[2024-07-23T20:33:37.044+0000] {logging_mixin.py:137} INFO - [2024-07-23T20:33:37.044+0000] {taskmixin.py:205} WARNING - Dependency <Task(_PythonDecoratedOperator): print_the_context>, log_sql_query already registered for DAG: example_python_operator
[2024-07-23T20:33:37.044+0000] {logging_mixin.py:137} INFO - [2024-07-23T20:33:37.044+0000] {taskmixin.py:205} WARNING - Dependency <Task(_PythonDecoratedOperator): log_sql_query>, print_the_context already registered for DAG: example_python_operator
[2024-07-23T20:33:37.045+0000] {logging_mixin.py:137} INFO - [2024-07-23T20:33:37.045+0000] {taskmixin.py:205} WARNING - Dependency <Task(_PythonDecoratedOperator): print_the_context>, log_sql_query already registered for DAG: example_python_operator
[2024-07-23T20:33:37.046+0000] {logging_mixin.py:137} INFO - [2024-07-23T20:33:37.046+0000] {taskmixin.py:205} WARNING - Dependency <Task(_PythonDecoratedOperator): log_sql_query>, print_the_context already registered for DAG: example_python_operator
[2024-07-23T20:33:37.050+0000] {processor.py:753} INFO - DAG(s) dict_keys(['example_python_operator']) retrieved from /home/airflow/.local/lib/python3.7/site-packages/airflow/example_dags/example_python_operator.py
[2024-07-23T20:33:37.065+0000] {logging_mixin.py:137} INFO - [2024-07-23T20:33:37.064+0000] {dag.py:2690} INFO - Sync 1 DAGs
[2024-07-23T20:33:37.076+0000] {logging_mixin.py:137} INFO - [2024-07-23T20:33:37.076+0000] {dag.py:3441} INFO - Setting next_dagrun for example_python_operator to None, run_after=None
[2024-07-23T20:33:37.090+0000] {processor.py:175} INFO - Processing /home/airflow/.local/lib/python3.7/site-packages/airflow/example_dags/example_python_operator.py took 0.070 seconds
[2024-07-23T20:34:07.687+0000] {processor.py:153} INFO - Started process (PID=649) to work on /home/airflow/.local/lib/python3.7/site-packages/airflow/example_dags/example_python_operator.py
[2024-07-23T20:34:07.688+0000] {processor.py:743} INFO - Processing file /home/airflow/.local/lib/python3.7/site-packages/airflow/example_dags/example_python_operator.py for tasks to queue
[2024-07-23T20:34:07.688+0000] {logging_mixin.py:137} INFO - [2024-07-23T20:34:07.688+0000] {dagbag.py:538} INFO - Filling up the DagBag from /home/airflow/.local/lib/python3.7/site-packages/airflow/example_dags/example_python_operator.py
[2024-07-23T20:34:07.703+0000] {logging_mixin.py:137} INFO - [2024-07-23T20:34:07.703+0000] {taskmixin.py:205} WARNING - Dependency <Task(_PythonDecoratedOperator): print_the_context>, log_sql_query already registered for DAG: example_python_operator
[2024-07-23T20:34:07.707+0000] {logging_mixin.py:137} INFO - [2024-07-23T20:34:07.707+0000] {taskmixin.py:205} WARNING - Dependency <Task(_PythonDecoratedOperator): log_sql_query>, print_the_context already registered for DAG: example_python_operator
[2024-07-23T20:34:07.708+0000] {logging_mixin.py:137} INFO - [2024-07-23T20:34:07.708+0000] {taskmixin.py:205} WARNING - Dependency <Task(_PythonDecoratedOperator): print_the_context>, log_sql_query already registered for DAG: example_python_operator
[2024-07-23T20:34:07.708+0000] {logging_mixin.py:137} INFO - [2024-07-23T20:34:07.708+0000] {taskmixin.py:205} WARNING - Dependency <Task(_PythonDecoratedOperator): log_sql_query>, print_the_context already registered for DAG: example_python_operator
[2024-07-23T20:34:07.709+0000] {logging_mixin.py:137} INFO - [2024-07-23T20:34:07.709+0000] {taskmixin.py:205} WARNING - Dependency <Task(_PythonDecoratedOperator): print_the_context>, log_sql_query already registered for DAG: example_python_operator
[2024-07-23T20:34:07.709+0000] {logging_mixin.py:137} INFO - [2024-07-23T20:34:07.709+0000] {taskmixin.py:205} WARNING - Dependency <Task(_PythonDecoratedOperator): log_sql_query>, print_the_context already registered for DAG: example_python_operator
[2024-07-23T20:34:07.709+0000] {logging_mixin.py:137} INFO - [2024-07-23T20:34:07.709+0000] {taskmixin.py:205} WARNING - Dependency <Task(_PythonDecoratedOperator): print_the_context>, log_sql_query already registered for DAG: example_python_operator
[2024-07-23T20:34:07.710+0000] {logging_mixin.py:137} INFO - [2024-07-23T20:34:07.710+0000] {taskmixin.py:205} WARNING - Dependency <Task(_PythonDecoratedOperator): log_sql_query>, print_the_context already registered for DAG: example_python_operator
[2024-07-23T20:34:07.713+0000] {processor.py:753} INFO - DAG(s) dict_keys(['example_python_operator']) retrieved from /home/airflow/.local/lib/python3.7/site-packages/airflow/example_dags/example_python_operator.py
[2024-07-23T20:34:07.729+0000] {logging_mixin.py:137} INFO - [2024-07-23T20:34:07.729+0000] {dag.py:2690} INFO - Sync 1 DAGs
[2024-07-23T20:34:07.743+0000] {logging_mixin.py:137} INFO - [2024-07-23T20:34:07.743+0000] {dag.py:3441} INFO - Setting next_dagrun for example_python_operator to None, run_after=None
[2024-07-23T20:34:07.753+0000] {processor.py:175} INFO - Processing /home/airflow/.local/lib/python3.7/site-packages/airflow/example_dags/example_python_operator.py took 0.068 seconds
[2024-07-23T20:34:38.289+0000] {processor.py:153} INFO - Started process (PID=720) to work on /home/airflow/.local/lib/python3.7/site-packages/airflow/example_dags/example_python_operator.py
[2024-07-23T20:34:38.290+0000] {processor.py:743} INFO - Processing file /home/airflow/.local/lib/python3.7/site-packages/airflow/example_dags/example_python_operator.py for tasks to queue
[2024-07-23T20:34:38.290+0000] {logging_mixin.py:137} INFO - [2024-07-23T20:34:38.290+0000] {dagbag.py:538} INFO - Filling up the DagBag from /home/airflow/.local/lib/python3.7/site-packages/airflow/example_dags/example_python_operator.py
[2024-07-23T20:34:38.305+0000] {logging_mixin.py:137} INFO - [2024-07-23T20:34:38.305+0000] {taskmixin.py:205} WARNING - Dependency <Task(_PythonDecoratedOperator): print_the_context>, log_sql_query already registered for DAG: example_python_operator
[2024-07-23T20:34:38.307+0000] {logging_mixin.py:137} INFO - [2024-07-23T20:34:38.307+0000] {taskmixin.py:205} WARNING - Dependency <Task(_PythonDecoratedOperator): log_sql_query>, print_the_context already registered for DAG: example_python_operator
[2024-07-23T20:34:38.309+0000] {logging_mixin.py:137} INFO - [2024-07-23T20:34:38.309+0000] {taskmixin.py:205} WARNING - Dependency <Task(_PythonDecoratedOperator): print_the_context>, log_sql_query already registered for DAG: example_python_operator
[2024-07-23T20:34:38.311+0000] {logging_mixin.py:137} INFO - [2024-07-23T20:34:38.311+0000] {taskmixin.py:205} WARNING - Dependency <Task(_PythonDecoratedOperator): log_sql_query>, print_the_context already registered for DAG: example_python_operator
[2024-07-23T20:34:38.312+0000] {logging_mixin.py:137} INFO - [2024-07-23T20:34:38.312+0000] {taskmixin.py:205} WARNING - Dependency <Task(_PythonDecoratedOperator): print_the_context>, log_sql_query already registered for DAG: example_python_operator
[2024-07-23T20:34:38.312+0000] {logging_mixin.py:137} INFO - [2024-07-23T20:34:38.312+0000] {taskmixin.py:205} WARNING - Dependency <Task(_PythonDecoratedOperator): log_sql_query>, print_the_context already registered for DAG: example_python_operator
[2024-07-23T20:34:38.313+0000] {logging_mixin.py:137} INFO - [2024-07-23T20:34:38.313+0000] {taskmixin.py:205} WARNING - Dependency <Task(_PythonDecoratedOperator): print_the_context>, log_sql_query already registered for DAG: example_python_operator
[2024-07-23T20:34:38.313+0000] {logging_mixin.py:137} INFO - [2024-07-23T20:34:38.313+0000] {taskmixin.py:205} WARNING - Dependency <Task(_PythonDecoratedOperator): log_sql_query>, print_the_context already registered for DAG: example_python_operator
[2024-07-23T20:34:38.319+0000] {processor.py:753} INFO - DAG(s) dict_keys(['example_python_operator']) retrieved from /home/airflow/.local/lib/python3.7/site-packages/airflow/example_dags/example_python_operator.py
[2024-07-23T20:34:38.332+0000] {logging_mixin.py:137} INFO - [2024-07-23T20:34:38.331+0000] {dag.py:2690} INFO - Sync 1 DAGs
[2024-07-23T20:34:38.343+0000] {logging_mixin.py:137} INFO - [2024-07-23T20:34:38.343+0000] {dag.py:3441} INFO - Setting next_dagrun for example_python_operator to None, run_after=None
[2024-07-23T20:34:38.353+0000] {processor.py:175} INFO - Processing /home/airflow/.local/lib/python3.7/site-packages/airflow/example_dags/example_python_operator.py took 0.068 seconds
[2024-07-23T20:35:08.833+0000] {processor.py:153} INFO - Started process (PID=807) to work on /home/airflow/.local/lib/python3.7/site-packages/airflow/example_dags/example_python_operator.py
[2024-07-23T20:35:08.834+0000] {processor.py:743} INFO - Processing file /home/airflow/.local/lib/python3.7/site-packages/airflow/example_dags/example_python_operator.py for tasks to queue
[2024-07-23T20:35:08.834+0000] {logging_mixin.py:137} INFO - [2024-07-23T20:35:08.834+0000] {dagbag.py:538} INFO - Filling up the DagBag from /home/airflow/.local/lib/python3.7/site-packages/airflow/example_dags/example_python_operator.py
[2024-07-23T20:35:08.845+0000] {logging_mixin.py:137} INFO - [2024-07-23T20:35:08.845+0000] {taskmixin.py:205} WARNING - Dependency <Task(_PythonDecoratedOperator): print_the_context>, log_sql_query already registered for DAG: example_python_operator
[2024-07-23T20:35:08.845+0000] {logging_mixin.py:137} INFO - [2024-07-23T20:35:08.845+0000] {taskmixin.py:205} WARNING - Dependency <Task(_PythonDecoratedOperator): log_sql_query>, print_the_context already registered for DAG: example_python_operator
[2024-07-23T20:35:08.846+0000] {logging_mixin.py:137} INFO - [2024-07-23T20:35:08.846+0000] {taskmixin.py:205} WARNING - Dependency <Task(_PythonDecoratedOperator): print_the_context>, log_sql_query already registered for DAG: example_python_operator
[2024-07-23T20:35:08.848+0000] {logging_mixin.py:137} INFO - [2024-07-23T20:35:08.848+0000] {taskmixin.py:205} WARNING - Dependency <Task(_PythonDecoratedOperator): log_sql_query>, print_the_context already registered for DAG: example_python_operator
[2024-07-23T20:35:08.848+0000] {logging_mixin.py:137} INFO - [2024-07-23T20:35:08.848+0000] {taskmixin.py:205} WARNING - Dependency <Task(_PythonDecoratedOperator): print_the_context>, log_sql_query already registered for DAG: example_python_operator
[2024-07-23T20:35:08.849+0000] {logging_mixin.py:137} INFO - [2024-07-23T20:35:08.849+0000] {taskmixin.py:205} WARNING - Dependency <Task(_PythonDecoratedOperator): log_sql_query>, print_the_context already registered for DAG: example_python_operator
[2024-07-23T20:35:08.849+0000] {logging_mixin.py:137} INFO - [2024-07-23T20:35:08.849+0000] {taskmixin.py:205} WARNING - Dependency <Task(_PythonDecoratedOperator): print_the_context>, log_sql_query already registered for DAG: example_python_operator
[2024-07-23T20:35:08.849+0000] {logging_mixin.py:137} INFO - [2024-07-23T20:35:08.849+0000] {taskmixin.py:205} WARNING - Dependency <Task(_PythonDecoratedOperator): log_sql_query>, print_the_context already registered for DAG: example_python_operator
[2024-07-23T20:35:08.853+0000] {processor.py:753} INFO - DAG(s) dict_keys(['example_python_operator']) retrieved from /home/airflow/.local/lib/python3.7/site-packages/airflow/example_dags/example_python_operator.py
[2024-07-23T20:35:08.874+0000] {logging_mixin.py:137} INFO - [2024-07-23T20:35:08.874+0000] {dag.py:2690} INFO - Sync 1 DAGs
[2024-07-23T20:35:08.887+0000] {logging_mixin.py:137} INFO - [2024-07-23T20:35:08.887+0000] {dag.py:3441} INFO - Setting next_dagrun for example_python_operator to None, run_after=None
[2024-07-23T20:35:08.900+0000] {processor.py:175} INFO - Processing /home/airflow/.local/lib/python3.7/site-packages/airflow/example_dags/example_python_operator.py took 0.069 seconds
[2024-07-23T20:35:39.443+0000] {processor.py:153} INFO - Started process (PID=894) to work on /home/airflow/.local/lib/python3.7/site-packages/airflow/example_dags/example_python_operator.py
[2024-07-23T20:35:39.445+0000] {processor.py:743} INFO - Processing file /home/airflow/.local/lib/python3.7/site-packages/airflow/example_dags/example_python_operator.py for tasks to queue
[2024-07-23T20:35:39.446+0000] {logging_mixin.py:137} INFO - [2024-07-23T20:35:39.445+0000] {dagbag.py:538} INFO - Filling up the DagBag from /home/airflow/.local/lib/python3.7/site-packages/airflow/example_dags/example_python_operator.py
[2024-07-23T20:35:39.460+0000] {logging_mixin.py:137} INFO - [2024-07-23T20:35:39.460+0000] {taskmixin.py:205} WARNING - Dependency <Task(_PythonDecoratedOperator): print_the_context>, log_sql_query already registered for DAG: example_python_operator
[2024-07-23T20:35:39.460+0000] {logging_mixin.py:137} INFO - [2024-07-23T20:35:39.460+0000] {taskmixin.py:205} WARNING - Dependency <Task(_PythonDecoratedOperator): log_sql_query>, print_the_context already registered for DAG: example_python_operator
[2024-07-23T20:35:39.460+0000] {logging_mixin.py:137} INFO - [2024-07-23T20:35:39.460+0000] {taskmixin.py:205} WARNING - Dependency <Task(_PythonDecoratedOperator): print_the_context>, log_sql_query already registered for DAG: example_python_operator
[2024-07-23T20:35:39.461+0000] {logging_mixin.py:137} INFO - [2024-07-23T20:35:39.461+0000] {taskmixin.py:205} WARNING - Dependency <Task(_PythonDecoratedOperator): log_sql_query>, print_the_context already registered for DAG: example_python_operator
[2024-07-23T20:35:39.461+0000] {logging_mixin.py:137} INFO - [2024-07-23T20:35:39.461+0000] {taskmixin.py:205} WARNING - Dependency <Task(_PythonDecoratedOperator): print_the_context>, log_sql_query already registered for DAG: example_python_operator
[2024-07-23T20:35:39.461+0000] {logging_mixin.py:137} INFO - [2024-07-23T20:35:39.461+0000] {taskmixin.py:205} WARNING - Dependency <Task(_PythonDecoratedOperator): log_sql_query>, print_the_context already registered for DAG: example_python_operator
[2024-07-23T20:35:39.462+0000] {logging_mixin.py:137} INFO - [2024-07-23T20:35:39.462+0000] {taskmixin.py:205} WARNING - Dependency <Task(_PythonDecoratedOperator): print_the_context>, log_sql_query already registered for DAG: example_python_operator
[2024-07-23T20:35:39.462+0000] {logging_mixin.py:137} INFO - [2024-07-23T20:35:39.462+0000] {taskmixin.py:205} WARNING - Dependency <Task(_PythonDecoratedOperator): log_sql_query>, print_the_context already registered for DAG: example_python_operator
[2024-07-23T20:35:39.466+0000] {processor.py:753} INFO - DAG(s) dict_keys(['example_python_operator']) retrieved from /home/airflow/.local/lib/python3.7/site-packages/airflow/example_dags/example_python_operator.py
[2024-07-23T20:35:39.480+0000] {logging_mixin.py:137} INFO - [2024-07-23T20:35:39.480+0000] {dag.py:2690} INFO - Sync 1 DAGs
[2024-07-23T20:35:39.492+0000] {logging_mixin.py:137} INFO - [2024-07-23T20:35:39.492+0000] {dag.py:3441} INFO - Setting next_dagrun for example_python_operator to None, run_after=None
[2024-07-23T20:35:39.500+0000] {processor.py:175} INFO - Processing /home/airflow/.local/lib/python3.7/site-packages/airflow/example_dags/example_python_operator.py took 0.060 seconds
[2024-07-23T20:36:09.985+0000] {processor.py:153} INFO - Started process (PID=972) to work on /home/airflow/.local/lib/python3.7/site-packages/airflow/example_dags/example_python_operator.py
[2024-07-23T20:36:09.985+0000] {processor.py:743} INFO - Processing file /home/airflow/.local/lib/python3.7/site-packages/airflow/example_dags/example_python_operator.py for tasks to queue
[2024-07-23T20:36:09.986+0000] {logging_mixin.py:137} INFO - [2024-07-23T20:36:09.986+0000] {dagbag.py:538} INFO - Filling up the DagBag from /home/airflow/.local/lib/python3.7/site-packages/airflow/example_dags/example_python_operator.py
[2024-07-23T20:36:09.996+0000] {logging_mixin.py:137} INFO - [2024-07-23T20:36:09.996+0000] {taskmixin.py:205} WARNING - Dependency <Task(_PythonDecoratedOperator): print_the_context>, log_sql_query already registered for DAG: example_python_operator
[2024-07-23T20:36:09.997+0000] {logging_mixin.py:137} INFO - [2024-07-23T20:36:09.997+0000] {taskmixin.py:205} WARNING - Dependency <Task(_PythonDecoratedOperator): log_sql_query>, print_the_context already registered for DAG: example_python_operator
[2024-07-23T20:36:09.997+0000] {logging_mixin.py:137} INFO - [2024-07-23T20:36:09.997+0000] {taskmixin.py:205} WARNING - Dependency <Task(_PythonDecoratedOperator): print_the_context>, log_sql_query already registered for DAG: example_python_operator
[2024-07-23T20:36:09.997+0000] {logging_mixin.py:137} INFO - [2024-07-23T20:36:09.997+0000] {taskmixin.py:205} WARNING - Dependency <Task(_PythonDecoratedOperator): log_sql_query>, print_the_context already registered for DAG: example_python_operator
[2024-07-23T20:36:09.998+0000] {logging_mixin.py:137} INFO - [2024-07-23T20:36:09.998+0000] {taskmixin.py:205} WARNING - Dependency <Task(_PythonDecoratedOperator): print_the_context>, log_sql_query already registered for DAG: example_python_operator
[2024-07-23T20:36:09.998+0000] {logging_mixin.py:137} INFO - [2024-07-23T20:36:09.998+0000] {taskmixin.py:205} WARNING - Dependency <Task(_PythonDecoratedOperator): log_sql_query>, print_the_context already registered for DAG: example_python_operator
[2024-07-23T20:36:09.998+0000] {logging_mixin.py:137} INFO - [2024-07-23T20:36:09.998+0000] {taskmixin.py:205} WARNING - Dependency <Task(_PythonDecoratedOperator): print_the_context>, log_sql_query already registered for DAG: example_python_operator
[2024-07-23T20:36:09.998+0000] {logging_mixin.py:137} INFO - [2024-07-23T20:36:09.998+0000] {taskmixin.py:205} WARNING - Dependency <Task(_PythonDecoratedOperator): log_sql_query>, print_the_context already registered for DAG: example_python_operator
[2024-07-23T20:36:10.002+0000] {processor.py:753} INFO - DAG(s) dict_keys(['example_python_operator']) retrieved from /home/airflow/.local/lib/python3.7/site-packages/airflow/example_dags/example_python_operator.py
[2024-07-23T20:36:10.015+0000] {logging_mixin.py:137} INFO - [2024-07-23T20:36:10.015+0000] {dag.py:2690} INFO - Sync 1 DAGs
[2024-07-23T20:36:10.027+0000] {logging_mixin.py:137} INFO - [2024-07-23T20:36:10.027+0000] {dag.py:3441} INFO - Setting next_dagrun for example_python_operator to None, run_after=None
[2024-07-23T20:36:10.038+0000] {processor.py:175} INFO - Processing /home/airflow/.local/lib/python3.7/site-packages/airflow/example_dags/example_python_operator.py took 0.055 seconds
