[2024-07-23T20:30:30.275+0000] {processor.py:153} INFO - Started process (PID=46) to work on /home/airflow/.local/lib/python3.7/site-packages/airflow/example_dags/example_external_task_marker_dag.py
[2024-07-23T20:30:30.279+0000] {processor.py:743} INFO - Processing file /home/airflow/.local/lib/python3.7/site-packages/airflow/example_dags/example_external_task_marker_dag.py for tasks to queue
[2024-07-23T20:30:30.280+0000] {logging_mixin.py:137} INFO - [2024-07-23T20:30:30.280+0000] {dagbag.py:538} INFO - Filling up the DagBag from /home/airflow/.local/lib/python3.7/site-packages/airflow/example_dags/example_external_task_marker_dag.py
[2024-07-23T20:30:30.312+0000] {processor.py:753} INFO - DAG(s) dict_keys(['example_external_task_marker_parent', 'example_external_task_marker_child']) retrieved from /home/airflow/.local/lib/python3.7/site-packages/airflow/example_dags/example_external_task_marker_dag.py
[2024-07-23T20:30:30.534+0000] {logging_mixin.py:137} INFO - [2024-07-23T20:30:30.534+0000] {manager.py:504} INFO - Created Permission View: can read on DAG:example_external_task_marker_parent
[2024-07-23T20:30:30.579+0000] {logging_mixin.py:137} INFO - [2024-07-23T20:30:30.579+0000] {manager.py:504} INFO - Created Permission View: can delete on DAG:example_external_task_marker_parent
[2024-07-23T20:30:30.596+0000] {logging_mixin.py:137} INFO - [2024-07-23T20:30:30.596+0000] {manager.py:504} INFO - Created Permission View: can edit on DAG:example_external_task_marker_parent
[2024-07-23T20:30:30.625+0000] {logging_mixin.py:137} INFO - [2024-07-23T20:30:30.624+0000] {manager.py:504} INFO - Created Permission View: can read on DAG:example_external_task_marker_child
[2024-07-23T20:30:30.652+0000] {logging_mixin.py:137} INFO - [2024-07-23T20:30:30.652+0000] {manager.py:504} INFO - Created Permission View: can delete on DAG:example_external_task_marker_child
[2024-07-23T20:30:30.668+0000] {logging_mixin.py:137} INFO - [2024-07-23T20:30:30.668+0000] {manager.py:504} INFO - Created Permission View: can edit on DAG:example_external_task_marker_child
[2024-07-23T20:30:30.670+0000] {logging_mixin.py:137} INFO - [2024-07-23T20:30:30.669+0000] {dag.py:2690} INFO - Sync 2 DAGs
[2024-07-23T20:30:30.688+0000] {logging_mixin.py:137} INFO - [2024-07-23T20:30:30.688+0000] {dag.py:2711} INFO - Creating ORM DAG for example_external_task_marker_child
[2024-07-23T20:30:30.691+0000] {logging_mixin.py:137} INFO - [2024-07-23T20:30:30.690+0000] {dag.py:2711} INFO - Creating ORM DAG for example_external_task_marker_parent
[2024-07-23T20:30:30.713+0000] {logging_mixin.py:137} INFO - [2024-07-23T20:30:30.713+0000] {dag.py:3441} INFO - Setting next_dagrun for example_external_task_marker_child to None, run_after=None
[2024-07-23T20:30:30.715+0000] {logging_mixin.py:137} INFO - [2024-07-23T20:30:30.715+0000] {dag.py:3441} INFO - Setting next_dagrun for example_external_task_marker_parent to None, run_after=None
[2024-07-23T20:30:30.760+0000] {processor.py:175} INFO - Processing /home/airflow/.local/lib/python3.7/site-packages/airflow/example_dags/example_external_task_marker_dag.py took 0.488 seconds
[2024-07-23T20:31:01.294+0000] {processor.py:153} INFO - Started process (PID=133) to work on /home/airflow/.local/lib/python3.7/site-packages/airflow/example_dags/example_external_task_marker_dag.py
[2024-07-23T20:31:01.297+0000] {processor.py:743} INFO - Processing file /home/airflow/.local/lib/python3.7/site-packages/airflow/example_dags/example_external_task_marker_dag.py for tasks to queue
[2024-07-23T20:31:01.299+0000] {logging_mixin.py:137} INFO - [2024-07-23T20:31:01.299+0000] {dagbag.py:538} INFO - Filling up the DagBag from /home/airflow/.local/lib/python3.7/site-packages/airflow/example_dags/example_external_task_marker_dag.py
[2024-07-23T20:31:01.312+0000] {processor.py:753} INFO - DAG(s) dict_keys(['example_external_task_marker_parent', 'example_external_task_marker_child']) retrieved from /home/airflow/.local/lib/python3.7/site-packages/airflow/example_dags/example_external_task_marker_dag.py
[2024-07-23T20:31:01.330+0000] {logging_mixin.py:137} INFO - [2024-07-23T20:31:01.330+0000] {dag.py:2690} INFO - Sync 2 DAGs
[2024-07-23T20:31:01.345+0000] {logging_mixin.py:137} INFO - [2024-07-23T20:31:01.345+0000] {dag.py:3441} INFO - Setting next_dagrun for example_external_task_marker_child to None, run_after=None
[2024-07-23T20:31:01.349+0000] {logging_mixin.py:137} INFO - [2024-07-23T20:31:01.349+0000] {dag.py:3441} INFO - Setting next_dagrun for example_external_task_marker_parent to None, run_after=None
[2024-07-23T20:31:01.362+0000] {processor.py:175} INFO - Processing /home/airflow/.local/lib/python3.7/site-packages/airflow/example_dags/example_external_task_marker_dag.py took 0.071 seconds
[2024-07-23T20:31:31.877+0000] {processor.py:153} INFO - Started process (PID=220) to work on /home/airflow/.local/lib/python3.7/site-packages/airflow/example_dags/example_external_task_marker_dag.py
[2024-07-23T20:31:31.880+0000] {processor.py:743} INFO - Processing file /home/airflow/.local/lib/python3.7/site-packages/airflow/example_dags/example_external_task_marker_dag.py for tasks to queue
[2024-07-23T20:31:31.883+0000] {logging_mixin.py:137} INFO - [2024-07-23T20:31:31.883+0000] {dagbag.py:538} INFO - Filling up the DagBag from /home/airflow/.local/lib/python3.7/site-packages/airflow/example_dags/example_external_task_marker_dag.py
[2024-07-23T20:31:31.895+0000] {processor.py:753} INFO - DAG(s) dict_keys(['example_external_task_marker_parent', 'example_external_task_marker_child']) retrieved from /home/airflow/.local/lib/python3.7/site-packages/airflow/example_dags/example_external_task_marker_dag.py
[2024-07-23T20:31:31.915+0000] {logging_mixin.py:137} INFO - [2024-07-23T20:31:31.915+0000] {dag.py:2690} INFO - Sync 2 DAGs
[2024-07-23T20:31:31.931+0000] {logging_mixin.py:137} INFO - [2024-07-23T20:31:31.931+0000] {dag.py:3441} INFO - Setting next_dagrun for example_external_task_marker_child to None, run_after=None
[2024-07-23T20:31:31.933+0000] {logging_mixin.py:137} INFO - [2024-07-23T20:31:31.933+0000] {dag.py:3441} INFO - Setting next_dagrun for example_external_task_marker_parent to None, run_after=None
[2024-07-23T20:31:31.943+0000] {processor.py:175} INFO - Processing /home/airflow/.local/lib/python3.7/site-packages/airflow/example_dags/example_external_task_marker_dag.py took 0.070 seconds
[2024-07-23T20:32:02.439+0000] {processor.py:153} INFO - Started process (PID=291) to work on /home/airflow/.local/lib/python3.7/site-packages/airflow/example_dags/example_external_task_marker_dag.py
[2024-07-23T20:32:02.443+0000] {processor.py:743} INFO - Processing file /home/airflow/.local/lib/python3.7/site-packages/airflow/example_dags/example_external_task_marker_dag.py for tasks to queue
[2024-07-23T20:32:02.443+0000] {logging_mixin.py:137} INFO - [2024-07-23T20:32:02.443+0000] {dagbag.py:538} INFO - Filling up the DagBag from /home/airflow/.local/lib/python3.7/site-packages/airflow/example_dags/example_external_task_marker_dag.py
[2024-07-23T20:32:02.452+0000] {processor.py:753} INFO - DAG(s) dict_keys(['example_external_task_marker_parent', 'example_external_task_marker_child']) retrieved from /home/airflow/.local/lib/python3.7/site-packages/airflow/example_dags/example_external_task_marker_dag.py
[2024-07-23T20:32:02.476+0000] {logging_mixin.py:137} INFO - [2024-07-23T20:32:02.476+0000] {dag.py:2690} INFO - Sync 2 DAGs
[2024-07-23T20:32:02.495+0000] {logging_mixin.py:137} INFO - [2024-07-23T20:32:02.495+0000] {dag.py:3441} INFO - Setting next_dagrun for example_external_task_marker_child to None, run_after=None
[2024-07-23T20:32:02.498+0000] {logging_mixin.py:137} INFO - [2024-07-23T20:32:02.498+0000] {dag.py:3441} INFO - Setting next_dagrun for example_external_task_marker_parent to None, run_after=None
[2024-07-23T20:32:02.513+0000] {processor.py:175} INFO - Processing /home/airflow/.local/lib/python3.7/site-packages/airflow/example_dags/example_external_task_marker_dag.py took 0.076 seconds
[2024-07-23T20:32:33.238+0000] {processor.py:153} INFO - Started process (PID=378) to work on /home/airflow/.local/lib/python3.7/site-packages/airflow/example_dags/example_external_task_marker_dag.py
[2024-07-23T20:32:33.239+0000] {processor.py:743} INFO - Processing file /home/airflow/.local/lib/python3.7/site-packages/airflow/example_dags/example_external_task_marker_dag.py for tasks to queue
[2024-07-23T20:32:33.243+0000] {logging_mixin.py:137} INFO - [2024-07-23T20:32:33.243+0000] {dagbag.py:538} INFO - Filling up the DagBag from /home/airflow/.local/lib/python3.7/site-packages/airflow/example_dags/example_external_task_marker_dag.py
[2024-07-23T20:32:33.255+0000] {processor.py:753} INFO - DAG(s) dict_keys(['example_external_task_marker_parent', 'example_external_task_marker_child']) retrieved from /home/airflow/.local/lib/python3.7/site-packages/airflow/example_dags/example_external_task_marker_dag.py
[2024-07-23T20:32:33.275+0000] {logging_mixin.py:137} INFO - [2024-07-23T20:32:33.274+0000] {dag.py:2690} INFO - Sync 2 DAGs
[2024-07-23T20:32:33.288+0000] {logging_mixin.py:137} INFO - [2024-07-23T20:32:33.287+0000] {dag.py:3441} INFO - Setting next_dagrun for example_external_task_marker_child to None, run_after=None
[2024-07-23T20:32:33.289+0000] {logging_mixin.py:137} INFO - [2024-07-23T20:32:33.289+0000] {dag.py:3441} INFO - Setting next_dagrun for example_external_task_marker_parent to None, run_after=None
[2024-07-23T20:32:33.299+0000] {processor.py:175} INFO - Processing /home/airflow/.local/lib/python3.7/site-packages/airflow/example_dags/example_external_task_marker_dag.py took 0.064 seconds
[2024-07-23T20:33:03.978+0000] {processor.py:153} INFO - Started process (PID=464) to work on /home/airflow/.local/lib/python3.7/site-packages/airflow/example_dags/example_external_task_marker_dag.py
[2024-07-23T20:33:03.979+0000] {processor.py:743} INFO - Processing file /home/airflow/.local/lib/python3.7/site-packages/airflow/example_dags/example_external_task_marker_dag.py for tasks to queue
[2024-07-23T20:33:03.979+0000] {logging_mixin.py:137} INFO - [2024-07-23T20:33:03.979+0000] {dagbag.py:538} INFO - Filling up the DagBag from /home/airflow/.local/lib/python3.7/site-packages/airflow/example_dags/example_external_task_marker_dag.py
[2024-07-23T20:33:03.987+0000] {processor.py:753} INFO - DAG(s) dict_keys(['example_external_task_marker_child', 'example_external_task_marker_parent']) retrieved from /home/airflow/.local/lib/python3.7/site-packages/airflow/example_dags/example_external_task_marker_dag.py
[2024-07-23T20:33:04.004+0000] {logging_mixin.py:137} INFO - [2024-07-23T20:33:04.004+0000] {dag.py:2690} INFO - Sync 2 DAGs
[2024-07-23T20:33:04.015+0000] {logging_mixin.py:137} INFO - [2024-07-23T20:33:04.015+0000] {dag.py:3441} INFO - Setting next_dagrun for example_external_task_marker_child to None, run_after=None
[2024-07-23T20:33:04.019+0000] {logging_mixin.py:137} INFO - [2024-07-23T20:33:04.018+0000] {dag.py:3441} INFO - Setting next_dagrun for example_external_task_marker_parent to None, run_after=None
[2024-07-23T20:33:04.030+0000] {processor.py:175} INFO - Processing /home/airflow/.local/lib/python3.7/site-packages/airflow/example_dags/example_external_task_marker_dag.py took 0.054 seconds
[2024-07-23T20:33:34.596+0000] {processor.py:153} INFO - Started process (PID=551) to work on /home/airflow/.local/lib/python3.7/site-packages/airflow/example_dags/example_external_task_marker_dag.py
[2024-07-23T20:33:34.597+0000] {processor.py:743} INFO - Processing file /home/airflow/.local/lib/python3.7/site-packages/airflow/example_dags/example_external_task_marker_dag.py for tasks to queue
[2024-07-23T20:33:34.597+0000] {logging_mixin.py:137} INFO - [2024-07-23T20:33:34.597+0000] {dagbag.py:538} INFO - Filling up the DagBag from /home/airflow/.local/lib/python3.7/site-packages/airflow/example_dags/example_external_task_marker_dag.py
[2024-07-23T20:33:34.608+0000] {processor.py:753} INFO - DAG(s) dict_keys(['example_external_task_marker_child', 'example_external_task_marker_parent']) retrieved from /home/airflow/.local/lib/python3.7/site-packages/airflow/example_dags/example_external_task_marker_dag.py
[2024-07-23T20:33:34.625+0000] {logging_mixin.py:137} INFO - [2024-07-23T20:33:34.625+0000] {dag.py:2690} INFO - Sync 2 DAGs
[2024-07-23T20:33:34.642+0000] {logging_mixin.py:137} INFO - [2024-07-23T20:33:34.642+0000] {dag.py:3441} INFO - Setting next_dagrun for example_external_task_marker_child to None, run_after=None
[2024-07-23T20:33:34.644+0000] {logging_mixin.py:137} INFO - [2024-07-23T20:33:34.644+0000] {dag.py:3441} INFO - Setting next_dagrun for example_external_task_marker_parent to None, run_after=None
[2024-07-23T20:33:34.655+0000] {processor.py:175} INFO - Processing /home/airflow/.local/lib/python3.7/site-packages/airflow/example_dags/example_external_task_marker_dag.py took 0.062 seconds
[2024-07-23T20:34:05.184+0000] {processor.py:153} INFO - Started process (PID=622) to work on /home/airflow/.local/lib/python3.7/site-packages/airflow/example_dags/example_external_task_marker_dag.py
[2024-07-23T20:34:05.185+0000] {processor.py:743} INFO - Processing file /home/airflow/.local/lib/python3.7/site-packages/airflow/example_dags/example_external_task_marker_dag.py for tasks to queue
[2024-07-23T20:34:05.186+0000] {logging_mixin.py:137} INFO - [2024-07-23T20:34:05.186+0000] {dagbag.py:538} INFO - Filling up the DagBag from /home/airflow/.local/lib/python3.7/site-packages/airflow/example_dags/example_external_task_marker_dag.py
[2024-07-23T20:34:05.198+0000] {processor.py:753} INFO - DAG(s) dict_keys(['example_external_task_marker_parent', 'example_external_task_marker_child']) retrieved from /home/airflow/.local/lib/python3.7/site-packages/airflow/example_dags/example_external_task_marker_dag.py
[2024-07-23T20:34:05.216+0000] {logging_mixin.py:137} INFO - [2024-07-23T20:34:05.216+0000] {dag.py:2690} INFO - Sync 2 DAGs
[2024-07-23T20:34:05.229+0000] {logging_mixin.py:137} INFO - [2024-07-23T20:34:05.229+0000] {dag.py:3441} INFO - Setting next_dagrun for example_external_task_marker_child to None, run_after=None
[2024-07-23T20:34:05.231+0000] {logging_mixin.py:137} INFO - [2024-07-23T20:34:05.231+0000] {dag.py:3441} INFO - Setting next_dagrun for example_external_task_marker_parent to None, run_after=None
[2024-07-23T20:34:05.240+0000] {processor.py:175} INFO - Processing /home/airflow/.local/lib/python3.7/site-packages/airflow/example_dags/example_external_task_marker_dag.py took 0.059 seconds
[2024-07-23T20:34:35.847+0000] {processor.py:153} INFO - Started process (PID=709) to work on /home/airflow/.local/lib/python3.7/site-packages/airflow/example_dags/example_external_task_marker_dag.py
[2024-07-23T20:34:35.849+0000] {processor.py:743} INFO - Processing file /home/airflow/.local/lib/python3.7/site-packages/airflow/example_dags/example_external_task_marker_dag.py for tasks to queue
[2024-07-23T20:34:35.850+0000] {logging_mixin.py:137} INFO - [2024-07-23T20:34:35.850+0000] {dagbag.py:538} INFO - Filling up the DagBag from /home/airflow/.local/lib/python3.7/site-packages/airflow/example_dags/example_external_task_marker_dag.py
[2024-07-23T20:34:35.859+0000] {processor.py:753} INFO - DAG(s) dict_keys(['example_external_task_marker_parent', 'example_external_task_marker_child']) retrieved from /home/airflow/.local/lib/python3.7/site-packages/airflow/example_dags/example_external_task_marker_dag.py
[2024-07-23T20:34:35.895+0000] {logging_mixin.py:137} INFO - [2024-07-23T20:34:35.895+0000] {dag.py:2690} INFO - Sync 2 DAGs
[2024-07-23T20:34:35.935+0000] {logging_mixin.py:137} INFO - [2024-07-23T20:34:35.935+0000] {dag.py:3441} INFO - Setting next_dagrun for example_external_task_marker_child to None, run_after=None
[2024-07-23T20:34:35.942+0000] {logging_mixin.py:137} INFO - [2024-07-23T20:34:35.942+0000] {dag.py:3441} INFO - Setting next_dagrun for example_external_task_marker_parent to None, run_after=None
[2024-07-23T20:34:35.956+0000] {processor.py:175} INFO - Processing /home/airflow/.local/lib/python3.7/site-packages/airflow/example_dags/example_external_task_marker_dag.py took 0.110 seconds
[2024-07-23T20:35:06.443+0000] {processor.py:153} INFO - Started process (PID=796) to work on /home/airflow/.local/lib/python3.7/site-packages/airflow/example_dags/example_external_task_marker_dag.py
[2024-07-23T20:35:06.443+0000] {processor.py:743} INFO - Processing file /home/airflow/.local/lib/python3.7/site-packages/airflow/example_dags/example_external_task_marker_dag.py for tasks to queue
[2024-07-23T20:35:06.443+0000] {logging_mixin.py:137} INFO - [2024-07-23T20:35:06.443+0000] {dagbag.py:538} INFO - Filling up the DagBag from /home/airflow/.local/lib/python3.7/site-packages/airflow/example_dags/example_external_task_marker_dag.py
[2024-07-23T20:35:06.450+0000] {processor.py:753} INFO - DAG(s) dict_keys(['example_external_task_marker_child', 'example_external_task_marker_parent']) retrieved from /home/airflow/.local/lib/python3.7/site-packages/airflow/example_dags/example_external_task_marker_dag.py
[2024-07-23T20:35:06.468+0000] {logging_mixin.py:137} INFO - [2024-07-23T20:35:06.468+0000] {dag.py:2690} INFO - Sync 2 DAGs
[2024-07-23T20:35:06.489+0000] {logging_mixin.py:137} INFO - [2024-07-23T20:35:06.489+0000] {dag.py:3441} INFO - Setting next_dagrun for example_external_task_marker_child to None, run_after=None
[2024-07-23T20:35:06.492+0000] {logging_mixin.py:137} INFO - [2024-07-23T20:35:06.492+0000] {dag.py:3441} INFO - Setting next_dagrun for example_external_task_marker_parent to None, run_after=None
[2024-07-23T20:35:06.506+0000] {processor.py:175} INFO - Processing /home/airflow/.local/lib/python3.7/site-packages/airflow/example_dags/example_external_task_marker_dag.py took 0.065 seconds
[2024-07-23T20:35:37.059+0000] {processor.py:153} INFO - Started process (PID=883) to work on /home/airflow/.local/lib/python3.7/site-packages/airflow/example_dags/example_external_task_marker_dag.py
[2024-07-23T20:35:37.061+0000] {processor.py:743} INFO - Processing file /home/airflow/.local/lib/python3.7/site-packages/airflow/example_dags/example_external_task_marker_dag.py for tasks to queue
[2024-07-23T20:35:37.061+0000] {logging_mixin.py:137} INFO - [2024-07-23T20:35:37.061+0000] {dagbag.py:538} INFO - Filling up the DagBag from /home/airflow/.local/lib/python3.7/site-packages/airflow/example_dags/example_external_task_marker_dag.py
[2024-07-23T20:35:37.070+0000] {processor.py:753} INFO - DAG(s) dict_keys(['example_external_task_marker_parent', 'example_external_task_marker_child']) retrieved from /home/airflow/.local/lib/python3.7/site-packages/airflow/example_dags/example_external_task_marker_dag.py
[2024-07-23T20:35:37.082+0000] {logging_mixin.py:137} INFO - [2024-07-23T20:35:37.082+0000] {dag.py:2690} INFO - Sync 2 DAGs
[2024-07-23T20:35:37.093+0000] {logging_mixin.py:137} INFO - [2024-07-23T20:35:37.093+0000] {dag.py:3441} INFO - Setting next_dagrun for example_external_task_marker_child to None, run_after=None
[2024-07-23T20:35:37.096+0000] {logging_mixin.py:137} INFO - [2024-07-23T20:35:37.096+0000] {dag.py:3441} INFO - Setting next_dagrun for example_external_task_marker_parent to None, run_after=None
[2024-07-23T20:35:37.103+0000] {processor.py:175} INFO - Processing /home/airflow/.local/lib/python3.7/site-packages/airflow/example_dags/example_external_task_marker_dag.py took 0.045 seconds
[2024-07-23T20:36:07.621+0000] {processor.py:153} INFO - Started process (PID=954) to work on /home/airflow/.local/lib/python3.7/site-packages/airflow/example_dags/example_external_task_marker_dag.py
[2024-07-23T20:36:07.622+0000] {processor.py:743} INFO - Processing file /home/airflow/.local/lib/python3.7/site-packages/airflow/example_dags/example_external_task_marker_dag.py for tasks to queue
[2024-07-23T20:36:07.623+0000] {logging_mixin.py:137} INFO - [2024-07-23T20:36:07.623+0000] {dagbag.py:538} INFO - Filling up the DagBag from /home/airflow/.local/lib/python3.7/site-packages/airflow/example_dags/example_external_task_marker_dag.py
[2024-07-23T20:36:07.633+0000] {processor.py:753} INFO - DAG(s) dict_keys(['example_external_task_marker_child', 'example_external_task_marker_parent']) retrieved from /home/airflow/.local/lib/python3.7/site-packages/airflow/example_dags/example_external_task_marker_dag.py
[2024-07-23T20:36:07.646+0000] {logging_mixin.py:137} INFO - [2024-07-23T20:36:07.646+0000] {dag.py:2690} INFO - Sync 2 DAGs
[2024-07-23T20:36:07.662+0000] {logging_mixin.py:137} INFO - [2024-07-23T20:36:07.662+0000] {dag.py:3441} INFO - Setting next_dagrun for example_external_task_marker_child to None, run_after=None
[2024-07-23T20:36:07.665+0000] {logging_mixin.py:137} INFO - [2024-07-23T20:36:07.665+0000] {dag.py:3441} INFO - Setting next_dagrun for example_external_task_marker_parent to None, run_after=None
[2024-07-23T20:36:07.675+0000] {processor.py:175} INFO - Processing /home/airflow/.local/lib/python3.7/site-packages/airflow/example_dags/example_external_task_marker_dag.py took 0.056 seconds
[2024-07-23T20:36:38.127+0000] {processor.py:153} INFO - Started process (PID=1041) to work on /home/airflow/.local/lib/python3.7/site-packages/airflow/example_dags/example_external_task_marker_dag.py
[2024-07-23T20:36:38.129+0000] {processor.py:743} INFO - Processing file /home/airflow/.local/lib/python3.7/site-packages/airflow/example_dags/example_external_task_marker_dag.py for tasks to queue
[2024-07-23T20:36:38.131+0000] {logging_mixin.py:137} INFO - [2024-07-23T20:36:38.130+0000] {dagbag.py:538} INFO - Filling up the DagBag from /home/airflow/.local/lib/python3.7/site-packages/airflow/example_dags/example_external_task_marker_dag.py
[2024-07-23T20:36:38.147+0000] {processor.py:753} INFO - DAG(s) dict_keys(['example_external_task_marker_parent', 'example_external_task_marker_child']) retrieved from /home/airflow/.local/lib/python3.7/site-packages/airflow/example_dags/example_external_task_marker_dag.py
[2024-07-23T20:36:38.170+0000] {logging_mixin.py:137} INFO - [2024-07-23T20:36:38.170+0000] {dag.py:2690} INFO - Sync 2 DAGs
[2024-07-23T20:36:38.185+0000] {logging_mixin.py:137} INFO - [2024-07-23T20:36:38.185+0000] {dag.py:3441} INFO - Setting next_dagrun for example_external_task_marker_child to None, run_after=None
[2024-07-23T20:36:38.187+0000] {logging_mixin.py:137} INFO - [2024-07-23T20:36:38.187+0000] {dag.py:3441} INFO - Setting next_dagrun for example_external_task_marker_parent to None, run_after=None
[2024-07-23T20:36:38.196+0000] {processor.py:175} INFO - Processing /home/airflow/.local/lib/python3.7/site-packages/airflow/example_dags/example_external_task_marker_dag.py took 0.074 seconds
