[2024-07-23T20:30:31.531+0000] {processor.py:153} INFO - Started process (PID=51) to work on /home/airflow/.local/lib/python3.7/site-packages/airflow/example_dags/example_branch_datetime_operator.py
[2024-07-23T20:30:31.533+0000] {processor.py:743} INFO - Processing file /home/airflow/.local/lib/python3.7/site-packages/airflow/example_dags/example_branch_datetime_operator.py for tasks to queue
[2024-07-23T20:30:31.534+0000] {logging_mixin.py:137} INFO - [2024-07-23T20:30:31.534+0000] {dagbag.py:538} INFO - Filling up the DagBag from /home/airflow/.local/lib/python3.7/site-packages/airflow/example_dags/example_branch_datetime_operator.py
[2024-07-23T20:30:31.564+0000] {processor.py:753} INFO - DAG(s) dict_keys(['example_branch_datetime_operator', 'example_branch_datetime_operator_3', 'example_branch_datetime_operator_2']) retrieved from /home/airflow/.local/lib/python3.7/site-packages/airflow/example_dags/example_branch_datetime_operator.py
[2024-07-23T20:30:31.753+0000] {logging_mixin.py:137} INFO - [2024-07-23T20:30:31.753+0000] {manager.py:504} INFO - Created Permission View: can read on DAG:example_branch_datetime_operator
[2024-07-23T20:30:31.770+0000] {logging_mixin.py:137} INFO - [2024-07-23T20:30:31.768+0000] {manager.py:504} INFO - Created Permission View: can delete on DAG:example_branch_datetime_operator
[2024-07-23T20:30:31.785+0000] {logging_mixin.py:137} INFO - [2024-07-23T20:30:31.785+0000] {manager.py:504} INFO - Created Permission View: can edit on DAG:example_branch_datetime_operator
[2024-07-23T20:30:31.842+0000] {logging_mixin.py:137} INFO - [2024-07-23T20:30:31.842+0000] {manager.py:504} INFO - Created Permission View: can read on DAG:example_branch_datetime_operator_3
[2024-07-23T20:30:31.854+0000] {logging_mixin.py:137} INFO - [2024-07-23T20:30:31.854+0000] {manager.py:504} INFO - Created Permission View: can delete on DAG:example_branch_datetime_operator_3
[2024-07-23T20:30:31.886+0000] {logging_mixin.py:137} INFO - [2024-07-23T20:30:31.886+0000] {manager.py:504} INFO - Created Permission View: can edit on DAG:example_branch_datetime_operator_3
[2024-07-23T20:30:31.907+0000] {logging_mixin.py:137} INFO - [2024-07-23T20:30:31.907+0000] {manager.py:504} INFO - Created Permission View: can read on DAG:example_branch_datetime_operator_2
[2024-07-23T20:30:31.913+0000] {logging_mixin.py:137} INFO - [2024-07-23T20:30:31.912+0000] {manager.py:504} INFO - Created Permission View: can delete on DAG:example_branch_datetime_operator_2
[2024-07-23T20:30:31.929+0000] {logging_mixin.py:137} INFO - [2024-07-23T20:30:31.929+0000] {manager.py:504} INFO - Created Permission View: can edit on DAG:example_branch_datetime_operator_2
[2024-07-23T20:30:31.933+0000] {logging_mixin.py:137} INFO - [2024-07-23T20:30:31.933+0000] {dag.py:2690} INFO - Sync 3 DAGs
[2024-07-23T20:30:31.953+0000] {logging_mixin.py:137} INFO - [2024-07-23T20:30:31.953+0000] {dag.py:2711} INFO - Creating ORM DAG for example_branch_datetime_operator_3
[2024-07-23T20:30:31.953+0000] {logging_mixin.py:137} INFO - [2024-07-23T20:30:31.953+0000] {dag.py:2711} INFO - Creating ORM DAG for example_branch_datetime_operator_2
[2024-07-23T20:30:31.954+0000] {logging_mixin.py:137} INFO - [2024-07-23T20:30:31.954+0000] {dag.py:2711} INFO - Creating ORM DAG for example_branch_datetime_operator
[2024-07-23T20:30:31.984+0000] {logging_mixin.py:137} INFO - [2024-07-23T20:30:31.984+0000] {dag.py:3441} INFO - Setting next_dagrun for example_branch_datetime_operator to 2024-07-22T00:00:00+00:00, run_after=2024-07-23T00:00:00+00:00
[2024-07-23T20:30:31.988+0000] {logging_mixin.py:137} INFO - [2024-07-23T20:30:31.988+0000] {dag.py:3441} INFO - Setting next_dagrun for example_branch_datetime_operator_2 to 2024-07-22T00:00:00+00:00, run_after=2024-07-23T00:00:00+00:00
[2024-07-23T20:30:31.992+0000] {logging_mixin.py:137} INFO - [2024-07-23T20:30:31.992+0000] {dag.py:3441} INFO - Setting next_dagrun for example_branch_datetime_operator_3 to 2024-07-22T00:00:00+00:00, run_after=2024-07-23T00:00:00+00:00
[2024-07-23T20:30:32.027+0000] {processor.py:175} INFO - Processing /home/airflow/.local/lib/python3.7/site-packages/airflow/example_dags/example_branch_datetime_operator.py took 0.499 seconds
[2024-07-23T20:31:02.508+0000] {processor.py:153} INFO - Started process (PID=138) to work on /home/airflow/.local/lib/python3.7/site-packages/airflow/example_dags/example_branch_datetime_operator.py
[2024-07-23T20:31:02.516+0000] {processor.py:743} INFO - Processing file /home/airflow/.local/lib/python3.7/site-packages/airflow/example_dags/example_branch_datetime_operator.py for tasks to queue
[2024-07-23T20:31:02.517+0000] {logging_mixin.py:137} INFO - [2024-07-23T20:31:02.517+0000] {dagbag.py:538} INFO - Filling up the DagBag from /home/airflow/.local/lib/python3.7/site-packages/airflow/example_dags/example_branch_datetime_operator.py
[2024-07-23T20:31:02.531+0000] {processor.py:753} INFO - DAG(s) dict_keys(['example_branch_datetime_operator_2', 'example_branch_datetime_operator_3', 'example_branch_datetime_operator']) retrieved from /home/airflow/.local/lib/python3.7/site-packages/airflow/example_dags/example_branch_datetime_operator.py
[2024-07-23T20:31:02.551+0000] {logging_mixin.py:137} INFO - [2024-07-23T20:31:02.551+0000] {dag.py:2690} INFO - Sync 3 DAGs
[2024-07-23T20:31:02.565+0000] {logging_mixin.py:137} INFO - [2024-07-23T20:31:02.565+0000] {dag.py:3441} INFO - Setting next_dagrun for example_branch_datetime_operator to 2024-07-22T00:00:00+00:00, run_after=2024-07-23T00:00:00+00:00
[2024-07-23T20:31:02.569+0000] {logging_mixin.py:137} INFO - [2024-07-23T20:31:02.569+0000] {dag.py:3441} INFO - Setting next_dagrun for example_branch_datetime_operator_2 to 2024-07-22T00:00:00+00:00, run_after=2024-07-23T00:00:00+00:00
[2024-07-23T20:31:02.570+0000] {logging_mixin.py:137} INFO - [2024-07-23T20:31:02.570+0000] {dag.py:3441} INFO - Setting next_dagrun for example_branch_datetime_operator_3 to 2024-07-22T00:00:00+00:00, run_after=2024-07-23T00:00:00+00:00
[2024-07-23T20:31:02.581+0000] {processor.py:175} INFO - Processing /home/airflow/.local/lib/python3.7/site-packages/airflow/example_dags/example_branch_datetime_operator.py took 0.075 seconds
[2024-07-23T20:31:33.024+0000] {processor.py:153} INFO - Started process (PID=225) to work on /home/airflow/.local/lib/python3.7/site-packages/airflow/example_dags/example_branch_datetime_operator.py
[2024-07-23T20:31:33.034+0000] {processor.py:743} INFO - Processing file /home/airflow/.local/lib/python3.7/site-packages/airflow/example_dags/example_branch_datetime_operator.py for tasks to queue
[2024-07-23T20:31:33.036+0000] {logging_mixin.py:137} INFO - [2024-07-23T20:31:33.036+0000] {dagbag.py:538} INFO - Filling up the DagBag from /home/airflow/.local/lib/python3.7/site-packages/airflow/example_dags/example_branch_datetime_operator.py
[2024-07-23T20:31:33.047+0000] {processor.py:753} INFO - DAG(s) dict_keys(['example_branch_datetime_operator_2', 'example_branch_datetime_operator_3', 'example_branch_datetime_operator']) retrieved from /home/airflow/.local/lib/python3.7/site-packages/airflow/example_dags/example_branch_datetime_operator.py
[2024-07-23T20:31:33.067+0000] {logging_mixin.py:137} INFO - [2024-07-23T20:31:33.067+0000] {dag.py:2690} INFO - Sync 3 DAGs
[2024-07-23T20:31:33.080+0000] {logging_mixin.py:137} INFO - [2024-07-23T20:31:33.080+0000] {dag.py:3441} INFO - Setting next_dagrun for example_branch_datetime_operator to 2024-07-22T00:00:00+00:00, run_after=2024-07-23T00:00:00+00:00
[2024-07-23T20:31:33.082+0000] {logging_mixin.py:137} INFO - [2024-07-23T20:31:33.082+0000] {dag.py:3441} INFO - Setting next_dagrun for example_branch_datetime_operator_2 to 2024-07-22T00:00:00+00:00, run_after=2024-07-23T00:00:00+00:00
[2024-07-23T20:31:33.083+0000] {logging_mixin.py:137} INFO - [2024-07-23T20:31:33.083+0000] {dag.py:3441} INFO - Setting next_dagrun for example_branch_datetime_operator_3 to 2024-07-22T00:00:00+00:00, run_after=2024-07-23T00:00:00+00:00
[2024-07-23T20:31:33.093+0000] {processor.py:175} INFO - Processing /home/airflow/.local/lib/python3.7/site-packages/airflow/example_dags/example_branch_datetime_operator.py took 0.072 seconds
[2024-07-23T20:32:03.628+0000] {processor.py:153} INFO - Started process (PID=312) to work on /home/airflow/.local/lib/python3.7/site-packages/airflow/example_dags/example_branch_datetime_operator.py
[2024-07-23T20:32:03.640+0000] {processor.py:743} INFO - Processing file /home/airflow/.local/lib/python3.7/site-packages/airflow/example_dags/example_branch_datetime_operator.py for tasks to queue
[2024-07-23T20:32:03.642+0000] {logging_mixin.py:137} INFO - [2024-07-23T20:32:03.642+0000] {dagbag.py:538} INFO - Filling up the DagBag from /home/airflow/.local/lib/python3.7/site-packages/airflow/example_dags/example_branch_datetime_operator.py
[2024-07-23T20:32:03.658+0000] {processor.py:753} INFO - DAG(s) dict_keys(['example_branch_datetime_operator_3', 'example_branch_datetime_operator_2', 'example_branch_datetime_operator']) retrieved from /home/airflow/.local/lib/python3.7/site-packages/airflow/example_dags/example_branch_datetime_operator.py
[2024-07-23T20:32:03.690+0000] {logging_mixin.py:137} INFO - [2024-07-23T20:32:03.690+0000] {dag.py:2690} INFO - Sync 3 DAGs
[2024-07-23T20:32:03.714+0000] {logging_mixin.py:137} INFO - [2024-07-23T20:32:03.714+0000] {dag.py:3441} INFO - Setting next_dagrun for example_branch_datetime_operator to 2024-07-22T00:00:00+00:00, run_after=2024-07-23T00:00:00+00:00
[2024-07-23T20:32:03.717+0000] {logging_mixin.py:137} INFO - [2024-07-23T20:32:03.717+0000] {dag.py:3441} INFO - Setting next_dagrun for example_branch_datetime_operator_2 to 2024-07-22T00:00:00+00:00, run_after=2024-07-23T00:00:00+00:00
[2024-07-23T20:32:03.721+0000] {logging_mixin.py:137} INFO - [2024-07-23T20:32:03.721+0000] {dag.py:3441} INFO - Setting next_dagrun for example_branch_datetime_operator_3 to 2024-07-22T00:00:00+00:00, run_after=2024-07-23T00:00:00+00:00
[2024-07-23T20:32:03.740+0000] {processor.py:175} INFO - Processing /home/airflow/.local/lib/python3.7/site-packages/airflow/example_dags/example_branch_datetime_operator.py took 0.114 seconds
[2024-07-23T20:32:34.384+0000] {processor.py:153} INFO - Started process (PID=383) to work on /home/airflow/.local/lib/python3.7/site-packages/airflow/example_dags/example_branch_datetime_operator.py
[2024-07-23T20:32:34.385+0000] {processor.py:743} INFO - Processing file /home/airflow/.local/lib/python3.7/site-packages/airflow/example_dags/example_branch_datetime_operator.py for tasks to queue
[2024-07-23T20:32:34.386+0000] {logging_mixin.py:137} INFO - [2024-07-23T20:32:34.386+0000] {dagbag.py:538} INFO - Filling up the DagBag from /home/airflow/.local/lib/python3.7/site-packages/airflow/example_dags/example_branch_datetime_operator.py
[2024-07-23T20:32:34.405+0000] {processor.py:753} INFO - DAG(s) dict_keys(['example_branch_datetime_operator', 'example_branch_datetime_operator_3', 'example_branch_datetime_operator_2']) retrieved from /home/airflow/.local/lib/python3.7/site-packages/airflow/example_dags/example_branch_datetime_operator.py
[2024-07-23T20:32:34.432+0000] {logging_mixin.py:137} INFO - [2024-07-23T20:32:34.432+0000] {dag.py:2690} INFO - Sync 3 DAGs
[2024-07-23T20:32:34.449+0000] {logging_mixin.py:137} INFO - [2024-07-23T20:32:34.449+0000] {dag.py:3441} INFO - Setting next_dagrun for example_branch_datetime_operator to 2024-07-22T00:00:00+00:00, run_after=2024-07-23T00:00:00+00:00
[2024-07-23T20:32:34.452+0000] {logging_mixin.py:137} INFO - [2024-07-23T20:32:34.452+0000] {dag.py:3441} INFO - Setting next_dagrun for example_branch_datetime_operator_2 to 2024-07-22T00:00:00+00:00, run_after=2024-07-23T00:00:00+00:00
[2024-07-23T20:32:34.456+0000] {logging_mixin.py:137} INFO - [2024-07-23T20:32:34.455+0000] {dag.py:3441} INFO - Setting next_dagrun for example_branch_datetime_operator_3 to 2024-07-22T00:00:00+00:00, run_after=2024-07-23T00:00:00+00:00
[2024-07-23T20:32:34.469+0000] {processor.py:175} INFO - Processing /home/airflow/.local/lib/python3.7/site-packages/airflow/example_dags/example_branch_datetime_operator.py took 0.086 seconds
[2024-07-23T20:33:05.123+0000] {processor.py:153} INFO - Started process (PID=469) to work on /home/airflow/.local/lib/python3.7/site-packages/airflow/example_dags/example_branch_datetime_operator.py
[2024-07-23T20:33:05.132+0000] {processor.py:743} INFO - Processing file /home/airflow/.local/lib/python3.7/site-packages/airflow/example_dags/example_branch_datetime_operator.py for tasks to queue
[2024-07-23T20:33:05.133+0000] {logging_mixin.py:137} INFO - [2024-07-23T20:33:05.133+0000] {dagbag.py:538} INFO - Filling up the DagBag from /home/airflow/.local/lib/python3.7/site-packages/airflow/example_dags/example_branch_datetime_operator.py
[2024-07-23T20:33:05.143+0000] {processor.py:753} INFO - DAG(s) dict_keys(['example_branch_datetime_operator_3', 'example_branch_datetime_operator', 'example_branch_datetime_operator_2']) retrieved from /home/airflow/.local/lib/python3.7/site-packages/airflow/example_dags/example_branch_datetime_operator.py
[2024-07-23T20:33:05.161+0000] {logging_mixin.py:137} INFO - [2024-07-23T20:33:05.161+0000] {dag.py:2690} INFO - Sync 3 DAGs
[2024-07-23T20:33:05.173+0000] {logging_mixin.py:137} INFO - [2024-07-23T20:33:05.173+0000] {dag.py:3441} INFO - Setting next_dagrun for example_branch_datetime_operator to 2024-07-22T00:00:00+00:00, run_after=2024-07-23T00:00:00+00:00
[2024-07-23T20:33:05.176+0000] {logging_mixin.py:137} INFO - [2024-07-23T20:33:05.176+0000] {dag.py:3441} INFO - Setting next_dagrun for example_branch_datetime_operator_2 to 2024-07-22T00:00:00+00:00, run_after=2024-07-23T00:00:00+00:00
[2024-07-23T20:33:05.179+0000] {logging_mixin.py:137} INFO - [2024-07-23T20:33:05.179+0000] {dag.py:3441} INFO - Setting next_dagrun for example_branch_datetime_operator_3 to 2024-07-22T00:00:00+00:00, run_after=2024-07-23T00:00:00+00:00
[2024-07-23T20:33:05.192+0000] {processor.py:175} INFO - Processing /home/airflow/.local/lib/python3.7/site-packages/airflow/example_dags/example_branch_datetime_operator.py took 0.070 seconds
[2024-07-23T20:33:35.757+0000] {processor.py:153} INFO - Started process (PID=556) to work on /home/airflow/.local/lib/python3.7/site-packages/airflow/example_dags/example_branch_datetime_operator.py
[2024-07-23T20:33:35.759+0000] {processor.py:743} INFO - Processing file /home/airflow/.local/lib/python3.7/site-packages/airflow/example_dags/example_branch_datetime_operator.py for tasks to queue
[2024-07-23T20:33:35.760+0000] {logging_mixin.py:137} INFO - [2024-07-23T20:33:35.760+0000] {dagbag.py:538} INFO - Filling up the DagBag from /home/airflow/.local/lib/python3.7/site-packages/airflow/example_dags/example_branch_datetime_operator.py
[2024-07-23T20:33:35.775+0000] {processor.py:753} INFO - DAG(s) dict_keys(['example_branch_datetime_operator_3', 'example_branch_datetime_operator', 'example_branch_datetime_operator_2']) retrieved from /home/airflow/.local/lib/python3.7/site-packages/airflow/example_dags/example_branch_datetime_operator.py
[2024-07-23T20:33:35.796+0000] {logging_mixin.py:137} INFO - [2024-07-23T20:33:35.796+0000] {dag.py:2690} INFO - Sync 3 DAGs
[2024-07-23T20:33:35.812+0000] {logging_mixin.py:137} INFO - [2024-07-23T20:33:35.812+0000] {dag.py:3441} INFO - Setting next_dagrun for example_branch_datetime_operator to 2024-07-22T00:00:00+00:00, run_after=2024-07-23T00:00:00+00:00
[2024-07-23T20:33:35.816+0000] {logging_mixin.py:137} INFO - [2024-07-23T20:33:35.816+0000] {dag.py:3441} INFO - Setting next_dagrun for example_branch_datetime_operator_2 to 2024-07-22T00:00:00+00:00, run_after=2024-07-23T00:00:00+00:00
[2024-07-23T20:33:35.820+0000] {logging_mixin.py:137} INFO - [2024-07-23T20:33:35.820+0000] {dag.py:3441} INFO - Setting next_dagrun for example_branch_datetime_operator_3 to 2024-07-22T00:00:00+00:00, run_after=2024-07-23T00:00:00+00:00
[2024-07-23T20:33:35.830+0000] {processor.py:175} INFO - Processing /home/airflow/.local/lib/python3.7/site-packages/airflow/example_dags/example_branch_datetime_operator.py took 0.076 seconds
[2024-07-23T20:34:06.376+0000] {processor.py:153} INFO - Started process (PID=636) to work on /home/airflow/.local/lib/python3.7/site-packages/airflow/example_dags/example_branch_datetime_operator.py
[2024-07-23T20:34:06.377+0000] {processor.py:743} INFO - Processing file /home/airflow/.local/lib/python3.7/site-packages/airflow/example_dags/example_branch_datetime_operator.py for tasks to queue
[2024-07-23T20:34:06.381+0000] {logging_mixin.py:137} INFO - [2024-07-23T20:34:06.381+0000] {dagbag.py:538} INFO - Filling up the DagBag from /home/airflow/.local/lib/python3.7/site-packages/airflow/example_dags/example_branch_datetime_operator.py
[2024-07-23T20:34:06.391+0000] {processor.py:753} INFO - DAG(s) dict_keys(['example_branch_datetime_operator_2', 'example_branch_datetime_operator', 'example_branch_datetime_operator_3']) retrieved from /home/airflow/.local/lib/python3.7/site-packages/airflow/example_dags/example_branch_datetime_operator.py
[2024-07-23T20:34:06.424+0000] {logging_mixin.py:137} INFO - [2024-07-23T20:34:06.424+0000] {dag.py:2690} INFO - Sync 3 DAGs
[2024-07-23T20:34:06.446+0000] {logging_mixin.py:137} INFO - [2024-07-23T20:34:06.446+0000] {dag.py:3441} INFO - Setting next_dagrun for example_branch_datetime_operator to 2024-07-22T00:00:00+00:00, run_after=2024-07-23T00:00:00+00:00
[2024-07-23T20:34:06.449+0000] {logging_mixin.py:137} INFO - [2024-07-23T20:34:06.449+0000] {dag.py:3441} INFO - Setting next_dagrun for example_branch_datetime_operator_2 to 2024-07-22T00:00:00+00:00, run_after=2024-07-23T00:00:00+00:00
[2024-07-23T20:34:06.451+0000] {logging_mixin.py:137} INFO - [2024-07-23T20:34:06.451+0000] {dag.py:3441} INFO - Setting next_dagrun for example_branch_datetime_operator_3 to 2024-07-22T00:00:00+00:00, run_after=2024-07-23T00:00:00+00:00
[2024-07-23T20:34:06.469+0000] {processor.py:175} INFO - Processing /home/airflow/.local/lib/python3.7/site-packages/airflow/example_dags/example_branch_datetime_operator.py took 0.094 seconds
[2024-07-23T20:34:37.052+0000] {processor.py:153} INFO - Started process (PID=714) to work on /home/airflow/.local/lib/python3.7/site-packages/airflow/example_dags/example_branch_datetime_operator.py
[2024-07-23T20:34:37.060+0000] {processor.py:743} INFO - Processing file /home/airflow/.local/lib/python3.7/site-packages/airflow/example_dags/example_branch_datetime_operator.py for tasks to queue
[2024-07-23T20:34:37.061+0000] {logging_mixin.py:137} INFO - [2024-07-23T20:34:37.061+0000] {dagbag.py:538} INFO - Filling up the DagBag from /home/airflow/.local/lib/python3.7/site-packages/airflow/example_dags/example_branch_datetime_operator.py
[2024-07-23T20:34:37.069+0000] {processor.py:753} INFO - DAG(s) dict_keys(['example_branch_datetime_operator_3', 'example_branch_datetime_operator', 'example_branch_datetime_operator_2']) retrieved from /home/airflow/.local/lib/python3.7/site-packages/airflow/example_dags/example_branch_datetime_operator.py
[2024-07-23T20:34:37.095+0000] {logging_mixin.py:137} INFO - [2024-07-23T20:34:37.095+0000] {dag.py:2690} INFO - Sync 3 DAGs
[2024-07-23T20:34:37.107+0000] {logging_mixin.py:137} INFO - [2024-07-23T20:34:37.107+0000] {dag.py:3441} INFO - Setting next_dagrun for example_branch_datetime_operator to 2024-07-22T00:00:00+00:00, run_after=2024-07-23T00:00:00+00:00
[2024-07-23T20:34:37.110+0000] {logging_mixin.py:137} INFO - [2024-07-23T20:34:37.109+0000] {dag.py:3441} INFO - Setting next_dagrun for example_branch_datetime_operator_2 to 2024-07-22T00:00:00+00:00, run_after=2024-07-23T00:00:00+00:00
[2024-07-23T20:34:37.111+0000] {logging_mixin.py:137} INFO - [2024-07-23T20:34:37.111+0000] {dag.py:3441} INFO - Setting next_dagrun for example_branch_datetime_operator_3 to 2024-07-22T00:00:00+00:00, run_after=2024-07-23T00:00:00+00:00
[2024-07-23T20:34:37.118+0000] {processor.py:175} INFO - Processing /home/airflow/.local/lib/python3.7/site-packages/airflow/example_dags/example_branch_datetime_operator.py took 0.068 seconds
[2024-07-23T20:35:07.613+0000] {processor.py:153} INFO - Started process (PID=801) to work on /home/airflow/.local/lib/python3.7/site-packages/airflow/example_dags/example_branch_datetime_operator.py
[2024-07-23T20:35:07.617+0000] {processor.py:743} INFO - Processing file /home/airflow/.local/lib/python3.7/site-packages/airflow/example_dags/example_branch_datetime_operator.py for tasks to queue
[2024-07-23T20:35:07.620+0000] {logging_mixin.py:137} INFO - [2024-07-23T20:35:07.620+0000] {dagbag.py:538} INFO - Filling up the DagBag from /home/airflow/.local/lib/python3.7/site-packages/airflow/example_dags/example_branch_datetime_operator.py
[2024-07-23T20:35:07.627+0000] {processor.py:753} INFO - DAG(s) dict_keys(['example_branch_datetime_operator_2', 'example_branch_datetime_operator_3', 'example_branch_datetime_operator']) retrieved from /home/airflow/.local/lib/python3.7/site-packages/airflow/example_dags/example_branch_datetime_operator.py
[2024-07-23T20:35:07.647+0000] {logging_mixin.py:137} INFO - [2024-07-23T20:35:07.647+0000] {dag.py:2690} INFO - Sync 3 DAGs
[2024-07-23T20:35:07.660+0000] {logging_mixin.py:137} INFO - [2024-07-23T20:35:07.660+0000] {dag.py:3441} INFO - Setting next_dagrun for example_branch_datetime_operator to 2024-07-22T00:00:00+00:00, run_after=2024-07-23T00:00:00+00:00
[2024-07-23T20:35:07.663+0000] {logging_mixin.py:137} INFO - [2024-07-23T20:35:07.663+0000] {dag.py:3441} INFO - Setting next_dagrun for example_branch_datetime_operator_2 to 2024-07-22T00:00:00+00:00, run_after=2024-07-23T00:00:00+00:00
[2024-07-23T20:35:07.665+0000] {logging_mixin.py:137} INFO - [2024-07-23T20:35:07.665+0000] {dag.py:3441} INFO - Setting next_dagrun for example_branch_datetime_operator_3 to 2024-07-22T00:00:00+00:00, run_after=2024-07-23T00:00:00+00:00
[2024-07-23T20:35:07.675+0000] {processor.py:175} INFO - Processing /home/airflow/.local/lib/python3.7/site-packages/airflow/example_dags/example_branch_datetime_operator.py took 0.064 seconds
[2024-07-23T20:35:38.221+0000] {processor.py:153} INFO - Started process (PID=888) to work on /home/airflow/.local/lib/python3.7/site-packages/airflow/example_dags/example_branch_datetime_operator.py
[2024-07-23T20:35:38.223+0000] {processor.py:743} INFO - Processing file /home/airflow/.local/lib/python3.7/site-packages/airflow/example_dags/example_branch_datetime_operator.py for tasks to queue
[2024-07-23T20:35:38.223+0000] {logging_mixin.py:137} INFO - [2024-07-23T20:35:38.223+0000] {dagbag.py:538} INFO - Filling up the DagBag from /home/airflow/.local/lib/python3.7/site-packages/airflow/example_dags/example_branch_datetime_operator.py
[2024-07-23T20:35:38.234+0000] {processor.py:753} INFO - DAG(s) dict_keys(['example_branch_datetime_operator_3', 'example_branch_datetime_operator_2', 'example_branch_datetime_operator']) retrieved from /home/airflow/.local/lib/python3.7/site-packages/airflow/example_dags/example_branch_datetime_operator.py
[2024-07-23T20:35:38.253+0000] {logging_mixin.py:137} INFO - [2024-07-23T20:35:38.253+0000] {dag.py:2690} INFO - Sync 3 DAGs
[2024-07-23T20:35:38.266+0000] {logging_mixin.py:137} INFO - [2024-07-23T20:35:38.266+0000] {dag.py:3441} INFO - Setting next_dagrun for example_branch_datetime_operator to 2024-07-22T00:00:00+00:00, run_after=2024-07-23T00:00:00+00:00
[2024-07-23T20:35:38.270+0000] {logging_mixin.py:137} INFO - [2024-07-23T20:35:38.269+0000] {dag.py:3441} INFO - Setting next_dagrun for example_branch_datetime_operator_2 to 2024-07-22T00:00:00+00:00, run_after=2024-07-23T00:00:00+00:00
[2024-07-23T20:35:38.271+0000] {logging_mixin.py:137} INFO - [2024-07-23T20:35:38.271+0000] {dag.py:3441} INFO - Setting next_dagrun for example_branch_datetime_operator_3 to 2024-07-22T00:00:00+00:00, run_after=2024-07-23T00:00:00+00:00
[2024-07-23T20:35:38.278+0000] {processor.py:175} INFO - Processing /home/airflow/.local/lib/python3.7/site-packages/airflow/example_dags/example_branch_datetime_operator.py took 0.059 seconds
[2024-07-23T20:36:08.768+0000] {processor.py:153} INFO - Started process (PID=959) to work on /home/airflow/.local/lib/python3.7/site-packages/airflow/example_dags/example_branch_datetime_operator.py
[2024-07-23T20:36:08.772+0000] {processor.py:743} INFO - Processing file /home/airflow/.local/lib/python3.7/site-packages/airflow/example_dags/example_branch_datetime_operator.py for tasks to queue
[2024-07-23T20:36:08.773+0000] {logging_mixin.py:137} INFO - [2024-07-23T20:36:08.773+0000] {dagbag.py:538} INFO - Filling up the DagBag from /home/airflow/.local/lib/python3.7/site-packages/airflow/example_dags/example_branch_datetime_operator.py
[2024-07-23T20:36:08.786+0000] {processor.py:753} INFO - DAG(s) dict_keys(['example_branch_datetime_operator_3', 'example_branch_datetime_operator_2', 'example_branch_datetime_operator']) retrieved from /home/airflow/.local/lib/python3.7/site-packages/airflow/example_dags/example_branch_datetime_operator.py
[2024-07-23T20:36:08.807+0000] {logging_mixin.py:137} INFO - [2024-07-23T20:36:08.807+0000] {dag.py:2690} INFO - Sync 3 DAGs
[2024-07-23T20:36:08.822+0000] {logging_mixin.py:137} INFO - [2024-07-23T20:36:08.822+0000] {dag.py:3441} INFO - Setting next_dagrun for example_branch_datetime_operator to 2024-07-22T00:00:00+00:00, run_after=2024-07-23T00:00:00+00:00
[2024-07-23T20:36:08.824+0000] {logging_mixin.py:137} INFO - [2024-07-23T20:36:08.824+0000] {dag.py:3441} INFO - Setting next_dagrun for example_branch_datetime_operator_2 to 2024-07-22T00:00:00+00:00, run_after=2024-07-23T00:00:00+00:00
[2024-07-23T20:36:08.826+0000] {logging_mixin.py:137} INFO - [2024-07-23T20:36:08.825+0000] {dag.py:3441} INFO - Setting next_dagrun for example_branch_datetime_operator_3 to 2024-07-22T00:00:00+00:00, run_after=2024-07-23T00:00:00+00:00
[2024-07-23T20:36:08.833+0000] {processor.py:175} INFO - Processing /home/airflow/.local/lib/python3.7/site-packages/airflow/example_dags/example_branch_datetime_operator.py took 0.068 seconds
[2024-07-23T20:36:39.350+0000] {processor.py:153} INFO - Started process (PID=1046) to work on /home/airflow/.local/lib/python3.7/site-packages/airflow/example_dags/example_branch_datetime_operator.py
[2024-07-23T20:36:39.355+0000] {processor.py:743} INFO - Processing file /home/airflow/.local/lib/python3.7/site-packages/airflow/example_dags/example_branch_datetime_operator.py for tasks to queue
[2024-07-23T20:36:39.357+0000] {logging_mixin.py:137} INFO - [2024-07-23T20:36:39.356+0000] {dagbag.py:538} INFO - Filling up the DagBag from /home/airflow/.local/lib/python3.7/site-packages/airflow/example_dags/example_branch_datetime_operator.py
[2024-07-23T20:36:39.370+0000] {processor.py:753} INFO - DAG(s) dict_keys(['example_branch_datetime_operator_3', 'example_branch_datetime_operator_2', 'example_branch_datetime_operator']) retrieved from /home/airflow/.local/lib/python3.7/site-packages/airflow/example_dags/example_branch_datetime_operator.py
[2024-07-23T20:36:39.406+0000] {logging_mixin.py:137} INFO - [2024-07-23T20:36:39.406+0000] {dag.py:2690} INFO - Sync 3 DAGs
[2024-07-23T20:36:39.434+0000] {logging_mixin.py:137} INFO - [2024-07-23T20:36:39.434+0000] {dag.py:3441} INFO - Setting next_dagrun for example_branch_datetime_operator to 2024-07-22T00:00:00+00:00, run_after=2024-07-23T00:00:00+00:00
[2024-07-23T20:36:39.439+0000] {logging_mixin.py:137} INFO - [2024-07-23T20:36:39.439+0000] {dag.py:3441} INFO - Setting next_dagrun for example_branch_datetime_operator_2 to 2024-07-22T00:00:00+00:00, run_after=2024-07-23T00:00:00+00:00
[2024-07-23T20:36:39.443+0000] {logging_mixin.py:137} INFO - [2024-07-23T20:36:39.443+0000] {dag.py:3441} INFO - Setting next_dagrun for example_branch_datetime_operator_3 to 2024-07-22T00:00:00+00:00, run_after=2024-07-23T00:00:00+00:00
[2024-07-23T20:36:39.471+0000] {processor.py:175} INFO - Processing /home/airflow/.local/lib/python3.7/site-packages/airflow/example_dags/example_branch_datetime_operator.py took 0.124 seconds
