[2024-07-23T20:30:33.748+0000] {processor.py:153} INFO - Started process (PID=81) to work on /home/airflow/.local/lib/python3.7/site-packages/airflow/example_dags/example_datasets.py
[2024-07-23T20:30:33.751+0000] {processor.py:743} INFO - Processing file /home/airflow/.local/lib/python3.7/site-packages/airflow/example_dags/example_datasets.py for tasks to queue
[2024-07-23T20:30:33.752+0000] {logging_mixin.py:137} INFO - [2024-07-23T20:30:33.752+0000] {dagbag.py:538} INFO - Filling up the DagBag from /home/airflow/.local/lib/python3.7/site-packages/airflow/example_dags/example_datasets.py
[2024-07-23T20:30:33.772+0000] {processor.py:753} INFO - DAG(s) dict_keys(['dataset_produces_1', 'dataset_consumes_1', 'dataset_consumes_unknown_never_scheduled', 'dataset_consumes_1_never_scheduled', 'dataset_produces_2', 'dataset_consumes_1_and_2']) retrieved from /home/airflow/.local/lib/python3.7/site-packages/airflow/example_dags/example_datasets.py
[2024-07-23T20:30:33.878+0000] {logging_mixin.py:137} INFO - [2024-07-23T20:30:33.878+0000] {manager.py:504} INFO - Created Permission View: can read on DAG:dataset_produces_1
[2024-07-23T20:30:33.889+0000] {logging_mixin.py:137} INFO - [2024-07-23T20:30:33.889+0000] {manager.py:504} INFO - Created Permission View: can delete on DAG:dataset_produces_1
[2024-07-23T20:30:33.902+0000] {logging_mixin.py:137} INFO - [2024-07-23T20:30:33.902+0000] {manager.py:504} INFO - Created Permission View: can edit on DAG:dataset_produces_1
[2024-07-23T20:30:33.924+0000] {logging_mixin.py:137} INFO - [2024-07-23T20:30:33.924+0000] {manager.py:504} INFO - Created Permission View: can read on DAG:dataset_consumes_1
[2024-07-23T20:30:33.936+0000] {logging_mixin.py:137} INFO - [2024-07-23T20:30:33.936+0000] {manager.py:504} INFO - Created Permission View: can delete on DAG:dataset_consumes_1
[2024-07-23T20:30:33.956+0000] {logging_mixin.py:137} INFO - [2024-07-23T20:30:33.956+0000] {manager.py:504} INFO - Created Permission View: can edit on DAG:dataset_consumes_1
[2024-07-23T20:30:33.987+0000] {logging_mixin.py:137} INFO - [2024-07-23T20:30:33.987+0000] {manager.py:504} INFO - Created Permission View: can read on DAG:dataset_consumes_unknown_never_scheduled
[2024-07-23T20:30:33.992+0000] {logging_mixin.py:137} INFO - [2024-07-23T20:30:33.992+0000] {manager.py:504} INFO - Created Permission View: can delete on DAG:dataset_consumes_unknown_never_scheduled
[2024-07-23T20:30:34.000+0000] {logging_mixin.py:137} INFO - [2024-07-23T20:30:34.000+0000] {manager.py:504} INFO - Created Permission View: can edit on DAG:dataset_consumes_unknown_never_scheduled
[2024-07-23T20:30:34.012+0000] {logging_mixin.py:137} INFO - [2024-07-23T20:30:34.012+0000] {manager.py:504} INFO - Created Permission View: can read on DAG:dataset_consumes_1_never_scheduled
[2024-07-23T20:30:34.018+0000] {logging_mixin.py:137} INFO - [2024-07-23T20:30:34.018+0000] {manager.py:504} INFO - Created Permission View: can delete on DAG:dataset_consumes_1_never_scheduled
[2024-07-23T20:30:34.023+0000] {logging_mixin.py:137} INFO - [2024-07-23T20:30:34.023+0000] {manager.py:504} INFO - Created Permission View: can edit on DAG:dataset_consumes_1_never_scheduled
[2024-07-23T20:30:34.033+0000] {logging_mixin.py:137} INFO - [2024-07-23T20:30:34.033+0000] {manager.py:504} INFO - Created Permission View: can read on DAG:dataset_produces_2
[2024-07-23T20:30:34.041+0000] {logging_mixin.py:137} INFO - [2024-07-23T20:30:34.041+0000] {manager.py:504} INFO - Created Permission View: can delete on DAG:dataset_produces_2
[2024-07-23T20:30:34.044+0000] {logging_mixin.py:137} INFO - [2024-07-23T20:30:34.044+0000] {manager.py:504} INFO - Created Permission View: can edit on DAG:dataset_produces_2
[2024-07-23T20:30:34.051+0000] {logging_mixin.py:137} INFO - [2024-07-23T20:30:34.051+0000] {manager.py:504} INFO - Created Permission View: can read on DAG:dataset_consumes_1_and_2
[2024-07-23T20:30:34.062+0000] {logging_mixin.py:137} INFO - [2024-07-23T20:30:34.062+0000] {manager.py:504} INFO - Created Permission View: can delete on DAG:dataset_consumes_1_and_2
[2024-07-23T20:30:34.072+0000] {logging_mixin.py:137} INFO - [2024-07-23T20:30:34.072+0000] {manager.py:504} INFO - Created Permission View: can edit on DAG:dataset_consumes_1_and_2
[2024-07-23T20:30:34.073+0000] {logging_mixin.py:137} INFO - [2024-07-23T20:30:34.072+0000] {dag.py:2690} INFO - Sync 6 DAGs
[2024-07-23T20:30:34.082+0000] {logging_mixin.py:137} INFO - [2024-07-23T20:30:34.082+0000] {dag.py:2711} INFO - Creating ORM DAG for dataset_produces_2
[2024-07-23T20:30:34.085+0000] {logging_mixin.py:137} INFO - [2024-07-23T20:30:34.085+0000] {dag.py:2711} INFO - Creating ORM DAG for dataset_consumes_unknown_never_scheduled
[2024-07-23T20:30:34.087+0000] {logging_mixin.py:137} INFO - [2024-07-23T20:30:34.087+0000] {dag.py:2711} INFO - Creating ORM DAG for dataset_consumes_1_never_scheduled
[2024-07-23T20:30:34.088+0000] {logging_mixin.py:137} INFO - [2024-07-23T20:30:34.088+0000] {dag.py:2711} INFO - Creating ORM DAG for dataset_produces_1
[2024-07-23T20:30:34.088+0000] {logging_mixin.py:137} INFO - [2024-07-23T20:30:34.088+0000] {dag.py:2711} INFO - Creating ORM DAG for dataset_consumes_1_and_2
[2024-07-23T20:30:34.088+0000] {logging_mixin.py:137} INFO - [2024-07-23T20:30:34.088+0000] {dag.py:2711} INFO - Creating ORM DAG for dataset_consumes_1
[2024-07-23T20:30:34.095+0000] {logging_mixin.py:137} INFO - [2024-07-23T20:30:34.095+0000] {dag.py:3441} INFO - Setting next_dagrun for dataset_consumes_1 to None, run_after=None
[2024-07-23T20:30:34.096+0000] {logging_mixin.py:137} INFO - [2024-07-23T20:30:34.096+0000] {dag.py:3441} INFO - Setting next_dagrun for dataset_consumes_1_and_2 to None, run_after=None
[2024-07-23T20:30:34.097+0000] {logging_mixin.py:137} INFO - [2024-07-23T20:30:34.097+0000] {dag.py:3441} INFO - Setting next_dagrun for dataset_consumes_1_never_scheduled to None, run_after=None
[2024-07-23T20:30:34.097+0000] {logging_mixin.py:137} INFO - [2024-07-23T20:30:34.097+0000] {dag.py:3441} INFO - Setting next_dagrun for dataset_consumes_unknown_never_scheduled to None, run_after=None
[2024-07-23T20:30:34.101+0000] {logging_mixin.py:137} INFO - [2024-07-23T20:30:34.100+0000] {dag.py:3441} INFO - Setting next_dagrun for dataset_produces_1 to 2024-07-22T00:00:00+00:00, run_after=2024-07-23T00:00:00+00:00
[2024-07-23T20:30:34.103+0000] {logging_mixin.py:137} INFO - [2024-07-23T20:30:34.103+0000] {dag.py:3441} INFO - Setting next_dagrun for dataset_produces_2 to None, run_after=None
[2024-07-23T20:30:34.143+0000] {processor.py:175} INFO - Processing /home/airflow/.local/lib/python3.7/site-packages/airflow/example_dags/example_datasets.py took 0.399 seconds
[2024-07-23T20:31:05.068+0000] {processor.py:153} INFO - Started process (PID=153) to work on /home/airflow/.local/lib/python3.7/site-packages/airflow/example_dags/example_datasets.py
[2024-07-23T20:31:05.069+0000] {processor.py:743} INFO - Processing file /home/airflow/.local/lib/python3.7/site-packages/airflow/example_dags/example_datasets.py for tasks to queue
[2024-07-23T20:31:05.070+0000] {logging_mixin.py:137} INFO - [2024-07-23T20:31:05.070+0000] {dagbag.py:538} INFO - Filling up the DagBag from /home/airflow/.local/lib/python3.7/site-packages/airflow/example_dags/example_datasets.py
[2024-07-23T20:31:05.080+0000] {processor.py:753} INFO - DAG(s) dict_keys(['dataset_produces_1', 'dataset_consumes_1_never_scheduled', 'dataset_consumes_1_and_2', 'dataset_produces_2', 'dataset_consumes_1', 'dataset_consumes_unknown_never_scheduled']) retrieved from /home/airflow/.local/lib/python3.7/site-packages/airflow/example_dags/example_datasets.py
[2024-07-23T20:31:05.104+0000] {logging_mixin.py:137} INFO - [2024-07-23T20:31:05.104+0000] {dag.py:2690} INFO - Sync 6 DAGs
[2024-07-23T20:31:05.118+0000] {logging_mixin.py:137} INFO - [2024-07-23T20:31:05.118+0000] {dag.py:3441} INFO - Setting next_dagrun for dataset_consumes_1 to None, run_after=None
[2024-07-23T20:31:05.123+0000] {logging_mixin.py:137} INFO - [2024-07-23T20:31:05.122+0000] {dag.py:3441} INFO - Setting next_dagrun for dataset_consumes_1_and_2 to None, run_after=None
[2024-07-23T20:31:05.124+0000] {logging_mixin.py:137} INFO - [2024-07-23T20:31:05.124+0000] {dag.py:3441} INFO - Setting next_dagrun for dataset_consumes_1_never_scheduled to None, run_after=None
[2024-07-23T20:31:05.126+0000] {logging_mixin.py:137} INFO - [2024-07-23T20:31:05.126+0000] {dag.py:3441} INFO - Setting next_dagrun for dataset_consumes_unknown_never_scheduled to None, run_after=None
[2024-07-23T20:31:05.128+0000] {logging_mixin.py:137} INFO - [2024-07-23T20:31:05.128+0000] {dag.py:3441} INFO - Setting next_dagrun for dataset_produces_1 to 2024-07-22T00:00:00+00:00, run_after=2024-07-23T00:00:00+00:00
[2024-07-23T20:31:05.129+0000] {logging_mixin.py:137} INFO - [2024-07-23T20:31:05.129+0000] {dag.py:3441} INFO - Setting next_dagrun for dataset_produces_2 to None, run_after=None
[2024-07-23T20:31:05.152+0000] {processor.py:175} INFO - Processing /home/airflow/.local/lib/python3.7/site-packages/airflow/example_dags/example_datasets.py took 0.088 seconds
[2024-07-23T20:31:35.583+0000] {processor.py:153} INFO - Started process (PID=240) to work on /home/airflow/.local/lib/python3.7/site-packages/airflow/example_dags/example_datasets.py
[2024-07-23T20:31:35.584+0000] {processor.py:743} INFO - Processing file /home/airflow/.local/lib/python3.7/site-packages/airflow/example_dags/example_datasets.py for tasks to queue
[2024-07-23T20:31:35.585+0000] {logging_mixin.py:137} INFO - [2024-07-23T20:31:35.585+0000] {dagbag.py:538} INFO - Filling up the DagBag from /home/airflow/.local/lib/python3.7/site-packages/airflow/example_dags/example_datasets.py
[2024-07-23T20:31:35.604+0000] {processor.py:753} INFO - DAG(s) dict_keys(['dataset_produces_1', 'dataset_consumes_1', 'dataset_produces_2', 'dataset_consumes_unknown_never_scheduled', 'dataset_consumes_1_never_scheduled', 'dataset_consumes_1_and_2']) retrieved from /home/airflow/.local/lib/python3.7/site-packages/airflow/example_dags/example_datasets.py
[2024-07-23T20:31:35.629+0000] {logging_mixin.py:137} INFO - [2024-07-23T20:31:35.629+0000] {dag.py:2690} INFO - Sync 6 DAGs
[2024-07-23T20:31:35.642+0000] {logging_mixin.py:137} INFO - [2024-07-23T20:31:35.642+0000] {dag.py:3441} INFO - Setting next_dagrun for dataset_consumes_1 to None, run_after=None
[2024-07-23T20:31:35.644+0000] {logging_mixin.py:137} INFO - [2024-07-23T20:31:35.644+0000] {dag.py:3441} INFO - Setting next_dagrun for dataset_consumes_1_and_2 to None, run_after=None
[2024-07-23T20:31:35.645+0000] {logging_mixin.py:137} INFO - [2024-07-23T20:31:35.645+0000] {dag.py:3441} INFO - Setting next_dagrun for dataset_consumes_1_never_scheduled to None, run_after=None
[2024-07-23T20:31:35.646+0000] {logging_mixin.py:137} INFO - [2024-07-23T20:31:35.646+0000] {dag.py:3441} INFO - Setting next_dagrun for dataset_consumes_unknown_never_scheduled to None, run_after=None
[2024-07-23T20:31:35.648+0000] {logging_mixin.py:137} INFO - [2024-07-23T20:31:35.648+0000] {dag.py:3441} INFO - Setting next_dagrun for dataset_produces_1 to 2024-07-22T00:00:00+00:00, run_after=2024-07-23T00:00:00+00:00
[2024-07-23T20:31:35.649+0000] {logging_mixin.py:137} INFO - [2024-07-23T20:31:35.649+0000] {dag.py:3441} INFO - Setting next_dagrun for dataset_produces_2 to None, run_after=None
[2024-07-23T20:31:35.667+0000] {processor.py:175} INFO - Processing /home/airflow/.local/lib/python3.7/site-packages/airflow/example_dags/example_datasets.py took 0.090 seconds
[2024-07-23T20:32:06.367+0000] {processor.py:153} INFO - Started process (PID=327) to work on /home/airflow/.local/lib/python3.7/site-packages/airflow/example_dags/example_datasets.py
[2024-07-23T20:32:06.368+0000] {processor.py:743} INFO - Processing file /home/airflow/.local/lib/python3.7/site-packages/airflow/example_dags/example_datasets.py for tasks to queue
[2024-07-23T20:32:06.369+0000] {logging_mixin.py:137} INFO - [2024-07-23T20:32:06.368+0000] {dagbag.py:538} INFO - Filling up the DagBag from /home/airflow/.local/lib/python3.7/site-packages/airflow/example_dags/example_datasets.py
[2024-07-23T20:32:06.380+0000] {processor.py:753} INFO - DAG(s) dict_keys(['dataset_consumes_unknown_never_scheduled', 'dataset_consumes_1', 'dataset_produces_2', 'dataset_produces_1', 'dataset_consumes_1_and_2', 'dataset_consumes_1_never_scheduled']) retrieved from /home/airflow/.local/lib/python3.7/site-packages/airflow/example_dags/example_datasets.py
[2024-07-23T20:32:06.413+0000] {logging_mixin.py:137} INFO - [2024-07-23T20:32:06.413+0000] {dag.py:2690} INFO - Sync 6 DAGs
[2024-07-23T20:32:06.429+0000] {logging_mixin.py:137} INFO - [2024-07-23T20:32:06.429+0000] {dag.py:3441} INFO - Setting next_dagrun for dataset_consumes_1 to None, run_after=None
[2024-07-23T20:32:06.432+0000] {logging_mixin.py:137} INFO - [2024-07-23T20:32:06.432+0000] {dag.py:3441} INFO - Setting next_dagrun for dataset_consumes_1_and_2 to None, run_after=None
[2024-07-23T20:32:06.433+0000] {logging_mixin.py:137} INFO - [2024-07-23T20:32:06.433+0000] {dag.py:3441} INFO - Setting next_dagrun for dataset_consumes_1_never_scheduled to None, run_after=None
[2024-07-23T20:32:06.434+0000] {logging_mixin.py:137} INFO - [2024-07-23T20:32:06.434+0000] {dag.py:3441} INFO - Setting next_dagrun for dataset_consumes_unknown_never_scheduled to None, run_after=None
[2024-07-23T20:32:06.436+0000] {logging_mixin.py:137} INFO - [2024-07-23T20:32:06.436+0000] {dag.py:3441} INFO - Setting next_dagrun for dataset_produces_1 to 2024-07-22T00:00:00+00:00, run_after=2024-07-23T00:00:00+00:00
[2024-07-23T20:32:06.437+0000] {logging_mixin.py:137} INFO - [2024-07-23T20:32:06.437+0000] {dag.py:3441} INFO - Setting next_dagrun for dataset_produces_2 to None, run_after=None
[2024-07-23T20:32:06.455+0000] {processor.py:175} INFO - Processing /home/airflow/.local/lib/python3.7/site-packages/airflow/example_dags/example_datasets.py took 0.092 seconds
[2024-07-23T20:32:36.996+0000] {processor.py:153} INFO - Started process (PID=407) to work on /home/airflow/.local/lib/python3.7/site-packages/airflow/example_dags/example_datasets.py
[2024-07-23T20:32:36.997+0000] {processor.py:743} INFO - Processing file /home/airflow/.local/lib/python3.7/site-packages/airflow/example_dags/example_datasets.py for tasks to queue
[2024-07-23T20:32:36.998+0000] {logging_mixin.py:137} INFO - [2024-07-23T20:32:36.998+0000] {dagbag.py:538} INFO - Filling up the DagBag from /home/airflow/.local/lib/python3.7/site-packages/airflow/example_dags/example_datasets.py
[2024-07-23T20:32:37.009+0000] {processor.py:753} INFO - DAG(s) dict_keys(['dataset_consumes_1_never_scheduled', 'dataset_produces_1', 'dataset_produces_2', 'dataset_consumes_1_and_2', 'dataset_consumes_1', 'dataset_consumes_unknown_never_scheduled']) retrieved from /home/airflow/.local/lib/python3.7/site-packages/airflow/example_dags/example_datasets.py
[2024-07-23T20:32:37.039+0000] {logging_mixin.py:137} INFO - [2024-07-23T20:32:37.039+0000] {dag.py:2690} INFO - Sync 6 DAGs
[2024-07-23T20:32:37.054+0000] {logging_mixin.py:137} INFO - [2024-07-23T20:32:37.053+0000] {dag.py:3441} INFO - Setting next_dagrun for dataset_consumes_1 to None, run_after=None
[2024-07-23T20:32:37.056+0000] {logging_mixin.py:137} INFO - [2024-07-23T20:32:37.055+0000] {dag.py:3441} INFO - Setting next_dagrun for dataset_consumes_1_and_2 to None, run_after=None
[2024-07-23T20:32:37.057+0000] {logging_mixin.py:137} INFO - [2024-07-23T20:32:37.057+0000] {dag.py:3441} INFO - Setting next_dagrun for dataset_consumes_1_never_scheduled to None, run_after=None
[2024-07-23T20:32:37.060+0000] {logging_mixin.py:137} INFO - [2024-07-23T20:32:37.060+0000] {dag.py:3441} INFO - Setting next_dagrun for dataset_consumes_unknown_never_scheduled to None, run_after=None
[2024-07-23T20:32:37.061+0000] {logging_mixin.py:137} INFO - [2024-07-23T20:32:37.061+0000] {dag.py:3441} INFO - Setting next_dagrun for dataset_produces_1 to 2024-07-22T00:00:00+00:00, run_after=2024-07-23T00:00:00+00:00
[2024-07-23T20:32:37.062+0000] {logging_mixin.py:137} INFO - [2024-07-23T20:32:37.062+0000] {dag.py:3441} INFO - Setting next_dagrun for dataset_produces_2 to None, run_after=None
[2024-07-23T20:32:37.118+0000] {processor.py:175} INFO - Processing /home/airflow/.local/lib/python3.7/site-packages/airflow/example_dags/example_datasets.py took 0.123 seconds
[2024-07-23T20:33:07.706+0000] {processor.py:153} INFO - Started process (PID=484) to work on /home/airflow/.local/lib/python3.7/site-packages/airflow/example_dags/example_datasets.py
[2024-07-23T20:33:07.707+0000] {processor.py:743} INFO - Processing file /home/airflow/.local/lib/python3.7/site-packages/airflow/example_dags/example_datasets.py for tasks to queue
[2024-07-23T20:33:07.708+0000] {logging_mixin.py:137} INFO - [2024-07-23T20:33:07.708+0000] {dagbag.py:538} INFO - Filling up the DagBag from /home/airflow/.local/lib/python3.7/site-packages/airflow/example_dags/example_datasets.py
[2024-07-23T20:33:07.716+0000] {processor.py:753} INFO - DAG(s) dict_keys(['dataset_produces_2', 'dataset_consumes_1_and_2', 'dataset_consumes_1', 'dataset_produces_1', 'dataset_consumes_1_never_scheduled', 'dataset_consumes_unknown_never_scheduled']) retrieved from /home/airflow/.local/lib/python3.7/site-packages/airflow/example_dags/example_datasets.py
[2024-07-23T20:33:07.737+0000] {logging_mixin.py:137} INFO - [2024-07-23T20:33:07.737+0000] {dag.py:2690} INFO - Sync 6 DAGs
[2024-07-23T20:33:07.751+0000] {logging_mixin.py:137} INFO - [2024-07-23T20:33:07.751+0000] {dag.py:3441} INFO - Setting next_dagrun for dataset_consumes_1 to None, run_after=None
[2024-07-23T20:33:07.754+0000] {logging_mixin.py:137} INFO - [2024-07-23T20:33:07.754+0000] {dag.py:3441} INFO - Setting next_dagrun for dataset_consumes_1_and_2 to None, run_after=None
[2024-07-23T20:33:07.756+0000] {logging_mixin.py:137} INFO - [2024-07-23T20:33:07.756+0000] {dag.py:3441} INFO - Setting next_dagrun for dataset_consumes_1_never_scheduled to None, run_after=None
[2024-07-23T20:33:07.756+0000] {logging_mixin.py:137} INFO - [2024-07-23T20:33:07.756+0000] {dag.py:3441} INFO - Setting next_dagrun for dataset_consumes_unknown_never_scheduled to None, run_after=None
[2024-07-23T20:33:07.758+0000] {logging_mixin.py:137} INFO - [2024-07-23T20:33:07.758+0000] {dag.py:3441} INFO - Setting next_dagrun for dataset_produces_1 to 2024-07-22T00:00:00+00:00, run_after=2024-07-23T00:00:00+00:00
[2024-07-23T20:33:07.761+0000] {logging_mixin.py:137} INFO - [2024-07-23T20:33:07.761+0000] {dag.py:3441} INFO - Setting next_dagrun for dataset_produces_2 to None, run_after=None
[2024-07-23T20:33:07.778+0000] {processor.py:175} INFO - Processing /home/airflow/.local/lib/python3.7/site-packages/airflow/example_dags/example_datasets.py took 0.074 seconds
[2024-07-23T20:33:38.332+0000] {processor.py:153} INFO - Started process (PID=571) to work on /home/airflow/.local/lib/python3.7/site-packages/airflow/example_dags/example_datasets.py
[2024-07-23T20:33:38.333+0000] {processor.py:743} INFO - Processing file /home/airflow/.local/lib/python3.7/site-packages/airflow/example_dags/example_datasets.py for tasks to queue
[2024-07-23T20:33:38.334+0000] {logging_mixin.py:137} INFO - [2024-07-23T20:33:38.334+0000] {dagbag.py:538} INFO - Filling up the DagBag from /home/airflow/.local/lib/python3.7/site-packages/airflow/example_dags/example_datasets.py
[2024-07-23T20:33:38.345+0000] {processor.py:753} INFO - DAG(s) dict_keys(['dataset_consumes_1_and_2', 'dataset_consumes_unknown_never_scheduled', 'dataset_consumes_1', 'dataset_consumes_1_never_scheduled', 'dataset_produces_2', 'dataset_produces_1']) retrieved from /home/airflow/.local/lib/python3.7/site-packages/airflow/example_dags/example_datasets.py
[2024-07-23T20:33:38.367+0000] {logging_mixin.py:137} INFO - [2024-07-23T20:33:38.367+0000] {dag.py:2690} INFO - Sync 6 DAGs
[2024-07-23T20:33:38.380+0000] {logging_mixin.py:137} INFO - [2024-07-23T20:33:38.380+0000] {dag.py:3441} INFO - Setting next_dagrun for dataset_consumes_1 to None, run_after=None
[2024-07-23T20:33:38.383+0000] {logging_mixin.py:137} INFO - [2024-07-23T20:33:38.383+0000] {dag.py:3441} INFO - Setting next_dagrun for dataset_consumes_1_and_2 to None, run_after=None
[2024-07-23T20:33:38.384+0000] {logging_mixin.py:137} INFO - [2024-07-23T20:33:38.384+0000] {dag.py:3441} INFO - Setting next_dagrun for dataset_consumes_1_never_scheduled to None, run_after=None
[2024-07-23T20:33:38.386+0000] {logging_mixin.py:137} INFO - [2024-07-23T20:33:38.386+0000] {dag.py:3441} INFO - Setting next_dagrun for dataset_consumes_unknown_never_scheduled to None, run_after=None
[2024-07-23T20:33:38.388+0000] {logging_mixin.py:137} INFO - [2024-07-23T20:33:38.388+0000] {dag.py:3441} INFO - Setting next_dagrun for dataset_produces_1 to 2024-07-22T00:00:00+00:00, run_after=2024-07-23T00:00:00+00:00
[2024-07-23T20:33:38.389+0000] {logging_mixin.py:137} INFO - [2024-07-23T20:33:38.389+0000] {dag.py:3441} INFO - Setting next_dagrun for dataset_produces_2 to None, run_after=None
[2024-07-23T20:33:38.403+0000] {processor.py:175} INFO - Processing /home/airflow/.local/lib/python3.7/site-packages/airflow/example_dags/example_datasets.py took 0.075 seconds
[2024-07-23T20:34:09.013+0000] {processor.py:153} INFO - Started process (PID=658) to work on /home/airflow/.local/lib/python3.7/site-packages/airflow/example_dags/example_datasets.py
[2024-07-23T20:34:09.014+0000] {processor.py:743} INFO - Processing file /home/airflow/.local/lib/python3.7/site-packages/airflow/example_dags/example_datasets.py for tasks to queue
[2024-07-23T20:34:09.014+0000] {logging_mixin.py:137} INFO - [2024-07-23T20:34:09.014+0000] {dagbag.py:538} INFO - Filling up the DagBag from /home/airflow/.local/lib/python3.7/site-packages/airflow/example_dags/example_datasets.py
[2024-07-23T20:34:09.026+0000] {processor.py:753} INFO - DAG(s) dict_keys(['dataset_consumes_unknown_never_scheduled', 'dataset_produces_2', 'dataset_produces_1', 'dataset_consumes_1_and_2', 'dataset_consumes_1_never_scheduled', 'dataset_consumes_1']) retrieved from /home/airflow/.local/lib/python3.7/site-packages/airflow/example_dags/example_datasets.py
[2024-07-23T20:34:09.063+0000] {logging_mixin.py:137} INFO - [2024-07-23T20:34:09.063+0000] {dag.py:2690} INFO - Sync 6 DAGs
[2024-07-23T20:34:09.079+0000] {logging_mixin.py:137} INFO - [2024-07-23T20:34:09.079+0000] {dag.py:3441} INFO - Setting next_dagrun for dataset_consumes_1 to None, run_after=None
[2024-07-23T20:34:09.084+0000] {logging_mixin.py:137} INFO - [2024-07-23T20:34:09.084+0000] {dag.py:3441} INFO - Setting next_dagrun for dataset_consumes_1_and_2 to None, run_after=None
[2024-07-23T20:34:09.086+0000] {logging_mixin.py:137} INFO - [2024-07-23T20:34:09.086+0000] {dag.py:3441} INFO - Setting next_dagrun for dataset_consumes_1_never_scheduled to None, run_after=None
[2024-07-23T20:34:09.087+0000] {logging_mixin.py:137} INFO - [2024-07-23T20:34:09.087+0000] {dag.py:3441} INFO - Setting next_dagrun for dataset_consumes_unknown_never_scheduled to None, run_after=None
[2024-07-23T20:34:09.090+0000] {logging_mixin.py:137} INFO - [2024-07-23T20:34:09.090+0000] {dag.py:3441} INFO - Setting next_dagrun for dataset_produces_1 to 2024-07-22T00:00:00+00:00, run_after=2024-07-23T00:00:00+00:00
[2024-07-23T20:34:09.092+0000] {logging_mixin.py:137} INFO - [2024-07-23T20:34:09.092+0000] {dag.py:3441} INFO - Setting next_dagrun for dataset_produces_2 to None, run_after=None
[2024-07-23T20:34:09.112+0000] {processor.py:175} INFO - Processing /home/airflow/.local/lib/python3.7/site-packages/airflow/example_dags/example_datasets.py took 0.102 seconds
[2024-07-23T20:34:39.631+0000] {processor.py:153} INFO - Started process (PID=729) to work on /home/airflow/.local/lib/python3.7/site-packages/airflow/example_dags/example_datasets.py
[2024-07-23T20:34:39.633+0000] {processor.py:743} INFO - Processing file /home/airflow/.local/lib/python3.7/site-packages/airflow/example_dags/example_datasets.py for tasks to queue
[2024-07-23T20:34:39.634+0000] {logging_mixin.py:137} INFO - [2024-07-23T20:34:39.634+0000] {dagbag.py:538} INFO - Filling up the DagBag from /home/airflow/.local/lib/python3.7/site-packages/airflow/example_dags/example_datasets.py
[2024-07-23T20:34:39.649+0000] {processor.py:753} INFO - DAG(s) dict_keys(['dataset_produces_2', 'dataset_consumes_1_never_scheduled', 'dataset_consumes_unknown_never_scheduled', 'dataset_produces_1', 'dataset_consumes_1', 'dataset_consumes_1_and_2']) retrieved from /home/airflow/.local/lib/python3.7/site-packages/airflow/example_dags/example_datasets.py
[2024-07-23T20:34:39.682+0000] {logging_mixin.py:137} INFO - [2024-07-23T20:34:39.682+0000] {dag.py:2690} INFO - Sync 6 DAGs
[2024-07-23T20:34:39.693+0000] {logging_mixin.py:137} INFO - [2024-07-23T20:34:39.693+0000] {dag.py:3441} INFO - Setting next_dagrun for dataset_consumes_1 to None, run_after=None
[2024-07-23T20:34:39.697+0000] {logging_mixin.py:137} INFO - [2024-07-23T20:34:39.697+0000] {dag.py:3441} INFO - Setting next_dagrun for dataset_consumes_1_and_2 to None, run_after=None
[2024-07-23T20:34:39.698+0000] {logging_mixin.py:137} INFO - [2024-07-23T20:34:39.698+0000] {dag.py:3441} INFO - Setting next_dagrun for dataset_consumes_1_never_scheduled to None, run_after=None
[2024-07-23T20:34:39.699+0000] {logging_mixin.py:137} INFO - [2024-07-23T20:34:39.699+0000] {dag.py:3441} INFO - Setting next_dagrun for dataset_consumes_unknown_never_scheduled to None, run_after=None
[2024-07-23T20:34:39.700+0000] {logging_mixin.py:137} INFO - [2024-07-23T20:34:39.700+0000] {dag.py:3441} INFO - Setting next_dagrun for dataset_produces_1 to 2024-07-22T00:00:00+00:00, run_after=2024-07-23T00:00:00+00:00
[2024-07-23T20:34:39.701+0000] {logging_mixin.py:137} INFO - [2024-07-23T20:34:39.700+0000] {dag.py:3441} INFO - Setting next_dagrun for dataset_produces_2 to None, run_after=None
[2024-07-23T20:34:39.723+0000] {processor.py:175} INFO - Processing /home/airflow/.local/lib/python3.7/site-packages/airflow/example_dags/example_datasets.py took 0.096 seconds
[2024-07-23T20:35:10.206+0000] {processor.py:153} INFO - Started process (PID=816) to work on /home/airflow/.local/lib/python3.7/site-packages/airflow/example_dags/example_datasets.py
[2024-07-23T20:35:10.206+0000] {processor.py:743} INFO - Processing file /home/airflow/.local/lib/python3.7/site-packages/airflow/example_dags/example_datasets.py for tasks to queue
[2024-07-23T20:35:10.207+0000] {logging_mixin.py:137} INFO - [2024-07-23T20:35:10.207+0000] {dagbag.py:538} INFO - Filling up the DagBag from /home/airflow/.local/lib/python3.7/site-packages/airflow/example_dags/example_datasets.py
[2024-07-23T20:35:10.219+0000] {processor.py:753} INFO - DAG(s) dict_keys(['dataset_consumes_1_and_2', 'dataset_consumes_1', 'dataset_produces_2', 'dataset_consumes_unknown_never_scheduled', 'dataset_consumes_1_never_scheduled', 'dataset_produces_1']) retrieved from /home/airflow/.local/lib/python3.7/site-packages/airflow/example_dags/example_datasets.py
[2024-07-23T20:35:10.243+0000] {logging_mixin.py:137} INFO - [2024-07-23T20:35:10.243+0000] {dag.py:2690} INFO - Sync 6 DAGs
[2024-07-23T20:35:10.256+0000] {logging_mixin.py:137} INFO - [2024-07-23T20:35:10.255+0000] {dag.py:3441} INFO - Setting next_dagrun for dataset_consumes_1 to None, run_after=None
[2024-07-23T20:35:10.257+0000] {logging_mixin.py:137} INFO - [2024-07-23T20:35:10.257+0000] {dag.py:3441} INFO - Setting next_dagrun for dataset_consumes_1_and_2 to None, run_after=None
[2024-07-23T20:35:10.259+0000] {logging_mixin.py:137} INFO - [2024-07-23T20:35:10.259+0000] {dag.py:3441} INFO - Setting next_dagrun for dataset_consumes_1_never_scheduled to None, run_after=None
[2024-07-23T20:35:10.260+0000] {logging_mixin.py:137} INFO - [2024-07-23T20:35:10.260+0000] {dag.py:3441} INFO - Setting next_dagrun for dataset_consumes_unknown_never_scheduled to None, run_after=None
[2024-07-23T20:35:10.262+0000] {logging_mixin.py:137} INFO - [2024-07-23T20:35:10.262+0000] {dag.py:3441} INFO - Setting next_dagrun for dataset_produces_1 to 2024-07-22T00:00:00+00:00, run_after=2024-07-23T00:00:00+00:00
[2024-07-23T20:35:10.263+0000] {logging_mixin.py:137} INFO - [2024-07-23T20:35:10.263+0000] {dag.py:3441} INFO - Setting next_dagrun for dataset_produces_2 to None, run_after=None
[2024-07-23T20:35:10.281+0000] {processor.py:175} INFO - Processing /home/airflow/.local/lib/python3.7/site-packages/airflow/example_dags/example_datasets.py took 0.079 seconds
[2024-07-23T20:35:40.736+0000] {processor.py:153} INFO - Started process (PID=903) to work on /home/airflow/.local/lib/python3.7/site-packages/airflow/example_dags/example_datasets.py
[2024-07-23T20:35:40.737+0000] {processor.py:743} INFO - Processing file /home/airflow/.local/lib/python3.7/site-packages/airflow/example_dags/example_datasets.py for tasks to queue
[2024-07-23T20:35:40.738+0000] {logging_mixin.py:137} INFO - [2024-07-23T20:35:40.738+0000] {dagbag.py:538} INFO - Filling up the DagBag from /home/airflow/.local/lib/python3.7/site-packages/airflow/example_dags/example_datasets.py
[2024-07-23T20:35:40.751+0000] {processor.py:753} INFO - DAG(s) dict_keys(['dataset_consumes_1_and_2', 'dataset_consumes_1', 'dataset_consumes_unknown_never_scheduled', 'dataset_produces_2', 'dataset_produces_1', 'dataset_consumes_1_never_scheduled']) retrieved from /home/airflow/.local/lib/python3.7/site-packages/airflow/example_dags/example_datasets.py
[2024-07-23T20:35:40.774+0000] {logging_mixin.py:137} INFO - [2024-07-23T20:35:40.774+0000] {dag.py:2690} INFO - Sync 6 DAGs
[2024-07-23T20:35:40.787+0000] {logging_mixin.py:137} INFO - [2024-07-23T20:35:40.787+0000] {dag.py:3441} INFO - Setting next_dagrun for dataset_consumes_1 to None, run_after=None
[2024-07-23T20:35:40.788+0000] {logging_mixin.py:137} INFO - [2024-07-23T20:35:40.788+0000] {dag.py:3441} INFO - Setting next_dagrun for dataset_consumes_1_and_2 to None, run_after=None
[2024-07-23T20:35:40.789+0000] {logging_mixin.py:137} INFO - [2024-07-23T20:35:40.789+0000] {dag.py:3441} INFO - Setting next_dagrun for dataset_consumes_1_never_scheduled to None, run_after=None
[2024-07-23T20:35:40.790+0000] {logging_mixin.py:137} INFO - [2024-07-23T20:35:40.790+0000] {dag.py:3441} INFO - Setting next_dagrun for dataset_consumes_unknown_never_scheduled to None, run_after=None
[2024-07-23T20:35:40.791+0000] {logging_mixin.py:137} INFO - [2024-07-23T20:35:40.791+0000] {dag.py:3441} INFO - Setting next_dagrun for dataset_produces_1 to 2024-07-22T00:00:00+00:00, run_after=2024-07-23T00:00:00+00:00
[2024-07-23T20:35:40.791+0000] {logging_mixin.py:137} INFO - [2024-07-23T20:35:40.791+0000] {dag.py:3441} INFO - Setting next_dagrun for dataset_produces_2 to None, run_after=None
[2024-07-23T20:35:40.807+0000] {processor.py:175} INFO - Processing /home/airflow/.local/lib/python3.7/site-packages/airflow/example_dags/example_datasets.py took 0.075 seconds
[2024-07-23T20:36:11.336+0000] {processor.py:153} INFO - Started process (PID=990) to work on /home/airflow/.local/lib/python3.7/site-packages/airflow/example_dags/example_datasets.py
[2024-07-23T20:36:11.338+0000] {processor.py:743} INFO - Processing file /home/airflow/.local/lib/python3.7/site-packages/airflow/example_dags/example_datasets.py for tasks to queue
[2024-07-23T20:36:11.339+0000] {logging_mixin.py:137} INFO - [2024-07-23T20:36:11.339+0000] {dagbag.py:538} INFO - Filling up the DagBag from /home/airflow/.local/lib/python3.7/site-packages/airflow/example_dags/example_datasets.py
[2024-07-23T20:36:11.353+0000] {processor.py:753} INFO - DAG(s) dict_keys(['dataset_consumes_unknown_never_scheduled', 'dataset_consumes_1_never_scheduled', 'dataset_consumes_1', 'dataset_consumes_1_and_2', 'dataset_produces_2', 'dataset_produces_1']) retrieved from /home/airflow/.local/lib/python3.7/site-packages/airflow/example_dags/example_datasets.py
[2024-07-23T20:36:11.377+0000] {logging_mixin.py:137} INFO - [2024-07-23T20:36:11.377+0000] {dag.py:2690} INFO - Sync 6 DAGs
[2024-07-23T20:36:11.390+0000] {logging_mixin.py:137} INFO - [2024-07-23T20:36:11.390+0000] {dag.py:3441} INFO - Setting next_dagrun for dataset_consumes_1 to None, run_after=None
[2024-07-23T20:36:11.392+0000] {logging_mixin.py:137} INFO - [2024-07-23T20:36:11.392+0000] {dag.py:3441} INFO - Setting next_dagrun for dataset_consumes_1_and_2 to None, run_after=None
[2024-07-23T20:36:11.392+0000] {logging_mixin.py:137} INFO - [2024-07-23T20:36:11.392+0000] {dag.py:3441} INFO - Setting next_dagrun for dataset_consumes_1_never_scheduled to None, run_after=None
[2024-07-23T20:36:11.393+0000] {logging_mixin.py:137} INFO - [2024-07-23T20:36:11.393+0000] {dag.py:3441} INFO - Setting next_dagrun for dataset_consumes_unknown_never_scheduled to None, run_after=None
[2024-07-23T20:36:11.394+0000] {logging_mixin.py:137} INFO - [2024-07-23T20:36:11.394+0000] {dag.py:3441} INFO - Setting next_dagrun for dataset_produces_1 to 2024-07-22T00:00:00+00:00, run_after=2024-07-23T00:00:00+00:00
[2024-07-23T20:36:11.395+0000] {logging_mixin.py:137} INFO - [2024-07-23T20:36:11.395+0000] {dag.py:3441} INFO - Setting next_dagrun for dataset_produces_2 to None, run_after=None
[2024-07-23T20:36:11.412+0000] {processor.py:175} INFO - Processing /home/airflow/.local/lib/python3.7/site-packages/airflow/example_dags/example_datasets.py took 0.080 seconds
