[2024-07-23T20:30:33.292+0000] {processor.py:153} INFO - Started process (PID=78) to work on /home/airflow/.local/lib/python3.7/site-packages/airflow/example_dags/example_latest_only_with_trigger.py
[2024-07-23T20:30:33.296+0000] {processor.py:743} INFO - Processing file /home/airflow/.local/lib/python3.7/site-packages/airflow/example_dags/example_latest_only_with_trigger.py for tasks to queue
[2024-07-23T20:30:33.298+0000] {logging_mixin.py:137} INFO - [2024-07-23T20:30:33.298+0000] {dagbag.py:538} INFO - Filling up the DagBag from /home/airflow/.local/lib/python3.7/site-packages/airflow/example_dags/example_latest_only_with_trigger.py
[2024-07-23T20:30:33.313+0000] {processor.py:753} INFO - DAG(s) dict_keys(['latest_only_with_trigger']) retrieved from /home/airflow/.local/lib/python3.7/site-packages/airflow/example_dags/example_latest_only_with_trigger.py
[2024-07-23T20:30:33.419+0000] {logging_mixin.py:137} INFO - [2024-07-23T20:30:33.419+0000] {manager.py:504} INFO - Created Permission View: can read on DAG:latest_only_with_trigger
[2024-07-23T20:30:33.430+0000] {logging_mixin.py:137} INFO - [2024-07-23T20:30:33.430+0000] {manager.py:504} INFO - Created Permission View: can delete on DAG:latest_only_with_trigger
[2024-07-23T20:30:33.439+0000] {logging_mixin.py:137} INFO - [2024-07-23T20:30:33.439+0000] {manager.py:504} INFO - Created Permission View: can edit on DAG:latest_only_with_trigger
[2024-07-23T20:30:33.441+0000] {logging_mixin.py:137} INFO - [2024-07-23T20:30:33.441+0000] {dag.py:2690} INFO - Sync 1 DAGs
[2024-07-23T20:30:33.461+0000] {logging_mixin.py:137} INFO - [2024-07-23T20:30:33.461+0000] {dag.py:2711} INFO - Creating ORM DAG for latest_only_with_trigger
[2024-07-23T20:30:33.480+0000] {logging_mixin.py:137} INFO - [2024-07-23T20:30:33.480+0000] {dag.py:3441} INFO - Setting next_dagrun for latest_only_with_trigger to 2024-07-23T16:30:33.480040+00:00, run_after=2024-07-23T20:30:33.480040+00:00
[2024-07-23T20:30:33.500+0000] {processor.py:175} INFO - Processing /home/airflow/.local/lib/python3.7/site-packages/airflow/example_dags/example_latest_only_with_trigger.py took 0.210 seconds
[2024-07-23T20:31:03.948+0000] {processor.py:153} INFO - Started process (PID=149) to work on /home/airflow/.local/lib/python3.7/site-packages/airflow/example_dags/example_latest_only_with_trigger.py
[2024-07-23T20:31:03.949+0000] {processor.py:743} INFO - Processing file /home/airflow/.local/lib/python3.7/site-packages/airflow/example_dags/example_latest_only_with_trigger.py for tasks to queue
[2024-07-23T20:31:03.949+0000] {logging_mixin.py:137} INFO - [2024-07-23T20:31:03.949+0000] {dagbag.py:538} INFO - Filling up the DagBag from /home/airflow/.local/lib/python3.7/site-packages/airflow/example_dags/example_latest_only_with_trigger.py
[2024-07-23T20:31:03.957+0000] {processor.py:753} INFO - DAG(s) dict_keys(['latest_only_with_trigger']) retrieved from /home/airflow/.local/lib/python3.7/site-packages/airflow/example_dags/example_latest_only_with_trigger.py
[2024-07-23T20:31:03.970+0000] {logging_mixin.py:137} INFO - [2024-07-23T20:31:03.970+0000] {dag.py:2690} INFO - Sync 1 DAGs
[2024-07-23T20:31:03.982+0000] {logging_mixin.py:137} INFO - [2024-07-23T20:31:03.982+0000] {dag.py:3441} INFO - Setting next_dagrun for latest_only_with_trigger to 2024-07-23T16:31:03.982657+00:00, run_after=2024-07-23T20:31:03.982657+00:00
[2024-07-23T20:31:03.994+0000] {processor.py:175} INFO - Processing /home/airflow/.local/lib/python3.7/site-packages/airflow/example_dags/example_latest_only_with_trigger.py took 0.047 seconds
[2024-07-23T20:31:34.444+0000] {processor.py:153} INFO - Started process (PID=236) to work on /home/airflow/.local/lib/python3.7/site-packages/airflow/example_dags/example_latest_only_with_trigger.py
[2024-07-23T20:31:34.445+0000] {processor.py:743} INFO - Processing file /home/airflow/.local/lib/python3.7/site-packages/airflow/example_dags/example_latest_only_with_trigger.py for tasks to queue
[2024-07-23T20:31:34.445+0000] {logging_mixin.py:137} INFO - [2024-07-23T20:31:34.445+0000] {dagbag.py:538} INFO - Filling up the DagBag from /home/airflow/.local/lib/python3.7/site-packages/airflow/example_dags/example_latest_only_with_trigger.py
[2024-07-23T20:31:34.451+0000] {processor.py:753} INFO - DAG(s) dict_keys(['latest_only_with_trigger']) retrieved from /home/airflow/.local/lib/python3.7/site-packages/airflow/example_dags/example_latest_only_with_trigger.py
[2024-07-23T20:31:34.466+0000] {logging_mixin.py:137} INFO - [2024-07-23T20:31:34.466+0000] {dag.py:2690} INFO - Sync 1 DAGs
[2024-07-23T20:31:34.482+0000] {logging_mixin.py:137} INFO - [2024-07-23T20:31:34.482+0000] {dag.py:3441} INFO - Setting next_dagrun for latest_only_with_trigger to 2024-07-23T16:31:34.482135+00:00, run_after=2024-07-23T20:31:34.482135+00:00
[2024-07-23T20:31:34.494+0000] {processor.py:175} INFO - Processing /home/airflow/.local/lib/python3.7/site-packages/airflow/example_dags/example_latest_only_with_trigger.py took 0.051 seconds
[2024-07-23T20:32:05.241+0000] {processor.py:153} INFO - Started process (PID=323) to work on /home/airflow/.local/lib/python3.7/site-packages/airflow/example_dags/example_latest_only_with_trigger.py
[2024-07-23T20:32:05.241+0000] {processor.py:743} INFO - Processing file /home/airflow/.local/lib/python3.7/site-packages/airflow/example_dags/example_latest_only_with_trigger.py for tasks to queue
[2024-07-23T20:32:05.242+0000] {logging_mixin.py:137} INFO - [2024-07-23T20:32:05.242+0000] {dagbag.py:538} INFO - Filling up the DagBag from /home/airflow/.local/lib/python3.7/site-packages/airflow/example_dags/example_latest_only_with_trigger.py
[2024-07-23T20:32:05.250+0000] {processor.py:753} INFO - DAG(s) dict_keys(['latest_only_with_trigger']) retrieved from /home/airflow/.local/lib/python3.7/site-packages/airflow/example_dags/example_latest_only_with_trigger.py
[2024-07-23T20:32:05.266+0000] {logging_mixin.py:137} INFO - [2024-07-23T20:32:05.266+0000] {dag.py:2690} INFO - Sync 1 DAGs
[2024-07-23T20:32:05.278+0000] {logging_mixin.py:137} INFO - [2024-07-23T20:32:05.278+0000] {dag.py:3441} INFO - Setting next_dagrun for latest_only_with_trigger to 2024-07-23T16:32:05.278044+00:00, run_after=2024-07-23T20:32:05.278044+00:00
[2024-07-23T20:32:05.289+0000] {processor.py:175} INFO - Processing /home/airflow/.local/lib/python3.7/site-packages/airflow/example_dags/example_latest_only_with_trigger.py took 0.050 seconds
[2024-07-23T20:32:35.861+0000] {processor.py:153} INFO - Started process (PID=394) to work on /home/airflow/.local/lib/python3.7/site-packages/airflow/example_dags/example_latest_only_with_trigger.py
[2024-07-23T20:32:35.862+0000] {processor.py:743} INFO - Processing file /home/airflow/.local/lib/python3.7/site-packages/airflow/example_dags/example_latest_only_with_trigger.py for tasks to queue
[2024-07-23T20:32:35.862+0000] {logging_mixin.py:137} INFO - [2024-07-23T20:32:35.862+0000] {dagbag.py:538} INFO - Filling up the DagBag from /home/airflow/.local/lib/python3.7/site-packages/airflow/example_dags/example_latest_only_with_trigger.py
[2024-07-23T20:32:35.873+0000] {processor.py:753} INFO - DAG(s) dict_keys(['latest_only_with_trigger']) retrieved from /home/airflow/.local/lib/python3.7/site-packages/airflow/example_dags/example_latest_only_with_trigger.py
[2024-07-23T20:32:35.886+0000] {logging_mixin.py:137} INFO - [2024-07-23T20:32:35.886+0000] {dag.py:2690} INFO - Sync 1 DAGs
[2024-07-23T20:32:35.903+0000] {logging_mixin.py:137} INFO - [2024-07-23T20:32:35.903+0000] {dag.py:3441} INFO - Setting next_dagrun for latest_only_with_trigger to 2024-07-23T16:32:35.903218+00:00, run_after=2024-07-23T20:32:35.903218+00:00
[2024-07-23T20:32:35.915+0000] {processor.py:175} INFO - Processing /home/airflow/.local/lib/python3.7/site-packages/airflow/example_dags/example_latest_only_with_trigger.py took 0.055 seconds
[2024-07-23T20:33:06.581+0000] {processor.py:153} INFO - Started process (PID=480) to work on /home/airflow/.local/lib/python3.7/site-packages/airflow/example_dags/example_latest_only_with_trigger.py
[2024-07-23T20:33:06.582+0000] {processor.py:743} INFO - Processing file /home/airflow/.local/lib/python3.7/site-packages/airflow/example_dags/example_latest_only_with_trigger.py for tasks to queue
[2024-07-23T20:33:06.582+0000] {logging_mixin.py:137} INFO - [2024-07-23T20:33:06.582+0000] {dagbag.py:538} INFO - Filling up the DagBag from /home/airflow/.local/lib/python3.7/site-packages/airflow/example_dags/example_latest_only_with_trigger.py
[2024-07-23T20:33:06.589+0000] {processor.py:753} INFO - DAG(s) dict_keys(['latest_only_with_trigger']) retrieved from /home/airflow/.local/lib/python3.7/site-packages/airflow/example_dags/example_latest_only_with_trigger.py
[2024-07-23T20:33:06.609+0000] {logging_mixin.py:137} INFO - [2024-07-23T20:33:06.609+0000] {dag.py:2690} INFO - Sync 1 DAGs
[2024-07-23T20:33:06.622+0000] {logging_mixin.py:137} INFO - [2024-07-23T20:33:06.622+0000] {dag.py:3441} INFO - Setting next_dagrun for latest_only_with_trigger to 2024-07-23T16:33:06.622365+00:00, run_after=2024-07-23T20:33:06.622365+00:00
[2024-07-23T20:33:06.635+0000] {processor.py:175} INFO - Processing /home/airflow/.local/lib/python3.7/site-packages/airflow/example_dags/example_latest_only_with_trigger.py took 0.055 seconds
[2024-07-23T20:33:37.206+0000] {processor.py:153} INFO - Started process (PID=567) to work on /home/airflow/.local/lib/python3.7/site-packages/airflow/example_dags/example_latest_only_with_trigger.py
[2024-07-23T20:33:37.206+0000] {processor.py:743} INFO - Processing file /home/airflow/.local/lib/python3.7/site-packages/airflow/example_dags/example_latest_only_with_trigger.py for tasks to queue
[2024-07-23T20:33:37.206+0000] {logging_mixin.py:137} INFO - [2024-07-23T20:33:37.206+0000] {dagbag.py:538} INFO - Filling up the DagBag from /home/airflow/.local/lib/python3.7/site-packages/airflow/example_dags/example_latest_only_with_trigger.py
[2024-07-23T20:33:37.213+0000] {processor.py:753} INFO - DAG(s) dict_keys(['latest_only_with_trigger']) retrieved from /home/airflow/.local/lib/python3.7/site-packages/airflow/example_dags/example_latest_only_with_trigger.py
[2024-07-23T20:33:37.230+0000] {logging_mixin.py:137} INFO - [2024-07-23T20:33:37.229+0000] {dag.py:2690} INFO - Sync 1 DAGs
[2024-07-23T20:33:37.245+0000] {logging_mixin.py:137} INFO - [2024-07-23T20:33:37.245+0000] {dag.py:3441} INFO - Setting next_dagrun for latest_only_with_trigger to 2024-07-23T16:33:37.245738+00:00, run_after=2024-07-23T20:33:37.245738+00:00
[2024-07-23T20:33:37.257+0000] {processor.py:175} INFO - Processing /home/airflow/.local/lib/python3.7/site-packages/airflow/example_dags/example_latest_only_with_trigger.py took 0.053 seconds
[2024-07-23T20:34:07.874+0000] {processor.py:153} INFO - Started process (PID=654) to work on /home/airflow/.local/lib/python3.7/site-packages/airflow/example_dags/example_latest_only_with_trigger.py
[2024-07-23T20:34:07.874+0000] {processor.py:743} INFO - Processing file /home/airflow/.local/lib/python3.7/site-packages/airflow/example_dags/example_latest_only_with_trigger.py for tasks to queue
[2024-07-23T20:34:07.874+0000] {logging_mixin.py:137} INFO - [2024-07-23T20:34:07.874+0000] {dagbag.py:538} INFO - Filling up the DagBag from /home/airflow/.local/lib/python3.7/site-packages/airflow/example_dags/example_latest_only_with_trigger.py
[2024-07-23T20:34:07.881+0000] {processor.py:753} INFO - DAG(s) dict_keys(['latest_only_with_trigger']) retrieved from /home/airflow/.local/lib/python3.7/site-packages/airflow/example_dags/example_latest_only_with_trigger.py
[2024-07-23T20:34:07.893+0000] {logging_mixin.py:137} INFO - [2024-07-23T20:34:07.893+0000] {dag.py:2690} INFO - Sync 1 DAGs
[2024-07-23T20:34:07.906+0000] {logging_mixin.py:137} INFO - [2024-07-23T20:34:07.906+0000] {dag.py:3441} INFO - Setting next_dagrun for latest_only_with_trigger to 2024-07-23T16:34:07.906697+00:00, run_after=2024-07-23T20:34:07.906697+00:00
[2024-07-23T20:34:07.920+0000] {processor.py:175} INFO - Processing /home/airflow/.local/lib/python3.7/site-packages/airflow/example_dags/example_latest_only_with_trigger.py took 0.048 seconds
[2024-07-23T20:34:38.476+0000] {processor.py:153} INFO - Started process (PID=725) to work on /home/airflow/.local/lib/python3.7/site-packages/airflow/example_dags/example_latest_only_with_trigger.py
[2024-07-23T20:34:38.477+0000] {processor.py:743} INFO - Processing file /home/airflow/.local/lib/python3.7/site-packages/airflow/example_dags/example_latest_only_with_trigger.py for tasks to queue
[2024-07-23T20:34:38.477+0000] {logging_mixin.py:137} INFO - [2024-07-23T20:34:38.477+0000] {dagbag.py:538} INFO - Filling up the DagBag from /home/airflow/.local/lib/python3.7/site-packages/airflow/example_dags/example_latest_only_with_trigger.py
[2024-07-23T20:34:38.484+0000] {processor.py:753} INFO - DAG(s) dict_keys(['latest_only_with_trigger']) retrieved from /home/airflow/.local/lib/python3.7/site-packages/airflow/example_dags/example_latest_only_with_trigger.py
[2024-07-23T20:34:38.500+0000] {logging_mixin.py:137} INFO - [2024-07-23T20:34:38.500+0000] {dag.py:2690} INFO - Sync 1 DAGs
[2024-07-23T20:34:38.512+0000] {logging_mixin.py:137} INFO - [2024-07-23T20:34:38.512+0000] {dag.py:3441} INFO - Setting next_dagrun for latest_only_with_trigger to 2024-07-23T16:34:38.512151+00:00, run_after=2024-07-23T20:34:38.512151+00:00
[2024-07-23T20:34:38.527+0000] {processor.py:175} INFO - Processing /home/airflow/.local/lib/python3.7/site-packages/airflow/example_dags/example_latest_only_with_trigger.py took 0.052 seconds
[2024-07-23T20:35:09.054+0000] {processor.py:153} INFO - Started process (PID=812) to work on /home/airflow/.local/lib/python3.7/site-packages/airflow/example_dags/example_latest_only_with_trigger.py
[2024-07-23T20:35:09.054+0000] {processor.py:743} INFO - Processing file /home/airflow/.local/lib/python3.7/site-packages/airflow/example_dags/example_latest_only_with_trigger.py for tasks to queue
[2024-07-23T20:35:09.055+0000] {logging_mixin.py:137} INFO - [2024-07-23T20:35:09.055+0000] {dagbag.py:538} INFO - Filling up the DagBag from /home/airflow/.local/lib/python3.7/site-packages/airflow/example_dags/example_latest_only_with_trigger.py
[2024-07-23T20:35:09.066+0000] {processor.py:753} INFO - DAG(s) dict_keys(['latest_only_with_trigger']) retrieved from /home/airflow/.local/lib/python3.7/site-packages/airflow/example_dags/example_latest_only_with_trigger.py
[2024-07-23T20:35:09.086+0000] {logging_mixin.py:137} INFO - [2024-07-23T20:35:09.086+0000] {dag.py:2690} INFO - Sync 1 DAGs
[2024-07-23T20:35:09.105+0000] {logging_mixin.py:137} INFO - [2024-07-23T20:35:09.104+0000] {dag.py:3441} INFO - Setting next_dagrun for latest_only_with_trigger to 2024-07-23T16:35:09.104656+00:00, run_after=2024-07-23T20:35:09.104656+00:00
[2024-07-23T20:35:09.117+0000] {processor.py:175} INFO - Processing /home/airflow/.local/lib/python3.7/site-packages/airflow/example_dags/example_latest_only_with_trigger.py took 0.066 seconds
[2024-07-23T20:35:39.564+0000] {processor.py:153} INFO - Started process (PID=899) to work on /home/airflow/.local/lib/python3.7/site-packages/airflow/example_dags/example_latest_only_with_trigger.py
[2024-07-23T20:35:39.568+0000] {processor.py:743} INFO - Processing file /home/airflow/.local/lib/python3.7/site-packages/airflow/example_dags/example_latest_only_with_trigger.py for tasks to queue
[2024-07-23T20:35:39.568+0000] {logging_mixin.py:137} INFO - [2024-07-23T20:35:39.568+0000] {dagbag.py:538} INFO - Filling up the DagBag from /home/airflow/.local/lib/python3.7/site-packages/airflow/example_dags/example_latest_only_with_trigger.py
[2024-07-23T20:35:39.574+0000] {processor.py:753} INFO - DAG(s) dict_keys(['latest_only_with_trigger']) retrieved from /home/airflow/.local/lib/python3.7/site-packages/airflow/example_dags/example_latest_only_with_trigger.py
[2024-07-23T20:35:39.585+0000] {logging_mixin.py:137} INFO - [2024-07-23T20:35:39.585+0000] {dag.py:2690} INFO - Sync 1 DAGs
[2024-07-23T20:35:39.599+0000] {logging_mixin.py:137} INFO - [2024-07-23T20:35:39.599+0000] {dag.py:3441} INFO - Setting next_dagrun for latest_only_with_trigger to 2024-07-23T16:35:39.599310+00:00, run_after=2024-07-23T20:35:39.599310+00:00
[2024-07-23T20:35:39.607+0000] {processor.py:175} INFO - Processing /home/airflow/.local/lib/python3.7/site-packages/airflow/example_dags/example_latest_only_with_trigger.py took 0.044 seconds
[2024-07-23T20:36:10.187+0000] {processor.py:153} INFO - Started process (PID=979) to work on /home/airflow/.local/lib/python3.7/site-packages/airflow/example_dags/example_latest_only_with_trigger.py
[2024-07-23T20:36:10.188+0000] {processor.py:743} INFO - Processing file /home/airflow/.local/lib/python3.7/site-packages/airflow/example_dags/example_latest_only_with_trigger.py for tasks to queue
[2024-07-23T20:36:10.188+0000] {logging_mixin.py:137} INFO - [2024-07-23T20:36:10.188+0000] {dagbag.py:538} INFO - Filling up the DagBag from /home/airflow/.local/lib/python3.7/site-packages/airflow/example_dags/example_latest_only_with_trigger.py
[2024-07-23T20:36:10.199+0000] {processor.py:753} INFO - DAG(s) dict_keys(['latest_only_with_trigger']) retrieved from /home/airflow/.local/lib/python3.7/site-packages/airflow/example_dags/example_latest_only_with_trigger.py
[2024-07-23T20:36:10.215+0000] {logging_mixin.py:137} INFO - [2024-07-23T20:36:10.215+0000] {dag.py:2690} INFO - Sync 1 DAGs
[2024-07-23T20:36:10.231+0000] {logging_mixin.py:137} INFO - [2024-07-23T20:36:10.231+0000] {dag.py:3441} INFO - Setting next_dagrun for latest_only_with_trigger to 2024-07-23T16:36:10.231431+00:00, run_after=2024-07-23T20:36:10.231431+00:00
[2024-07-23T20:36:10.246+0000] {processor.py:175} INFO - Processing /home/airflow/.local/lib/python3.7/site-packages/airflow/example_dags/example_latest_only_with_trigger.py took 0.061 seconds
