[2024-07-23T20:30:31.324+0000] {processor.py:153} INFO - Started process (PID=50) to work on /home/airflow/.local/lib/python3.7/site-packages/airflow/example_dags/example_branch_python_dop_operator_3.py
[2024-07-23T20:30:31.325+0000] {processor.py:743} INFO - Processing file /home/airflow/.local/lib/python3.7/site-packages/airflow/example_dags/example_branch_python_dop_operator_3.py for tasks to queue
[2024-07-23T20:30:31.326+0000] {logging_mixin.py:137} INFO - [2024-07-23T20:30:31.326+0000] {dagbag.py:538} INFO - Filling up the DagBag from /home/airflow/.local/lib/python3.7/site-packages/airflow/example_dags/example_branch_python_dop_operator_3.py
[2024-07-23T20:30:31.347+0000] {processor.py:753} INFO - DAG(s) dict_keys(['example_branch_dop_operator_v3']) retrieved from /home/airflow/.local/lib/python3.7/site-packages/airflow/example_dags/example_branch_python_dop_operator_3.py
[2024-07-23T20:30:31.450+0000] {logging_mixin.py:137} INFO - [2024-07-23T20:30:31.450+0000] {manager.py:504} INFO - Created Permission View: can read on DAG:example_branch_dop_operator_v3
[2024-07-23T20:30:31.458+0000] {logging_mixin.py:137} INFO - [2024-07-23T20:30:31.458+0000] {manager.py:504} INFO - Created Permission View: can delete on DAG:example_branch_dop_operator_v3
[2024-07-23T20:30:31.464+0000] {logging_mixin.py:137} INFO - [2024-07-23T20:30:31.464+0000] {manager.py:504} INFO - Created Permission View: can edit on DAG:example_branch_dop_operator_v3
[2024-07-23T20:30:31.465+0000] {logging_mixin.py:137} INFO - [2024-07-23T20:30:31.465+0000] {dag.py:2690} INFO - Sync 1 DAGs
[2024-07-23T20:30:31.477+0000] {logging_mixin.py:137} INFO - [2024-07-23T20:30:31.476+0000] {dag.py:2711} INFO - Creating ORM DAG for example_branch_dop_operator_v3
[2024-07-23T20:30:31.490+0000] {logging_mixin.py:137} INFO - [2024-07-23T20:30:31.490+0000] {dag.py:3441} INFO - Setting next_dagrun for example_branch_dop_operator_v3 to 2024-07-23T20:29:00+00:00, run_after=2024-07-23T20:30:00+00:00
[2024-07-23T20:30:31.503+0000] {processor.py:175} INFO - Processing /home/airflow/.local/lib/python3.7/site-packages/airflow/example_dags/example_branch_python_dop_operator_3.py took 0.181 seconds
[2024-07-23T20:31:02.506+0000] {processor.py:153} INFO - Started process (PID=137) to work on /home/airflow/.local/lib/python3.7/site-packages/airflow/example_dags/example_branch_python_dop_operator_3.py
[2024-07-23T20:31:02.507+0000] {processor.py:743} INFO - Processing file /home/airflow/.local/lib/python3.7/site-packages/airflow/example_dags/example_branch_python_dop_operator_3.py for tasks to queue
[2024-07-23T20:31:02.508+0000] {logging_mixin.py:137} INFO - [2024-07-23T20:31:02.508+0000] {dagbag.py:538} INFO - Filling up the DagBag from /home/airflow/.local/lib/python3.7/site-packages/airflow/example_dags/example_branch_python_dop_operator_3.py
[2024-07-23T20:31:02.529+0000] {processor.py:753} INFO - DAG(s) dict_keys(['example_branch_dop_operator_v3']) retrieved from /home/airflow/.local/lib/python3.7/site-packages/airflow/example_dags/example_branch_python_dop_operator_3.py
[2024-07-23T20:31:02.546+0000] {logging_mixin.py:137} INFO - [2024-07-23T20:31:02.546+0000] {dag.py:2690} INFO - Sync 1 DAGs
[2024-07-23T20:31:02.563+0000] {logging_mixin.py:137} INFO - [2024-07-23T20:31:02.563+0000] {dag.py:3441} INFO - Setting next_dagrun for example_branch_dop_operator_v3 to 2024-07-23T20:30:00+00:00, run_after=2024-07-23T20:31:00+00:00
[2024-07-23T20:31:02.573+0000] {processor.py:175} INFO - Processing /home/airflow/.local/lib/python3.7/site-packages/airflow/example_dags/example_branch_python_dop_operator_3.py took 0.071 seconds
[2024-07-23T20:31:33.019+0000] {processor.py:153} INFO - Started process (PID=224) to work on /home/airflow/.local/lib/python3.7/site-packages/airflow/example_dags/example_branch_python_dop_operator_3.py
[2024-07-23T20:31:33.020+0000] {processor.py:743} INFO - Processing file /home/airflow/.local/lib/python3.7/site-packages/airflow/example_dags/example_branch_python_dop_operator_3.py for tasks to queue
[2024-07-23T20:31:33.021+0000] {logging_mixin.py:137} INFO - [2024-07-23T20:31:33.021+0000] {dagbag.py:538} INFO - Filling up the DagBag from /home/airflow/.local/lib/python3.7/site-packages/airflow/example_dags/example_branch_python_dop_operator_3.py
[2024-07-23T20:31:33.042+0000] {processor.py:753} INFO - DAG(s) dict_keys(['example_branch_dop_operator_v3']) retrieved from /home/airflow/.local/lib/python3.7/site-packages/airflow/example_dags/example_branch_python_dop_operator_3.py
[2024-07-23T20:31:33.059+0000] {logging_mixin.py:137} INFO - [2024-07-23T20:31:33.059+0000] {dag.py:2690} INFO - Sync 1 DAGs
[2024-07-23T20:31:33.075+0000] {logging_mixin.py:137} INFO - [2024-07-23T20:31:33.075+0000] {dag.py:3441} INFO - Setting next_dagrun for example_branch_dop_operator_v3 to 2024-07-23T20:30:00+00:00, run_after=2024-07-23T20:31:00+00:00
[2024-07-23T20:31:33.088+0000] {processor.py:175} INFO - Processing /home/airflow/.local/lib/python3.7/site-packages/airflow/example_dags/example_branch_python_dop_operator_3.py took 0.071 seconds
[2024-07-23T20:32:03.622+0000] {processor.py:153} INFO - Started process (PID=311) to work on /home/airflow/.local/lib/python3.7/site-packages/airflow/example_dags/example_branch_python_dop_operator_3.py
[2024-07-23T20:32:03.623+0000] {processor.py:743} INFO - Processing file /home/airflow/.local/lib/python3.7/site-packages/airflow/example_dags/example_branch_python_dop_operator_3.py for tasks to queue
[2024-07-23T20:32:03.625+0000] {logging_mixin.py:137} INFO - [2024-07-23T20:32:03.624+0000] {dagbag.py:538} INFO - Filling up the DagBag from /home/airflow/.local/lib/python3.7/site-packages/airflow/example_dags/example_branch_python_dop_operator_3.py
[2024-07-23T20:32:03.639+0000] {processor.py:753} INFO - DAG(s) dict_keys(['example_branch_dop_operator_v3']) retrieved from /home/airflow/.local/lib/python3.7/site-packages/airflow/example_dags/example_branch_python_dop_operator_3.py
[2024-07-23T20:32:03.663+0000] {logging_mixin.py:137} INFO - [2024-07-23T20:32:03.663+0000] {dag.py:2690} INFO - Sync 1 DAGs
[2024-07-23T20:32:03.687+0000] {logging_mixin.py:137} INFO - [2024-07-23T20:32:03.686+0000] {dag.py:3441} INFO - Setting next_dagrun for example_branch_dop_operator_v3 to 2024-07-23T20:31:00+00:00, run_after=2024-07-23T20:32:00+00:00
[2024-07-23T20:32:03.711+0000] {processor.py:175} INFO - Processing /home/airflow/.local/lib/python3.7/site-packages/airflow/example_dags/example_branch_python_dop_operator_3.py took 0.092 seconds
[2024-07-23T20:32:34.384+0000] {processor.py:153} INFO - Started process (PID=382) to work on /home/airflow/.local/lib/python3.7/site-packages/airflow/example_dags/example_branch_python_dop_operator_3.py
[2024-07-23T20:32:34.385+0000] {processor.py:743} INFO - Processing file /home/airflow/.local/lib/python3.7/site-packages/airflow/example_dags/example_branch_python_dop_operator_3.py for tasks to queue
[2024-07-23T20:32:34.387+0000] {logging_mixin.py:137} INFO - [2024-07-23T20:32:34.386+0000] {dagbag.py:538} INFO - Filling up the DagBag from /home/airflow/.local/lib/python3.7/site-packages/airflow/example_dags/example_branch_python_dop_operator_3.py
[2024-07-23T20:32:34.402+0000] {processor.py:753} INFO - DAG(s) dict_keys(['example_branch_dop_operator_v3']) retrieved from /home/airflow/.local/lib/python3.7/site-packages/airflow/example_dags/example_branch_python_dop_operator_3.py
[2024-07-23T20:32:34.423+0000] {logging_mixin.py:137} INFO - [2024-07-23T20:32:34.423+0000] {dag.py:2690} INFO - Sync 1 DAGs
[2024-07-23T20:32:34.448+0000] {logging_mixin.py:137} INFO - [2024-07-23T20:32:34.448+0000] {dag.py:3441} INFO - Setting next_dagrun for example_branch_dop_operator_v3 to 2024-07-23T20:31:00+00:00, run_after=2024-07-23T20:32:00+00:00
[2024-07-23T20:32:34.462+0000] {processor.py:175} INFO - Processing /home/airflow/.local/lib/python3.7/site-packages/airflow/example_dags/example_branch_python_dop_operator_3.py took 0.081 seconds
[2024-07-23T20:33:05.121+0000] {processor.py:153} INFO - Started process (PID=468) to work on /home/airflow/.local/lib/python3.7/site-packages/airflow/example_dags/example_branch_python_dop_operator_3.py
[2024-07-23T20:33:05.122+0000] {processor.py:743} INFO - Processing file /home/airflow/.local/lib/python3.7/site-packages/airflow/example_dags/example_branch_python_dop_operator_3.py for tasks to queue
[2024-07-23T20:33:05.122+0000] {logging_mixin.py:137} INFO - [2024-07-23T20:33:05.122+0000] {dagbag.py:538} INFO - Filling up the DagBag from /home/airflow/.local/lib/python3.7/site-packages/airflow/example_dags/example_branch_python_dop_operator_3.py
[2024-07-23T20:33:05.134+0000] {processor.py:753} INFO - DAG(s) dict_keys(['example_branch_dop_operator_v3']) retrieved from /home/airflow/.local/lib/python3.7/site-packages/airflow/example_dags/example_branch_python_dop_operator_3.py
[2024-07-23T20:33:05.155+0000] {logging_mixin.py:137} INFO - [2024-07-23T20:33:05.155+0000] {dag.py:2690} INFO - Sync 1 DAGs
[2024-07-23T20:33:05.172+0000] {logging_mixin.py:137} INFO - [2024-07-23T20:33:05.172+0000] {dag.py:3441} INFO - Setting next_dagrun for example_branch_dop_operator_v3 to 2024-07-23T20:32:00+00:00, run_after=2024-07-23T20:33:00+00:00
[2024-07-23T20:33:05.188+0000] {processor.py:175} INFO - Processing /home/airflow/.local/lib/python3.7/site-packages/airflow/example_dags/example_branch_python_dop_operator_3.py took 0.069 seconds
[2024-07-23T20:33:35.753+0000] {processor.py:153} INFO - Started process (PID=555) to work on /home/airflow/.local/lib/python3.7/site-packages/airflow/example_dags/example_branch_python_dop_operator_3.py
[2024-07-23T20:33:35.758+0000] {processor.py:743} INFO - Processing file /home/airflow/.local/lib/python3.7/site-packages/airflow/example_dags/example_branch_python_dop_operator_3.py for tasks to queue
[2024-07-23T20:33:35.760+0000] {logging_mixin.py:137} INFO - [2024-07-23T20:33:35.759+0000] {dagbag.py:538} INFO - Filling up the DagBag from /home/airflow/.local/lib/python3.7/site-packages/airflow/example_dags/example_branch_python_dop_operator_3.py
[2024-07-23T20:33:35.779+0000] {processor.py:753} INFO - DAG(s) dict_keys(['example_branch_dop_operator_v3']) retrieved from /home/airflow/.local/lib/python3.7/site-packages/airflow/example_dags/example_branch_python_dop_operator_3.py
[2024-07-23T20:33:35.798+0000] {logging_mixin.py:137} INFO - [2024-07-23T20:33:35.797+0000] {dag.py:2690} INFO - Sync 1 DAGs
[2024-07-23T20:33:35.818+0000] {logging_mixin.py:137} INFO - [2024-07-23T20:33:35.818+0000] {dag.py:3441} INFO - Setting next_dagrun for example_branch_dop_operator_v3 to 2024-07-23T20:32:00+00:00, run_after=2024-07-23T20:33:00+00:00
[2024-07-23T20:33:35.830+0000] {processor.py:175} INFO - Processing /home/airflow/.local/lib/python3.7/site-packages/airflow/example_dags/example_branch_python_dop_operator_3.py took 0.081 seconds
[2024-07-23T20:34:06.376+0000] {processor.py:153} INFO - Started process (PID=635) to work on /home/airflow/.local/lib/python3.7/site-packages/airflow/example_dags/example_branch_python_dop_operator_3.py
[2024-07-23T20:34:06.377+0000] {processor.py:743} INFO - Processing file /home/airflow/.local/lib/python3.7/site-packages/airflow/example_dags/example_branch_python_dop_operator_3.py for tasks to queue
[2024-07-23T20:34:06.381+0000] {logging_mixin.py:137} INFO - [2024-07-23T20:34:06.381+0000] {dagbag.py:538} INFO - Filling up the DagBag from /home/airflow/.local/lib/python3.7/site-packages/airflow/example_dags/example_branch_python_dop_operator_3.py
[2024-07-23T20:34:06.394+0000] {processor.py:753} INFO - DAG(s) dict_keys(['example_branch_dop_operator_v3']) retrieved from /home/airflow/.local/lib/python3.7/site-packages/airflow/example_dags/example_branch_python_dop_operator_3.py
[2024-07-23T20:34:06.413+0000] {logging_mixin.py:137} INFO - [2024-07-23T20:34:06.412+0000] {dag.py:2690} INFO - Sync 1 DAGs
[2024-07-23T20:34:06.434+0000] {logging_mixin.py:137} INFO - [2024-07-23T20:34:06.434+0000] {dag.py:3441} INFO - Setting next_dagrun for example_branch_dop_operator_v3 to 2024-07-23T20:33:00+00:00, run_after=2024-07-23T20:34:00+00:00
[2024-07-23T20:34:06.455+0000] {processor.py:175} INFO - Processing /home/airflow/.local/lib/python3.7/site-packages/airflow/example_dags/example_branch_python_dop_operator_3.py took 0.080 seconds
[2024-07-23T20:34:37.048+0000] {processor.py:153} INFO - Started process (PID=713) to work on /home/airflow/.local/lib/python3.7/site-packages/airflow/example_dags/example_branch_python_dop_operator_3.py
[2024-07-23T20:34:37.049+0000] {processor.py:743} INFO - Processing file /home/airflow/.local/lib/python3.7/site-packages/airflow/example_dags/example_branch_python_dop_operator_3.py for tasks to queue
[2024-07-23T20:34:37.049+0000] {logging_mixin.py:137} INFO - [2024-07-23T20:34:37.049+0000] {dagbag.py:538} INFO - Filling up the DagBag from /home/airflow/.local/lib/python3.7/site-packages/airflow/example_dags/example_branch_python_dop_operator_3.py
[2024-07-23T20:34:37.065+0000] {processor.py:753} INFO - DAG(s) dict_keys(['example_branch_dop_operator_v3']) retrieved from /home/airflow/.local/lib/python3.7/site-packages/airflow/example_dags/example_branch_python_dop_operator_3.py
[2024-07-23T20:34:37.079+0000] {logging_mixin.py:137} INFO - [2024-07-23T20:34:37.079+0000] {dag.py:2690} INFO - Sync 1 DAGs
[2024-07-23T20:34:37.094+0000] {logging_mixin.py:137} INFO - [2024-07-23T20:34:37.094+0000] {dag.py:3441} INFO - Setting next_dagrun for example_branch_dop_operator_v3 to 2024-07-23T20:33:00+00:00, run_after=2024-07-23T20:34:00+00:00
[2024-07-23T20:34:37.103+0000] {processor.py:175} INFO - Processing /home/airflow/.local/lib/python3.7/site-packages/airflow/example_dags/example_branch_python_dop_operator_3.py took 0.058 seconds
[2024-07-23T20:35:07.611+0000] {processor.py:153} INFO - Started process (PID=800) to work on /home/airflow/.local/lib/python3.7/site-packages/airflow/example_dags/example_branch_python_dop_operator_3.py
[2024-07-23T20:35:07.611+0000] {processor.py:743} INFO - Processing file /home/airflow/.local/lib/python3.7/site-packages/airflow/example_dags/example_branch_python_dop_operator_3.py for tasks to queue
[2024-07-23T20:35:07.612+0000] {logging_mixin.py:137} INFO - [2024-07-23T20:35:07.612+0000] {dagbag.py:538} INFO - Filling up the DagBag from /home/airflow/.local/lib/python3.7/site-packages/airflow/example_dags/example_branch_python_dop_operator_3.py
[2024-07-23T20:35:07.625+0000] {processor.py:753} INFO - DAG(s) dict_keys(['example_branch_dop_operator_v3']) retrieved from /home/airflow/.local/lib/python3.7/site-packages/airflow/example_dags/example_branch_python_dop_operator_3.py
[2024-07-23T20:35:07.641+0000] {logging_mixin.py:137} INFO - [2024-07-23T20:35:07.641+0000] {dag.py:2690} INFO - Sync 1 DAGs
[2024-07-23T20:35:07.656+0000] {logging_mixin.py:137} INFO - [2024-07-23T20:35:07.655+0000] {dag.py:3441} INFO - Setting next_dagrun for example_branch_dop_operator_v3 to 2024-07-23T20:34:00+00:00, run_after=2024-07-23T20:35:00+00:00
[2024-07-23T20:35:07.669+0000] {processor.py:175} INFO - Processing /home/airflow/.local/lib/python3.7/site-packages/airflow/example_dags/example_branch_python_dop_operator_3.py took 0.062 seconds
[2024-07-23T20:35:38.221+0000] {processor.py:153} INFO - Started process (PID=887) to work on /home/airflow/.local/lib/python3.7/site-packages/airflow/example_dags/example_branch_python_dop_operator_3.py
[2024-07-23T20:35:38.223+0000] {processor.py:743} INFO - Processing file /home/airflow/.local/lib/python3.7/site-packages/airflow/example_dags/example_branch_python_dop_operator_3.py for tasks to queue
[2024-07-23T20:35:38.223+0000] {logging_mixin.py:137} INFO - [2024-07-23T20:35:38.223+0000] {dagbag.py:538} INFO - Filling up the DagBag from /home/airflow/.local/lib/python3.7/site-packages/airflow/example_dags/example_branch_python_dop_operator_3.py
[2024-07-23T20:35:38.237+0000] {processor.py:753} INFO - DAG(s) dict_keys(['example_branch_dop_operator_v3']) retrieved from /home/airflow/.local/lib/python3.7/site-packages/airflow/example_dags/example_branch_python_dop_operator_3.py
[2024-07-23T20:35:38.250+0000] {logging_mixin.py:137} INFO - [2024-07-23T20:35:38.250+0000] {dag.py:2690} INFO - Sync 1 DAGs
[2024-07-23T20:35:38.264+0000] {logging_mixin.py:137} INFO - [2024-07-23T20:35:38.264+0000] {dag.py:3441} INFO - Setting next_dagrun for example_branch_dop_operator_v3 to 2024-07-23T20:34:00+00:00, run_after=2024-07-23T20:35:00+00:00
[2024-07-23T20:35:38.272+0000] {processor.py:175} INFO - Processing /home/airflow/.local/lib/python3.7/site-packages/airflow/example_dags/example_branch_python_dop_operator_3.py took 0.053 seconds
[2024-07-23T20:36:08.766+0000] {processor.py:153} INFO - Started process (PID=958) to work on /home/airflow/.local/lib/python3.7/site-packages/airflow/example_dags/example_branch_python_dop_operator_3.py
[2024-07-23T20:36:08.767+0000] {processor.py:743} INFO - Processing file /home/airflow/.local/lib/python3.7/site-packages/airflow/example_dags/example_branch_python_dop_operator_3.py for tasks to queue
[2024-07-23T20:36:08.768+0000] {logging_mixin.py:137} INFO - [2024-07-23T20:36:08.768+0000] {dagbag.py:538} INFO - Filling up the DagBag from /home/airflow/.local/lib/python3.7/site-packages/airflow/example_dags/example_branch_python_dop_operator_3.py
[2024-07-23T20:36:08.788+0000] {processor.py:753} INFO - DAG(s) dict_keys(['example_branch_dop_operator_v3']) retrieved from /home/airflow/.local/lib/python3.7/site-packages/airflow/example_dags/example_branch_python_dop_operator_3.py
[2024-07-23T20:36:08.803+0000] {logging_mixin.py:137} INFO - [2024-07-23T20:36:08.803+0000] {dag.py:2690} INFO - Sync 1 DAGs
[2024-07-23T20:36:08.819+0000] {logging_mixin.py:137} INFO - [2024-07-23T20:36:08.819+0000] {dag.py:3441} INFO - Setting next_dagrun for example_branch_dop_operator_v3 to 2024-07-23T20:35:00+00:00, run_after=2024-07-23T20:36:00+00:00
[2024-07-23T20:36:08.827+0000] {processor.py:175} INFO - Processing /home/airflow/.local/lib/python3.7/site-packages/airflow/example_dags/example_branch_python_dop_operator_3.py took 0.065 seconds
[2024-07-23T20:36:39.348+0000] {processor.py:153} INFO - Started process (PID=1045) to work on /home/airflow/.local/lib/python3.7/site-packages/airflow/example_dags/example_branch_python_dop_operator_3.py
[2024-07-23T20:36:39.350+0000] {processor.py:743} INFO - Processing file /home/airflow/.local/lib/python3.7/site-packages/airflow/example_dags/example_branch_python_dop_operator_3.py for tasks to queue
[2024-07-23T20:36:39.351+0000] {logging_mixin.py:137} INFO - [2024-07-23T20:36:39.351+0000] {dagbag.py:538} INFO - Filling up the DagBag from /home/airflow/.local/lib/python3.7/site-packages/airflow/example_dags/example_branch_python_dop_operator_3.py
[2024-07-23T20:36:39.369+0000] {processor.py:753} INFO - DAG(s) dict_keys(['example_branch_dop_operator_v3']) retrieved from /home/airflow/.local/lib/python3.7/site-packages/airflow/example_dags/example_branch_python_dop_operator_3.py
[2024-07-23T20:36:39.404+0000] {logging_mixin.py:137} INFO - [2024-07-23T20:36:39.404+0000] {dag.py:2690} INFO - Sync 1 DAGs
[2024-07-23T20:36:39.436+0000] {logging_mixin.py:137} INFO - [2024-07-23T20:36:39.435+0000] {dag.py:3441} INFO - Setting next_dagrun for example_branch_dop_operator_v3 to 2024-07-23T20:35:00+00:00, run_after=2024-07-23T20:36:00+00:00
[2024-07-23T20:36:39.461+0000] {processor.py:175} INFO - Processing /home/airflow/.local/lib/python3.7/site-packages/airflow/example_dags/example_branch_python_dop_operator_3.py took 0.119 seconds
