[2024-07-23T20:30:29.725+0000] {processor.py:153} INFO - Started process (PID=43) to work on /home/airflow/.local/lib/python3.7/site-packages/airflow/example_dags/example_trigger_controller_dag.py
[2024-07-23T20:30:29.728+0000] {processor.py:743} INFO - Processing file /home/airflow/.local/lib/python3.7/site-packages/airflow/example_dags/example_trigger_controller_dag.py for tasks to queue
[2024-07-23T20:30:29.735+0000] {logging_mixin.py:137} INFO - [2024-07-23T20:30:29.735+0000] {dagbag.py:538} INFO - Filling up the DagBag from /home/airflow/.local/lib/python3.7/site-packages/airflow/example_dags/example_trigger_controller_dag.py
[2024-07-23T20:30:29.745+0000] {processor.py:753} INFO - DAG(s) dict_keys(['example_trigger_controller_dag']) retrieved from /home/airflow/.local/lib/python3.7/site-packages/airflow/example_dags/example_trigger_controller_dag.py
[2024-07-23T20:30:29.902+0000] {logging_mixin.py:137} INFO - [2024-07-23T20:30:29.902+0000] {manager.py:504} INFO - Created Permission View: can read on DAG:example_trigger_controller_dag
[2024-07-23T20:30:29.910+0000] {logging_mixin.py:137} INFO - [2024-07-23T20:30:29.909+0000] {manager.py:504} INFO - Created Permission View: can delete on DAG:example_trigger_controller_dag
[2024-07-23T20:30:29.920+0000] {logging_mixin.py:137} INFO - [2024-07-23T20:30:29.919+0000] {manager.py:504} INFO - Created Permission View: can edit on DAG:example_trigger_controller_dag
[2024-07-23T20:30:29.921+0000] {logging_mixin.py:137} INFO - [2024-07-23T20:30:29.921+0000] {dag.py:2690} INFO - Sync 1 DAGs
[2024-07-23T20:30:29.949+0000] {logging_mixin.py:137} INFO - [2024-07-23T20:30:29.949+0000] {dag.py:2711} INFO - Creating ORM DAG for example_trigger_controller_dag
[2024-07-23T20:30:29.969+0000] {logging_mixin.py:137} INFO - [2024-07-23T20:30:29.969+0000] {dag.py:3441} INFO - Setting next_dagrun for example_trigger_controller_dag to 2021-01-01T00:00:00+00:00, run_after=2021-01-01T00:00:00+00:00
[2024-07-23T20:30:29.998+0000] {processor.py:175} INFO - Processing /home/airflow/.local/lib/python3.7/site-packages/airflow/example_dags/example_trigger_controller_dag.py took 0.278 seconds
[2024-07-23T20:31:00.204+0000] {processor.py:153} INFO - Started process (PID=130) to work on /home/airflow/.local/lib/python3.7/site-packages/airflow/example_dags/example_trigger_controller_dag.py
[2024-07-23T20:31:00.208+0000] {processor.py:743} INFO - Processing file /home/airflow/.local/lib/python3.7/site-packages/airflow/example_dags/example_trigger_controller_dag.py for tasks to queue
[2024-07-23T20:31:00.210+0000] {logging_mixin.py:137} INFO - [2024-07-23T20:31:00.210+0000] {dagbag.py:538} INFO - Filling up the DagBag from /home/airflow/.local/lib/python3.7/site-packages/airflow/example_dags/example_trigger_controller_dag.py
[2024-07-23T20:31:00.222+0000] {processor.py:753} INFO - DAG(s) dict_keys(['example_trigger_controller_dag']) retrieved from /home/airflow/.local/lib/python3.7/site-packages/airflow/example_dags/example_trigger_controller_dag.py
[2024-07-23T20:31:00.239+0000] {logging_mixin.py:137} INFO - [2024-07-23T20:31:00.239+0000] {dag.py:2690} INFO - Sync 1 DAGs
[2024-07-23T20:31:00.254+0000] {logging_mixin.py:137} INFO - [2024-07-23T20:31:00.254+0000] {dag.py:3441} INFO - Setting next_dagrun for example_trigger_controller_dag to 2021-01-01T00:00:00+00:00, run_after=2021-01-01T00:00:00+00:00
[2024-07-23T20:31:00.266+0000] {processor.py:175} INFO - Processing /home/airflow/.local/lib/python3.7/site-packages/airflow/example_dags/example_trigger_controller_dag.py took 0.079 seconds
[2024-07-23T20:31:30.788+0000] {processor.py:153} INFO - Started process (PID=217) to work on /home/airflow/.local/lib/python3.7/site-packages/airflow/example_dags/example_trigger_controller_dag.py
[2024-07-23T20:31:30.789+0000] {processor.py:743} INFO - Processing file /home/airflow/.local/lib/python3.7/site-packages/airflow/example_dags/example_trigger_controller_dag.py for tasks to queue
[2024-07-23T20:31:30.790+0000] {logging_mixin.py:137} INFO - [2024-07-23T20:31:30.790+0000] {dagbag.py:538} INFO - Filling up the DagBag from /home/airflow/.local/lib/python3.7/site-packages/airflow/example_dags/example_trigger_controller_dag.py
[2024-07-23T20:31:30.795+0000] {processor.py:753} INFO - DAG(s) dict_keys(['example_trigger_controller_dag']) retrieved from /home/airflow/.local/lib/python3.7/site-packages/airflow/example_dags/example_trigger_controller_dag.py
[2024-07-23T20:31:30.811+0000] {logging_mixin.py:137} INFO - [2024-07-23T20:31:30.811+0000] {dag.py:2690} INFO - Sync 1 DAGs
[2024-07-23T20:31:30.824+0000] {logging_mixin.py:137} INFO - [2024-07-23T20:31:30.823+0000] {dag.py:3441} INFO - Setting next_dagrun for example_trigger_controller_dag to 2021-01-01T00:00:00+00:00, run_after=2021-01-01T00:00:00+00:00
[2024-07-23T20:31:30.838+0000] {processor.py:175} INFO - Processing /home/airflow/.local/lib/python3.7/site-packages/airflow/example_dags/example_trigger_controller_dag.py took 0.052 seconds
[2024-07-23T20:32:01.362+0000] {processor.py:153} INFO - Started process (PID=288) to work on /home/airflow/.local/lib/python3.7/site-packages/airflow/example_dags/example_trigger_controller_dag.py
[2024-07-23T20:32:01.363+0000] {processor.py:743} INFO - Processing file /home/airflow/.local/lib/python3.7/site-packages/airflow/example_dags/example_trigger_controller_dag.py for tasks to queue
[2024-07-23T20:32:01.365+0000] {logging_mixin.py:137} INFO - [2024-07-23T20:32:01.365+0000] {dagbag.py:538} INFO - Filling up the DagBag from /home/airflow/.local/lib/python3.7/site-packages/airflow/example_dags/example_trigger_controller_dag.py
[2024-07-23T20:32:01.370+0000] {processor.py:753} INFO - DAG(s) dict_keys(['example_trigger_controller_dag']) retrieved from /home/airflow/.local/lib/python3.7/site-packages/airflow/example_dags/example_trigger_controller_dag.py
[2024-07-23T20:32:01.389+0000] {logging_mixin.py:137} INFO - [2024-07-23T20:32:01.389+0000] {dag.py:2690} INFO - Sync 1 DAGs
[2024-07-23T20:32:01.406+0000] {logging_mixin.py:137} INFO - [2024-07-23T20:32:01.405+0000] {dag.py:3441} INFO - Setting next_dagrun for example_trigger_controller_dag to 2021-01-01T00:00:00+00:00, run_after=2021-01-01T00:00:00+00:00
[2024-07-23T20:32:01.421+0000] {processor.py:175} INFO - Processing /home/airflow/.local/lib/python3.7/site-packages/airflow/example_dags/example_trigger_controller_dag.py took 0.061 seconds
[2024-07-23T20:32:32.157+0000] {processor.py:153} INFO - Started process (PID=375) to work on /home/airflow/.local/lib/python3.7/site-packages/airflow/example_dags/example_trigger_controller_dag.py
[2024-07-23T20:32:32.160+0000] {processor.py:743} INFO - Processing file /home/airflow/.local/lib/python3.7/site-packages/airflow/example_dags/example_trigger_controller_dag.py for tasks to queue
[2024-07-23T20:32:32.161+0000] {logging_mixin.py:137} INFO - [2024-07-23T20:32:32.161+0000] {dagbag.py:538} INFO - Filling up the DagBag from /home/airflow/.local/lib/python3.7/site-packages/airflow/example_dags/example_trigger_controller_dag.py
[2024-07-23T20:32:32.165+0000] {processor.py:753} INFO - DAG(s) dict_keys(['example_trigger_controller_dag']) retrieved from /home/airflow/.local/lib/python3.7/site-packages/airflow/example_dags/example_trigger_controller_dag.py
[2024-07-23T20:32:32.180+0000] {logging_mixin.py:137} INFO - [2024-07-23T20:32:32.180+0000] {dag.py:2690} INFO - Sync 1 DAGs
[2024-07-23T20:32:32.193+0000] {logging_mixin.py:137} INFO - [2024-07-23T20:32:32.193+0000] {dag.py:3441} INFO - Setting next_dagrun for example_trigger_controller_dag to 2021-01-01T00:00:00+00:00, run_after=2021-01-01T00:00:00+00:00
[2024-07-23T20:32:32.204+0000] {processor.py:175} INFO - Processing /home/airflow/.local/lib/python3.7/site-packages/airflow/example_dags/example_trigger_controller_dag.py took 0.048 seconds
[2024-07-23T20:33:02.891+0000] {processor.py:153} INFO - Started process (PID=461) to work on /home/airflow/.local/lib/python3.7/site-packages/airflow/example_dags/example_trigger_controller_dag.py
[2024-07-23T20:33:02.892+0000] {processor.py:743} INFO - Processing file /home/airflow/.local/lib/python3.7/site-packages/airflow/example_dags/example_trigger_controller_dag.py for tasks to queue
[2024-07-23T20:33:02.893+0000] {logging_mixin.py:137} INFO - [2024-07-23T20:33:02.893+0000] {dagbag.py:538} INFO - Filling up the DagBag from /home/airflow/.local/lib/python3.7/site-packages/airflow/example_dags/example_trigger_controller_dag.py
[2024-07-23T20:33:02.898+0000] {processor.py:753} INFO - DAG(s) dict_keys(['example_trigger_controller_dag']) retrieved from /home/airflow/.local/lib/python3.7/site-packages/airflow/example_dags/example_trigger_controller_dag.py
[2024-07-23T20:33:02.914+0000] {logging_mixin.py:137} INFO - [2024-07-23T20:33:02.914+0000] {dag.py:2690} INFO - Sync 1 DAGs
[2024-07-23T20:33:02.926+0000] {logging_mixin.py:137} INFO - [2024-07-23T20:33:02.926+0000] {dag.py:3441} INFO - Setting next_dagrun for example_trigger_controller_dag to 2021-01-01T00:00:00+00:00, run_after=2021-01-01T00:00:00+00:00
[2024-07-23T20:33:02.938+0000] {processor.py:175} INFO - Processing /home/airflow/.local/lib/python3.7/site-packages/airflow/example_dags/example_trigger_controller_dag.py took 0.049 seconds
[2024-07-23T20:33:33.567+0000] {processor.py:153} INFO - Started process (PID=548) to work on /home/airflow/.local/lib/python3.7/site-packages/airflow/example_dags/example_trigger_controller_dag.py
[2024-07-23T20:33:33.568+0000] {processor.py:743} INFO - Processing file /home/airflow/.local/lib/python3.7/site-packages/airflow/example_dags/example_trigger_controller_dag.py for tasks to queue
[2024-07-23T20:33:33.568+0000] {logging_mixin.py:137} INFO - [2024-07-23T20:33:33.568+0000] {dagbag.py:538} INFO - Filling up the DagBag from /home/airflow/.local/lib/python3.7/site-packages/airflow/example_dags/example_trigger_controller_dag.py
[2024-07-23T20:33:33.575+0000] {processor.py:753} INFO - DAG(s) dict_keys(['example_trigger_controller_dag']) retrieved from /home/airflow/.local/lib/python3.7/site-packages/airflow/example_dags/example_trigger_controller_dag.py
[2024-07-23T20:33:33.596+0000] {logging_mixin.py:137} INFO - [2024-07-23T20:33:33.595+0000] {dag.py:2690} INFO - Sync 1 DAGs
[2024-07-23T20:33:33.616+0000] {logging_mixin.py:137} INFO - [2024-07-23T20:33:33.616+0000] {dag.py:3441} INFO - Setting next_dagrun for example_trigger_controller_dag to 2021-01-01T00:00:00+00:00, run_after=2021-01-01T00:00:00+00:00
[2024-07-23T20:33:33.637+0000] {processor.py:175} INFO - Processing /home/airflow/.local/lib/python3.7/site-packages/airflow/example_dags/example_trigger_controller_dag.py took 0.073 seconds
[2024-07-23T20:34:04.106+0000] {processor.py:153} INFO - Started process (PID=619) to work on /home/airflow/.local/lib/python3.7/site-packages/airflow/example_dags/example_trigger_controller_dag.py
[2024-07-23T20:34:04.106+0000] {processor.py:743} INFO - Processing file /home/airflow/.local/lib/python3.7/site-packages/airflow/example_dags/example_trigger_controller_dag.py for tasks to queue
[2024-07-23T20:34:04.107+0000] {logging_mixin.py:137} INFO - [2024-07-23T20:34:04.106+0000] {dagbag.py:538} INFO - Filling up the DagBag from /home/airflow/.local/lib/python3.7/site-packages/airflow/example_dags/example_trigger_controller_dag.py
[2024-07-23T20:34:04.112+0000] {processor.py:753} INFO - DAG(s) dict_keys(['example_trigger_controller_dag']) retrieved from /home/airflow/.local/lib/python3.7/site-packages/airflow/example_dags/example_trigger_controller_dag.py
[2024-07-23T20:34:04.125+0000] {logging_mixin.py:137} INFO - [2024-07-23T20:34:04.125+0000] {dag.py:2690} INFO - Sync 1 DAGs
[2024-07-23T20:34:04.142+0000] {logging_mixin.py:137} INFO - [2024-07-23T20:34:04.142+0000] {dag.py:3441} INFO - Setting next_dagrun for example_trigger_controller_dag to 2021-01-01T00:00:00+00:00, run_after=2021-01-01T00:00:00+00:00
[2024-07-23T20:34:04.154+0000] {processor.py:175} INFO - Processing /home/airflow/.local/lib/python3.7/site-packages/airflow/example_dags/example_trigger_controller_dag.py took 0.050 seconds
[2024-07-23T20:34:34.783+0000] {processor.py:153} INFO - Started process (PID=706) to work on /home/airflow/.local/lib/python3.7/site-packages/airflow/example_dags/example_trigger_controller_dag.py
[2024-07-23T20:34:34.784+0000] {processor.py:743} INFO - Processing file /home/airflow/.local/lib/python3.7/site-packages/airflow/example_dags/example_trigger_controller_dag.py for tasks to queue
[2024-07-23T20:34:34.785+0000] {logging_mixin.py:137} INFO - [2024-07-23T20:34:34.785+0000] {dagbag.py:538} INFO - Filling up the DagBag from /home/airflow/.local/lib/python3.7/site-packages/airflow/example_dags/example_trigger_controller_dag.py
[2024-07-23T20:34:34.791+0000] {processor.py:753} INFO - DAG(s) dict_keys(['example_trigger_controller_dag']) retrieved from /home/airflow/.local/lib/python3.7/site-packages/airflow/example_dags/example_trigger_controller_dag.py
[2024-07-23T20:34:34.810+0000] {logging_mixin.py:137} INFO - [2024-07-23T20:34:34.810+0000] {dag.py:2690} INFO - Sync 1 DAGs
[2024-07-23T20:34:34.821+0000] {logging_mixin.py:137} INFO - [2024-07-23T20:34:34.821+0000] {dag.py:3441} INFO - Setting next_dagrun for example_trigger_controller_dag to 2021-01-01T00:00:00+00:00, run_after=2021-01-01T00:00:00+00:00
[2024-07-23T20:34:34.831+0000] {processor.py:175} INFO - Processing /home/airflow/.local/lib/python3.7/site-packages/airflow/example_dags/example_trigger_controller_dag.py took 0.050 seconds
[2024-07-23T20:35:05.364+0000] {processor.py:153} INFO - Started process (PID=793) to work on /home/airflow/.local/lib/python3.7/site-packages/airflow/example_dags/example_trigger_controller_dag.py
[2024-07-23T20:35:05.366+0000] {processor.py:743} INFO - Processing file /home/airflow/.local/lib/python3.7/site-packages/airflow/example_dags/example_trigger_controller_dag.py for tasks to queue
[2024-07-23T20:35:05.367+0000] {logging_mixin.py:137} INFO - [2024-07-23T20:35:05.367+0000] {dagbag.py:538} INFO - Filling up the DagBag from /home/airflow/.local/lib/python3.7/site-packages/airflow/example_dags/example_trigger_controller_dag.py
[2024-07-23T20:35:05.373+0000] {processor.py:753} INFO - DAG(s) dict_keys(['example_trigger_controller_dag']) retrieved from /home/airflow/.local/lib/python3.7/site-packages/airflow/example_dags/example_trigger_controller_dag.py
[2024-07-23T20:35:05.393+0000] {logging_mixin.py:137} INFO - [2024-07-23T20:35:05.393+0000] {dag.py:2690} INFO - Sync 1 DAGs
[2024-07-23T20:35:05.405+0000] {logging_mixin.py:137} INFO - [2024-07-23T20:35:05.405+0000] {dag.py:3441} INFO - Setting next_dagrun for example_trigger_controller_dag to 2021-01-01T00:00:00+00:00, run_after=2021-01-01T00:00:00+00:00
[2024-07-23T20:35:05.415+0000] {processor.py:175} INFO - Processing /home/airflow/.local/lib/python3.7/site-packages/airflow/example_dags/example_trigger_controller_dag.py took 0.053 seconds
[2024-07-23T20:35:35.997+0000] {processor.py:153} INFO - Started process (PID=871) to work on /home/airflow/.local/lib/python3.7/site-packages/airflow/example_dags/example_trigger_controller_dag.py
[2024-07-23T20:35:35.998+0000] {processor.py:743} INFO - Processing file /home/airflow/.local/lib/python3.7/site-packages/airflow/example_dags/example_trigger_controller_dag.py for tasks to queue
[2024-07-23T20:35:36.000+0000] {logging_mixin.py:137} INFO - [2024-07-23T20:35:36.000+0000] {dagbag.py:538} INFO - Filling up the DagBag from /home/airflow/.local/lib/python3.7/site-packages/airflow/example_dags/example_trigger_controller_dag.py
[2024-07-23T20:35:36.006+0000] {processor.py:753} INFO - DAG(s) dict_keys(['example_trigger_controller_dag']) retrieved from /home/airflow/.local/lib/python3.7/site-packages/airflow/example_dags/example_trigger_controller_dag.py
[2024-07-23T20:35:36.019+0000] {logging_mixin.py:137} INFO - [2024-07-23T20:35:36.019+0000] {dag.py:2690} INFO - Sync 1 DAGs
[2024-07-23T20:35:36.032+0000] {logging_mixin.py:137} INFO - [2024-07-23T20:35:36.032+0000] {dag.py:3441} INFO - Setting next_dagrun for example_trigger_controller_dag to 2021-01-01T00:00:00+00:00, run_after=2021-01-01T00:00:00+00:00
[2024-07-23T20:35:36.041+0000] {processor.py:175} INFO - Processing /home/airflow/.local/lib/python3.7/site-packages/airflow/example_dags/example_trigger_controller_dag.py took 0.046 seconds
[2024-07-23T20:36:06.556+0000] {processor.py:153} INFO - Started process (PID=951) to work on /home/airflow/.local/lib/python3.7/site-packages/airflow/example_dags/example_trigger_controller_dag.py
[2024-07-23T20:36:06.558+0000] {processor.py:743} INFO - Processing file /home/airflow/.local/lib/python3.7/site-packages/airflow/example_dags/example_trigger_controller_dag.py for tasks to queue
[2024-07-23T20:36:06.558+0000] {logging_mixin.py:137} INFO - [2024-07-23T20:36:06.558+0000] {dagbag.py:538} INFO - Filling up the DagBag from /home/airflow/.local/lib/python3.7/site-packages/airflow/example_dags/example_trigger_controller_dag.py
[2024-07-23T20:36:06.563+0000] {processor.py:753} INFO - DAG(s) dict_keys(['example_trigger_controller_dag']) retrieved from /home/airflow/.local/lib/python3.7/site-packages/airflow/example_dags/example_trigger_controller_dag.py
[2024-07-23T20:36:06.575+0000] {logging_mixin.py:137} INFO - [2024-07-23T20:36:06.575+0000] {dag.py:2690} INFO - Sync 1 DAGs
[2024-07-23T20:36:06.587+0000] {logging_mixin.py:137} INFO - [2024-07-23T20:36:06.587+0000] {dag.py:3441} INFO - Setting next_dagrun for example_trigger_controller_dag to 2021-01-01T00:00:00+00:00, run_after=2021-01-01T00:00:00+00:00
[2024-07-23T20:36:06.596+0000] {processor.py:175} INFO - Processing /home/airflow/.local/lib/python3.7/site-packages/airflow/example_dags/example_trigger_controller_dag.py took 0.042 seconds
[2024-07-23T20:36:37.048+0000] {processor.py:153} INFO - Started process (PID=1038) to work on /home/airflow/.local/lib/python3.7/site-packages/airflow/example_dags/example_trigger_controller_dag.py
[2024-07-23T20:36:37.049+0000] {processor.py:743} INFO - Processing file /home/airflow/.local/lib/python3.7/site-packages/airflow/example_dags/example_trigger_controller_dag.py for tasks to queue
[2024-07-23T20:36:37.049+0000] {logging_mixin.py:137} INFO - [2024-07-23T20:36:37.049+0000] {dagbag.py:538} INFO - Filling up the DagBag from /home/airflow/.local/lib/python3.7/site-packages/airflow/example_dags/example_trigger_controller_dag.py
[2024-07-23T20:36:37.054+0000] {processor.py:753} INFO - DAG(s) dict_keys(['example_trigger_controller_dag']) retrieved from /home/airflow/.local/lib/python3.7/site-packages/airflow/example_dags/example_trigger_controller_dag.py
[2024-07-23T20:36:37.065+0000] {logging_mixin.py:137} INFO - [2024-07-23T20:36:37.065+0000] {dag.py:2690} INFO - Sync 1 DAGs
[2024-07-23T20:36:37.077+0000] {logging_mixin.py:137} INFO - [2024-07-23T20:36:37.077+0000] {dag.py:3441} INFO - Setting next_dagrun for example_trigger_controller_dag to 2021-01-01T00:00:00+00:00, run_after=2021-01-01T00:00:00+00:00
[2024-07-23T20:36:37.085+0000] {processor.py:175} INFO - Processing /home/airflow/.local/lib/python3.7/site-packages/airflow/example_dags/example_trigger_controller_dag.py took 0.038 seconds
