[2024-07-23T20:30:32.406+0000] {processor.py:153} INFO - Started process (PID=65) to work on /home/airflow/.local/lib/python3.7/site-packages/airflow/example_dags/example_time_delta_sensor_async.py
[2024-07-23T20:30:32.408+0000] {processor.py:743} INFO - Processing file /home/airflow/.local/lib/python3.7/site-packages/airflow/example_dags/example_time_delta_sensor_async.py for tasks to queue
[2024-07-23T20:30:32.409+0000] {logging_mixin.py:137} INFO - [2024-07-23T20:30:32.409+0000] {dagbag.py:538} INFO - Filling up the DagBag from /home/airflow/.local/lib/python3.7/site-packages/airflow/example_dags/example_time_delta_sensor_async.py
[2024-07-23T20:30:32.423+0000] {processor.py:753} INFO - DAG(s) dict_keys(['example_time_delta_sensor_async']) retrieved from /home/airflow/.local/lib/python3.7/site-packages/airflow/example_dags/example_time_delta_sensor_async.py
[2024-07-23T20:30:32.548+0000] {logging_mixin.py:137} INFO - [2024-07-23T20:30:32.548+0000] {manager.py:504} INFO - Created Permission View: can read on DAG:example_time_delta_sensor_async
[2024-07-23T20:30:32.566+0000] {logging_mixin.py:137} INFO - [2024-07-23T20:30:32.566+0000] {manager.py:504} INFO - Created Permission View: can delete on DAG:example_time_delta_sensor_async
[2024-07-23T20:30:32.579+0000] {logging_mixin.py:137} INFO - [2024-07-23T20:30:32.579+0000] {manager.py:504} INFO - Created Permission View: can edit on DAG:example_time_delta_sensor_async
[2024-07-23T20:30:32.580+0000] {logging_mixin.py:137} INFO - [2024-07-23T20:30:32.580+0000] {dag.py:2690} INFO - Sync 1 DAGs
[2024-07-23T20:30:32.603+0000] {logging_mixin.py:137} INFO - [2024-07-23T20:30:32.603+0000] {dag.py:2711} INFO - Creating ORM DAG for example_time_delta_sensor_async
[2024-07-23T20:30:32.617+0000] {logging_mixin.py:137} INFO - [2024-07-23T20:30:32.617+0000] {dag.py:3441} INFO - Setting next_dagrun for example_time_delta_sensor_async to None, run_after=None
[2024-07-23T20:30:32.637+0000] {processor.py:175} INFO - Processing /home/airflow/.local/lib/python3.7/site-packages/airflow/example_dags/example_time_delta_sensor_async.py took 0.235 seconds
[2024-07-23T20:31:02.719+0000] {processor.py:153} INFO - Started process (PID=143) to work on /home/airflow/.local/lib/python3.7/site-packages/airflow/example_dags/example_time_delta_sensor_async.py
[2024-07-23T20:31:02.720+0000] {processor.py:743} INFO - Processing file /home/airflow/.local/lib/python3.7/site-packages/airflow/example_dags/example_time_delta_sensor_async.py for tasks to queue
[2024-07-23T20:31:02.720+0000] {logging_mixin.py:137} INFO - [2024-07-23T20:31:02.720+0000] {dagbag.py:538} INFO - Filling up the DagBag from /home/airflow/.local/lib/python3.7/site-packages/airflow/example_dags/example_time_delta_sensor_async.py
[2024-07-23T20:31:02.728+0000] {processor.py:753} INFO - DAG(s) dict_keys(['example_time_delta_sensor_async']) retrieved from /home/airflow/.local/lib/python3.7/site-packages/airflow/example_dags/example_time_delta_sensor_async.py
[2024-07-23T20:31:02.743+0000] {logging_mixin.py:137} INFO - [2024-07-23T20:31:02.742+0000] {dag.py:2690} INFO - Sync 1 DAGs
[2024-07-23T20:31:02.754+0000] {logging_mixin.py:137} INFO - [2024-07-23T20:31:02.754+0000] {dag.py:3441} INFO - Setting next_dagrun for example_time_delta_sensor_async to None, run_after=None
[2024-07-23T20:31:02.762+0000] {processor.py:175} INFO - Processing /home/airflow/.local/lib/python3.7/site-packages/airflow/example_dags/example_time_delta_sensor_async.py took 0.045 seconds
[2024-07-23T20:31:33.207+0000] {processor.py:153} INFO - Started process (PID=230) to work on /home/airflow/.local/lib/python3.7/site-packages/airflow/example_dags/example_time_delta_sensor_async.py
[2024-07-23T20:31:33.207+0000] {processor.py:743} INFO - Processing file /home/airflow/.local/lib/python3.7/site-packages/airflow/example_dags/example_time_delta_sensor_async.py for tasks to queue
[2024-07-23T20:31:33.208+0000] {logging_mixin.py:137} INFO - [2024-07-23T20:31:33.208+0000] {dagbag.py:538} INFO - Filling up the DagBag from /home/airflow/.local/lib/python3.7/site-packages/airflow/example_dags/example_time_delta_sensor_async.py
[2024-07-23T20:31:33.217+0000] {processor.py:753} INFO - DAG(s) dict_keys(['example_time_delta_sensor_async']) retrieved from /home/airflow/.local/lib/python3.7/site-packages/airflow/example_dags/example_time_delta_sensor_async.py
[2024-07-23T20:31:33.231+0000] {logging_mixin.py:137} INFO - [2024-07-23T20:31:33.231+0000] {dag.py:2690} INFO - Sync 1 DAGs
[2024-07-23T20:31:33.243+0000] {logging_mixin.py:137} INFO - [2024-07-23T20:31:33.243+0000] {dag.py:3441} INFO - Setting next_dagrun for example_time_delta_sensor_async to None, run_after=None
[2024-07-23T20:31:33.254+0000] {processor.py:175} INFO - Processing /home/airflow/.local/lib/python3.7/site-packages/airflow/example_dags/example_time_delta_sensor_async.py took 0.049 seconds
[2024-07-23T20:32:03.938+0000] {processor.py:153} INFO - Started process (PID=317) to work on /home/airflow/.local/lib/python3.7/site-packages/airflow/example_dags/example_time_delta_sensor_async.py
[2024-07-23T20:32:03.939+0000] {processor.py:743} INFO - Processing file /home/airflow/.local/lib/python3.7/site-packages/airflow/example_dags/example_time_delta_sensor_async.py for tasks to queue
[2024-07-23T20:32:03.948+0000] {logging_mixin.py:137} INFO - [2024-07-23T20:32:03.948+0000] {dagbag.py:538} INFO - Filling up the DagBag from /home/airflow/.local/lib/python3.7/site-packages/airflow/example_dags/example_time_delta_sensor_async.py
[2024-07-23T20:32:03.973+0000] {processor.py:753} INFO - DAG(s) dict_keys(['example_time_delta_sensor_async']) retrieved from /home/airflow/.local/lib/python3.7/site-packages/airflow/example_dags/example_time_delta_sensor_async.py
[2024-07-23T20:32:04.001+0000] {logging_mixin.py:137} INFO - [2024-07-23T20:32:04.001+0000] {dag.py:2690} INFO - Sync 1 DAGs
[2024-07-23T20:32:04.029+0000] {logging_mixin.py:137} INFO - [2024-07-23T20:32:04.029+0000] {dag.py:3441} INFO - Setting next_dagrun for example_time_delta_sensor_async to None, run_after=None
[2024-07-23T20:32:04.041+0000] {processor.py:175} INFO - Processing /home/airflow/.local/lib/python3.7/site-packages/airflow/example_dags/example_time_delta_sensor_async.py took 0.106 seconds
[2024-07-23T20:32:34.621+0000] {processor.py:153} INFO - Started process (PID=388) to work on /home/airflow/.local/lib/python3.7/site-packages/airflow/example_dags/example_time_delta_sensor_async.py
[2024-07-23T20:32:34.621+0000] {processor.py:743} INFO - Processing file /home/airflow/.local/lib/python3.7/site-packages/airflow/example_dags/example_time_delta_sensor_async.py for tasks to queue
[2024-07-23T20:32:34.622+0000] {logging_mixin.py:137} INFO - [2024-07-23T20:32:34.622+0000] {dagbag.py:538} INFO - Filling up the DagBag from /home/airflow/.local/lib/python3.7/site-packages/airflow/example_dags/example_time_delta_sensor_async.py
[2024-07-23T20:32:34.629+0000] {processor.py:753} INFO - DAG(s) dict_keys(['example_time_delta_sensor_async']) retrieved from /home/airflow/.local/lib/python3.7/site-packages/airflow/example_dags/example_time_delta_sensor_async.py
[2024-07-23T20:32:34.645+0000] {logging_mixin.py:137} INFO - [2024-07-23T20:32:34.645+0000] {dag.py:2690} INFO - Sync 1 DAGs
[2024-07-23T20:32:34.656+0000] {logging_mixin.py:137} INFO - [2024-07-23T20:32:34.656+0000] {dag.py:3441} INFO - Setting next_dagrun for example_time_delta_sensor_async to None, run_after=None
[2024-07-23T20:32:34.664+0000] {processor.py:175} INFO - Processing /home/airflow/.local/lib/python3.7/site-packages/airflow/example_dags/example_time_delta_sensor_async.py took 0.044 seconds
[2024-07-23T20:33:05.372+0000] {processor.py:153} INFO - Started process (PID=474) to work on /home/airflow/.local/lib/python3.7/site-packages/airflow/example_dags/example_time_delta_sensor_async.py
[2024-07-23T20:33:05.373+0000] {processor.py:743} INFO - Processing file /home/airflow/.local/lib/python3.7/site-packages/airflow/example_dags/example_time_delta_sensor_async.py for tasks to queue
[2024-07-23T20:33:05.373+0000] {logging_mixin.py:137} INFO - [2024-07-23T20:33:05.373+0000] {dagbag.py:538} INFO - Filling up the DagBag from /home/airflow/.local/lib/python3.7/site-packages/airflow/example_dags/example_time_delta_sensor_async.py
[2024-07-23T20:33:05.379+0000] {processor.py:753} INFO - DAG(s) dict_keys(['example_time_delta_sensor_async']) retrieved from /home/airflow/.local/lib/python3.7/site-packages/airflow/example_dags/example_time_delta_sensor_async.py
[2024-07-23T20:33:05.390+0000] {logging_mixin.py:137} INFO - [2024-07-23T20:33:05.390+0000] {dag.py:2690} INFO - Sync 1 DAGs
[2024-07-23T20:33:05.400+0000] {logging_mixin.py:137} INFO - [2024-07-23T20:33:05.400+0000] {dag.py:3441} INFO - Setting next_dagrun for example_time_delta_sensor_async to None, run_after=None
[2024-07-23T20:33:05.409+0000] {processor.py:175} INFO - Processing /home/airflow/.local/lib/python3.7/site-packages/airflow/example_dags/example_time_delta_sensor_async.py took 0.038 seconds
[2024-07-23T20:33:36.002+0000] {processor.py:153} INFO - Started process (PID=561) to work on /home/airflow/.local/lib/python3.7/site-packages/airflow/example_dags/example_time_delta_sensor_async.py
[2024-07-23T20:33:36.002+0000] {processor.py:743} INFO - Processing file /home/airflow/.local/lib/python3.7/site-packages/airflow/example_dags/example_time_delta_sensor_async.py for tasks to queue
[2024-07-23T20:33:36.003+0000] {logging_mixin.py:137} INFO - [2024-07-23T20:33:36.003+0000] {dagbag.py:538} INFO - Filling up the DagBag from /home/airflow/.local/lib/python3.7/site-packages/airflow/example_dags/example_time_delta_sensor_async.py
[2024-07-23T20:33:36.008+0000] {processor.py:753} INFO - DAG(s) dict_keys(['example_time_delta_sensor_async']) retrieved from /home/airflow/.local/lib/python3.7/site-packages/airflow/example_dags/example_time_delta_sensor_async.py
[2024-07-23T20:33:36.018+0000] {logging_mixin.py:137} INFO - [2024-07-23T20:33:36.018+0000] {dag.py:2690} INFO - Sync 1 DAGs
[2024-07-23T20:33:36.029+0000] {logging_mixin.py:137} INFO - [2024-07-23T20:33:36.029+0000] {dag.py:3441} INFO - Setting next_dagrun for example_time_delta_sensor_async to None, run_after=None
[2024-07-23T20:33:36.036+0000] {processor.py:175} INFO - Processing /home/airflow/.local/lib/python3.7/site-packages/airflow/example_dags/example_time_delta_sensor_async.py took 0.036 seconds
[2024-07-23T20:34:06.648+0000] {processor.py:153} INFO - Started process (PID=641) to work on /home/airflow/.local/lib/python3.7/site-packages/airflow/example_dags/example_time_delta_sensor_async.py
[2024-07-23T20:34:06.649+0000] {processor.py:743} INFO - Processing file /home/airflow/.local/lib/python3.7/site-packages/airflow/example_dags/example_time_delta_sensor_async.py for tasks to queue
[2024-07-23T20:34:06.651+0000] {logging_mixin.py:137} INFO - [2024-07-23T20:34:06.650+0000] {dagbag.py:538} INFO - Filling up the DagBag from /home/airflow/.local/lib/python3.7/site-packages/airflow/example_dags/example_time_delta_sensor_async.py
[2024-07-23T20:34:06.658+0000] {processor.py:753} INFO - DAG(s) dict_keys(['example_time_delta_sensor_async']) retrieved from /home/airflow/.local/lib/python3.7/site-packages/airflow/example_dags/example_time_delta_sensor_async.py
[2024-07-23T20:34:06.673+0000] {logging_mixin.py:137} INFO - [2024-07-23T20:34:06.673+0000] {dag.py:2690} INFO - Sync 1 DAGs
[2024-07-23T20:34:06.685+0000] {logging_mixin.py:137} INFO - [2024-07-23T20:34:06.685+0000] {dag.py:3441} INFO - Setting next_dagrun for example_time_delta_sensor_async to None, run_after=None
[2024-07-23T20:34:06.693+0000] {processor.py:175} INFO - Processing /home/airflow/.local/lib/python3.7/site-packages/airflow/example_dags/example_time_delta_sensor_async.py took 0.047 seconds
[2024-07-23T20:34:37.231+0000] {processor.py:153} INFO - Started process (PID=719) to work on /home/airflow/.local/lib/python3.7/site-packages/airflow/example_dags/example_time_delta_sensor_async.py
[2024-07-23T20:34:37.232+0000] {processor.py:743} INFO - Processing file /home/airflow/.local/lib/python3.7/site-packages/airflow/example_dags/example_time_delta_sensor_async.py for tasks to queue
[2024-07-23T20:34:37.232+0000] {logging_mixin.py:137} INFO - [2024-07-23T20:34:37.232+0000] {dagbag.py:538} INFO - Filling up the DagBag from /home/airflow/.local/lib/python3.7/site-packages/airflow/example_dags/example_time_delta_sensor_async.py
[2024-07-23T20:34:37.238+0000] {processor.py:753} INFO - DAG(s) dict_keys(['example_time_delta_sensor_async']) retrieved from /home/airflow/.local/lib/python3.7/site-packages/airflow/example_dags/example_time_delta_sensor_async.py
[2024-07-23T20:34:37.250+0000] {logging_mixin.py:137} INFO - [2024-07-23T20:34:37.250+0000] {dag.py:2690} INFO - Sync 1 DAGs
[2024-07-23T20:34:37.262+0000] {logging_mixin.py:137} INFO - [2024-07-23T20:34:37.262+0000] {dag.py:3441} INFO - Setting next_dagrun for example_time_delta_sensor_async to None, run_after=None
[2024-07-23T20:34:37.271+0000] {processor.py:175} INFO - Processing /home/airflow/.local/lib/python3.7/site-packages/airflow/example_dags/example_time_delta_sensor_async.py took 0.041 seconds
[2024-07-23T20:35:07.809+0000] {processor.py:153} INFO - Started process (PID=806) to work on /home/airflow/.local/lib/python3.7/site-packages/airflow/example_dags/example_time_delta_sensor_async.py
[2024-07-23T20:35:07.809+0000] {processor.py:743} INFO - Processing file /home/airflow/.local/lib/python3.7/site-packages/airflow/example_dags/example_time_delta_sensor_async.py for tasks to queue
[2024-07-23T20:35:07.809+0000] {logging_mixin.py:137} INFO - [2024-07-23T20:35:07.809+0000] {dagbag.py:538} INFO - Filling up the DagBag from /home/airflow/.local/lib/python3.7/site-packages/airflow/example_dags/example_time_delta_sensor_async.py
[2024-07-23T20:35:07.815+0000] {processor.py:753} INFO - DAG(s) dict_keys(['example_time_delta_sensor_async']) retrieved from /home/airflow/.local/lib/python3.7/site-packages/airflow/example_dags/example_time_delta_sensor_async.py
[2024-07-23T20:35:07.829+0000] {logging_mixin.py:137} INFO - [2024-07-23T20:35:07.829+0000] {dag.py:2690} INFO - Sync 1 DAGs
[2024-07-23T20:35:07.840+0000] {logging_mixin.py:137} INFO - [2024-07-23T20:35:07.840+0000] {dag.py:3441} INFO - Setting next_dagrun for example_time_delta_sensor_async to None, run_after=None
[2024-07-23T20:35:07.848+0000] {processor.py:175} INFO - Processing /home/airflow/.local/lib/python3.7/site-packages/airflow/example_dags/example_time_delta_sensor_async.py took 0.041 seconds
[2024-07-23T20:35:38.383+0000] {processor.py:153} INFO - Started process (PID=893) to work on /home/airflow/.local/lib/python3.7/site-packages/airflow/example_dags/example_time_delta_sensor_async.py
[2024-07-23T20:35:38.384+0000] {processor.py:743} INFO - Processing file /home/airflow/.local/lib/python3.7/site-packages/airflow/example_dags/example_time_delta_sensor_async.py for tasks to queue
[2024-07-23T20:35:38.384+0000] {logging_mixin.py:137} INFO - [2024-07-23T20:35:38.384+0000] {dagbag.py:538} INFO - Filling up the DagBag from /home/airflow/.local/lib/python3.7/site-packages/airflow/example_dags/example_time_delta_sensor_async.py
[2024-07-23T20:35:38.389+0000] {processor.py:753} INFO - DAG(s) dict_keys(['example_time_delta_sensor_async']) retrieved from /home/airflow/.local/lib/python3.7/site-packages/airflow/example_dags/example_time_delta_sensor_async.py
[2024-07-23T20:35:38.400+0000] {logging_mixin.py:137} INFO - [2024-07-23T20:35:38.400+0000] {dag.py:2690} INFO - Sync 1 DAGs
[2024-07-23T20:35:38.411+0000] {logging_mixin.py:137} INFO - [2024-07-23T20:35:38.411+0000] {dag.py:3441} INFO - Setting next_dagrun for example_time_delta_sensor_async to None, run_after=None
[2024-07-23T20:35:38.419+0000] {processor.py:175} INFO - Processing /home/airflow/.local/lib/python3.7/site-packages/airflow/example_dags/example_time_delta_sensor_async.py took 0.037 seconds
[2024-07-23T20:36:08.942+0000] {processor.py:153} INFO - Started process (PID=964) to work on /home/airflow/.local/lib/python3.7/site-packages/airflow/example_dags/example_time_delta_sensor_async.py
[2024-07-23T20:36:08.945+0000] {processor.py:743} INFO - Processing file /home/airflow/.local/lib/python3.7/site-packages/airflow/example_dags/example_time_delta_sensor_async.py for tasks to queue
[2024-07-23T20:36:08.946+0000] {logging_mixin.py:137} INFO - [2024-07-23T20:36:08.946+0000] {dagbag.py:538} INFO - Filling up the DagBag from /home/airflow/.local/lib/python3.7/site-packages/airflow/example_dags/example_time_delta_sensor_async.py
[2024-07-23T20:36:08.952+0000] {processor.py:753} INFO - DAG(s) dict_keys(['example_time_delta_sensor_async']) retrieved from /home/airflow/.local/lib/python3.7/site-packages/airflow/example_dags/example_time_delta_sensor_async.py
[2024-07-23T20:36:08.963+0000] {logging_mixin.py:137} INFO - [2024-07-23T20:36:08.963+0000] {dag.py:2690} INFO - Sync 1 DAGs
[2024-07-23T20:36:08.975+0000] {logging_mixin.py:137} INFO - [2024-07-23T20:36:08.975+0000] {dag.py:3441} INFO - Setting next_dagrun for example_time_delta_sensor_async to None, run_after=None
[2024-07-23T20:36:08.982+0000] {processor.py:175} INFO - Processing /home/airflow/.local/lib/python3.7/site-packages/airflow/example_dags/example_time_delta_sensor_async.py took 0.042 seconds
[2024-07-23T20:36:39.809+0000] {processor.py:153} INFO - Started process (PID=1051) to work on /home/airflow/.local/lib/python3.7/site-packages/airflow/example_dags/example_time_delta_sensor_async.py
[2024-07-23T20:36:39.811+0000] {processor.py:743} INFO - Processing file /home/airflow/.local/lib/python3.7/site-packages/airflow/example_dags/example_time_delta_sensor_async.py for tasks to queue
[2024-07-23T20:36:39.812+0000] {logging_mixin.py:137} INFO - [2024-07-23T20:36:39.812+0000] {dagbag.py:538} INFO - Filling up the DagBag from /home/airflow/.local/lib/python3.7/site-packages/airflow/example_dags/example_time_delta_sensor_async.py
[2024-07-23T20:36:39.838+0000] {processor.py:753} INFO - DAG(s) dict_keys(['example_time_delta_sensor_async']) retrieved from /home/airflow/.local/lib/python3.7/site-packages/airflow/example_dags/example_time_delta_sensor_async.py
[2024-07-23T20:36:39.864+0000] {logging_mixin.py:137} INFO - [2024-07-23T20:36:39.864+0000] {dag.py:2690} INFO - Sync 1 DAGs
[2024-07-23T20:36:39.886+0000] {logging_mixin.py:137} INFO - [2024-07-23T20:36:39.886+0000] {dag.py:3441} INFO - Setting next_dagrun for example_time_delta_sensor_async to None, run_after=None
[2024-07-23T20:36:39.919+0000] {processor.py:175} INFO - Processing /home/airflow/.local/lib/python3.7/site-packages/airflow/example_dags/example_time_delta_sensor_async.py took 0.117 seconds
