[2024-07-23T20:30:33.248+0000] {processor.py:153} INFO - Started process (PID=77) to work on /home/airflow/.local/lib/python3.7/site-packages/airflow/example_dags/example_dynamic_task_mapping.py
[2024-07-23T20:30:33.249+0000] {processor.py:743} INFO - Processing file /home/airflow/.local/lib/python3.7/site-packages/airflow/example_dags/example_dynamic_task_mapping.py for tasks to queue
[2024-07-23T20:30:33.250+0000] {logging_mixin.py:137} INFO - [2024-07-23T20:30:33.250+0000] {dagbag.py:538} INFO - Filling up the DagBag from /home/airflow/.local/lib/python3.7/site-packages/airflow/example_dags/example_dynamic_task_mapping.py
[2024-07-23T20:30:33.276+0000] {processor.py:753} INFO - DAG(s) dict_keys(['example_dynamic_task_mapping']) retrieved from /home/airflow/.local/lib/python3.7/site-packages/airflow/example_dags/example_dynamic_task_mapping.py
[2024-07-23T20:30:33.387+0000] {logging_mixin.py:137} INFO - [2024-07-23T20:30:33.386+0000] {manager.py:504} INFO - Created Permission View: can read on DAG:example_dynamic_task_mapping
[2024-07-23T20:30:33.400+0000] {logging_mixin.py:137} INFO - [2024-07-23T20:30:33.400+0000] {manager.py:504} INFO - Created Permission View: can delete on DAG:example_dynamic_task_mapping
[2024-07-23T20:30:33.409+0000] {logging_mixin.py:137} INFO - [2024-07-23T20:30:33.409+0000] {manager.py:504} INFO - Created Permission View: can edit on DAG:example_dynamic_task_mapping
[2024-07-23T20:30:33.410+0000] {logging_mixin.py:137} INFO - [2024-07-23T20:30:33.409+0000] {dag.py:2690} INFO - Sync 1 DAGs
[2024-07-23T20:30:33.426+0000] {logging_mixin.py:137} INFO - [2024-07-23T20:30:33.426+0000] {dag.py:2711} INFO - Creating ORM DAG for example_dynamic_task_mapping
[2024-07-23T20:30:33.438+0000] {logging_mixin.py:137} INFO - [2024-07-23T20:30:33.438+0000] {dag.py:3441} INFO - Setting next_dagrun for example_dynamic_task_mapping to 2022-03-04T00:00:00+00:00, run_after=2022-03-05T00:00:00+00:00
[2024-07-23T20:30:33.461+0000] {processor.py:175} INFO - Processing /home/airflow/.local/lib/python3.7/site-packages/airflow/example_dags/example_dynamic_task_mapping.py took 0.217 seconds
[2024-07-23T20:31:03.896+0000] {processor.py:153} INFO - Started process (PID=148) to work on /home/airflow/.local/lib/python3.7/site-packages/airflow/example_dags/example_dynamic_task_mapping.py
[2024-07-23T20:31:03.896+0000] {processor.py:743} INFO - Processing file /home/airflow/.local/lib/python3.7/site-packages/airflow/example_dags/example_dynamic_task_mapping.py for tasks to queue
[2024-07-23T20:31:03.897+0000] {logging_mixin.py:137} INFO - [2024-07-23T20:31:03.897+0000] {dagbag.py:538} INFO - Filling up the DagBag from /home/airflow/.local/lib/python3.7/site-packages/airflow/example_dags/example_dynamic_task_mapping.py
[2024-07-23T20:31:03.909+0000] {processor.py:753} INFO - DAG(s) dict_keys(['example_dynamic_task_mapping']) retrieved from /home/airflow/.local/lib/python3.7/site-packages/airflow/example_dags/example_dynamic_task_mapping.py
[2024-07-23T20:31:03.920+0000] {logging_mixin.py:137} INFO - [2024-07-23T20:31:03.920+0000] {dag.py:2690} INFO - Sync 1 DAGs
[2024-07-23T20:31:03.931+0000] {logging_mixin.py:137} INFO - [2024-07-23T20:31:03.931+0000] {dag.py:3441} INFO - Setting next_dagrun for example_dynamic_task_mapping to 2022-03-04T00:00:00+00:00, run_after=2022-03-05T00:00:00+00:00
[2024-07-23T20:31:03.938+0000] {processor.py:175} INFO - Processing /home/airflow/.local/lib/python3.7/site-packages/airflow/example_dags/example_dynamic_task_mapping.py took 0.044 seconds
[2024-07-23T20:31:34.437+0000] {processor.py:153} INFO - Started process (PID=235) to work on /home/airflow/.local/lib/python3.7/site-packages/airflow/example_dags/example_dynamic_task_mapping.py
[2024-07-23T20:31:34.437+0000] {processor.py:743} INFO - Processing file /home/airflow/.local/lib/python3.7/site-packages/airflow/example_dags/example_dynamic_task_mapping.py for tasks to queue
[2024-07-23T20:31:34.438+0000] {logging_mixin.py:137} INFO - [2024-07-23T20:31:34.438+0000] {dagbag.py:538} INFO - Filling up the DagBag from /home/airflow/.local/lib/python3.7/site-packages/airflow/example_dags/example_dynamic_task_mapping.py
[2024-07-23T20:31:34.449+0000] {processor.py:753} INFO - DAG(s) dict_keys(['example_dynamic_task_mapping']) retrieved from /home/airflow/.local/lib/python3.7/site-packages/airflow/example_dags/example_dynamic_task_mapping.py
[2024-07-23T20:31:34.465+0000] {logging_mixin.py:137} INFO - [2024-07-23T20:31:34.465+0000] {dag.py:2690} INFO - Sync 1 DAGs
[2024-07-23T20:31:34.477+0000] {logging_mixin.py:137} INFO - [2024-07-23T20:31:34.476+0000] {dag.py:3441} INFO - Setting next_dagrun for example_dynamic_task_mapping to 2022-03-04T00:00:00+00:00, run_after=2022-03-05T00:00:00+00:00
[2024-07-23T20:31:34.489+0000] {processor.py:175} INFO - Processing /home/airflow/.local/lib/python3.7/site-packages/airflow/example_dags/example_dynamic_task_mapping.py took 0.053 seconds
[2024-07-23T20:32:05.189+0000] {processor.py:153} INFO - Started process (PID=322) to work on /home/airflow/.local/lib/python3.7/site-packages/airflow/example_dags/example_dynamic_task_mapping.py
[2024-07-23T20:32:05.189+0000] {processor.py:743} INFO - Processing file /home/airflow/.local/lib/python3.7/site-packages/airflow/example_dags/example_dynamic_task_mapping.py for tasks to queue
[2024-07-23T20:32:05.190+0000] {logging_mixin.py:137} INFO - [2024-07-23T20:32:05.190+0000] {dagbag.py:538} INFO - Filling up the DagBag from /home/airflow/.local/lib/python3.7/site-packages/airflow/example_dags/example_dynamic_task_mapping.py
[2024-07-23T20:32:05.201+0000] {processor.py:753} INFO - DAG(s) dict_keys(['example_dynamic_task_mapping']) retrieved from /home/airflow/.local/lib/python3.7/site-packages/airflow/example_dags/example_dynamic_task_mapping.py
[2024-07-23T20:32:05.214+0000] {logging_mixin.py:137} INFO - [2024-07-23T20:32:05.213+0000] {dag.py:2690} INFO - Sync 1 DAGs
[2024-07-23T20:32:05.225+0000] {logging_mixin.py:137} INFO - [2024-07-23T20:32:05.224+0000] {dag.py:3441} INFO - Setting next_dagrun for example_dynamic_task_mapping to 2022-03-04T00:00:00+00:00, run_after=2022-03-05T00:00:00+00:00
[2024-07-23T20:32:05.232+0000] {processor.py:175} INFO - Processing /home/airflow/.local/lib/python3.7/site-packages/airflow/example_dags/example_dynamic_task_mapping.py took 0.045 seconds
[2024-07-23T20:32:35.798+0000] {processor.py:153} INFO - Started process (PID=393) to work on /home/airflow/.local/lib/python3.7/site-packages/airflow/example_dags/example_dynamic_task_mapping.py
[2024-07-23T20:32:35.798+0000] {processor.py:743} INFO - Processing file /home/airflow/.local/lib/python3.7/site-packages/airflow/example_dags/example_dynamic_task_mapping.py for tasks to queue
[2024-07-23T20:32:35.799+0000] {logging_mixin.py:137} INFO - [2024-07-23T20:32:35.799+0000] {dagbag.py:538} INFO - Filling up the DagBag from /home/airflow/.local/lib/python3.7/site-packages/airflow/example_dags/example_dynamic_task_mapping.py
[2024-07-23T20:32:35.810+0000] {processor.py:753} INFO - DAG(s) dict_keys(['example_dynamic_task_mapping']) retrieved from /home/airflow/.local/lib/python3.7/site-packages/airflow/example_dags/example_dynamic_task_mapping.py
[2024-07-23T20:32:35.827+0000] {logging_mixin.py:137} INFO - [2024-07-23T20:32:35.827+0000] {dag.py:2690} INFO - Sync 1 DAGs
[2024-07-23T20:32:35.843+0000] {logging_mixin.py:137} INFO - [2024-07-23T20:32:35.842+0000] {dag.py:3441} INFO - Setting next_dagrun for example_dynamic_task_mapping to 2022-03-04T00:00:00+00:00, run_after=2022-03-05T00:00:00+00:00
[2024-07-23T20:32:35.856+0000] {processor.py:175} INFO - Processing /home/airflow/.local/lib/python3.7/site-packages/airflow/example_dags/example_dynamic_task_mapping.py took 0.060 seconds
[2024-07-23T20:33:06.518+0000] {processor.py:153} INFO - Started process (PID=479) to work on /home/airflow/.local/lib/python3.7/site-packages/airflow/example_dags/example_dynamic_task_mapping.py
[2024-07-23T20:33:06.521+0000] {processor.py:743} INFO - Processing file /home/airflow/.local/lib/python3.7/site-packages/airflow/example_dags/example_dynamic_task_mapping.py for tasks to queue
[2024-07-23T20:33:06.521+0000] {logging_mixin.py:137} INFO - [2024-07-23T20:33:06.521+0000] {dagbag.py:538} INFO - Filling up the DagBag from /home/airflow/.local/lib/python3.7/site-packages/airflow/example_dags/example_dynamic_task_mapping.py
[2024-07-23T20:33:06.533+0000] {processor.py:753} INFO - DAG(s) dict_keys(['example_dynamic_task_mapping']) retrieved from /home/airflow/.local/lib/python3.7/site-packages/airflow/example_dags/example_dynamic_task_mapping.py
[2024-07-23T20:33:06.549+0000] {logging_mixin.py:137} INFO - [2024-07-23T20:33:06.549+0000] {dag.py:2690} INFO - Sync 1 DAGs
[2024-07-23T20:33:06.566+0000] {logging_mixin.py:137} INFO - [2024-07-23T20:33:06.566+0000] {dag.py:3441} INFO - Setting next_dagrun for example_dynamic_task_mapping to 2022-03-04T00:00:00+00:00, run_after=2022-03-05T00:00:00+00:00
[2024-07-23T20:33:06.576+0000] {processor.py:175} INFO - Processing /home/airflow/.local/lib/python3.7/site-packages/airflow/example_dags/example_dynamic_task_mapping.py took 0.060 seconds
[2024-07-23T20:33:37.149+0000] {processor.py:153} INFO - Started process (PID=566) to work on /home/airflow/.local/lib/python3.7/site-packages/airflow/example_dags/example_dynamic_task_mapping.py
[2024-07-23T20:33:37.153+0000] {processor.py:743} INFO - Processing file /home/airflow/.local/lib/python3.7/site-packages/airflow/example_dags/example_dynamic_task_mapping.py for tasks to queue
[2024-07-23T20:33:37.154+0000] {logging_mixin.py:137} INFO - [2024-07-23T20:33:37.154+0000] {dagbag.py:538} INFO - Filling up the DagBag from /home/airflow/.local/lib/python3.7/site-packages/airflow/example_dags/example_dynamic_task_mapping.py
[2024-07-23T20:33:37.165+0000] {processor.py:753} INFO - DAG(s) dict_keys(['example_dynamic_task_mapping']) retrieved from /home/airflow/.local/lib/python3.7/site-packages/airflow/example_dags/example_dynamic_task_mapping.py
[2024-07-23T20:33:37.179+0000] {logging_mixin.py:137} INFO - [2024-07-23T20:33:37.179+0000] {dag.py:2690} INFO - Sync 1 DAGs
[2024-07-23T20:33:37.192+0000] {logging_mixin.py:137} INFO - [2024-07-23T20:33:37.192+0000] {dag.py:3441} INFO - Setting next_dagrun for example_dynamic_task_mapping to 2022-03-04T00:00:00+00:00, run_after=2022-03-05T00:00:00+00:00
[2024-07-23T20:33:37.201+0000] {processor.py:175} INFO - Processing /home/airflow/.local/lib/python3.7/site-packages/airflow/example_dags/example_dynamic_task_mapping.py took 0.054 seconds
[2024-07-23T20:34:07.815+0000] {processor.py:153} INFO - Started process (PID=653) to work on /home/airflow/.local/lib/python3.7/site-packages/airflow/example_dags/example_dynamic_task_mapping.py
[2024-07-23T20:34:07.816+0000] {processor.py:743} INFO - Processing file /home/airflow/.local/lib/python3.7/site-packages/airflow/example_dags/example_dynamic_task_mapping.py for tasks to queue
[2024-07-23T20:34:07.816+0000] {logging_mixin.py:137} INFO - [2024-07-23T20:34:07.816+0000] {dagbag.py:538} INFO - Filling up the DagBag from /home/airflow/.local/lib/python3.7/site-packages/airflow/example_dags/example_dynamic_task_mapping.py
[2024-07-23T20:34:07.827+0000] {processor.py:753} INFO - DAG(s) dict_keys(['example_dynamic_task_mapping']) retrieved from /home/airflow/.local/lib/python3.7/site-packages/airflow/example_dags/example_dynamic_task_mapping.py
[2024-07-23T20:34:07.841+0000] {logging_mixin.py:137} INFO - [2024-07-23T20:34:07.841+0000] {dag.py:2690} INFO - Sync 1 DAGs
[2024-07-23T20:34:07.852+0000] {logging_mixin.py:137} INFO - [2024-07-23T20:34:07.852+0000] {dag.py:3441} INFO - Setting next_dagrun for example_dynamic_task_mapping to 2022-03-04T00:00:00+00:00, run_after=2022-03-05T00:00:00+00:00
[2024-07-23T20:34:07.865+0000] {processor.py:175} INFO - Processing /home/airflow/.local/lib/python3.7/site-packages/airflow/example_dags/example_dynamic_task_mapping.py took 0.052 seconds
[2024-07-23T20:34:38.418+0000] {processor.py:153} INFO - Started process (PID=724) to work on /home/airflow/.local/lib/python3.7/site-packages/airflow/example_dags/example_dynamic_task_mapping.py
[2024-07-23T20:34:38.419+0000] {processor.py:743} INFO - Processing file /home/airflow/.local/lib/python3.7/site-packages/airflow/example_dags/example_dynamic_task_mapping.py for tasks to queue
[2024-07-23T20:34:38.419+0000] {logging_mixin.py:137} INFO - [2024-07-23T20:34:38.419+0000] {dagbag.py:538} INFO - Filling up the DagBag from /home/airflow/.local/lib/python3.7/site-packages/airflow/example_dags/example_dynamic_task_mapping.py
[2024-07-23T20:34:38.432+0000] {processor.py:753} INFO - DAG(s) dict_keys(['example_dynamic_task_mapping']) retrieved from /home/airflow/.local/lib/python3.7/site-packages/airflow/example_dags/example_dynamic_task_mapping.py
[2024-07-23T20:34:38.447+0000] {logging_mixin.py:137} INFO - [2024-07-23T20:34:38.447+0000] {dag.py:2690} INFO - Sync 1 DAGs
[2024-07-23T20:34:38.459+0000] {logging_mixin.py:137} INFO - [2024-07-23T20:34:38.459+0000] {dag.py:3441} INFO - Setting next_dagrun for example_dynamic_task_mapping to 2022-03-04T00:00:00+00:00, run_after=2022-03-05T00:00:00+00:00
[2024-07-23T20:34:38.472+0000] {processor.py:175} INFO - Processing /home/airflow/.local/lib/python3.7/site-packages/airflow/example_dags/example_dynamic_task_mapping.py took 0.055 seconds
[2024-07-23T20:35:08.987+0000] {processor.py:153} INFO - Started process (PID=811) to work on /home/airflow/.local/lib/python3.7/site-packages/airflow/example_dags/example_dynamic_task_mapping.py
[2024-07-23T20:35:08.987+0000] {processor.py:743} INFO - Processing file /home/airflow/.local/lib/python3.7/site-packages/airflow/example_dags/example_dynamic_task_mapping.py for tasks to queue
[2024-07-23T20:35:08.988+0000] {logging_mixin.py:137} INFO - [2024-07-23T20:35:08.988+0000] {dagbag.py:538} INFO - Filling up the DagBag from /home/airflow/.local/lib/python3.7/site-packages/airflow/example_dags/example_dynamic_task_mapping.py
[2024-07-23T20:35:09.000+0000] {processor.py:753} INFO - DAG(s) dict_keys(['example_dynamic_task_mapping']) retrieved from /home/airflow/.local/lib/python3.7/site-packages/airflow/example_dags/example_dynamic_task_mapping.py
[2024-07-23T20:35:09.016+0000] {logging_mixin.py:137} INFO - [2024-07-23T20:35:09.016+0000] {dag.py:2690} INFO - Sync 1 DAGs
[2024-07-23T20:35:09.031+0000] {logging_mixin.py:137} INFO - [2024-07-23T20:35:09.030+0000] {dag.py:3441} INFO - Setting next_dagrun for example_dynamic_task_mapping to 2022-03-04T00:00:00+00:00, run_after=2022-03-05T00:00:00+00:00
[2024-07-23T20:35:09.040+0000] {processor.py:175} INFO - Processing /home/airflow/.local/lib/python3.7/site-packages/airflow/example_dags/example_dynamic_task_mapping.py took 0.055 seconds
[2024-07-23T20:35:39.563+0000] {processor.py:153} INFO - Started process (PID=898) to work on /home/airflow/.local/lib/python3.7/site-packages/airflow/example_dags/example_dynamic_task_mapping.py
[2024-07-23T20:35:39.563+0000] {processor.py:743} INFO - Processing file /home/airflow/.local/lib/python3.7/site-packages/airflow/example_dags/example_dynamic_task_mapping.py for tasks to queue
[2024-07-23T20:35:39.564+0000] {logging_mixin.py:137} INFO - [2024-07-23T20:35:39.564+0000] {dagbag.py:538} INFO - Filling up the DagBag from /home/airflow/.local/lib/python3.7/site-packages/airflow/example_dags/example_dynamic_task_mapping.py
[2024-07-23T20:35:39.574+0000] {processor.py:753} INFO - DAG(s) dict_keys(['example_dynamic_task_mapping']) retrieved from /home/airflow/.local/lib/python3.7/site-packages/airflow/example_dags/example_dynamic_task_mapping.py
[2024-07-23T20:35:39.585+0000] {logging_mixin.py:137} INFO - [2024-07-23T20:35:39.585+0000] {dag.py:2690} INFO - Sync 1 DAGs
[2024-07-23T20:35:39.596+0000] {logging_mixin.py:137} INFO - [2024-07-23T20:35:39.595+0000] {dag.py:3441} INFO - Setting next_dagrun for example_dynamic_task_mapping to 2022-03-04T00:00:00+00:00, run_after=2022-03-05T00:00:00+00:00
[2024-07-23T20:35:39.603+0000] {processor.py:175} INFO - Processing /home/airflow/.local/lib/python3.7/site-packages/airflow/example_dags/example_dynamic_task_mapping.py took 0.042 seconds
[2024-07-23T20:36:10.105+0000] {processor.py:153} INFO - Started process (PID=978) to work on /home/airflow/.local/lib/python3.7/site-packages/airflow/example_dags/example_dynamic_task_mapping.py
[2024-07-23T20:36:10.106+0000] {processor.py:743} INFO - Processing file /home/airflow/.local/lib/python3.7/site-packages/airflow/example_dags/example_dynamic_task_mapping.py for tasks to queue
[2024-07-23T20:36:10.110+0000] {logging_mixin.py:137} INFO - [2024-07-23T20:36:10.110+0000] {dagbag.py:538} INFO - Filling up the DagBag from /home/airflow/.local/lib/python3.7/site-packages/airflow/example_dags/example_dynamic_task_mapping.py
[2024-07-23T20:36:10.124+0000] {processor.py:753} INFO - DAG(s) dict_keys(['example_dynamic_task_mapping']) retrieved from /home/airflow/.local/lib/python3.7/site-packages/airflow/example_dags/example_dynamic_task_mapping.py
[2024-07-23T20:36:10.145+0000] {logging_mixin.py:137} INFO - [2024-07-23T20:36:10.145+0000] {dag.py:2690} INFO - Sync 1 DAGs
[2024-07-23T20:36:10.161+0000] {logging_mixin.py:137} INFO - [2024-07-23T20:36:10.161+0000] {dag.py:3441} INFO - Setting next_dagrun for example_dynamic_task_mapping to 2022-03-04T00:00:00+00:00, run_after=2022-03-05T00:00:00+00:00
[2024-07-23T20:36:10.177+0000] {processor.py:175} INFO - Processing /home/airflow/.local/lib/python3.7/site-packages/airflow/example_dags/example_dynamic_task_mapping.py took 0.073 seconds
