[2024-07-23T20:30:31.028+0000] {processor.py:153} INFO - Started process (PID=48) to work on /home/airflow/.local/lib/python3.7/site-packages/airflow/example_dags/example_sensor_decorator.py
[2024-07-23T20:30:31.029+0000] {processor.py:743} INFO - Processing file /home/airflow/.local/lib/python3.7/site-packages/airflow/example_dags/example_sensor_decorator.py for tasks to queue
[2024-07-23T20:30:31.030+0000] {logging_mixin.py:137} INFO - [2024-07-23T20:30:31.030+0000] {dagbag.py:538} INFO - Filling up the DagBag from /home/airflow/.local/lib/python3.7/site-packages/airflow/example_dags/example_sensor_decorator.py
[2024-07-23T20:30:31.071+0000] {processor.py:753} INFO - DAG(s) dict_keys(['example_sensor_decorator']) retrieved from /home/airflow/.local/lib/python3.7/site-packages/airflow/example_dags/example_sensor_decorator.py
[2024-07-23T20:30:31.208+0000] {logging_mixin.py:137} INFO - [2024-07-23T20:30:31.208+0000] {manager.py:504} INFO - Created Permission View: can read on DAG:example_sensor_decorator
[2024-07-23T20:30:31.220+0000] {logging_mixin.py:137} INFO - [2024-07-23T20:30:31.220+0000] {manager.py:504} INFO - Created Permission View: can delete on DAG:example_sensor_decorator
[2024-07-23T20:30:31.237+0000] {logging_mixin.py:137} INFO - [2024-07-23T20:30:31.237+0000] {manager.py:504} INFO - Created Permission View: can edit on DAG:example_sensor_decorator
[2024-07-23T20:30:31.239+0000] {logging_mixin.py:137} INFO - [2024-07-23T20:30:31.239+0000] {dag.py:2690} INFO - Sync 1 DAGs
[2024-07-23T20:30:31.262+0000] {logging_mixin.py:137} INFO - [2024-07-23T20:30:31.262+0000] {dag.py:2711} INFO - Creating ORM DAG for example_sensor_decorator
[2024-07-23T20:30:31.277+0000] {logging_mixin.py:137} INFO - [2024-07-23T20:30:31.277+0000] {dag.py:3441} INFO - Setting next_dagrun for example_sensor_decorator to None, run_after=None
[2024-07-23T20:30:31.297+0000] {processor.py:175} INFO - Processing /home/airflow/.local/lib/python3.7/site-packages/airflow/example_dags/example_sensor_decorator.py took 0.272 seconds
[2024-07-23T20:31:01.426+0000] {processor.py:153} INFO - Started process (PID=135) to work on /home/airflow/.local/lib/python3.7/site-packages/airflow/example_dags/example_sensor_decorator.py
[2024-07-23T20:31:01.427+0000] {processor.py:743} INFO - Processing file /home/airflow/.local/lib/python3.7/site-packages/airflow/example_dags/example_sensor_decorator.py for tasks to queue
[2024-07-23T20:31:01.428+0000] {logging_mixin.py:137} INFO - [2024-07-23T20:31:01.428+0000] {dagbag.py:538} INFO - Filling up the DagBag from /home/airflow/.local/lib/python3.7/site-packages/airflow/example_dags/example_sensor_decorator.py
[2024-07-23T20:31:01.440+0000] {processor.py:753} INFO - DAG(s) dict_keys(['example_sensor_decorator']) retrieved from /home/airflow/.local/lib/python3.7/site-packages/airflow/example_dags/example_sensor_decorator.py
[2024-07-23T20:31:01.457+0000] {logging_mixin.py:137} INFO - [2024-07-23T20:31:01.457+0000] {dag.py:2690} INFO - Sync 1 DAGs
[2024-07-23T20:31:01.471+0000] {logging_mixin.py:137} INFO - [2024-07-23T20:31:01.471+0000] {dag.py:3441} INFO - Setting next_dagrun for example_sensor_decorator to None, run_after=None
[2024-07-23T20:31:01.485+0000] {processor.py:175} INFO - Processing /home/airflow/.local/lib/python3.7/site-packages/airflow/example_dags/example_sensor_decorator.py took 0.061 seconds
[2024-07-23T20:31:32.002+0000] {processor.py:153} INFO - Started process (PID=222) to work on /home/airflow/.local/lib/python3.7/site-packages/airflow/example_dags/example_sensor_decorator.py
[2024-07-23T20:31:32.003+0000] {processor.py:743} INFO - Processing file /home/airflow/.local/lib/python3.7/site-packages/airflow/example_dags/example_sensor_decorator.py for tasks to queue
[2024-07-23T20:31:32.003+0000] {logging_mixin.py:137} INFO - [2024-07-23T20:31:32.003+0000] {dagbag.py:538} INFO - Filling up the DagBag from /home/airflow/.local/lib/python3.7/site-packages/airflow/example_dags/example_sensor_decorator.py
[2024-07-23T20:31:32.013+0000] {processor.py:753} INFO - DAG(s) dict_keys(['example_sensor_decorator']) retrieved from /home/airflow/.local/lib/python3.7/site-packages/airflow/example_dags/example_sensor_decorator.py
[2024-07-23T20:31:32.027+0000] {logging_mixin.py:137} INFO - [2024-07-23T20:31:32.027+0000] {dag.py:2690} INFO - Sync 1 DAGs
[2024-07-23T20:31:32.041+0000] {logging_mixin.py:137} INFO - [2024-07-23T20:31:32.041+0000] {dag.py:3441} INFO - Setting next_dagrun for example_sensor_decorator to None, run_after=None
[2024-07-23T20:31:32.051+0000] {processor.py:175} INFO - Processing /home/airflow/.local/lib/python3.7/site-packages/airflow/example_dags/example_sensor_decorator.py took 0.051 seconds
[2024-07-23T20:32:02.526+0000] {processor.py:153} INFO - Started process (PID=293) to work on /home/airflow/.local/lib/python3.7/site-packages/airflow/example_dags/example_sensor_decorator.py
[2024-07-23T20:32:02.528+0000] {processor.py:743} INFO - Processing file /home/airflow/.local/lib/python3.7/site-packages/airflow/example_dags/example_sensor_decorator.py for tasks to queue
[2024-07-23T20:32:02.528+0000] {logging_mixin.py:137} INFO - [2024-07-23T20:32:02.528+0000] {dagbag.py:538} INFO - Filling up the DagBag from /home/airflow/.local/lib/python3.7/site-packages/airflow/example_dags/example_sensor_decorator.py
[2024-07-23T20:32:02.541+0000] {processor.py:753} INFO - DAG(s) dict_keys(['example_sensor_decorator']) retrieved from /home/airflow/.local/lib/python3.7/site-packages/airflow/example_dags/example_sensor_decorator.py
[2024-07-23T20:32:02.561+0000] {logging_mixin.py:137} INFO - [2024-07-23T20:32:02.561+0000] {dag.py:2690} INFO - Sync 1 DAGs
[2024-07-23T20:32:02.574+0000] {logging_mixin.py:137} INFO - [2024-07-23T20:32:02.574+0000] {dag.py:3441} INFO - Setting next_dagrun for example_sensor_decorator to None, run_after=None
[2024-07-23T20:32:02.595+0000] {processor.py:175} INFO - Processing /home/airflow/.local/lib/python3.7/site-packages/airflow/example_dags/example_sensor_decorator.py took 0.070 seconds
[2024-07-23T20:32:33.315+0000] {processor.py:153} INFO - Started process (PID=380) to work on /home/airflow/.local/lib/python3.7/site-packages/airflow/example_dags/example_sensor_decorator.py
[2024-07-23T20:32:33.317+0000] {processor.py:743} INFO - Processing file /home/airflow/.local/lib/python3.7/site-packages/airflow/example_dags/example_sensor_decorator.py for tasks to queue
[2024-07-23T20:32:33.317+0000] {logging_mixin.py:137} INFO - [2024-07-23T20:32:33.317+0000] {dagbag.py:538} INFO - Filling up the DagBag from /home/airflow/.local/lib/python3.7/site-packages/airflow/example_dags/example_sensor_decorator.py
[2024-07-23T20:32:33.328+0000] {processor.py:753} INFO - DAG(s) dict_keys(['example_sensor_decorator']) retrieved from /home/airflow/.local/lib/python3.7/site-packages/airflow/example_dags/example_sensor_decorator.py
[2024-07-23T20:32:33.341+0000] {logging_mixin.py:137} INFO - [2024-07-23T20:32:33.341+0000] {dag.py:2690} INFO - Sync 1 DAGs
[2024-07-23T20:32:33.356+0000] {logging_mixin.py:137} INFO - [2024-07-23T20:32:33.356+0000] {dag.py:3441} INFO - Setting next_dagrun for example_sensor_decorator to None, run_after=None
[2024-07-23T20:32:33.366+0000] {processor.py:175} INFO - Processing /home/airflow/.local/lib/python3.7/site-packages/airflow/example_dags/example_sensor_decorator.py took 0.053 seconds
[2024-07-23T20:33:04.043+0000] {processor.py:153} INFO - Started process (PID=466) to work on /home/airflow/.local/lib/python3.7/site-packages/airflow/example_dags/example_sensor_decorator.py
[2024-07-23T20:33:04.044+0000] {processor.py:743} INFO - Processing file /home/airflow/.local/lib/python3.7/site-packages/airflow/example_dags/example_sensor_decorator.py for tasks to queue
[2024-07-23T20:33:04.047+0000] {logging_mixin.py:137} INFO - [2024-07-23T20:33:04.047+0000] {dagbag.py:538} INFO - Filling up the DagBag from /home/airflow/.local/lib/python3.7/site-packages/airflow/example_dags/example_sensor_decorator.py
[2024-07-23T20:33:04.057+0000] {processor.py:753} INFO - DAG(s) dict_keys(['example_sensor_decorator']) retrieved from /home/airflow/.local/lib/python3.7/site-packages/airflow/example_dags/example_sensor_decorator.py
[2024-07-23T20:33:04.071+0000] {logging_mixin.py:137} INFO - [2024-07-23T20:33:04.071+0000] {dag.py:2690} INFO - Sync 1 DAGs
[2024-07-23T20:33:04.087+0000] {logging_mixin.py:137} INFO - [2024-07-23T20:33:04.087+0000] {dag.py:3441} INFO - Setting next_dagrun for example_sensor_decorator to None, run_after=None
[2024-07-23T20:33:04.097+0000] {processor.py:175} INFO - Processing /home/airflow/.local/lib/python3.7/site-packages/airflow/example_dags/example_sensor_decorator.py took 0.057 seconds
[2024-07-23T20:33:34.671+0000] {processor.py:153} INFO - Started process (PID=553) to work on /home/airflow/.local/lib/python3.7/site-packages/airflow/example_dags/example_sensor_decorator.py
[2024-07-23T20:33:34.672+0000] {processor.py:743} INFO - Processing file /home/airflow/.local/lib/python3.7/site-packages/airflow/example_dags/example_sensor_decorator.py for tasks to queue
[2024-07-23T20:33:34.674+0000] {logging_mixin.py:137} INFO - [2024-07-23T20:33:34.673+0000] {dagbag.py:538} INFO - Filling up the DagBag from /home/airflow/.local/lib/python3.7/site-packages/airflow/example_dags/example_sensor_decorator.py
[2024-07-23T20:33:34.684+0000] {processor.py:753} INFO - DAG(s) dict_keys(['example_sensor_decorator']) retrieved from /home/airflow/.local/lib/python3.7/site-packages/airflow/example_dags/example_sensor_decorator.py
[2024-07-23T20:33:34.699+0000] {logging_mixin.py:137} INFO - [2024-07-23T20:33:34.699+0000] {dag.py:2690} INFO - Sync 1 DAGs
[2024-07-23T20:33:34.711+0000] {logging_mixin.py:137} INFO - [2024-07-23T20:33:34.711+0000] {dag.py:3441} INFO - Setting next_dagrun for example_sensor_decorator to None, run_after=None
[2024-07-23T20:33:34.721+0000] {processor.py:175} INFO - Processing /home/airflow/.local/lib/python3.7/site-packages/airflow/example_dags/example_sensor_decorator.py took 0.052 seconds
[2024-07-23T20:34:05.303+0000] {processor.py:153} INFO - Started process (PID=624) to work on /home/airflow/.local/lib/python3.7/site-packages/airflow/example_dags/example_sensor_decorator.py
[2024-07-23T20:34:05.303+0000] {processor.py:743} INFO - Processing file /home/airflow/.local/lib/python3.7/site-packages/airflow/example_dags/example_sensor_decorator.py for tasks to queue
[2024-07-23T20:34:05.303+0000] {logging_mixin.py:137} INFO - [2024-07-23T20:34:05.303+0000] {dagbag.py:538} INFO - Filling up the DagBag from /home/airflow/.local/lib/python3.7/site-packages/airflow/example_dags/example_sensor_decorator.py
[2024-07-23T20:34:05.315+0000] {processor.py:753} INFO - DAG(s) dict_keys(['example_sensor_decorator']) retrieved from /home/airflow/.local/lib/python3.7/site-packages/airflow/example_dags/example_sensor_decorator.py
[2024-07-23T20:34:05.330+0000] {logging_mixin.py:137} INFO - [2024-07-23T20:34:05.330+0000] {dag.py:2690} INFO - Sync 1 DAGs
[2024-07-23T20:34:05.344+0000] {logging_mixin.py:137} INFO - [2024-07-23T20:34:05.344+0000] {dag.py:3441} INFO - Setting next_dagrun for example_sensor_decorator to None, run_after=None
[2024-07-23T20:34:05.358+0000] {processor.py:175} INFO - Processing /home/airflow/.local/lib/python3.7/site-packages/airflow/example_dags/example_sensor_decorator.py took 0.057 seconds
[2024-07-23T20:34:35.968+0000] {processor.py:153} INFO - Started process (PID=711) to work on /home/airflow/.local/lib/python3.7/site-packages/airflow/example_dags/example_sensor_decorator.py
[2024-07-23T20:34:35.970+0000] {processor.py:743} INFO - Processing file /home/airflow/.local/lib/python3.7/site-packages/airflow/example_dags/example_sensor_decorator.py for tasks to queue
[2024-07-23T20:34:35.972+0000] {logging_mixin.py:137} INFO - [2024-07-23T20:34:35.972+0000] {dagbag.py:538} INFO - Filling up the DagBag from /home/airflow/.local/lib/python3.7/site-packages/airflow/example_dags/example_sensor_decorator.py
[2024-07-23T20:34:35.984+0000] {processor.py:753} INFO - DAG(s) dict_keys(['example_sensor_decorator']) retrieved from /home/airflow/.local/lib/python3.7/site-packages/airflow/example_dags/example_sensor_decorator.py
[2024-07-23T20:34:36.007+0000] {logging_mixin.py:137} INFO - [2024-07-23T20:34:36.006+0000] {dag.py:2690} INFO - Sync 1 DAGs
[2024-07-23T20:34:36.024+0000] {logging_mixin.py:137} INFO - [2024-07-23T20:34:36.024+0000] {dag.py:3441} INFO - Setting next_dagrun for example_sensor_decorator to None, run_after=None
[2024-07-23T20:34:36.033+0000] {processor.py:175} INFO - Processing /home/airflow/.local/lib/python3.7/site-packages/airflow/example_dags/example_sensor_decorator.py took 0.067 seconds
[2024-07-23T20:35:06.517+0000] {processor.py:153} INFO - Started process (PID=798) to work on /home/airflow/.local/lib/python3.7/site-packages/airflow/example_dags/example_sensor_decorator.py
[2024-07-23T20:35:06.519+0000] {processor.py:743} INFO - Processing file /home/airflow/.local/lib/python3.7/site-packages/airflow/example_dags/example_sensor_decorator.py for tasks to queue
[2024-07-23T20:35:06.519+0000] {logging_mixin.py:137} INFO - [2024-07-23T20:35:06.519+0000] {dagbag.py:538} INFO - Filling up the DagBag from /home/airflow/.local/lib/python3.7/site-packages/airflow/example_dags/example_sensor_decorator.py
[2024-07-23T20:35:06.528+0000] {processor.py:753} INFO - DAG(s) dict_keys(['example_sensor_decorator']) retrieved from /home/airflow/.local/lib/python3.7/site-packages/airflow/example_dags/example_sensor_decorator.py
[2024-07-23T20:35:06.540+0000] {logging_mixin.py:137} INFO - [2024-07-23T20:35:06.540+0000] {dag.py:2690} INFO - Sync 1 DAGs
[2024-07-23T20:35:06.554+0000] {logging_mixin.py:137} INFO - [2024-07-23T20:35:06.554+0000] {dag.py:3441} INFO - Setting next_dagrun for example_sensor_decorator to None, run_after=None
[2024-07-23T20:35:06.565+0000] {processor.py:175} INFO - Processing /home/airflow/.local/lib/python3.7/site-packages/airflow/example_dags/example_sensor_decorator.py took 0.050 seconds
[2024-07-23T20:35:37.160+0000] {processor.py:153} INFO - Started process (PID=885) to work on /home/airflow/.local/lib/python3.7/site-packages/airflow/example_dags/example_sensor_decorator.py
[2024-07-23T20:35:37.161+0000] {processor.py:743} INFO - Processing file /home/airflow/.local/lib/python3.7/site-packages/airflow/example_dags/example_sensor_decorator.py for tasks to queue
[2024-07-23T20:35:37.161+0000] {logging_mixin.py:137} INFO - [2024-07-23T20:35:37.161+0000] {dagbag.py:538} INFO - Filling up the DagBag from /home/airflow/.local/lib/python3.7/site-packages/airflow/example_dags/example_sensor_decorator.py
[2024-07-23T20:35:37.171+0000] {processor.py:753} INFO - DAG(s) dict_keys(['example_sensor_decorator']) retrieved from /home/airflow/.local/lib/python3.7/site-packages/airflow/example_dags/example_sensor_decorator.py
[2024-07-23T20:35:37.182+0000] {logging_mixin.py:137} INFO - [2024-07-23T20:35:37.182+0000] {dag.py:2690} INFO - Sync 1 DAGs
[2024-07-23T20:35:37.193+0000] {logging_mixin.py:137} INFO - [2024-07-23T20:35:37.193+0000] {dag.py:3441} INFO - Setting next_dagrun for example_sensor_decorator to None, run_after=None
[2024-07-23T20:35:37.201+0000] {processor.py:175} INFO - Processing /home/airflow/.local/lib/python3.7/site-packages/airflow/example_dags/example_sensor_decorator.py took 0.043 seconds
[2024-07-23T20:36:07.688+0000] {processor.py:153} INFO - Started process (PID=956) to work on /home/airflow/.local/lib/python3.7/site-packages/airflow/example_dags/example_sensor_decorator.py
[2024-07-23T20:36:07.692+0000] {processor.py:743} INFO - Processing file /home/airflow/.local/lib/python3.7/site-packages/airflow/example_dags/example_sensor_decorator.py for tasks to queue
[2024-07-23T20:36:07.693+0000] {logging_mixin.py:137} INFO - [2024-07-23T20:36:07.693+0000] {dagbag.py:538} INFO - Filling up the DagBag from /home/airflow/.local/lib/python3.7/site-packages/airflow/example_dags/example_sensor_decorator.py
[2024-07-23T20:36:07.706+0000] {processor.py:753} INFO - DAG(s) dict_keys(['example_sensor_decorator']) retrieved from /home/airflow/.local/lib/python3.7/site-packages/airflow/example_dags/example_sensor_decorator.py
[2024-07-23T20:36:07.717+0000] {logging_mixin.py:137} INFO - [2024-07-23T20:36:07.716+0000] {dag.py:2690} INFO - Sync 1 DAGs
[2024-07-23T20:36:07.730+0000] {logging_mixin.py:137} INFO - [2024-07-23T20:36:07.730+0000] {dag.py:3441} INFO - Setting next_dagrun for example_sensor_decorator to None, run_after=None
[2024-07-23T20:36:07.739+0000] {processor.py:175} INFO - Processing /home/airflow/.local/lib/python3.7/site-packages/airflow/example_dags/example_sensor_decorator.py took 0.053 seconds
[2024-07-23T20:36:38.259+0000] {processor.py:153} INFO - Started process (PID=1043) to work on /home/airflow/.local/lib/python3.7/site-packages/airflow/example_dags/example_sensor_decorator.py
[2024-07-23T20:36:38.260+0000] {processor.py:743} INFO - Processing file /home/airflow/.local/lib/python3.7/site-packages/airflow/example_dags/example_sensor_decorator.py for tasks to queue
[2024-07-23T20:36:38.260+0000] {logging_mixin.py:137} INFO - [2024-07-23T20:36:38.260+0000] {dagbag.py:538} INFO - Filling up the DagBag from /home/airflow/.local/lib/python3.7/site-packages/airflow/example_dags/example_sensor_decorator.py
[2024-07-23T20:36:38.274+0000] {processor.py:753} INFO - DAG(s) dict_keys(['example_sensor_decorator']) retrieved from /home/airflow/.local/lib/python3.7/site-packages/airflow/example_dags/example_sensor_decorator.py
[2024-07-23T20:36:38.291+0000] {logging_mixin.py:137} INFO - [2024-07-23T20:36:38.291+0000] {dag.py:2690} INFO - Sync 1 DAGs
[2024-07-23T20:36:38.303+0000] {logging_mixin.py:137} INFO - [2024-07-23T20:36:38.303+0000] {dag.py:3441} INFO - Setting next_dagrun for example_sensor_decorator to None, run_after=None
[2024-07-23T20:36:38.313+0000] {processor.py:175} INFO - Processing /home/airflow/.local/lib/python3.7/site-packages/airflow/example_dags/example_sensor_decorator.py took 0.056 seconds
