[2024-07-23T20:30:29.028+0000] {processor.py:153} INFO - Started process (PID=39) to work on /home/airflow/.local/lib/python3.7/site-packages/airflow/example_dags/example_xcomargs.py
[2024-07-23T20:30:29.029+0000] {processor.py:743} INFO - Processing file /home/airflow/.local/lib/python3.7/site-packages/airflow/example_dags/example_xcomargs.py for tasks to queue
[2024-07-23T20:30:29.031+0000] {logging_mixin.py:137} INFO - [2024-07-23T20:30:29.030+0000] {dagbag.py:538} INFO - Filling up the DagBag from /home/airflow/.local/lib/python3.7/site-packages/airflow/example_dags/example_xcomargs.py
[2024-07-23T20:30:29.053+0000] {processor.py:753} INFO - DAG(s) dict_keys(['example_xcom_args', 'example_xcom_args_with_operators']) retrieved from /home/airflow/.local/lib/python3.7/site-packages/airflow/example_dags/example_xcomargs.py
[2024-07-23T20:30:29.147+0000] {logging_mixin.py:137} INFO - [2024-07-23T20:30:29.146+0000] {manager.py:504} INFO - Created Permission View: can read on DAG:example_xcom_args
[2024-07-23T20:30:29.159+0000] {logging_mixin.py:137} INFO - [2024-07-23T20:30:29.158+0000] {manager.py:504} INFO - Created Permission View: can delete on DAG:example_xcom_args
[2024-07-23T20:30:29.175+0000] {logging_mixin.py:137} INFO - [2024-07-23T20:30:29.175+0000] {manager.py:504} INFO - Created Permission View: can edit on DAG:example_xcom_args
[2024-07-23T20:30:29.201+0000] {logging_mixin.py:137} INFO - [2024-07-23T20:30:29.201+0000] {manager.py:504} INFO - Created Permission View: can read on DAG:example_xcom_args_with_operators
[2024-07-23T20:30:29.212+0000] {logging_mixin.py:137} INFO - [2024-07-23T20:30:29.211+0000] {manager.py:504} INFO - Created Permission View: can delete on DAG:example_xcom_args_with_operators
[2024-07-23T20:30:29.220+0000] {logging_mixin.py:137} INFO - [2024-07-23T20:30:29.220+0000] {manager.py:504} INFO - Created Permission View: can edit on DAG:example_xcom_args_with_operators
[2024-07-23T20:30:29.221+0000] {logging_mixin.py:137} INFO - [2024-07-23T20:30:29.221+0000] {dag.py:2690} INFO - Sync 2 DAGs
[2024-07-23T20:30:29.246+0000] {logging_mixin.py:137} INFO - [2024-07-23T20:30:29.246+0000] {dag.py:2711} INFO - Creating ORM DAG for example_xcom_args
[2024-07-23T20:30:29.247+0000] {logging_mixin.py:137} INFO - [2024-07-23T20:30:29.247+0000] {dag.py:2711} INFO - Creating ORM DAG for example_xcom_args_with_operators
[2024-07-23T20:30:29.257+0000] {logging_mixin.py:137} INFO - [2024-07-23T20:30:29.256+0000] {dag.py:3441} INFO - Setting next_dagrun for example_xcom_args to None, run_after=None
[2024-07-23T20:30:29.259+0000] {logging_mixin.py:137} INFO - [2024-07-23T20:30:29.258+0000] {dag.py:3441} INFO - Setting next_dagrun for example_xcom_args_with_operators to None, run_after=None
[2024-07-23T20:30:29.281+0000] {processor.py:175} INFO - Processing /home/airflow/.local/lib/python3.7/site-packages/airflow/example_dags/example_xcomargs.py took 0.256 seconds
[2024-07-23T20:30:59.994+0000] {processor.py:153} INFO - Started process (PID=126) to work on /home/airflow/.local/lib/python3.7/site-packages/airflow/example_dags/example_xcomargs.py
[2024-07-23T20:30:59.995+0000] {processor.py:743} INFO - Processing file /home/airflow/.local/lib/python3.7/site-packages/airflow/example_dags/example_xcomargs.py for tasks to queue
[2024-07-23T20:30:59.995+0000] {logging_mixin.py:137} INFO - [2024-07-23T20:30:59.995+0000] {dagbag.py:538} INFO - Filling up the DagBag from /home/airflow/.local/lib/python3.7/site-packages/airflow/example_dags/example_xcomargs.py
[2024-07-23T20:31:00.007+0000] {processor.py:753} INFO - DAG(s) dict_keys(['example_xcom_args_with_operators', 'example_xcom_args']) retrieved from /home/airflow/.local/lib/python3.7/site-packages/airflow/example_dags/example_xcomargs.py
[2024-07-23T20:31:00.020+0000] {logging_mixin.py:137} INFO - [2024-07-23T20:31:00.020+0000] {dag.py:2690} INFO - Sync 2 DAGs
[2024-07-23T20:31:00.032+0000] {logging_mixin.py:137} INFO - [2024-07-23T20:31:00.032+0000] {dag.py:3441} INFO - Setting next_dagrun for example_xcom_args to None, run_after=None
[2024-07-23T20:31:00.034+0000] {logging_mixin.py:137} INFO - [2024-07-23T20:31:00.034+0000] {dag.py:3441} INFO - Setting next_dagrun for example_xcom_args_with_operators to None, run_after=None
[2024-07-23T20:31:00.041+0000] {processor.py:175} INFO - Processing /home/airflow/.local/lib/python3.7/site-packages/airflow/example_dags/example_xcomargs.py took 0.049 seconds
[2024-07-23T20:31:30.659+0000] {processor.py:153} INFO - Started process (PID=213) to work on /home/airflow/.local/lib/python3.7/site-packages/airflow/example_dags/example_xcomargs.py
[2024-07-23T20:31:30.659+0000] {processor.py:743} INFO - Processing file /home/airflow/.local/lib/python3.7/site-packages/airflow/example_dags/example_xcomargs.py for tasks to queue
[2024-07-23T20:31:30.660+0000] {logging_mixin.py:137} INFO - [2024-07-23T20:31:30.660+0000] {dagbag.py:538} INFO - Filling up the DagBag from /home/airflow/.local/lib/python3.7/site-packages/airflow/example_dags/example_xcomargs.py
[2024-07-23T20:31:30.670+0000] {processor.py:753} INFO - DAG(s) dict_keys(['example_xcom_args_with_operators', 'example_xcom_args']) retrieved from /home/airflow/.local/lib/python3.7/site-packages/airflow/example_dags/example_xcomargs.py
[2024-07-23T20:31:30.683+0000] {logging_mixin.py:137} INFO - [2024-07-23T20:31:30.683+0000] {dag.py:2690} INFO - Sync 2 DAGs
[2024-07-23T20:31:30.695+0000] {logging_mixin.py:137} INFO - [2024-07-23T20:31:30.695+0000] {dag.py:3441} INFO - Setting next_dagrun for example_xcom_args to None, run_after=None
[2024-07-23T20:31:30.696+0000] {logging_mixin.py:137} INFO - [2024-07-23T20:31:30.696+0000] {dag.py:3441} INFO - Setting next_dagrun for example_xcom_args_with_operators to None, run_after=None
[2024-07-23T20:31:30.703+0000] {processor.py:175} INFO - Processing /home/airflow/.local/lib/python3.7/site-packages/airflow/example_dags/example_xcomargs.py took 0.046 seconds
[2024-07-23T20:32:01.223+0000] {processor.py:153} INFO - Started process (PID=284) to work on /home/airflow/.local/lib/python3.7/site-packages/airflow/example_dags/example_xcomargs.py
[2024-07-23T20:32:01.224+0000] {processor.py:743} INFO - Processing file /home/airflow/.local/lib/python3.7/site-packages/airflow/example_dags/example_xcomargs.py for tasks to queue
[2024-07-23T20:32:01.224+0000] {logging_mixin.py:137} INFO - [2024-07-23T20:32:01.224+0000] {dagbag.py:538} INFO - Filling up the DagBag from /home/airflow/.local/lib/python3.7/site-packages/airflow/example_dags/example_xcomargs.py
[2024-07-23T20:32:01.236+0000] {processor.py:753} INFO - DAG(s) dict_keys(['example_xcom_args', 'example_xcom_args_with_operators']) retrieved from /home/airflow/.local/lib/python3.7/site-packages/airflow/example_dags/example_xcomargs.py
[2024-07-23T20:32:01.253+0000] {logging_mixin.py:137} INFO - [2024-07-23T20:32:01.253+0000] {dag.py:2690} INFO - Sync 2 DAGs
[2024-07-23T20:32:01.265+0000] {logging_mixin.py:137} INFO - [2024-07-23T20:32:01.265+0000] {dag.py:3441} INFO - Setting next_dagrun for example_xcom_args to None, run_after=None
[2024-07-23T20:32:01.267+0000] {logging_mixin.py:137} INFO - [2024-07-23T20:32:01.267+0000] {dag.py:3441} INFO - Setting next_dagrun for example_xcom_args_with_operators to None, run_after=None
[2024-07-23T20:32:01.275+0000] {processor.py:175} INFO - Processing /home/airflow/.local/lib/python3.7/site-packages/airflow/example_dags/example_xcomargs.py took 0.054 seconds
[2024-07-23T20:32:32.041+0000] {processor.py:153} INFO - Started process (PID=371) to work on /home/airflow/.local/lib/python3.7/site-packages/airflow/example_dags/example_xcomargs.py
[2024-07-23T20:32:32.042+0000] {processor.py:743} INFO - Processing file /home/airflow/.local/lib/python3.7/site-packages/airflow/example_dags/example_xcomargs.py for tasks to queue
[2024-07-23T20:32:32.042+0000] {logging_mixin.py:137} INFO - [2024-07-23T20:32:32.042+0000] {dagbag.py:538} INFO - Filling up the DagBag from /home/airflow/.local/lib/python3.7/site-packages/airflow/example_dags/example_xcomargs.py
[2024-07-23T20:32:32.054+0000] {processor.py:753} INFO - DAG(s) dict_keys(['example_xcom_args', 'example_xcom_args_with_operators']) retrieved from /home/airflow/.local/lib/python3.7/site-packages/airflow/example_dags/example_xcomargs.py
[2024-07-23T20:32:32.073+0000] {logging_mixin.py:137} INFO - [2024-07-23T20:32:32.073+0000] {dag.py:2690} INFO - Sync 2 DAGs
[2024-07-23T20:32:32.087+0000] {logging_mixin.py:137} INFO - [2024-07-23T20:32:32.087+0000] {dag.py:3441} INFO - Setting next_dagrun for example_xcom_args to None, run_after=None
[2024-07-23T20:32:32.089+0000] {logging_mixin.py:137} INFO - [2024-07-23T20:32:32.088+0000] {dag.py:3441} INFO - Setting next_dagrun for example_xcom_args_with_operators to None, run_after=None
[2024-07-23T20:32:32.099+0000] {processor.py:175} INFO - Processing /home/airflow/.local/lib/python3.7/site-packages/airflow/example_dags/example_xcomargs.py took 0.060 seconds
[2024-07-23T20:33:02.710+0000] {processor.py:153} INFO - Started process (PID=457) to work on /home/airflow/.local/lib/python3.7/site-packages/airflow/example_dags/example_xcomargs.py
[2024-07-23T20:33:02.710+0000] {processor.py:743} INFO - Processing file /home/airflow/.local/lib/python3.7/site-packages/airflow/example_dags/example_xcomargs.py for tasks to queue
[2024-07-23T20:33:02.710+0000] {logging_mixin.py:137} INFO - [2024-07-23T20:33:02.710+0000] {dagbag.py:538} INFO - Filling up the DagBag from /home/airflow/.local/lib/python3.7/site-packages/airflow/example_dags/example_xcomargs.py
[2024-07-23T20:33:02.722+0000] {processor.py:753} INFO - DAG(s) dict_keys(['example_xcom_args', 'example_xcom_args_with_operators']) retrieved from /home/airflow/.local/lib/python3.7/site-packages/airflow/example_dags/example_xcomargs.py
[2024-07-23T20:33:02.738+0000] {logging_mixin.py:137} INFO - [2024-07-23T20:33:02.738+0000] {dag.py:2690} INFO - Sync 2 DAGs
[2024-07-23T20:33:02.752+0000] {logging_mixin.py:137} INFO - [2024-07-23T20:33:02.752+0000] {dag.py:3441} INFO - Setting next_dagrun for example_xcom_args to None, run_after=None
[2024-07-23T20:33:02.754+0000] {logging_mixin.py:137} INFO - [2024-07-23T20:33:02.754+0000] {dag.py:3441} INFO - Setting next_dagrun for example_xcom_args_with_operators to None, run_after=None
[2024-07-23T20:33:02.761+0000] {processor.py:175} INFO - Processing /home/airflow/.local/lib/python3.7/site-packages/airflow/example_dags/example_xcomargs.py took 0.053 seconds
[2024-07-23T20:33:33.370+0000] {processor.py:153} INFO - Started process (PID=544) to work on /home/airflow/.local/lib/python3.7/site-packages/airflow/example_dags/example_xcomargs.py
[2024-07-23T20:33:33.371+0000] {processor.py:743} INFO - Processing file /home/airflow/.local/lib/python3.7/site-packages/airflow/example_dags/example_xcomargs.py for tasks to queue
[2024-07-23T20:33:33.371+0000] {logging_mixin.py:137} INFO - [2024-07-23T20:33:33.371+0000] {dagbag.py:538} INFO - Filling up the DagBag from /home/airflow/.local/lib/python3.7/site-packages/airflow/example_dags/example_xcomargs.py
[2024-07-23T20:33:33.382+0000] {processor.py:753} INFO - DAG(s) dict_keys(['example_xcom_args', 'example_xcom_args_with_operators']) retrieved from /home/airflow/.local/lib/python3.7/site-packages/airflow/example_dags/example_xcomargs.py
[2024-07-23T20:33:33.396+0000] {logging_mixin.py:137} INFO - [2024-07-23T20:33:33.396+0000] {dag.py:2690} INFO - Sync 2 DAGs
[2024-07-23T20:33:33.408+0000] {logging_mixin.py:137} INFO - [2024-07-23T20:33:33.408+0000] {dag.py:3441} INFO - Setting next_dagrun for example_xcom_args to None, run_after=None
[2024-07-23T20:33:33.409+0000] {logging_mixin.py:137} INFO - [2024-07-23T20:33:33.409+0000] {dag.py:3441} INFO - Setting next_dagrun for example_xcom_args_with_operators to None, run_after=None
[2024-07-23T20:33:33.416+0000] {processor.py:175} INFO - Processing /home/airflow/.local/lib/python3.7/site-packages/airflow/example_dags/example_xcomargs.py took 0.048 seconds
[2024-07-23T20:34:03.941+0000] {processor.py:153} INFO - Started process (PID=615) to work on /home/airflow/.local/lib/python3.7/site-packages/airflow/example_dags/example_xcomargs.py
[2024-07-23T20:34:03.941+0000] {processor.py:743} INFO - Processing file /home/airflow/.local/lib/python3.7/site-packages/airflow/example_dags/example_xcomargs.py for tasks to queue
[2024-07-23T20:34:03.941+0000] {logging_mixin.py:137} INFO - [2024-07-23T20:34:03.941+0000] {dagbag.py:538} INFO - Filling up the DagBag from /home/airflow/.local/lib/python3.7/site-packages/airflow/example_dags/example_xcomargs.py
[2024-07-23T20:34:03.951+0000] {processor.py:753} INFO - DAG(s) dict_keys(['example_xcom_args', 'example_xcom_args_with_operators']) retrieved from /home/airflow/.local/lib/python3.7/site-packages/airflow/example_dags/example_xcomargs.py
[2024-07-23T20:34:03.965+0000] {logging_mixin.py:137} INFO - [2024-07-23T20:34:03.965+0000] {dag.py:2690} INFO - Sync 2 DAGs
[2024-07-23T20:34:03.977+0000] {logging_mixin.py:137} INFO - [2024-07-23T20:34:03.976+0000] {dag.py:3441} INFO - Setting next_dagrun for example_xcom_args to None, run_after=None
[2024-07-23T20:34:03.978+0000] {logging_mixin.py:137} INFO - [2024-07-23T20:34:03.978+0000] {dag.py:3441} INFO - Setting next_dagrun for example_xcom_args_with_operators to None, run_after=None
[2024-07-23T20:34:03.985+0000] {processor.py:175} INFO - Processing /home/airflow/.local/lib/python3.7/site-packages/airflow/example_dags/example_xcomargs.py took 0.046 seconds
[2024-07-23T20:34:34.661+0000] {processor.py:153} INFO - Started process (PID=702) to work on /home/airflow/.local/lib/python3.7/site-packages/airflow/example_dags/example_xcomargs.py
[2024-07-23T20:34:34.662+0000] {processor.py:743} INFO - Processing file /home/airflow/.local/lib/python3.7/site-packages/airflow/example_dags/example_xcomargs.py for tasks to queue
[2024-07-23T20:34:34.662+0000] {logging_mixin.py:137} INFO - [2024-07-23T20:34:34.662+0000] {dagbag.py:538} INFO - Filling up the DagBag from /home/airflow/.local/lib/python3.7/site-packages/airflow/example_dags/example_xcomargs.py
[2024-07-23T20:34:34.672+0000] {processor.py:753} INFO - DAG(s) dict_keys(['example_xcom_args', 'example_xcom_args_with_operators']) retrieved from /home/airflow/.local/lib/python3.7/site-packages/airflow/example_dags/example_xcomargs.py
[2024-07-23T20:34:34.685+0000] {logging_mixin.py:137} INFO - [2024-07-23T20:34:34.685+0000] {dag.py:2690} INFO - Sync 2 DAGs
[2024-07-23T20:34:34.695+0000] {logging_mixin.py:137} INFO - [2024-07-23T20:34:34.695+0000] {dag.py:3441} INFO - Setting next_dagrun for example_xcom_args to None, run_after=None
[2024-07-23T20:34:34.696+0000] {logging_mixin.py:137} INFO - [2024-07-23T20:34:34.696+0000] {dag.py:3441} INFO - Setting next_dagrun for example_xcom_args_with_operators to None, run_after=None
[2024-07-23T20:34:34.702+0000] {processor.py:175} INFO - Processing /home/airflow/.local/lib/python3.7/site-packages/airflow/example_dags/example_xcomargs.py took 0.043 seconds
[2024-07-23T20:35:05.244+0000] {processor.py:153} INFO - Started process (PID=789) to work on /home/airflow/.local/lib/python3.7/site-packages/airflow/example_dags/example_xcomargs.py
[2024-07-23T20:35:05.244+0000] {processor.py:743} INFO - Processing file /home/airflow/.local/lib/python3.7/site-packages/airflow/example_dags/example_xcomargs.py for tasks to queue
[2024-07-23T20:35:05.244+0000] {logging_mixin.py:137} INFO - [2024-07-23T20:35:05.244+0000] {dagbag.py:538} INFO - Filling up the DagBag from /home/airflow/.local/lib/python3.7/site-packages/airflow/example_dags/example_xcomargs.py
[2024-07-23T20:35:05.258+0000] {processor.py:753} INFO - DAG(s) dict_keys(['example_xcom_args', 'example_xcom_args_with_operators']) retrieved from /home/airflow/.local/lib/python3.7/site-packages/airflow/example_dags/example_xcomargs.py
[2024-07-23T20:35:05.275+0000] {logging_mixin.py:137} INFO - [2024-07-23T20:35:05.275+0000] {dag.py:2690} INFO - Sync 2 DAGs
[2024-07-23T20:35:05.288+0000] {logging_mixin.py:137} INFO - [2024-07-23T20:35:05.288+0000] {dag.py:3441} INFO - Setting next_dagrun for example_xcom_args to None, run_after=None
[2024-07-23T20:35:05.291+0000] {logging_mixin.py:137} INFO - [2024-07-23T20:35:05.291+0000] {dag.py:3441} INFO - Setting next_dagrun for example_xcom_args_with_operators to None, run_after=None
[2024-07-23T20:35:05.302+0000] {processor.py:175} INFO - Processing /home/airflow/.local/lib/python3.7/site-packages/airflow/example_dags/example_xcomargs.py took 0.060 seconds
[2024-07-23T20:35:35.879+0000] {processor.py:153} INFO - Started process (PID=866) to work on /home/airflow/.local/lib/python3.7/site-packages/airflow/example_dags/example_xcomargs.py
[2024-07-23T20:35:35.879+0000] {processor.py:743} INFO - Processing file /home/airflow/.local/lib/python3.7/site-packages/airflow/example_dags/example_xcomargs.py for tasks to queue
[2024-07-23T20:35:35.880+0000] {logging_mixin.py:137} INFO - [2024-07-23T20:35:35.880+0000] {dagbag.py:538} INFO - Filling up the DagBag from /home/airflow/.local/lib/python3.7/site-packages/airflow/example_dags/example_xcomargs.py
[2024-07-23T20:35:35.892+0000] {processor.py:753} INFO - DAG(s) dict_keys(['example_xcom_args', 'example_xcom_args_with_operators']) retrieved from /home/airflow/.local/lib/python3.7/site-packages/airflow/example_dags/example_xcomargs.py
[2024-07-23T20:35:35.908+0000] {logging_mixin.py:137} INFO - [2024-07-23T20:35:35.908+0000] {dag.py:2690} INFO - Sync 2 DAGs
[2024-07-23T20:35:35.921+0000] {logging_mixin.py:137} INFO - [2024-07-23T20:35:35.921+0000] {dag.py:3441} INFO - Setting next_dagrun for example_xcom_args to None, run_after=None
[2024-07-23T20:35:35.923+0000] {logging_mixin.py:137} INFO - [2024-07-23T20:35:35.923+0000] {dag.py:3441} INFO - Setting next_dagrun for example_xcom_args_with_operators to None, run_after=None
[2024-07-23T20:35:35.930+0000] {processor.py:175} INFO - Processing /home/airflow/.local/lib/python3.7/site-packages/airflow/example_dags/example_xcomargs.py took 0.053 seconds
[2024-07-23T20:36:06.441+0000] {processor.py:153} INFO - Started process (PID=947) to work on /home/airflow/.local/lib/python3.7/site-packages/airflow/example_dags/example_xcomargs.py
[2024-07-23T20:36:06.442+0000] {processor.py:743} INFO - Processing file /home/airflow/.local/lib/python3.7/site-packages/airflow/example_dags/example_xcomargs.py for tasks to queue
[2024-07-23T20:36:06.442+0000] {logging_mixin.py:137} INFO - [2024-07-23T20:36:06.442+0000] {dagbag.py:538} INFO - Filling up the DagBag from /home/airflow/.local/lib/python3.7/site-packages/airflow/example_dags/example_xcomargs.py
[2024-07-23T20:36:06.453+0000] {processor.py:753} INFO - DAG(s) dict_keys(['example_xcom_args_with_operators', 'example_xcom_args']) retrieved from /home/airflow/.local/lib/python3.7/site-packages/airflow/example_dags/example_xcomargs.py
[2024-07-23T20:36:06.466+0000] {logging_mixin.py:137} INFO - [2024-07-23T20:36:06.466+0000] {dag.py:2690} INFO - Sync 2 DAGs
[2024-07-23T20:36:06.476+0000] {logging_mixin.py:137} INFO - [2024-07-23T20:36:06.476+0000] {dag.py:3441} INFO - Setting next_dagrun for example_xcom_args to None, run_after=None
[2024-07-23T20:36:06.478+0000] {logging_mixin.py:137} INFO - [2024-07-23T20:36:06.478+0000] {dag.py:3441} INFO - Setting next_dagrun for example_xcom_args_with_operators to None, run_after=None
[2024-07-23T20:36:06.484+0000] {processor.py:175} INFO - Processing /home/airflow/.local/lib/python3.7/site-packages/airflow/example_dags/example_xcomargs.py took 0.045 seconds
[2024-07-23T20:36:36.942+0000] {processor.py:153} INFO - Started process (PID=1034) to work on /home/airflow/.local/lib/python3.7/site-packages/airflow/example_dags/example_xcomargs.py
[2024-07-23T20:36:36.943+0000] {processor.py:743} INFO - Processing file /home/airflow/.local/lib/python3.7/site-packages/airflow/example_dags/example_xcomargs.py for tasks to queue
[2024-07-23T20:36:36.943+0000] {logging_mixin.py:137} INFO - [2024-07-23T20:36:36.943+0000] {dagbag.py:538} INFO - Filling up the DagBag from /home/airflow/.local/lib/python3.7/site-packages/airflow/example_dags/example_xcomargs.py
[2024-07-23T20:36:36.954+0000] {processor.py:753} INFO - DAG(s) dict_keys(['example_xcom_args', 'example_xcom_args_with_operators']) retrieved from /home/airflow/.local/lib/python3.7/site-packages/airflow/example_dags/example_xcomargs.py
[2024-07-23T20:36:36.968+0000] {logging_mixin.py:137} INFO - [2024-07-23T20:36:36.968+0000] {dag.py:2690} INFO - Sync 2 DAGs
[2024-07-23T20:36:36.979+0000] {logging_mixin.py:137} INFO - [2024-07-23T20:36:36.979+0000] {dag.py:3441} INFO - Setting next_dagrun for example_xcom_args to None, run_after=None
[2024-07-23T20:36:36.981+0000] {logging_mixin.py:137} INFO - [2024-07-23T20:36:36.981+0000] {dag.py:3441} INFO - Setting next_dagrun for example_xcom_args_with_operators to None, run_after=None
[2024-07-23T20:36:36.988+0000] {processor.py:175} INFO - Processing /home/airflow/.local/lib/python3.7/site-packages/airflow/example_dags/example_xcomargs.py took 0.047 seconds
