[2024-07-23T20:30:32.249+0000] {processor.py:153} INFO - Started process (PID=64) to work on /home/airflow/.local/lib/python3.7/site-packages/airflow/example_dags/example_subdag_operator.py
[2024-07-23T20:30:32.252+0000] {processor.py:743} INFO - Processing file /home/airflow/.local/lib/python3.7/site-packages/airflow/example_dags/example_subdag_operator.py for tasks to queue
[2024-07-23T20:30:32.254+0000] {logging_mixin.py:137} INFO - [2024-07-23T20:30:32.254+0000] {dagbag.py:538} INFO - Filling up the DagBag from /home/airflow/.local/lib/python3.7/site-packages/airflow/example_dags/example_subdag_operator.py
[2024-07-23T20:30:32.277+0000] {processor.py:753} INFO - DAG(s) dict_keys(['example_subdag_operator.section-1', 'example_subdag_operator.section-2', 'example_subdag_operator']) retrieved from /home/airflow/.local/lib/python3.7/site-packages/airflow/example_dags/example_subdag_operator.py
[2024-07-23T20:30:32.407+0000] {logging_mixin.py:137} INFO - [2024-07-23T20:30:32.406+0000] {manager.py:504} INFO - Created Permission View: can read on DAG:example_subdag_operator
[2024-07-23T20:30:32.420+0000] {logging_mixin.py:137} INFO - [2024-07-23T20:30:32.420+0000] {manager.py:504} INFO - Created Permission View: can delete on DAG:example_subdag_operator
[2024-07-23T20:30:32.434+0000] {logging_mixin.py:137} INFO - [2024-07-23T20:30:32.434+0000] {manager.py:504} INFO - Created Permission View: can edit on DAG:example_subdag_operator
[2024-07-23T20:30:32.435+0000] {logging_mixin.py:137} INFO - [2024-07-23T20:30:32.435+0000] {dag.py:2690} INFO - Sync 3 DAGs
[2024-07-23T20:30:32.452+0000] {logging_mixin.py:137} INFO - [2024-07-23T20:30:32.452+0000] {dag.py:2711} INFO - Creating ORM DAG for example_subdag_operator
[2024-07-23T20:30:32.454+0000] {logging_mixin.py:137} INFO - [2024-07-23T20:30:32.454+0000] {dag.py:2711} INFO - Creating ORM DAG for example_subdag_operator.section-1
[2024-07-23T20:30:32.454+0000] {logging_mixin.py:137} INFO - [2024-07-23T20:30:32.454+0000] {dag.py:2711} INFO - Creating ORM DAG for example_subdag_operator.section-2
[2024-07-23T20:30:32.462+0000] {logging_mixin.py:137} INFO - [2024-07-23T20:30:32.462+0000] {dag.py:3441} INFO - Setting next_dagrun for example_subdag_operator to 2022-01-01T00:00:00+00:00, run_after=2022-01-01T00:00:00+00:00
[2024-07-23T20:30:32.463+0000] {logging_mixin.py:137} INFO - [2024-07-23T20:30:32.463+0000] {dag.py:3441} INFO - Setting next_dagrun for example_subdag_operator.section-1 to None, run_after=None
[2024-07-23T20:30:32.464+0000] {logging_mixin.py:137} INFO - [2024-07-23T20:30:32.463+0000] {dag.py:3441} INFO - Setting next_dagrun for example_subdag_operator.section-2 to None, run_after=None
[2024-07-23T20:30:32.475+0000] {logging_mixin.py:137} INFO - [2024-07-23T20:30:32.475+0000] {dag.py:2690} INFO - Sync 2 DAGs
[2024-07-23T20:30:32.479+0000] {logging_mixin.py:137} INFO - [2024-07-23T20:30:32.479+0000] {dag.py:3441} INFO - Setting next_dagrun for example_subdag_operator.section-1 to None, run_after=None
[2024-07-23T20:30:32.483+0000] {logging_mixin.py:137} INFO - [2024-07-23T20:30:32.482+0000] {dag.py:3441} INFO - Setting next_dagrun for example_subdag_operator.section-2 to None, run_after=None
[2024-07-23T20:30:32.497+0000] {processor.py:175} INFO - Processing /home/airflow/.local/lib/python3.7/site-packages/airflow/example_dags/example_subdag_operator.py took 0.253 seconds
[2024-07-23T20:31:02.663+0000] {processor.py:153} INFO - Started process (PID=142) to work on /home/airflow/.local/lib/python3.7/site-packages/airflow/example_dags/example_subdag_operator.py
[2024-07-23T20:31:02.664+0000] {processor.py:743} INFO - Processing file /home/airflow/.local/lib/python3.7/site-packages/airflow/example_dags/example_subdag_operator.py for tasks to queue
[2024-07-23T20:31:02.665+0000] {logging_mixin.py:137} INFO - [2024-07-23T20:31:02.665+0000] {dagbag.py:538} INFO - Filling up the DagBag from /home/airflow/.local/lib/python3.7/site-packages/airflow/example_dags/example_subdag_operator.py
[2024-07-23T20:31:02.688+0000] {processor.py:753} INFO - DAG(s) dict_keys(['example_subdag_operator.section-1', 'example_subdag_operator.section-2', 'example_subdag_operator']) retrieved from /home/airflow/.local/lib/python3.7/site-packages/airflow/example_dags/example_subdag_operator.py
[2024-07-23T20:31:02.699+0000] {logging_mixin.py:137} INFO - [2024-07-23T20:31:02.699+0000] {dag.py:2690} INFO - Sync 3 DAGs
[2024-07-23T20:31:02.711+0000] {logging_mixin.py:137} INFO - [2024-07-23T20:31:02.711+0000] {dag.py:3441} INFO - Setting next_dagrun for example_subdag_operator to 2022-01-01T00:00:00+00:00, run_after=2022-01-01T00:00:00+00:00
[2024-07-23T20:31:02.713+0000] {logging_mixin.py:137} INFO - [2024-07-23T20:31:02.713+0000] {dag.py:3441} INFO - Setting next_dagrun for example_subdag_operator.section-1 to None, run_after=None
[2024-07-23T20:31:02.713+0000] {logging_mixin.py:137} INFO - [2024-07-23T20:31:02.713+0000] {dag.py:3441} INFO - Setting next_dagrun for example_subdag_operator.section-2 to None, run_after=None
[2024-07-23T20:31:02.716+0000] {logging_mixin.py:137} INFO - [2024-07-23T20:31:02.716+0000] {dag.py:2690} INFO - Sync 2 DAGs
[2024-07-23T20:31:02.720+0000] {logging_mixin.py:137} INFO - [2024-07-23T20:31:02.720+0000] {dag.py:3441} INFO - Setting next_dagrun for example_subdag_operator.section-1 to None, run_after=None
[2024-07-23T20:31:02.720+0000] {logging_mixin.py:137} INFO - [2024-07-23T20:31:02.720+0000] {dag.py:3441} INFO - Setting next_dagrun for example_subdag_operator.section-2 to None, run_after=None
[2024-07-23T20:31:02.731+0000] {processor.py:175} INFO - Processing /home/airflow/.local/lib/python3.7/site-packages/airflow/example_dags/example_subdag_operator.py took 0.070 seconds
[2024-07-23T20:31:33.207+0000] {processor.py:153} INFO - Started process (PID=229) to work on /home/airflow/.local/lib/python3.7/site-packages/airflow/example_dags/example_subdag_operator.py
[2024-07-23T20:31:33.207+0000] {processor.py:743} INFO - Processing file /home/airflow/.local/lib/python3.7/site-packages/airflow/example_dags/example_subdag_operator.py for tasks to queue
[2024-07-23T20:31:33.208+0000] {logging_mixin.py:137} INFO - [2024-07-23T20:31:33.208+0000] {dagbag.py:538} INFO - Filling up the DagBag from /home/airflow/.local/lib/python3.7/site-packages/airflow/example_dags/example_subdag_operator.py
[2024-07-23T20:31:33.227+0000] {processor.py:753} INFO - DAG(s) dict_keys(['example_subdag_operator.section-1', 'example_subdag_operator.section-2', 'example_subdag_operator']) retrieved from /home/airflow/.local/lib/python3.7/site-packages/airflow/example_dags/example_subdag_operator.py
[2024-07-23T20:31:33.236+0000] {logging_mixin.py:137} INFO - [2024-07-23T20:31:33.236+0000] {dag.py:2690} INFO - Sync 3 DAGs
[2024-07-23T20:31:33.252+0000] {logging_mixin.py:137} INFO - [2024-07-23T20:31:33.252+0000] {dag.py:3441} INFO - Setting next_dagrun for example_subdag_operator to 2022-01-01T00:00:00+00:00, run_after=2022-01-01T00:00:00+00:00
[2024-07-23T20:31:33.255+0000] {logging_mixin.py:137} INFO - [2024-07-23T20:31:33.255+0000] {dag.py:3441} INFO - Setting next_dagrun for example_subdag_operator.section-1 to None, run_after=None
[2024-07-23T20:31:33.258+0000] {logging_mixin.py:137} INFO - [2024-07-23T20:31:33.258+0000] {dag.py:3441} INFO - Setting next_dagrun for example_subdag_operator.section-2 to None, run_after=None
[2024-07-23T20:31:33.261+0000] {logging_mixin.py:137} INFO - [2024-07-23T20:31:33.261+0000] {dag.py:2690} INFO - Sync 2 DAGs
[2024-07-23T20:31:33.263+0000] {logging_mixin.py:137} INFO - [2024-07-23T20:31:33.263+0000] {dag.py:3441} INFO - Setting next_dagrun for example_subdag_operator.section-1 to None, run_after=None
[2024-07-23T20:31:33.263+0000] {logging_mixin.py:137} INFO - [2024-07-23T20:31:33.263+0000] {dag.py:3441} INFO - Setting next_dagrun for example_subdag_operator.section-2 to None, run_after=None
[2024-07-23T20:31:33.267+0000] {processor.py:175} INFO - Processing /home/airflow/.local/lib/python3.7/site-packages/airflow/example_dags/example_subdag_operator.py took 0.062 seconds
[2024-07-23T20:32:03.859+0000] {processor.py:153} INFO - Started process (PID=316) to work on /home/airflow/.local/lib/python3.7/site-packages/airflow/example_dags/example_subdag_operator.py
[2024-07-23T20:32:03.861+0000] {processor.py:743} INFO - Processing file /home/airflow/.local/lib/python3.7/site-packages/airflow/example_dags/example_subdag_operator.py for tasks to queue
[2024-07-23T20:32:03.861+0000] {logging_mixin.py:137} INFO - [2024-07-23T20:32:03.861+0000] {dagbag.py:538} INFO - Filling up the DagBag from /home/airflow/.local/lib/python3.7/site-packages/airflow/example_dags/example_subdag_operator.py
[2024-07-23T20:32:03.894+0000] {processor.py:753} INFO - DAG(s) dict_keys(['example_subdag_operator.section-1', 'example_subdag_operator.section-2', 'example_subdag_operator']) retrieved from /home/airflow/.local/lib/python3.7/site-packages/airflow/example_dags/example_subdag_operator.py
[2024-07-23T20:32:03.910+0000] {logging_mixin.py:137} INFO - [2024-07-23T20:32:03.910+0000] {dag.py:2690} INFO - Sync 3 DAGs
[2024-07-23T20:32:03.927+0000] {logging_mixin.py:137} INFO - [2024-07-23T20:32:03.926+0000] {dag.py:3441} INFO - Setting next_dagrun for example_subdag_operator to 2022-01-01T00:00:00+00:00, run_after=2022-01-01T00:00:00+00:00
[2024-07-23T20:32:03.930+0000] {logging_mixin.py:137} INFO - [2024-07-23T20:32:03.930+0000] {dag.py:3441} INFO - Setting next_dagrun for example_subdag_operator.section-1 to None, run_after=None
[2024-07-23T20:32:03.934+0000] {logging_mixin.py:137} INFO - [2024-07-23T20:32:03.934+0000] {dag.py:3441} INFO - Setting next_dagrun for example_subdag_operator.section-2 to None, run_after=None
[2024-07-23T20:32:03.951+0000] {logging_mixin.py:137} INFO - [2024-07-23T20:32:03.951+0000] {dag.py:2690} INFO - Sync 2 DAGs
[2024-07-23T20:32:03.972+0000] {logging_mixin.py:137} INFO - [2024-07-23T20:32:03.972+0000] {dag.py:3441} INFO - Setting next_dagrun for example_subdag_operator.section-1 to None, run_after=None
[2024-07-23T20:32:03.973+0000] {logging_mixin.py:137} INFO - [2024-07-23T20:32:03.972+0000] {dag.py:3441} INFO - Setting next_dagrun for example_subdag_operator.section-2 to None, run_after=None
[2024-07-23T20:32:04.000+0000] {processor.py:175} INFO - Processing /home/airflow/.local/lib/python3.7/site-packages/airflow/example_dags/example_subdag_operator.py took 0.143 seconds
[2024-07-23T20:32:34.561+0000] {processor.py:153} INFO - Started process (PID=387) to work on /home/airflow/.local/lib/python3.7/site-packages/airflow/example_dags/example_subdag_operator.py
[2024-07-23T20:32:34.562+0000] {processor.py:743} INFO - Processing file /home/airflow/.local/lib/python3.7/site-packages/airflow/example_dags/example_subdag_operator.py for tasks to queue
[2024-07-23T20:32:34.564+0000] {logging_mixin.py:137} INFO - [2024-07-23T20:32:34.563+0000] {dagbag.py:538} INFO - Filling up the DagBag from /home/airflow/.local/lib/python3.7/site-packages/airflow/example_dags/example_subdag_operator.py
[2024-07-23T20:32:34.587+0000] {processor.py:753} INFO - DAG(s) dict_keys(['example_subdag_operator.section-1', 'example_subdag_operator.section-2', 'example_subdag_operator']) retrieved from /home/airflow/.local/lib/python3.7/site-packages/airflow/example_dags/example_subdag_operator.py
[2024-07-23T20:32:34.600+0000] {logging_mixin.py:137} INFO - [2024-07-23T20:32:34.600+0000] {dag.py:2690} INFO - Sync 3 DAGs
[2024-07-23T20:32:34.613+0000] {logging_mixin.py:137} INFO - [2024-07-23T20:32:34.613+0000] {dag.py:3441} INFO - Setting next_dagrun for example_subdag_operator to 2022-01-01T00:00:00+00:00, run_after=2022-01-01T00:00:00+00:00
[2024-07-23T20:32:34.615+0000] {logging_mixin.py:137} INFO - [2024-07-23T20:32:34.615+0000] {dag.py:3441} INFO - Setting next_dagrun for example_subdag_operator.section-1 to None, run_after=None
[2024-07-23T20:32:34.615+0000] {logging_mixin.py:137} INFO - [2024-07-23T20:32:34.615+0000] {dag.py:3441} INFO - Setting next_dagrun for example_subdag_operator.section-2 to None, run_after=None
[2024-07-23T20:32:34.619+0000] {logging_mixin.py:137} INFO - [2024-07-23T20:32:34.619+0000] {dag.py:2690} INFO - Sync 2 DAGs
[2024-07-23T20:32:34.621+0000] {logging_mixin.py:137} INFO - [2024-07-23T20:32:34.621+0000] {dag.py:3441} INFO - Setting next_dagrun for example_subdag_operator.section-1 to None, run_after=None
[2024-07-23T20:32:34.622+0000] {logging_mixin.py:137} INFO - [2024-07-23T20:32:34.622+0000] {dag.py:3441} INFO - Setting next_dagrun for example_subdag_operator.section-2 to None, run_after=None
[2024-07-23T20:32:34.633+0000] {processor.py:175} INFO - Processing /home/airflow/.local/lib/python3.7/site-packages/airflow/example_dags/example_subdag_operator.py took 0.074 seconds
[2024-07-23T20:33:05.317+0000] {processor.py:153} INFO - Started process (PID=473) to work on /home/airflow/.local/lib/python3.7/site-packages/airflow/example_dags/example_subdag_operator.py
[2024-07-23T20:33:05.318+0000] {processor.py:743} INFO - Processing file /home/airflow/.local/lib/python3.7/site-packages/airflow/example_dags/example_subdag_operator.py for tasks to queue
[2024-07-23T20:33:05.318+0000] {logging_mixin.py:137} INFO - [2024-07-23T20:33:05.318+0000] {dagbag.py:538} INFO - Filling up the DagBag from /home/airflow/.local/lib/python3.7/site-packages/airflow/example_dags/example_subdag_operator.py
[2024-07-23T20:33:05.332+0000] {processor.py:753} INFO - DAG(s) dict_keys(['example_subdag_operator.section-1', 'example_subdag_operator.section-2', 'example_subdag_operator']) retrieved from /home/airflow/.local/lib/python3.7/site-packages/airflow/example_dags/example_subdag_operator.py
[2024-07-23T20:33:05.340+0000] {logging_mixin.py:137} INFO - [2024-07-23T20:33:05.340+0000] {dag.py:2690} INFO - Sync 3 DAGs
[2024-07-23T20:33:05.351+0000] {logging_mixin.py:137} INFO - [2024-07-23T20:33:05.351+0000] {dag.py:3441} INFO - Setting next_dagrun for example_subdag_operator to 2022-01-01T00:00:00+00:00, run_after=2022-01-01T00:00:00+00:00
[2024-07-23T20:33:05.353+0000] {logging_mixin.py:137} INFO - [2024-07-23T20:33:05.353+0000] {dag.py:3441} INFO - Setting next_dagrun for example_subdag_operator.section-1 to None, run_after=None
[2024-07-23T20:33:05.353+0000] {logging_mixin.py:137} INFO - [2024-07-23T20:33:05.353+0000] {dag.py:3441} INFO - Setting next_dagrun for example_subdag_operator.section-2 to None, run_after=None
[2024-07-23T20:33:05.357+0000] {logging_mixin.py:137} INFO - [2024-07-23T20:33:05.357+0000] {dag.py:2690} INFO - Sync 2 DAGs
[2024-07-23T20:33:05.359+0000] {logging_mixin.py:137} INFO - [2024-07-23T20:33:05.359+0000] {dag.py:3441} INFO - Setting next_dagrun for example_subdag_operator.section-1 to None, run_after=None
[2024-07-23T20:33:05.360+0000] {logging_mixin.py:137} INFO - [2024-07-23T20:33:05.360+0000] {dag.py:3441} INFO - Setting next_dagrun for example_subdag_operator.section-2 to None, run_after=None
[2024-07-23T20:33:05.364+0000] {processor.py:175} INFO - Processing /home/airflow/.local/lib/python3.7/site-packages/airflow/example_dags/example_subdag_operator.py took 0.048 seconds
[2024-07-23T20:33:35.950+0000] {processor.py:153} INFO - Started process (PID=560) to work on /home/airflow/.local/lib/python3.7/site-packages/airflow/example_dags/example_subdag_operator.py
[2024-07-23T20:33:35.950+0000] {processor.py:743} INFO - Processing file /home/airflow/.local/lib/python3.7/site-packages/airflow/example_dags/example_subdag_operator.py for tasks to queue
[2024-07-23T20:33:35.950+0000] {logging_mixin.py:137} INFO - [2024-07-23T20:33:35.950+0000] {dagbag.py:538} INFO - Filling up the DagBag from /home/airflow/.local/lib/python3.7/site-packages/airflow/example_dags/example_subdag_operator.py
[2024-07-23T20:33:35.964+0000] {processor.py:753} INFO - DAG(s) dict_keys(['example_subdag_operator.section-1', 'example_subdag_operator.section-2', 'example_subdag_operator']) retrieved from /home/airflow/.local/lib/python3.7/site-packages/airflow/example_dags/example_subdag_operator.py
[2024-07-23T20:33:35.972+0000] {logging_mixin.py:137} INFO - [2024-07-23T20:33:35.972+0000] {dag.py:2690} INFO - Sync 3 DAGs
[2024-07-23T20:33:35.982+0000] {logging_mixin.py:137} INFO - [2024-07-23T20:33:35.982+0000] {dag.py:3441} INFO - Setting next_dagrun for example_subdag_operator to 2022-01-01T00:00:00+00:00, run_after=2022-01-01T00:00:00+00:00
[2024-07-23T20:33:35.984+0000] {logging_mixin.py:137} INFO - [2024-07-23T20:33:35.984+0000] {dag.py:3441} INFO - Setting next_dagrun for example_subdag_operator.section-1 to None, run_after=None
[2024-07-23T20:33:35.984+0000] {logging_mixin.py:137} INFO - [2024-07-23T20:33:35.984+0000] {dag.py:3441} INFO - Setting next_dagrun for example_subdag_operator.section-2 to None, run_after=None
[2024-07-23T20:33:35.987+0000] {logging_mixin.py:137} INFO - [2024-07-23T20:33:35.987+0000] {dag.py:2690} INFO - Sync 2 DAGs
[2024-07-23T20:33:35.990+0000] {logging_mixin.py:137} INFO - [2024-07-23T20:33:35.989+0000] {dag.py:3441} INFO - Setting next_dagrun for example_subdag_operator.section-1 to None, run_after=None
[2024-07-23T20:33:35.990+0000] {logging_mixin.py:137} INFO - [2024-07-23T20:33:35.990+0000] {dag.py:3441} INFO - Setting next_dagrun for example_subdag_operator.section-2 to None, run_after=None
[2024-07-23T20:33:35.994+0000] {processor.py:175} INFO - Processing /home/airflow/.local/lib/python3.7/site-packages/airflow/example_dags/example_subdag_operator.py took 0.045 seconds
[2024-07-23T20:34:06.579+0000] {processor.py:153} INFO - Started process (PID=640) to work on /home/airflow/.local/lib/python3.7/site-packages/airflow/example_dags/example_subdag_operator.py
[2024-07-23T20:34:06.580+0000] {processor.py:743} INFO - Processing file /home/airflow/.local/lib/python3.7/site-packages/airflow/example_dags/example_subdag_operator.py for tasks to queue
[2024-07-23T20:34:06.581+0000] {logging_mixin.py:137} INFO - [2024-07-23T20:34:06.581+0000] {dagbag.py:538} INFO - Filling up the DagBag from /home/airflow/.local/lib/python3.7/site-packages/airflow/example_dags/example_subdag_operator.py
[2024-07-23T20:34:06.605+0000] {processor.py:753} INFO - DAG(s) dict_keys(['example_subdag_operator.section-1', 'example_subdag_operator.section-2', 'example_subdag_operator']) retrieved from /home/airflow/.local/lib/python3.7/site-packages/airflow/example_dags/example_subdag_operator.py
[2024-07-23T20:34:06.619+0000] {logging_mixin.py:137} INFO - [2024-07-23T20:34:06.619+0000] {dag.py:2690} INFO - Sync 3 DAGs
[2024-07-23T20:34:06.634+0000] {logging_mixin.py:137} INFO - [2024-07-23T20:34:06.634+0000] {dag.py:3441} INFO - Setting next_dagrun for example_subdag_operator to 2022-01-01T00:00:00+00:00, run_after=2022-01-01T00:00:00+00:00
[2024-07-23T20:34:06.639+0000] {logging_mixin.py:137} INFO - [2024-07-23T20:34:06.639+0000] {dag.py:3441} INFO - Setting next_dagrun for example_subdag_operator.section-1 to None, run_after=None
[2024-07-23T20:34:06.640+0000] {logging_mixin.py:137} INFO - [2024-07-23T20:34:06.640+0000] {dag.py:3441} INFO - Setting next_dagrun for example_subdag_operator.section-2 to None, run_after=None
[2024-07-23T20:34:06.645+0000] {logging_mixin.py:137} INFO - [2024-07-23T20:34:06.645+0000] {dag.py:2690} INFO - Sync 2 DAGs
[2024-07-23T20:34:06.650+0000] {logging_mixin.py:137} INFO - [2024-07-23T20:34:06.650+0000] {dag.py:3441} INFO - Setting next_dagrun for example_subdag_operator.section-1 to None, run_after=None
[2024-07-23T20:34:06.651+0000] {logging_mixin.py:137} INFO - [2024-07-23T20:34:06.651+0000] {dag.py:3441} INFO - Setting next_dagrun for example_subdag_operator.section-2 to None, run_after=None
[2024-07-23T20:34:06.665+0000] {processor.py:175} INFO - Processing /home/airflow/.local/lib/python3.7/site-packages/airflow/example_dags/example_subdag_operator.py took 0.089 seconds
[2024-07-23T20:34:37.201+0000] {processor.py:153} INFO - Started process (PID=718) to work on /home/airflow/.local/lib/python3.7/site-packages/airflow/example_dags/example_subdag_operator.py
[2024-07-23T20:34:37.203+0000] {processor.py:743} INFO - Processing file /home/airflow/.local/lib/python3.7/site-packages/airflow/example_dags/example_subdag_operator.py for tasks to queue
[2024-07-23T20:34:37.204+0000] {logging_mixin.py:137} INFO - [2024-07-23T20:34:37.204+0000] {dagbag.py:538} INFO - Filling up the DagBag from /home/airflow/.local/lib/python3.7/site-packages/airflow/example_dags/example_subdag_operator.py
[2024-07-23T20:34:37.221+0000] {processor.py:753} INFO - DAG(s) dict_keys(['example_subdag_operator.section-1', 'example_subdag_operator.section-2', 'example_subdag_operator']) retrieved from /home/airflow/.local/lib/python3.7/site-packages/airflow/example_dags/example_subdag_operator.py
[2024-07-23T20:34:37.230+0000] {logging_mixin.py:137} INFO - [2024-07-23T20:34:37.230+0000] {dag.py:2690} INFO - Sync 3 DAGs
[2024-07-23T20:34:37.243+0000] {logging_mixin.py:137} INFO - [2024-07-23T20:34:37.243+0000] {dag.py:3441} INFO - Setting next_dagrun for example_subdag_operator to 2022-01-01T00:00:00+00:00, run_after=2022-01-01T00:00:00+00:00
[2024-07-23T20:34:37.244+0000] {logging_mixin.py:137} INFO - [2024-07-23T20:34:37.244+0000] {dag.py:3441} INFO - Setting next_dagrun for example_subdag_operator.section-1 to None, run_after=None
[2024-07-23T20:34:37.245+0000] {logging_mixin.py:137} INFO - [2024-07-23T20:34:37.245+0000] {dag.py:3441} INFO - Setting next_dagrun for example_subdag_operator.section-2 to None, run_after=None
[2024-07-23T20:34:37.248+0000] {logging_mixin.py:137} INFO - [2024-07-23T20:34:37.248+0000] {dag.py:2690} INFO - Sync 2 DAGs
[2024-07-23T20:34:37.251+0000] {logging_mixin.py:137} INFO - [2024-07-23T20:34:37.251+0000] {dag.py:3441} INFO - Setting next_dagrun for example_subdag_operator.section-1 to None, run_after=None
[2024-07-23T20:34:37.255+0000] {logging_mixin.py:137} INFO - [2024-07-23T20:34:37.255+0000] {dag.py:3441} INFO - Setting next_dagrun for example_subdag_operator.section-2 to None, run_after=None
[2024-07-23T20:34:37.263+0000] {processor.py:175} INFO - Processing /home/airflow/.local/lib/python3.7/site-packages/airflow/example_dags/example_subdag_operator.py took 0.063 seconds
[2024-07-23T20:35:07.756+0000] {processor.py:153} INFO - Started process (PID=805) to work on /home/airflow/.local/lib/python3.7/site-packages/airflow/example_dags/example_subdag_operator.py
[2024-07-23T20:35:07.758+0000] {processor.py:743} INFO - Processing file /home/airflow/.local/lib/python3.7/site-packages/airflow/example_dags/example_subdag_operator.py for tasks to queue
[2024-07-23T20:35:07.758+0000] {logging_mixin.py:137} INFO - [2024-07-23T20:35:07.758+0000] {dagbag.py:538} INFO - Filling up the DagBag from /home/airflow/.local/lib/python3.7/site-packages/airflow/example_dags/example_subdag_operator.py
[2024-07-23T20:35:07.780+0000] {processor.py:753} INFO - DAG(s) dict_keys(['example_subdag_operator.section-1', 'example_subdag_operator.section-2', 'example_subdag_operator']) retrieved from /home/airflow/.local/lib/python3.7/site-packages/airflow/example_dags/example_subdag_operator.py
[2024-07-23T20:35:07.789+0000] {logging_mixin.py:137} INFO - [2024-07-23T20:35:07.789+0000] {dag.py:2690} INFO - Sync 3 DAGs
[2024-07-23T20:35:07.802+0000] {logging_mixin.py:137} INFO - [2024-07-23T20:35:07.801+0000] {dag.py:3441} INFO - Setting next_dagrun for example_subdag_operator to 2022-01-01T00:00:00+00:00, run_after=2022-01-01T00:00:00+00:00
[2024-07-23T20:35:07.803+0000] {logging_mixin.py:137} INFO - [2024-07-23T20:35:07.803+0000] {dag.py:3441} INFO - Setting next_dagrun for example_subdag_operator.section-1 to None, run_after=None
[2024-07-23T20:35:07.804+0000] {logging_mixin.py:137} INFO - [2024-07-23T20:35:07.804+0000] {dag.py:3441} INFO - Setting next_dagrun for example_subdag_operator.section-2 to None, run_after=None
[2024-07-23T20:35:07.807+0000] {logging_mixin.py:137} INFO - [2024-07-23T20:35:07.807+0000] {dag.py:2690} INFO - Sync 2 DAGs
[2024-07-23T20:35:07.809+0000] {logging_mixin.py:137} INFO - [2024-07-23T20:35:07.809+0000] {dag.py:3441} INFO - Setting next_dagrun for example_subdag_operator.section-1 to None, run_after=None
[2024-07-23T20:35:07.809+0000] {logging_mixin.py:137} INFO - [2024-07-23T20:35:07.809+0000] {dag.py:3441} INFO - Setting next_dagrun for example_subdag_operator.section-2 to None, run_after=None
[2024-07-23T20:35:07.819+0000] {processor.py:175} INFO - Processing /home/airflow/.local/lib/python3.7/site-packages/airflow/example_dags/example_subdag_operator.py took 0.065 seconds
[2024-07-23T20:35:38.349+0000] {processor.py:153} INFO - Started process (PID=892) to work on /home/airflow/.local/lib/python3.7/site-packages/airflow/example_dags/example_subdag_operator.py
[2024-07-23T20:35:38.353+0000] {processor.py:743} INFO - Processing file /home/airflow/.local/lib/python3.7/site-packages/airflow/example_dags/example_subdag_operator.py for tasks to queue
[2024-07-23T20:35:38.354+0000] {logging_mixin.py:137} INFO - [2024-07-23T20:35:38.354+0000] {dagbag.py:538} INFO - Filling up the DagBag from /home/airflow/.local/lib/python3.7/site-packages/airflow/example_dags/example_subdag_operator.py
[2024-07-23T20:35:38.368+0000] {processor.py:753} INFO - DAG(s) dict_keys(['example_subdag_operator.section-1', 'example_subdag_operator.section-2', 'example_subdag_operator']) retrieved from /home/airflow/.local/lib/python3.7/site-packages/airflow/example_dags/example_subdag_operator.py
[2024-07-23T20:35:38.376+0000] {logging_mixin.py:137} INFO - [2024-07-23T20:35:38.376+0000] {dag.py:2690} INFO - Sync 3 DAGs
[2024-07-23T20:35:38.388+0000] {logging_mixin.py:137} INFO - [2024-07-23T20:35:38.388+0000] {dag.py:3441} INFO - Setting next_dagrun for example_subdag_operator to 2022-01-01T00:00:00+00:00, run_after=2022-01-01T00:00:00+00:00
[2024-07-23T20:35:38.391+0000] {logging_mixin.py:137} INFO - [2024-07-23T20:35:38.391+0000] {dag.py:3441} INFO - Setting next_dagrun for example_subdag_operator.section-1 to None, run_after=None
[2024-07-23T20:35:38.392+0000] {logging_mixin.py:137} INFO - [2024-07-23T20:35:38.392+0000] {dag.py:3441} INFO - Setting next_dagrun for example_subdag_operator.section-2 to None, run_after=None
[2024-07-23T20:35:38.395+0000] {logging_mixin.py:137} INFO - [2024-07-23T20:35:38.395+0000] {dag.py:2690} INFO - Sync 2 DAGs
[2024-07-23T20:35:38.401+0000] {logging_mixin.py:137} INFO - [2024-07-23T20:35:38.401+0000] {dag.py:3441} INFO - Setting next_dagrun for example_subdag_operator.section-1 to None, run_after=None
[2024-07-23T20:35:38.403+0000] {logging_mixin.py:137} INFO - [2024-07-23T20:35:38.403+0000] {dag.py:3441} INFO - Setting next_dagrun for example_subdag_operator.section-2 to None, run_after=None
[2024-07-23T20:35:38.408+0000] {processor.py:175} INFO - Processing /home/airflow/.local/lib/python3.7/site-packages/airflow/example_dags/example_subdag_operator.py took 0.061 seconds
[2024-07-23T20:36:08.912+0000] {processor.py:153} INFO - Started process (PID=963) to work on /home/airflow/.local/lib/python3.7/site-packages/airflow/example_dags/example_subdag_operator.py
[2024-07-23T20:36:08.914+0000] {processor.py:743} INFO - Processing file /home/airflow/.local/lib/python3.7/site-packages/airflow/example_dags/example_subdag_operator.py for tasks to queue
[2024-07-23T20:36:08.918+0000] {logging_mixin.py:137} INFO - [2024-07-23T20:36:08.918+0000] {dagbag.py:538} INFO - Filling up the DagBag from /home/airflow/.local/lib/python3.7/site-packages/airflow/example_dags/example_subdag_operator.py
[2024-07-23T20:36:08.932+0000] {processor.py:753} INFO - DAG(s) dict_keys(['example_subdag_operator.section-1', 'example_subdag_operator.section-2', 'example_subdag_operator']) retrieved from /home/airflow/.local/lib/python3.7/site-packages/airflow/example_dags/example_subdag_operator.py
[2024-07-23T20:36:08.941+0000] {logging_mixin.py:137} INFO - [2024-07-23T20:36:08.941+0000] {dag.py:2690} INFO - Sync 3 DAGs
[2024-07-23T20:36:08.952+0000] {logging_mixin.py:137} INFO - [2024-07-23T20:36:08.952+0000] {dag.py:3441} INFO - Setting next_dagrun for example_subdag_operator to 2022-01-01T00:00:00+00:00, run_after=2022-01-01T00:00:00+00:00
[2024-07-23T20:36:08.955+0000] {logging_mixin.py:137} INFO - [2024-07-23T20:36:08.955+0000] {dag.py:3441} INFO - Setting next_dagrun for example_subdag_operator.section-1 to None, run_after=None
[2024-07-23T20:36:08.955+0000] {logging_mixin.py:137} INFO - [2024-07-23T20:36:08.955+0000] {dag.py:3441} INFO - Setting next_dagrun for example_subdag_operator.section-2 to None, run_after=None
[2024-07-23T20:36:08.959+0000] {logging_mixin.py:137} INFO - [2024-07-23T20:36:08.959+0000] {dag.py:2690} INFO - Sync 2 DAGs
[2024-07-23T20:36:08.961+0000] {logging_mixin.py:137} INFO - [2024-07-23T20:36:08.961+0000] {dag.py:3441} INFO - Setting next_dagrun for example_subdag_operator.section-1 to None, run_after=None
[2024-07-23T20:36:08.961+0000] {logging_mixin.py:137} INFO - [2024-07-23T20:36:08.961+0000] {dag.py:3441} INFO - Setting next_dagrun for example_subdag_operator.section-2 to None, run_after=None
[2024-07-23T20:36:08.967+0000] {processor.py:175} INFO - Processing /home/airflow/.local/lib/python3.7/site-packages/airflow/example_dags/example_subdag_operator.py took 0.056 seconds
[2024-07-23T20:36:39.693+0000] {processor.py:153} INFO - Started process (PID=1050) to work on /home/airflow/.local/lib/python3.7/site-packages/airflow/example_dags/example_subdag_operator.py
[2024-07-23T20:36:39.695+0000] {processor.py:743} INFO - Processing file /home/airflow/.local/lib/python3.7/site-packages/airflow/example_dags/example_subdag_operator.py for tasks to queue
[2024-07-23T20:36:39.696+0000] {logging_mixin.py:137} INFO - [2024-07-23T20:36:39.696+0000] {dagbag.py:538} INFO - Filling up the DagBag from /home/airflow/.local/lib/python3.7/site-packages/airflow/example_dags/example_subdag_operator.py
[2024-07-23T20:36:39.751+0000] {processor.py:753} INFO - DAG(s) dict_keys(['example_subdag_operator.section-1', 'example_subdag_operator.section-2', 'example_subdag_operator']) retrieved from /home/airflow/.local/lib/python3.7/site-packages/airflow/example_dags/example_subdag_operator.py
[2024-07-23T20:36:39.776+0000] {logging_mixin.py:137} INFO - [2024-07-23T20:36:39.776+0000] {dag.py:2690} INFO - Sync 3 DAGs
[2024-07-23T20:36:39.820+0000] {logging_mixin.py:137} INFO - [2024-07-23T20:36:39.819+0000] {dag.py:3441} INFO - Setting next_dagrun for example_subdag_operator to 2022-01-01T00:00:00+00:00, run_after=2022-01-01T00:00:00+00:00
[2024-07-23T20:36:39.836+0000] {logging_mixin.py:137} INFO - [2024-07-23T20:36:39.836+0000] {dag.py:3441} INFO - Setting next_dagrun for example_subdag_operator.section-1 to None, run_after=None
[2024-07-23T20:36:39.841+0000] {logging_mixin.py:137} INFO - [2024-07-23T20:36:39.841+0000] {dag.py:3441} INFO - Setting next_dagrun for example_subdag_operator.section-2 to None, run_after=None
[2024-07-23T20:36:39.854+0000] {logging_mixin.py:137} INFO - [2024-07-23T20:36:39.854+0000] {dag.py:2690} INFO - Sync 2 DAGs
[2024-07-23T20:36:39.866+0000] {logging_mixin.py:137} INFO - [2024-07-23T20:36:39.866+0000] {dag.py:3441} INFO - Setting next_dagrun for example_subdag_operator.section-1 to None, run_after=None
[2024-07-23T20:36:39.869+0000] {logging_mixin.py:137} INFO - [2024-07-23T20:36:39.869+0000] {dag.py:3441} INFO - Setting next_dagrun for example_subdag_operator.section-2 to None, run_after=None
[2024-07-23T20:36:39.889+0000] {processor.py:175} INFO - Processing /home/airflow/.local/lib/python3.7/site-packages/airflow/example_dags/example_subdag_operator.py took 0.204 seconds
