[2024-07-23T20:30:34.187+0000] {processor.py:153} INFO - Started process (PID=85) to work on /home/airflow/.local/lib/python3.7/site-packages/airflow/example_dags/example_local_kubernetes_executor.py
[2024-07-23T20:30:34.189+0000] {processor.py:743} INFO - Processing file /home/airflow/.local/lib/python3.7/site-packages/airflow/example_dags/example_local_kubernetes_executor.py for tasks to queue
[2024-07-23T20:30:34.189+0000] {logging_mixin.py:137} INFO - [2024-07-23T20:30:34.189+0000] {dagbag.py:538} INFO - Filling up the DagBag from /home/airflow/.local/lib/python3.7/site-packages/airflow/example_dags/example_local_kubernetes_executor.py
[2024-07-23T20:30:34.203+0000] {processor.py:753} INFO - DAG(s) dict_keys(['example_local_kubernetes_executor']) retrieved from /home/airflow/.local/lib/python3.7/site-packages/airflow/example_dags/example_local_kubernetes_executor.py
[2024-07-23T20:30:34.261+0000] {logging_mixin.py:137} INFO - [2024-07-23T20:30:34.261+0000] {manager.py:504} INFO - Created Permission View: can read on DAG:example_local_kubernetes_executor
[2024-07-23T20:30:34.270+0000] {logging_mixin.py:137} INFO - [2024-07-23T20:30:34.270+0000] {manager.py:504} INFO - Created Permission View: can delete on DAG:example_local_kubernetes_executor
[2024-07-23T20:30:34.275+0000] {logging_mixin.py:137} INFO - [2024-07-23T20:30:34.275+0000] {manager.py:504} INFO - Created Permission View: can edit on DAG:example_local_kubernetes_executor
[2024-07-23T20:30:34.275+0000] {logging_mixin.py:137} INFO - [2024-07-23T20:30:34.275+0000] {dag.py:2690} INFO - Sync 1 DAGs
[2024-07-23T20:30:34.284+0000] {logging_mixin.py:137} INFO - [2024-07-23T20:30:34.284+0000] {dag.py:2711} INFO - Creating ORM DAG for example_local_kubernetes_executor
[2024-07-23T20:30:34.290+0000] {logging_mixin.py:137} INFO - [2024-07-23T20:30:34.290+0000] {dag.py:3441} INFO - Setting next_dagrun for example_local_kubernetes_executor to None, run_after=None
[2024-07-23T20:30:34.299+0000] {processor.py:175} INFO - Processing /home/airflow/.local/lib/python3.7/site-packages/airflow/example_dags/example_local_kubernetes_executor.py took 0.114 seconds
[2024-07-23T20:31:05.167+0000] {processor.py:153} INFO - Started process (PID=156) to work on /home/airflow/.local/lib/python3.7/site-packages/airflow/example_dags/example_local_kubernetes_executor.py
[2024-07-23T20:31:05.168+0000] {processor.py:743} INFO - Processing file /home/airflow/.local/lib/python3.7/site-packages/airflow/example_dags/example_local_kubernetes_executor.py for tasks to queue
[2024-07-23T20:31:05.170+0000] {logging_mixin.py:137} INFO - [2024-07-23T20:31:05.170+0000] {dagbag.py:538} INFO - Filling up the DagBag from /home/airflow/.local/lib/python3.7/site-packages/airflow/example_dags/example_local_kubernetes_executor.py
[2024-07-23T20:31:05.182+0000] {processor.py:753} INFO - DAG(s) dict_keys(['example_local_kubernetes_executor']) retrieved from /home/airflow/.local/lib/python3.7/site-packages/airflow/example_dags/example_local_kubernetes_executor.py
[2024-07-23T20:31:05.199+0000] {logging_mixin.py:137} INFO - [2024-07-23T20:31:05.199+0000] {dag.py:2690} INFO - Sync 1 DAGs
[2024-07-23T20:31:05.213+0000] {logging_mixin.py:137} INFO - [2024-07-23T20:31:05.212+0000] {dag.py:3441} INFO - Setting next_dagrun for example_local_kubernetes_executor to None, run_after=None
[2024-07-23T20:31:05.225+0000] {processor.py:175} INFO - Processing /home/airflow/.local/lib/python3.7/site-packages/airflow/example_dags/example_local_kubernetes_executor.py took 0.060 seconds
[2024-07-23T20:31:35.676+0000] {processor.py:153} INFO - Started process (PID=243) to work on /home/airflow/.local/lib/python3.7/site-packages/airflow/example_dags/example_local_kubernetes_executor.py
[2024-07-23T20:31:35.677+0000] {processor.py:743} INFO - Processing file /home/airflow/.local/lib/python3.7/site-packages/airflow/example_dags/example_local_kubernetes_executor.py for tasks to queue
[2024-07-23T20:31:35.677+0000] {logging_mixin.py:137} INFO - [2024-07-23T20:31:35.677+0000] {dagbag.py:538} INFO - Filling up the DagBag from /home/airflow/.local/lib/python3.7/site-packages/airflow/example_dags/example_local_kubernetes_executor.py
[2024-07-23T20:31:35.688+0000] {processor.py:753} INFO - DAG(s) dict_keys(['example_local_kubernetes_executor']) retrieved from /home/airflow/.local/lib/python3.7/site-packages/airflow/example_dags/example_local_kubernetes_executor.py
[2024-07-23T20:31:35.701+0000] {logging_mixin.py:137} INFO - [2024-07-23T20:31:35.700+0000] {dag.py:2690} INFO - Sync 1 DAGs
[2024-07-23T20:31:35.714+0000] {logging_mixin.py:137} INFO - [2024-07-23T20:31:35.714+0000] {dag.py:3441} INFO - Setting next_dagrun for example_local_kubernetes_executor to None, run_after=None
[2024-07-23T20:31:35.724+0000] {processor.py:175} INFO - Processing /home/airflow/.local/lib/python3.7/site-packages/airflow/example_dags/example_local_kubernetes_executor.py took 0.049 seconds
[2024-07-23T20:32:06.467+0000] {processor.py:153} INFO - Started process (PID=330) to work on /home/airflow/.local/lib/python3.7/site-packages/airflow/example_dags/example_local_kubernetes_executor.py
[2024-07-23T20:32:06.468+0000] {processor.py:743} INFO - Processing file /home/airflow/.local/lib/python3.7/site-packages/airflow/example_dags/example_local_kubernetes_executor.py for tasks to queue
[2024-07-23T20:32:06.468+0000] {logging_mixin.py:137} INFO - [2024-07-23T20:32:06.468+0000] {dagbag.py:538} INFO - Filling up the DagBag from /home/airflow/.local/lib/python3.7/site-packages/airflow/example_dags/example_local_kubernetes_executor.py
[2024-07-23T20:32:06.486+0000] {processor.py:753} INFO - DAG(s) dict_keys(['example_local_kubernetes_executor']) retrieved from /home/airflow/.local/lib/python3.7/site-packages/airflow/example_dags/example_local_kubernetes_executor.py
[2024-07-23T20:32:06.506+0000] {logging_mixin.py:137} INFO - [2024-07-23T20:32:06.505+0000] {dag.py:2690} INFO - Sync 1 DAGs
[2024-07-23T20:32:06.519+0000] {logging_mixin.py:137} INFO - [2024-07-23T20:32:06.519+0000] {dag.py:3441} INFO - Setting next_dagrun for example_local_kubernetes_executor to None, run_after=None
[2024-07-23T20:32:06.531+0000] {processor.py:175} INFO - Processing /home/airflow/.local/lib/python3.7/site-packages/airflow/example_dags/example_local_kubernetes_executor.py took 0.066 seconds
[2024-07-23T20:32:37.146+0000] {processor.py:153} INFO - Started process (PID=417) to work on /home/airflow/.local/lib/python3.7/site-packages/airflow/example_dags/example_local_kubernetes_executor.py
[2024-07-23T20:32:37.153+0000] {processor.py:743} INFO - Processing file /home/airflow/.local/lib/python3.7/site-packages/airflow/example_dags/example_local_kubernetes_executor.py for tasks to queue
[2024-07-23T20:32:37.154+0000] {logging_mixin.py:137} INFO - [2024-07-23T20:32:37.154+0000] {dagbag.py:538} INFO - Filling up the DagBag from /home/airflow/.local/lib/python3.7/site-packages/airflow/example_dags/example_local_kubernetes_executor.py
[2024-07-23T20:32:37.167+0000] {processor.py:753} INFO - DAG(s) dict_keys(['example_local_kubernetes_executor']) retrieved from /home/airflow/.local/lib/python3.7/site-packages/airflow/example_dags/example_local_kubernetes_executor.py
[2024-07-23T20:32:37.190+0000] {logging_mixin.py:137} INFO - [2024-07-23T20:32:37.190+0000] {dag.py:2690} INFO - Sync 1 DAGs
[2024-07-23T20:32:37.205+0000] {logging_mixin.py:137} INFO - [2024-07-23T20:32:37.205+0000] {dag.py:3441} INFO - Setting next_dagrun for example_local_kubernetes_executor to None, run_after=None
[2024-07-23T20:32:37.216+0000] {processor.py:175} INFO - Processing /home/airflow/.local/lib/python3.7/site-packages/airflow/example_dags/example_local_kubernetes_executor.py took 0.074 seconds
[2024-07-23T20:33:07.788+0000] {processor.py:153} INFO - Started process (PID=487) to work on /home/airflow/.local/lib/python3.7/site-packages/airflow/example_dags/example_local_kubernetes_executor.py
[2024-07-23T20:33:07.790+0000] {processor.py:743} INFO - Processing file /home/airflow/.local/lib/python3.7/site-packages/airflow/example_dags/example_local_kubernetes_executor.py for tasks to queue
[2024-07-23T20:33:07.792+0000] {logging_mixin.py:137} INFO - [2024-07-23T20:33:07.792+0000] {dagbag.py:538} INFO - Filling up the DagBag from /home/airflow/.local/lib/python3.7/site-packages/airflow/example_dags/example_local_kubernetes_executor.py
[2024-07-23T20:33:07.806+0000] {processor.py:753} INFO - DAG(s) dict_keys(['example_local_kubernetes_executor']) retrieved from /home/airflow/.local/lib/python3.7/site-packages/airflow/example_dags/example_local_kubernetes_executor.py
[2024-07-23T20:33:07.827+0000] {logging_mixin.py:137} INFO - [2024-07-23T20:33:07.827+0000] {dag.py:2690} INFO - Sync 1 DAGs
[2024-07-23T20:33:07.839+0000] {logging_mixin.py:137} INFO - [2024-07-23T20:33:07.839+0000] {dag.py:3441} INFO - Setting next_dagrun for example_local_kubernetes_executor to None, run_after=None
[2024-07-23T20:33:07.856+0000] {processor.py:175} INFO - Processing /home/airflow/.local/lib/python3.7/site-packages/airflow/example_dags/example_local_kubernetes_executor.py took 0.069 seconds
[2024-07-23T20:33:38.415+0000] {processor.py:153} INFO - Started process (PID=574) to work on /home/airflow/.local/lib/python3.7/site-packages/airflow/example_dags/example_local_kubernetes_executor.py
[2024-07-23T20:33:38.416+0000] {processor.py:743} INFO - Processing file /home/airflow/.local/lib/python3.7/site-packages/airflow/example_dags/example_local_kubernetes_executor.py for tasks to queue
[2024-07-23T20:33:38.416+0000] {logging_mixin.py:137} INFO - [2024-07-23T20:33:38.416+0000] {dagbag.py:538} INFO - Filling up the DagBag from /home/airflow/.local/lib/python3.7/site-packages/airflow/example_dags/example_local_kubernetes_executor.py
[2024-07-23T20:33:38.430+0000] {processor.py:753} INFO - DAG(s) dict_keys(['example_local_kubernetes_executor']) retrieved from /home/airflow/.local/lib/python3.7/site-packages/airflow/example_dags/example_local_kubernetes_executor.py
[2024-07-23T20:33:38.451+0000] {logging_mixin.py:137} INFO - [2024-07-23T20:33:38.450+0000] {dag.py:2690} INFO - Sync 1 DAGs
[2024-07-23T20:33:38.462+0000] {logging_mixin.py:137} INFO - [2024-07-23T20:33:38.462+0000] {dag.py:3441} INFO - Setting next_dagrun for example_local_kubernetes_executor to None, run_after=None
[2024-07-23T20:33:38.470+0000] {processor.py:175} INFO - Processing /home/airflow/.local/lib/python3.7/site-packages/airflow/example_dags/example_local_kubernetes_executor.py took 0.057 seconds
[2024-07-23T20:34:09.123+0000] {processor.py:153} INFO - Started process (PID=661) to work on /home/airflow/.local/lib/python3.7/site-packages/airflow/example_dags/example_local_kubernetes_executor.py
[2024-07-23T20:34:09.125+0000] {processor.py:743} INFO - Processing file /home/airflow/.local/lib/python3.7/site-packages/airflow/example_dags/example_local_kubernetes_executor.py for tasks to queue
[2024-07-23T20:34:09.125+0000] {logging_mixin.py:137} INFO - [2024-07-23T20:34:09.125+0000] {dagbag.py:538} INFO - Filling up the DagBag from /home/airflow/.local/lib/python3.7/site-packages/airflow/example_dags/example_local_kubernetes_executor.py
[2024-07-23T20:34:09.137+0000] {processor.py:753} INFO - DAG(s) dict_keys(['example_local_kubernetes_executor']) retrieved from /home/airflow/.local/lib/python3.7/site-packages/airflow/example_dags/example_local_kubernetes_executor.py
[2024-07-23T20:34:09.152+0000] {logging_mixin.py:137} INFO - [2024-07-23T20:34:09.152+0000] {dag.py:2690} INFO - Sync 1 DAGs
[2024-07-23T20:34:09.165+0000] {logging_mixin.py:137} INFO - [2024-07-23T20:34:09.165+0000] {dag.py:3441} INFO - Setting next_dagrun for example_local_kubernetes_executor to None, run_after=None
[2024-07-23T20:34:09.176+0000] {processor.py:175} INFO - Processing /home/airflow/.local/lib/python3.7/site-packages/airflow/example_dags/example_local_kubernetes_executor.py took 0.055 seconds
[2024-07-23T20:34:39.732+0000] {processor.py:153} INFO - Started process (PID=732) to work on /home/airflow/.local/lib/python3.7/site-packages/airflow/example_dags/example_local_kubernetes_executor.py
[2024-07-23T20:34:39.736+0000] {processor.py:743} INFO - Processing file /home/airflow/.local/lib/python3.7/site-packages/airflow/example_dags/example_local_kubernetes_executor.py for tasks to queue
[2024-07-23T20:34:39.738+0000] {logging_mixin.py:137} INFO - [2024-07-23T20:34:39.738+0000] {dagbag.py:538} INFO - Filling up the DagBag from /home/airflow/.local/lib/python3.7/site-packages/airflow/example_dags/example_local_kubernetes_executor.py
[2024-07-23T20:34:39.749+0000] {processor.py:753} INFO - DAG(s) dict_keys(['example_local_kubernetes_executor']) retrieved from /home/airflow/.local/lib/python3.7/site-packages/airflow/example_dags/example_local_kubernetes_executor.py
[2024-07-23T20:34:39.765+0000] {logging_mixin.py:137} INFO - [2024-07-23T20:34:39.765+0000] {dag.py:2690} INFO - Sync 1 DAGs
[2024-07-23T20:34:39.776+0000] {logging_mixin.py:137} INFO - [2024-07-23T20:34:39.776+0000] {dag.py:3441} INFO - Setting next_dagrun for example_local_kubernetes_executor to None, run_after=None
[2024-07-23T20:34:39.785+0000] {processor.py:175} INFO - Processing /home/airflow/.local/lib/python3.7/site-packages/airflow/example_dags/example_local_kubernetes_executor.py took 0.054 seconds
[2024-07-23T20:35:10.296+0000] {processor.py:153} INFO - Started process (PID=819) to work on /home/airflow/.local/lib/python3.7/site-packages/airflow/example_dags/example_local_kubernetes_executor.py
[2024-07-23T20:35:10.299+0000] {processor.py:743} INFO - Processing file /home/airflow/.local/lib/python3.7/site-packages/airflow/example_dags/example_local_kubernetes_executor.py for tasks to queue
[2024-07-23T20:35:10.301+0000] {logging_mixin.py:137} INFO - [2024-07-23T20:35:10.301+0000] {dagbag.py:538} INFO - Filling up the DagBag from /home/airflow/.local/lib/python3.7/site-packages/airflow/example_dags/example_local_kubernetes_executor.py
[2024-07-23T20:35:10.314+0000] {processor.py:753} INFO - DAG(s) dict_keys(['example_local_kubernetes_executor']) retrieved from /home/airflow/.local/lib/python3.7/site-packages/airflow/example_dags/example_local_kubernetes_executor.py
[2024-07-23T20:35:10.330+0000] {logging_mixin.py:137} INFO - [2024-07-23T20:35:10.330+0000] {dag.py:2690} INFO - Sync 1 DAGs
[2024-07-23T20:35:10.346+0000] {logging_mixin.py:137} INFO - [2024-07-23T20:35:10.345+0000] {dag.py:3441} INFO - Setting next_dagrun for example_local_kubernetes_executor to None, run_after=None
[2024-07-23T20:35:10.361+0000] {processor.py:175} INFO - Processing /home/airflow/.local/lib/python3.7/site-packages/airflow/example_dags/example_local_kubernetes_executor.py took 0.067 seconds
[2024-07-23T20:35:40.823+0000] {processor.py:153} INFO - Started process (PID=906) to work on /home/airflow/.local/lib/python3.7/site-packages/airflow/example_dags/example_local_kubernetes_executor.py
[2024-07-23T20:35:40.823+0000] {processor.py:743} INFO - Processing file /home/airflow/.local/lib/python3.7/site-packages/airflow/example_dags/example_local_kubernetes_executor.py for tasks to queue
[2024-07-23T20:35:40.824+0000] {logging_mixin.py:137} INFO - [2024-07-23T20:35:40.824+0000] {dagbag.py:538} INFO - Filling up the DagBag from /home/airflow/.local/lib/python3.7/site-packages/airflow/example_dags/example_local_kubernetes_executor.py
[2024-07-23T20:35:40.834+0000] {processor.py:753} INFO - DAG(s) dict_keys(['example_local_kubernetes_executor']) retrieved from /home/airflow/.local/lib/python3.7/site-packages/airflow/example_dags/example_local_kubernetes_executor.py
[2024-07-23T20:35:40.846+0000] {logging_mixin.py:137} INFO - [2024-07-23T20:35:40.846+0000] {dag.py:2690} INFO - Sync 1 DAGs
[2024-07-23T20:35:40.857+0000] {logging_mixin.py:137} INFO - [2024-07-23T20:35:40.857+0000] {dag.py:3441} INFO - Setting next_dagrun for example_local_kubernetes_executor to None, run_after=None
[2024-07-23T20:35:40.865+0000] {processor.py:175} INFO - Processing /home/airflow/.local/lib/python3.7/site-packages/airflow/example_dags/example_local_kubernetes_executor.py took 0.044 seconds
[2024-07-23T20:36:11.424+0000] {processor.py:153} INFO - Started process (PID=993) to work on /home/airflow/.local/lib/python3.7/site-packages/airflow/example_dags/example_local_kubernetes_executor.py
[2024-07-23T20:36:11.426+0000] {processor.py:743} INFO - Processing file /home/airflow/.local/lib/python3.7/site-packages/airflow/example_dags/example_local_kubernetes_executor.py for tasks to queue
[2024-07-23T20:36:11.426+0000] {logging_mixin.py:137} INFO - [2024-07-23T20:36:11.426+0000] {dagbag.py:538} INFO - Filling up the DagBag from /home/airflow/.local/lib/python3.7/site-packages/airflow/example_dags/example_local_kubernetes_executor.py
[2024-07-23T20:36:11.437+0000] {processor.py:753} INFO - DAG(s) dict_keys(['example_local_kubernetes_executor']) retrieved from /home/airflow/.local/lib/python3.7/site-packages/airflow/example_dags/example_local_kubernetes_executor.py
[2024-07-23T20:36:11.451+0000] {logging_mixin.py:137} INFO - [2024-07-23T20:36:11.451+0000] {dag.py:2690} INFO - Sync 1 DAGs
[2024-07-23T20:36:11.462+0000] {logging_mixin.py:137} INFO - [2024-07-23T20:36:11.462+0000] {dag.py:3441} INFO - Setting next_dagrun for example_local_kubernetes_executor to None, run_after=None
[2024-07-23T20:36:11.470+0000] {processor.py:175} INFO - Processing /home/airflow/.local/lib/python3.7/site-packages/airflow/example_dags/example_local_kubernetes_executor.py took 0.048 seconds
