[2024-07-23T20:30:33.830+0000] {processor.py:153} INFO - Started process (PID=82) to work on /home/airflow/.local/lib/python3.7/site-packages/airflow/example_dags/example_kubernetes_executor.py
[2024-07-23T20:30:33.831+0000] {processor.py:743} INFO - Processing file /home/airflow/.local/lib/python3.7/site-packages/airflow/example_dags/example_kubernetes_executor.py for tasks to queue
[2024-07-23T20:30:33.837+0000] {logging_mixin.py:137} INFO - [2024-07-23T20:30:33.836+0000] {dagbag.py:538} INFO - Filling up the DagBag from /home/airflow/.local/lib/python3.7/site-packages/airflow/example_dags/example_kubernetes_executor.py
[2024-07-23T20:30:33.873+0000] {processor.py:753} INFO - DAG(s) dict_keys(['example_kubernetes_executor']) retrieved from /home/airflow/.local/lib/python3.7/site-packages/airflow/example_dags/example_kubernetes_executor.py
[2024-07-23T20:30:33.991+0000] {logging_mixin.py:137} INFO - [2024-07-23T20:30:33.991+0000] {manager.py:504} INFO - Created Permission View: can read on DAG:example_kubernetes_executor
[2024-07-23T20:30:33.998+0000] {logging_mixin.py:137} INFO - [2024-07-23T20:30:33.998+0000] {manager.py:504} INFO - Created Permission View: can delete on DAG:example_kubernetes_executor
[2024-07-23T20:30:34.003+0000] {logging_mixin.py:137} INFO - [2024-07-23T20:30:34.003+0000] {manager.py:504} INFO - Created Permission View: can edit on DAG:example_kubernetes_executor
[2024-07-23T20:30:34.003+0000] {logging_mixin.py:137} INFO - [2024-07-23T20:30:34.003+0000] {dag.py:2690} INFO - Sync 1 DAGs
[2024-07-23T20:30:34.012+0000] {logging_mixin.py:137} INFO - [2024-07-23T20:30:34.012+0000] {dag.py:2711} INFO - Creating ORM DAG for example_kubernetes_executor
[2024-07-23T20:30:34.020+0000] {logging_mixin.py:137} INFO - [2024-07-23T20:30:34.020+0000] {dag.py:3441} INFO - Setting next_dagrun for example_kubernetes_executor to None, run_after=None
[2024-07-23T20:30:34.037+0000] {processor.py:175} INFO - Processing /home/airflow/.local/lib/python3.7/site-packages/airflow/example_dags/example_kubernetes_executor.py took 0.210 seconds
[2024-07-23T20:31:04.052+0000] {processor.py:153} INFO - Started process (PID=152) to work on /home/airflow/.local/lib/python3.7/site-packages/airflow/example_dags/example_kubernetes_executor.py
[2024-07-23T20:31:04.052+0000] {processor.py:743} INFO - Processing file /home/airflow/.local/lib/python3.7/site-packages/airflow/example_dags/example_kubernetes_executor.py for tasks to queue
[2024-07-23T20:31:04.053+0000] {logging_mixin.py:137} INFO - [2024-07-23T20:31:04.053+0000] {dagbag.py:538} INFO - Filling up the DagBag from /home/airflow/.local/lib/python3.7/site-packages/airflow/example_dags/example_kubernetes_executor.py
[2024-07-23T20:31:04.068+0000] {processor.py:753} INFO - DAG(s) dict_keys(['example_kubernetes_executor']) retrieved from /home/airflow/.local/lib/python3.7/site-packages/airflow/example_dags/example_kubernetes_executor.py
[2024-07-23T20:31:04.083+0000] {logging_mixin.py:137} INFO - [2024-07-23T20:31:04.083+0000] {dag.py:2690} INFO - Sync 1 DAGs
[2024-07-23T20:31:04.094+0000] {logging_mixin.py:137} INFO - [2024-07-23T20:31:04.094+0000] {dag.py:3441} INFO - Setting next_dagrun for example_kubernetes_executor to None, run_after=None
[2024-07-23T20:31:04.102+0000] {processor.py:175} INFO - Processing /home/airflow/.local/lib/python3.7/site-packages/airflow/example_dags/example_kubernetes_executor.py took 0.051 seconds
[2024-07-23T20:31:34.557+0000] {processor.py:153} INFO - Started process (PID=239) to work on /home/airflow/.local/lib/python3.7/site-packages/airflow/example_dags/example_kubernetes_executor.py
[2024-07-23T20:31:34.558+0000] {processor.py:743} INFO - Processing file /home/airflow/.local/lib/python3.7/site-packages/airflow/example_dags/example_kubernetes_executor.py for tasks to queue
[2024-07-23T20:31:34.558+0000] {logging_mixin.py:137} INFO - [2024-07-23T20:31:34.558+0000] {dagbag.py:538} INFO - Filling up the DagBag from /home/airflow/.local/lib/python3.7/site-packages/airflow/example_dags/example_kubernetes_executor.py
[2024-07-23T20:31:34.572+0000] {processor.py:753} INFO - DAG(s) dict_keys(['example_kubernetes_executor']) retrieved from /home/airflow/.local/lib/python3.7/site-packages/airflow/example_dags/example_kubernetes_executor.py
[2024-07-23T20:31:34.586+0000] {logging_mixin.py:137} INFO - [2024-07-23T20:31:34.586+0000] {dag.py:2690} INFO - Sync 1 DAGs
[2024-07-23T20:31:34.596+0000] {logging_mixin.py:137} INFO - [2024-07-23T20:31:34.596+0000] {dag.py:3441} INFO - Setting next_dagrun for example_kubernetes_executor to None, run_after=None
[2024-07-23T20:31:34.603+0000] {processor.py:175} INFO - Processing /home/airflow/.local/lib/python3.7/site-packages/airflow/example_dags/example_kubernetes_executor.py took 0.048 seconds
[2024-07-23T20:32:05.349+0000] {processor.py:153} INFO - Started process (PID=326) to work on /home/airflow/.local/lib/python3.7/site-packages/airflow/example_dags/example_kubernetes_executor.py
[2024-07-23T20:32:05.349+0000] {processor.py:743} INFO - Processing file /home/airflow/.local/lib/python3.7/site-packages/airflow/example_dags/example_kubernetes_executor.py for tasks to queue
[2024-07-23T20:32:05.350+0000] {logging_mixin.py:137} INFO - [2024-07-23T20:32:05.350+0000] {dagbag.py:538} INFO - Filling up the DagBag from /home/airflow/.local/lib/python3.7/site-packages/airflow/example_dags/example_kubernetes_executor.py
[2024-07-23T20:32:05.365+0000] {processor.py:753} INFO - DAG(s) dict_keys(['example_kubernetes_executor']) retrieved from /home/airflow/.local/lib/python3.7/site-packages/airflow/example_dags/example_kubernetes_executor.py
[2024-07-23T20:32:05.380+0000] {logging_mixin.py:137} INFO - [2024-07-23T20:32:05.380+0000] {dag.py:2690} INFO - Sync 1 DAGs
[2024-07-23T20:32:05.393+0000] {logging_mixin.py:137} INFO - [2024-07-23T20:32:05.393+0000] {dag.py:3441} INFO - Setting next_dagrun for example_kubernetes_executor to None, run_after=None
[2024-07-23T20:32:05.401+0000] {processor.py:175} INFO - Processing /home/airflow/.local/lib/python3.7/site-packages/airflow/example_dags/example_kubernetes_executor.py took 0.053 seconds
[2024-07-23T20:32:35.932+0000] {processor.py:153} INFO - Started process (PID=397) to work on /home/airflow/.local/lib/python3.7/site-packages/airflow/example_dags/example_kubernetes_executor.py
[2024-07-23T20:32:35.934+0000] {processor.py:743} INFO - Processing file /home/airflow/.local/lib/python3.7/site-packages/airflow/example_dags/example_kubernetes_executor.py for tasks to queue
[2024-07-23T20:32:35.934+0000] {logging_mixin.py:137} INFO - [2024-07-23T20:32:35.934+0000] {dagbag.py:538} INFO - Filling up the DagBag from /home/airflow/.local/lib/python3.7/site-packages/airflow/example_dags/example_kubernetes_executor.py
[2024-07-23T20:32:35.948+0000] {processor.py:753} INFO - DAG(s) dict_keys(['example_kubernetes_executor']) retrieved from /home/airflow/.local/lib/python3.7/site-packages/airflow/example_dags/example_kubernetes_executor.py
[2024-07-23T20:32:35.964+0000] {logging_mixin.py:137} INFO - [2024-07-23T20:32:35.964+0000] {dag.py:2690} INFO - Sync 1 DAGs
[2024-07-23T20:32:35.976+0000] {logging_mixin.py:137} INFO - [2024-07-23T20:32:35.976+0000] {dag.py:3441} INFO - Setting next_dagrun for example_kubernetes_executor to None, run_after=None
[2024-07-23T20:32:35.987+0000] {processor.py:175} INFO - Processing /home/airflow/.local/lib/python3.7/site-packages/airflow/example_dags/example_kubernetes_executor.py took 0.057 seconds
[2024-07-23T20:33:06.650+0000] {processor.py:153} INFO - Started process (PID=483) to work on /home/airflow/.local/lib/python3.7/site-packages/airflow/example_dags/example_kubernetes_executor.py
[2024-07-23T20:33:06.651+0000] {processor.py:743} INFO - Processing file /home/airflow/.local/lib/python3.7/site-packages/airflow/example_dags/example_kubernetes_executor.py for tasks to queue
[2024-07-23T20:33:06.652+0000] {logging_mixin.py:137} INFO - [2024-07-23T20:33:06.652+0000] {dagbag.py:538} INFO - Filling up the DagBag from /home/airflow/.local/lib/python3.7/site-packages/airflow/example_dags/example_kubernetes_executor.py
[2024-07-23T20:33:06.669+0000] {processor.py:753} INFO - DAG(s) dict_keys(['example_kubernetes_executor']) retrieved from /home/airflow/.local/lib/python3.7/site-packages/airflow/example_dags/example_kubernetes_executor.py
[2024-07-23T20:33:06.686+0000] {logging_mixin.py:137} INFO - [2024-07-23T20:33:06.686+0000] {dag.py:2690} INFO - Sync 1 DAGs
[2024-07-23T20:33:06.698+0000] {logging_mixin.py:137} INFO - [2024-07-23T20:33:06.698+0000] {dag.py:3441} INFO - Setting next_dagrun for example_kubernetes_executor to None, run_after=None
[2024-07-23T20:33:06.705+0000] {processor.py:175} INFO - Processing /home/airflow/.local/lib/python3.7/site-packages/airflow/example_dags/example_kubernetes_executor.py took 0.056 seconds
[2024-07-23T20:33:37.315+0000] {processor.py:153} INFO - Started process (PID=570) to work on /home/airflow/.local/lib/python3.7/site-packages/airflow/example_dags/example_kubernetes_executor.py
[2024-07-23T20:33:37.315+0000] {processor.py:743} INFO - Processing file /home/airflow/.local/lib/python3.7/site-packages/airflow/example_dags/example_kubernetes_executor.py for tasks to queue
[2024-07-23T20:33:37.315+0000] {logging_mixin.py:137} INFO - [2024-07-23T20:33:37.315+0000] {dagbag.py:538} INFO - Filling up the DagBag from /home/airflow/.local/lib/python3.7/site-packages/airflow/example_dags/example_kubernetes_executor.py
[2024-07-23T20:33:37.328+0000] {processor.py:753} INFO - DAG(s) dict_keys(['example_kubernetes_executor']) retrieved from /home/airflow/.local/lib/python3.7/site-packages/airflow/example_dags/example_kubernetes_executor.py
[2024-07-23T20:33:37.341+0000] {logging_mixin.py:137} INFO - [2024-07-23T20:33:37.341+0000] {dag.py:2690} INFO - Sync 1 DAGs
[2024-07-23T20:33:37.351+0000] {logging_mixin.py:137} INFO - [2024-07-23T20:33:37.351+0000] {dag.py:3441} INFO - Setting next_dagrun for example_kubernetes_executor to None, run_after=None
[2024-07-23T20:33:37.358+0000] {processor.py:175} INFO - Processing /home/airflow/.local/lib/python3.7/site-packages/airflow/example_dags/example_kubernetes_executor.py took 0.045 seconds
[2024-07-23T20:34:07.992+0000] {processor.py:153} INFO - Started process (PID=657) to work on /home/airflow/.local/lib/python3.7/site-packages/airflow/example_dags/example_kubernetes_executor.py
[2024-07-23T20:34:07.992+0000] {processor.py:743} INFO - Processing file /home/airflow/.local/lib/python3.7/site-packages/airflow/example_dags/example_kubernetes_executor.py for tasks to queue
[2024-07-23T20:34:07.992+0000] {logging_mixin.py:137} INFO - [2024-07-23T20:34:07.992+0000] {dagbag.py:538} INFO - Filling up the DagBag from /home/airflow/.local/lib/python3.7/site-packages/airflow/example_dags/example_kubernetes_executor.py
[2024-07-23T20:34:08.007+0000] {processor.py:753} INFO - DAG(s) dict_keys(['example_kubernetes_executor']) retrieved from /home/airflow/.local/lib/python3.7/site-packages/airflow/example_dags/example_kubernetes_executor.py
[2024-07-23T20:34:08.020+0000] {logging_mixin.py:137} INFO - [2024-07-23T20:34:08.020+0000] {dag.py:2690} INFO - Sync 1 DAGs
[2024-07-23T20:34:08.030+0000] {logging_mixin.py:137} INFO - [2024-07-23T20:34:08.030+0000] {dag.py:3441} INFO - Setting next_dagrun for example_kubernetes_executor to None, run_after=None
[2024-07-23T20:34:08.037+0000] {processor.py:175} INFO - Processing /home/airflow/.local/lib/python3.7/site-packages/airflow/example_dags/example_kubernetes_executor.py took 0.047 seconds
[2024-07-23T20:34:38.546+0000] {processor.py:153} INFO - Started process (PID=728) to work on /home/airflow/.local/lib/python3.7/site-packages/airflow/example_dags/example_kubernetes_executor.py
[2024-07-23T20:34:38.548+0000] {processor.py:743} INFO - Processing file /home/airflow/.local/lib/python3.7/site-packages/airflow/example_dags/example_kubernetes_executor.py for tasks to queue
[2024-07-23T20:34:38.549+0000] {logging_mixin.py:137} INFO - [2024-07-23T20:34:38.549+0000] {dagbag.py:538} INFO - Filling up the DagBag from /home/airflow/.local/lib/python3.7/site-packages/airflow/example_dags/example_kubernetes_executor.py
[2024-07-23T20:34:38.569+0000] {processor.py:753} INFO - DAG(s) dict_keys(['example_kubernetes_executor']) retrieved from /home/airflow/.local/lib/python3.7/site-packages/airflow/example_dags/example_kubernetes_executor.py
[2024-07-23T20:34:38.586+0000] {logging_mixin.py:137} INFO - [2024-07-23T20:34:38.585+0000] {dag.py:2690} INFO - Sync 1 DAGs
[2024-07-23T20:34:38.599+0000] {logging_mixin.py:137} INFO - [2024-07-23T20:34:38.598+0000] {dag.py:3441} INFO - Setting next_dagrun for example_kubernetes_executor to None, run_after=None
[2024-07-23T20:34:38.608+0000] {processor.py:175} INFO - Processing /home/airflow/.local/lib/python3.7/site-packages/airflow/example_dags/example_kubernetes_executor.py took 0.064 seconds
[2024-07-23T20:35:09.190+0000] {processor.py:153} INFO - Started process (PID=815) to work on /home/airflow/.local/lib/python3.7/site-packages/airflow/example_dags/example_kubernetes_executor.py
[2024-07-23T20:35:09.191+0000] {processor.py:743} INFO - Processing file /home/airflow/.local/lib/python3.7/site-packages/airflow/example_dags/example_kubernetes_executor.py for tasks to queue
[2024-07-23T20:35:09.191+0000] {logging_mixin.py:137} INFO - [2024-07-23T20:35:09.191+0000] {dagbag.py:538} INFO - Filling up the DagBag from /home/airflow/.local/lib/python3.7/site-packages/airflow/example_dags/example_kubernetes_executor.py
[2024-07-23T20:35:09.208+0000] {processor.py:753} INFO - DAG(s) dict_keys(['example_kubernetes_executor']) retrieved from /home/airflow/.local/lib/python3.7/site-packages/airflow/example_dags/example_kubernetes_executor.py
[2024-07-23T20:35:09.223+0000] {logging_mixin.py:137} INFO - [2024-07-23T20:35:09.223+0000] {dag.py:2690} INFO - Sync 1 DAGs
[2024-07-23T20:35:09.235+0000] {logging_mixin.py:137} INFO - [2024-07-23T20:35:09.235+0000] {dag.py:3441} INFO - Setting next_dagrun for example_kubernetes_executor to None, run_after=None
[2024-07-23T20:35:09.242+0000] {processor.py:175} INFO - Processing /home/airflow/.local/lib/python3.7/site-packages/airflow/example_dags/example_kubernetes_executor.py took 0.054 seconds
[2024-07-23T20:35:39.660+0000] {processor.py:153} INFO - Started process (PID=902) to work on /home/airflow/.local/lib/python3.7/site-packages/airflow/example_dags/example_kubernetes_executor.py
[2024-07-23T20:35:39.664+0000] {processor.py:743} INFO - Processing file /home/airflow/.local/lib/python3.7/site-packages/airflow/example_dags/example_kubernetes_executor.py for tasks to queue
[2024-07-23T20:35:39.664+0000] {logging_mixin.py:137} INFO - [2024-07-23T20:35:39.664+0000] {dagbag.py:538} INFO - Filling up the DagBag from /home/airflow/.local/lib/python3.7/site-packages/airflow/example_dags/example_kubernetes_executor.py
[2024-07-23T20:35:39.678+0000] {processor.py:753} INFO - DAG(s) dict_keys(['example_kubernetes_executor']) retrieved from /home/airflow/.local/lib/python3.7/site-packages/airflow/example_dags/example_kubernetes_executor.py
[2024-07-23T20:35:39.694+0000] {logging_mixin.py:137} INFO - [2024-07-23T20:35:39.694+0000] {dag.py:2690} INFO - Sync 1 DAGs
[2024-07-23T20:35:39.706+0000] {logging_mixin.py:137} INFO - [2024-07-23T20:35:39.706+0000] {dag.py:3441} INFO - Setting next_dagrun for example_kubernetes_executor to None, run_after=None
[2024-07-23T20:35:39.712+0000] {processor.py:175} INFO - Processing /home/airflow/.local/lib/python3.7/site-packages/airflow/example_dags/example_kubernetes_executor.py took 0.054 seconds
[2024-07-23T20:36:10.315+0000] {processor.py:153} INFO - Started process (PID=982) to work on /home/airflow/.local/lib/python3.7/site-packages/airflow/example_dags/example_kubernetes_executor.py
[2024-07-23T20:36:10.315+0000] {processor.py:743} INFO - Processing file /home/airflow/.local/lib/python3.7/site-packages/airflow/example_dags/example_kubernetes_executor.py for tasks to queue
[2024-07-23T20:36:10.316+0000] {logging_mixin.py:137} INFO - [2024-07-23T20:36:10.316+0000] {dagbag.py:538} INFO - Filling up the DagBag from /home/airflow/.local/lib/python3.7/site-packages/airflow/example_dags/example_kubernetes_executor.py
[2024-07-23T20:36:10.332+0000] {processor.py:753} INFO - DAG(s) dict_keys(['example_kubernetes_executor']) retrieved from /home/airflow/.local/lib/python3.7/site-packages/airflow/example_dags/example_kubernetes_executor.py
[2024-07-23T20:36:10.348+0000] {logging_mixin.py:137} INFO - [2024-07-23T20:36:10.348+0000] {dag.py:2690} INFO - Sync 1 DAGs
[2024-07-23T20:36:10.360+0000] {logging_mixin.py:137} INFO - [2024-07-23T20:36:10.360+0000] {dag.py:3441} INFO - Setting next_dagrun for example_kubernetes_executor to None, run_after=None
[2024-07-23T20:36:10.369+0000] {processor.py:175} INFO - Processing /home/airflow/.local/lib/python3.7/site-packages/airflow/example_dags/example_kubernetes_executor.py took 0.057 seconds
