[2024-07-23T20:30:32.094+0000] {processor.py:153} INFO - Started process (PID=61) to work on /home/airflow/.local/lib/python3.7/site-packages/airflow/example_dags/tutorial_dag.py
[2024-07-23T20:30:32.096+0000] {processor.py:743} INFO - Processing file /home/airflow/.local/lib/python3.7/site-packages/airflow/example_dags/tutorial_dag.py for tasks to queue
[2024-07-23T20:30:32.100+0000] {logging_mixin.py:137} INFO - [2024-07-23T20:30:32.100+0000] {dagbag.py:538} INFO - Filling up the DagBag from /home/airflow/.local/lib/python3.7/site-packages/airflow/example_dags/tutorial_dag.py
[2024-07-23T20:30:32.140+0000] {processor.py:753} INFO - DAG(s) dict_keys(['tutorial_dag']) retrieved from /home/airflow/.local/lib/python3.7/site-packages/airflow/example_dags/tutorial_dag.py
[2024-07-23T20:30:32.300+0000] {logging_mixin.py:137} INFO - [2024-07-23T20:30:32.300+0000] {manager.py:504} INFO - Created Permission View: can read on DAG:tutorial_dag
[2024-07-23T20:30:32.315+0000] {logging_mixin.py:137} INFO - [2024-07-23T20:30:32.315+0000] {manager.py:504} INFO - Created Permission View: can delete on DAG:tutorial_dag
[2024-07-23T20:30:32.321+0000] {logging_mixin.py:137} INFO - [2024-07-23T20:30:32.321+0000] {manager.py:504} INFO - Created Permission View: can edit on DAG:tutorial_dag
[2024-07-23T20:30:32.322+0000] {logging_mixin.py:137} INFO - [2024-07-23T20:30:32.322+0000] {dag.py:2690} INFO - Sync 1 DAGs
[2024-07-23T20:30:32.337+0000] {logging_mixin.py:137} INFO - [2024-07-23T20:30:32.336+0000] {dag.py:2711} INFO - Creating ORM DAG for tutorial_dag
[2024-07-23T20:30:32.357+0000] {logging_mixin.py:137} INFO - [2024-07-23T20:30:32.356+0000] {dag.py:3441} INFO - Setting next_dagrun for tutorial_dag to None, run_after=None
[2024-07-23T20:30:32.378+0000] {processor.py:175} INFO - Processing /home/airflow/.local/lib/python3.7/site-packages/airflow/example_dags/tutorial_dag.py took 0.289 seconds
[2024-07-23T20:31:02.655+0000] {processor.py:153} INFO - Started process (PID=141) to work on /home/airflow/.local/lib/python3.7/site-packages/airflow/example_dags/tutorial_dag.py
[2024-07-23T20:31:02.655+0000] {processor.py:743} INFO - Processing file /home/airflow/.local/lib/python3.7/site-packages/airflow/example_dags/tutorial_dag.py for tasks to queue
[2024-07-23T20:31:02.656+0000] {logging_mixin.py:137} INFO - [2024-07-23T20:31:02.656+0000] {dagbag.py:538} INFO - Filling up the DagBag from /home/airflow/.local/lib/python3.7/site-packages/airflow/example_dags/tutorial_dag.py
[2024-07-23T20:31:02.664+0000] {processor.py:753} INFO - DAG(s) dict_keys(['tutorial_dag']) retrieved from /home/airflow/.local/lib/python3.7/site-packages/airflow/example_dags/tutorial_dag.py
[2024-07-23T20:31:02.684+0000] {logging_mixin.py:137} INFO - [2024-07-23T20:31:02.684+0000] {dag.py:2690} INFO - Sync 1 DAGs
[2024-07-23T20:31:02.696+0000] {logging_mixin.py:137} INFO - [2024-07-23T20:31:02.696+0000] {dag.py:3441} INFO - Setting next_dagrun for tutorial_dag to None, run_after=None
[2024-07-23T20:31:02.707+0000] {processor.py:175} INFO - Processing /home/airflow/.local/lib/python3.7/site-packages/airflow/example_dags/tutorial_dag.py took 0.054 seconds
[2024-07-23T20:31:33.162+0000] {processor.py:153} INFO - Started process (PID=228) to work on /home/airflow/.local/lib/python3.7/site-packages/airflow/example_dags/tutorial_dag.py
[2024-07-23T20:31:33.162+0000] {processor.py:743} INFO - Processing file /home/airflow/.local/lib/python3.7/site-packages/airflow/example_dags/tutorial_dag.py for tasks to queue
[2024-07-23T20:31:33.162+0000] {logging_mixin.py:137} INFO - [2024-07-23T20:31:33.162+0000] {dagbag.py:538} INFO - Filling up the DagBag from /home/airflow/.local/lib/python3.7/site-packages/airflow/example_dags/tutorial_dag.py
[2024-07-23T20:31:33.168+0000] {processor.py:753} INFO - DAG(s) dict_keys(['tutorial_dag']) retrieved from /home/airflow/.local/lib/python3.7/site-packages/airflow/example_dags/tutorial_dag.py
[2024-07-23T20:31:33.179+0000] {logging_mixin.py:137} INFO - [2024-07-23T20:31:33.179+0000] {dag.py:2690} INFO - Sync 1 DAGs
[2024-07-23T20:31:33.190+0000] {logging_mixin.py:137} INFO - [2024-07-23T20:31:33.190+0000] {dag.py:3441} INFO - Setting next_dagrun for tutorial_dag to None, run_after=None
[2024-07-23T20:31:33.197+0000] {processor.py:175} INFO - Processing /home/airflow/.local/lib/python3.7/site-packages/airflow/example_dags/tutorial_dag.py took 0.037 seconds
[2024-07-23T20:32:03.836+0000] {processor.py:153} INFO - Started process (PID=315) to work on /home/airflow/.local/lib/python3.7/site-packages/airflow/example_dags/tutorial_dag.py
[2024-07-23T20:32:03.837+0000] {processor.py:743} INFO - Processing file /home/airflow/.local/lib/python3.7/site-packages/airflow/example_dags/tutorial_dag.py for tasks to queue
[2024-07-23T20:32:03.837+0000] {logging_mixin.py:137} INFO - [2024-07-23T20:32:03.837+0000] {dagbag.py:538} INFO - Filling up the DagBag from /home/airflow/.local/lib/python3.7/site-packages/airflow/example_dags/tutorial_dag.py
[2024-07-23T20:32:03.847+0000] {processor.py:753} INFO - DAG(s) dict_keys(['tutorial_dag']) retrieved from /home/airflow/.local/lib/python3.7/site-packages/airflow/example_dags/tutorial_dag.py
[2024-07-23T20:32:03.872+0000] {logging_mixin.py:137} INFO - [2024-07-23T20:32:03.872+0000] {dag.py:2690} INFO - Sync 1 DAGs
[2024-07-23T20:32:03.890+0000] {logging_mixin.py:137} INFO - [2024-07-23T20:32:03.890+0000] {dag.py:3441} INFO - Setting next_dagrun for tutorial_dag to None, run_after=None
[2024-07-23T20:32:03.914+0000] {processor.py:175} INFO - Processing /home/airflow/.local/lib/python3.7/site-packages/airflow/example_dags/tutorial_dag.py took 0.080 seconds
[2024-07-23T20:32:34.554+0000] {processor.py:153} INFO - Started process (PID=386) to work on /home/airflow/.local/lib/python3.7/site-packages/airflow/example_dags/tutorial_dag.py
[2024-07-23T20:32:34.554+0000] {processor.py:743} INFO - Processing file /home/airflow/.local/lib/python3.7/site-packages/airflow/example_dags/tutorial_dag.py for tasks to queue
[2024-07-23T20:32:34.554+0000] {logging_mixin.py:137} INFO - [2024-07-23T20:32:34.554+0000] {dagbag.py:538} INFO - Filling up the DagBag from /home/airflow/.local/lib/python3.7/site-packages/airflow/example_dags/tutorial_dag.py
[2024-07-23T20:32:34.562+0000] {processor.py:753} INFO - DAG(s) dict_keys(['tutorial_dag']) retrieved from /home/airflow/.local/lib/python3.7/site-packages/airflow/example_dags/tutorial_dag.py
[2024-07-23T20:32:34.579+0000] {logging_mixin.py:137} INFO - [2024-07-23T20:32:34.579+0000] {dag.py:2690} INFO - Sync 1 DAGs
[2024-07-23T20:32:34.595+0000] {logging_mixin.py:137} INFO - [2024-07-23T20:32:34.595+0000] {dag.py:3441} INFO - Setting next_dagrun for tutorial_dag to None, run_after=None
[2024-07-23T20:32:34.609+0000] {processor.py:175} INFO - Processing /home/airflow/.local/lib/python3.7/site-packages/airflow/example_dags/tutorial_dag.py took 0.057 seconds
[2024-07-23T20:33:05.254+0000] {processor.py:153} INFO - Started process (PID=472) to work on /home/airflow/.local/lib/python3.7/site-packages/airflow/example_dags/tutorial_dag.py
[2024-07-23T20:33:05.258+0000] {processor.py:743} INFO - Processing file /home/airflow/.local/lib/python3.7/site-packages/airflow/example_dags/tutorial_dag.py for tasks to queue
[2024-07-23T20:33:05.260+0000] {logging_mixin.py:137} INFO - [2024-07-23T20:33:05.259+0000] {dagbag.py:538} INFO - Filling up the DagBag from /home/airflow/.local/lib/python3.7/site-packages/airflow/example_dags/tutorial_dag.py
[2024-07-23T20:33:05.267+0000] {processor.py:753} INFO - DAG(s) dict_keys(['tutorial_dag']) retrieved from /home/airflow/.local/lib/python3.7/site-packages/airflow/example_dags/tutorial_dag.py
[2024-07-23T20:33:05.282+0000] {logging_mixin.py:137} INFO - [2024-07-23T20:33:05.282+0000] {dag.py:2690} INFO - Sync 1 DAGs
[2024-07-23T20:33:05.297+0000] {logging_mixin.py:137} INFO - [2024-07-23T20:33:05.297+0000] {dag.py:3441} INFO - Setting next_dagrun for tutorial_dag to None, run_after=None
[2024-07-23T20:33:05.311+0000] {processor.py:175} INFO - Processing /home/airflow/.local/lib/python3.7/site-packages/airflow/example_dags/tutorial_dag.py took 0.058 seconds
[2024-07-23T20:33:35.891+0000] {processor.py:153} INFO - Started process (PID=559) to work on /home/airflow/.local/lib/python3.7/site-packages/airflow/example_dags/tutorial_dag.py
[2024-07-23T20:33:35.895+0000] {processor.py:743} INFO - Processing file /home/airflow/.local/lib/python3.7/site-packages/airflow/example_dags/tutorial_dag.py for tasks to queue
[2024-07-23T20:33:35.896+0000] {logging_mixin.py:137} INFO - [2024-07-23T20:33:35.896+0000] {dagbag.py:538} INFO - Filling up the DagBag from /home/airflow/.local/lib/python3.7/site-packages/airflow/example_dags/tutorial_dag.py
[2024-07-23T20:33:35.901+0000] {processor.py:753} INFO - DAG(s) dict_keys(['tutorial_dag']) retrieved from /home/airflow/.local/lib/python3.7/site-packages/airflow/example_dags/tutorial_dag.py
[2024-07-23T20:33:35.915+0000] {logging_mixin.py:137} INFO - [2024-07-23T20:33:35.915+0000] {dag.py:2690} INFO - Sync 1 DAGs
[2024-07-23T20:33:35.927+0000] {logging_mixin.py:137} INFO - [2024-07-23T20:33:35.927+0000] {dag.py:3441} INFO - Setting next_dagrun for tutorial_dag to None, run_after=None
[2024-07-23T20:33:35.941+0000] {processor.py:175} INFO - Processing /home/airflow/.local/lib/python3.7/site-packages/airflow/example_dags/tutorial_dag.py took 0.052 seconds
[2024-07-23T20:34:06.566+0000] {processor.py:153} INFO - Started process (PID=639) to work on /home/airflow/.local/lib/python3.7/site-packages/airflow/example_dags/tutorial_dag.py
[2024-07-23T20:34:06.570+0000] {processor.py:743} INFO - Processing file /home/airflow/.local/lib/python3.7/site-packages/airflow/example_dags/tutorial_dag.py for tasks to queue
[2024-07-23T20:34:06.571+0000] {logging_mixin.py:137} INFO - [2024-07-23T20:34:06.570+0000] {dagbag.py:538} INFO - Filling up the DagBag from /home/airflow/.local/lib/python3.7/site-packages/airflow/example_dags/tutorial_dag.py
[2024-07-23T20:34:06.578+0000] {processor.py:753} INFO - DAG(s) dict_keys(['tutorial_dag']) retrieved from /home/airflow/.local/lib/python3.7/site-packages/airflow/example_dags/tutorial_dag.py
[2024-07-23T20:34:06.596+0000] {logging_mixin.py:137} INFO - [2024-07-23T20:34:06.596+0000] {dag.py:2690} INFO - Sync 1 DAGs
[2024-07-23T20:34:06.612+0000] {logging_mixin.py:137} INFO - [2024-07-23T20:34:06.612+0000] {dag.py:3441} INFO - Setting next_dagrun for tutorial_dag to None, run_after=None
[2024-07-23T20:34:06.632+0000] {processor.py:175} INFO - Processing /home/airflow/.local/lib/python3.7/site-packages/airflow/example_dags/tutorial_dag.py took 0.067 seconds
[2024-07-23T20:34:37.171+0000] {processor.py:153} INFO - Started process (PID=717) to work on /home/airflow/.local/lib/python3.7/site-packages/airflow/example_dags/tutorial_dag.py
[2024-07-23T20:34:37.173+0000] {processor.py:743} INFO - Processing file /home/airflow/.local/lib/python3.7/site-packages/airflow/example_dags/tutorial_dag.py for tasks to queue
[2024-07-23T20:34:37.173+0000] {logging_mixin.py:137} INFO - [2024-07-23T20:34:37.173+0000] {dagbag.py:538} INFO - Filling up the DagBag from /home/airflow/.local/lib/python3.7/site-packages/airflow/example_dags/tutorial_dag.py
[2024-07-23T20:34:37.179+0000] {processor.py:753} INFO - DAG(s) dict_keys(['tutorial_dag']) retrieved from /home/airflow/.local/lib/python3.7/site-packages/airflow/example_dags/tutorial_dag.py
[2024-07-23T20:34:37.195+0000] {logging_mixin.py:137} INFO - [2024-07-23T20:34:37.194+0000] {dag.py:2690} INFO - Sync 1 DAGs
[2024-07-23T20:34:37.208+0000] {logging_mixin.py:137} INFO - [2024-07-23T20:34:37.208+0000] {dag.py:3441} INFO - Setting next_dagrun for tutorial_dag to None, run_after=None
[2024-07-23T20:34:37.222+0000] {processor.py:175} INFO - Processing /home/airflow/.local/lib/python3.7/site-packages/airflow/example_dags/tutorial_dag.py took 0.053 seconds
[2024-07-23T20:35:07.749+0000] {processor.py:153} INFO - Started process (PID=804) to work on /home/airflow/.local/lib/python3.7/site-packages/airflow/example_dags/tutorial_dag.py
[2024-07-23T20:35:07.749+0000] {processor.py:743} INFO - Processing file /home/airflow/.local/lib/python3.7/site-packages/airflow/example_dags/tutorial_dag.py for tasks to queue
[2024-07-23T20:35:07.750+0000] {logging_mixin.py:137} INFO - [2024-07-23T20:35:07.750+0000] {dagbag.py:538} INFO - Filling up the DagBag from /home/airflow/.local/lib/python3.7/site-packages/airflow/example_dags/tutorial_dag.py
[2024-07-23T20:35:07.756+0000] {processor.py:753} INFO - DAG(s) dict_keys(['tutorial_dag']) retrieved from /home/airflow/.local/lib/python3.7/site-packages/airflow/example_dags/tutorial_dag.py
[2024-07-23T20:35:07.776+0000] {logging_mixin.py:137} INFO - [2024-07-23T20:35:07.776+0000] {dag.py:2690} INFO - Sync 1 DAGs
[2024-07-23T20:35:07.787+0000] {logging_mixin.py:137} INFO - [2024-07-23T20:35:07.787+0000] {dag.py:3441} INFO - Setting next_dagrun for tutorial_dag to None, run_after=None
[2024-07-23T20:35:07.798+0000] {processor.py:175} INFO - Processing /home/airflow/.local/lib/python3.7/site-packages/airflow/example_dags/tutorial_dag.py took 0.050 seconds
[2024-07-23T20:35:38.335+0000] {processor.py:153} INFO - Started process (PID=891) to work on /home/airflow/.local/lib/python3.7/site-packages/airflow/example_dags/tutorial_dag.py
[2024-07-23T20:35:38.335+0000] {processor.py:743} INFO - Processing file /home/airflow/.local/lib/python3.7/site-packages/airflow/example_dags/tutorial_dag.py for tasks to queue
[2024-07-23T20:35:38.336+0000] {logging_mixin.py:137} INFO - [2024-07-23T20:35:38.336+0000] {dagbag.py:538} INFO - Filling up the DagBag from /home/airflow/.local/lib/python3.7/site-packages/airflow/example_dags/tutorial_dag.py
[2024-07-23T20:35:38.342+0000] {processor.py:753} INFO - DAG(s) dict_keys(['tutorial_dag']) retrieved from /home/airflow/.local/lib/python3.7/site-packages/airflow/example_dags/tutorial_dag.py
[2024-07-23T20:35:38.355+0000] {logging_mixin.py:137} INFO - [2024-07-23T20:35:38.354+0000] {dag.py:2690} INFO - Sync 1 DAGs
[2024-07-23T20:35:38.366+0000] {logging_mixin.py:137} INFO - [2024-07-23T20:35:38.366+0000] {dag.py:3441} INFO - Setting next_dagrun for tutorial_dag to None, run_after=None
[2024-07-23T20:35:38.374+0000] {processor.py:175} INFO - Processing /home/airflow/.local/lib/python3.7/site-packages/airflow/example_dags/tutorial_dag.py took 0.041 seconds
[2024-07-23T20:36:08.894+0000] {processor.py:153} INFO - Started process (PID=962) to work on /home/airflow/.local/lib/python3.7/site-packages/airflow/example_dags/tutorial_dag.py
[2024-07-23T20:36:08.894+0000] {processor.py:743} INFO - Processing file /home/airflow/.local/lib/python3.7/site-packages/airflow/example_dags/tutorial_dag.py for tasks to queue
[2024-07-23T20:36:08.895+0000] {logging_mixin.py:137} INFO - [2024-07-23T20:36:08.895+0000] {dagbag.py:538} INFO - Filling up the DagBag from /home/airflow/.local/lib/python3.7/site-packages/airflow/example_dags/tutorial_dag.py
[2024-07-23T20:36:08.902+0000] {processor.py:753} INFO - DAG(s) dict_keys(['tutorial_dag']) retrieved from /home/airflow/.local/lib/python3.7/site-packages/airflow/example_dags/tutorial_dag.py
[2024-07-23T20:36:08.914+0000] {logging_mixin.py:137} INFO - [2024-07-23T20:36:08.914+0000] {dag.py:2690} INFO - Sync 1 DAGs
[2024-07-23T20:36:08.925+0000] {logging_mixin.py:137} INFO - [2024-07-23T20:36:08.925+0000] {dag.py:3441} INFO - Setting next_dagrun for tutorial_dag to None, run_after=None
[2024-07-23T20:36:08.932+0000] {processor.py:175} INFO - Processing /home/airflow/.local/lib/python3.7/site-packages/airflow/example_dags/tutorial_dag.py took 0.040 seconds
[2024-07-23T20:36:39.651+0000] {processor.py:153} INFO - Started process (PID=1049) to work on /home/airflow/.local/lib/python3.7/site-packages/airflow/example_dags/tutorial_dag.py
[2024-07-23T20:36:39.658+0000] {processor.py:743} INFO - Processing file /home/airflow/.local/lib/python3.7/site-packages/airflow/example_dags/tutorial_dag.py for tasks to queue
[2024-07-23T20:36:39.659+0000] {logging_mixin.py:137} INFO - [2024-07-23T20:36:39.659+0000] {dagbag.py:538} INFO - Filling up the DagBag from /home/airflow/.local/lib/python3.7/site-packages/airflow/example_dags/tutorial_dag.py
[2024-07-23T20:36:39.683+0000] {processor.py:753} INFO - DAG(s) dict_keys(['tutorial_dag']) retrieved from /home/airflow/.local/lib/python3.7/site-packages/airflow/example_dags/tutorial_dag.py
[2024-07-23T20:36:39.723+0000] {logging_mixin.py:137} INFO - [2024-07-23T20:36:39.723+0000] {dag.py:2690} INFO - Sync 1 DAGs
[2024-07-23T20:36:39.749+0000] {logging_mixin.py:137} INFO - [2024-07-23T20:36:39.749+0000] {dag.py:3441} INFO - Setting next_dagrun for tutorial_dag to None, run_after=None
[2024-07-23T20:36:39.774+0000] {processor.py:175} INFO - Processing /home/airflow/.local/lib/python3.7/site-packages/airflow/example_dags/tutorial_dag.py took 0.127 seconds
