[2024-07-23T20:30:29.307+0000] {processor.py:153} INFO - Started process (PID=40) to work on /home/airflow/.local/lib/python3.7/site-packages/airflow/example_dags/tutorial_taskflow_api.py
[2024-07-23T20:30:29.312+0000] {processor.py:743} INFO - Processing file /home/airflow/.local/lib/python3.7/site-packages/airflow/example_dags/tutorial_taskflow_api.py for tasks to queue
[2024-07-23T20:30:29.316+0000] {logging_mixin.py:137} INFO - [2024-07-23T20:30:29.316+0000] {dagbag.py:538} INFO - Filling up the DagBag from /home/airflow/.local/lib/python3.7/site-packages/airflow/example_dags/tutorial_taskflow_api.py
[2024-07-23T20:30:29.402+0000] {processor.py:753} INFO - DAG(s) dict_keys(['tutorial_taskflow_api']) retrieved from /home/airflow/.local/lib/python3.7/site-packages/airflow/example_dags/tutorial_taskflow_api.py
[2024-07-23T20:30:29.525+0000] {logging_mixin.py:137} INFO - [2024-07-23T20:30:29.525+0000] {manager.py:504} INFO - Created Permission View: can read on DAG:tutorial_taskflow_api
[2024-07-23T20:30:29.543+0000] {logging_mixin.py:137} INFO - [2024-07-23T20:30:29.542+0000] {manager.py:504} INFO - Created Permission View: can delete on DAG:tutorial_taskflow_api
[2024-07-23T20:30:29.555+0000] {logging_mixin.py:137} INFO - [2024-07-23T20:30:29.555+0000] {manager.py:504} INFO - Created Permission View: can edit on DAG:tutorial_taskflow_api
[2024-07-23T20:30:29.559+0000] {logging_mixin.py:137} INFO - [2024-07-23T20:30:29.559+0000] {dag.py:2690} INFO - Sync 1 DAGs
[2024-07-23T20:30:29.585+0000] {logging_mixin.py:137} INFO - [2024-07-23T20:30:29.585+0000] {dag.py:2711} INFO - Creating ORM DAG for tutorial_taskflow_api
[2024-07-23T20:30:29.598+0000] {logging_mixin.py:137} INFO - [2024-07-23T20:30:29.598+0000] {dag.py:3441} INFO - Setting next_dagrun for tutorial_taskflow_api to None, run_after=None
[2024-07-23T20:30:29.654+0000] {processor.py:175} INFO - Processing /home/airflow/.local/lib/python3.7/site-packages/airflow/example_dags/tutorial_taskflow_api.py took 0.352 seconds
[2024-07-23T20:31:00.052+0000] {processor.py:153} INFO - Started process (PID=127) to work on /home/airflow/.local/lib/python3.7/site-packages/airflow/example_dags/tutorial_taskflow_api.py
[2024-07-23T20:31:00.053+0000] {processor.py:743} INFO - Processing file /home/airflow/.local/lib/python3.7/site-packages/airflow/example_dags/tutorial_taskflow_api.py for tasks to queue
[2024-07-23T20:31:00.053+0000] {logging_mixin.py:137} INFO - [2024-07-23T20:31:00.053+0000] {dagbag.py:538} INFO - Filling up the DagBag from /home/airflow/.local/lib/python3.7/site-packages/airflow/example_dags/tutorial_taskflow_api.py
[2024-07-23T20:31:00.065+0000] {processor.py:753} INFO - DAG(s) dict_keys(['tutorial_taskflow_api']) retrieved from /home/airflow/.local/lib/python3.7/site-packages/airflow/example_dags/tutorial_taskflow_api.py
[2024-07-23T20:31:00.084+0000] {logging_mixin.py:137} INFO - [2024-07-23T20:31:00.084+0000] {dag.py:2690} INFO - Sync 1 DAGs
[2024-07-23T20:31:00.128+0000] {logging_mixin.py:137} INFO - [2024-07-23T20:31:00.128+0000] {dag.py:3441} INFO - Setting next_dagrun for tutorial_taskflow_api to None, run_after=None
[2024-07-23T20:31:00.170+0000] {processor.py:175} INFO - Processing /home/airflow/.local/lib/python3.7/site-packages/airflow/example_dags/tutorial_taskflow_api.py took 0.120 seconds
[2024-07-23T20:31:30.712+0000] {processor.py:153} INFO - Started process (PID=214) to work on /home/airflow/.local/lib/python3.7/site-packages/airflow/example_dags/tutorial_taskflow_api.py
[2024-07-23T20:31:30.713+0000] {processor.py:743} INFO - Processing file /home/airflow/.local/lib/python3.7/site-packages/airflow/example_dags/tutorial_taskflow_api.py for tasks to queue
[2024-07-23T20:31:30.713+0000] {logging_mixin.py:137} INFO - [2024-07-23T20:31:30.713+0000] {dagbag.py:538} INFO - Filling up the DagBag from /home/airflow/.local/lib/python3.7/site-packages/airflow/example_dags/tutorial_taskflow_api.py
[2024-07-23T20:31:30.725+0000] {processor.py:753} INFO - DAG(s) dict_keys(['tutorial_taskflow_api']) retrieved from /home/airflow/.local/lib/python3.7/site-packages/airflow/example_dags/tutorial_taskflow_api.py
[2024-07-23T20:31:30.743+0000] {logging_mixin.py:137} INFO - [2024-07-23T20:31:30.743+0000] {dag.py:2690} INFO - Sync 1 DAGs
[2024-07-23T20:31:30.758+0000] {logging_mixin.py:137} INFO - [2024-07-23T20:31:30.758+0000] {dag.py:3441} INFO - Setting next_dagrun for tutorial_taskflow_api to None, run_after=None
[2024-07-23T20:31:30.771+0000] {processor.py:175} INFO - Processing /home/airflow/.local/lib/python3.7/site-packages/airflow/example_dags/tutorial_taskflow_api.py took 0.060 seconds
[2024-07-23T20:32:01.285+0000] {processor.py:153} INFO - Started process (PID=285) to work on /home/airflow/.local/lib/python3.7/site-packages/airflow/example_dags/tutorial_taskflow_api.py
[2024-07-23T20:32:01.286+0000] {processor.py:743} INFO - Processing file /home/airflow/.local/lib/python3.7/site-packages/airflow/example_dags/tutorial_taskflow_api.py for tasks to queue
[2024-07-23T20:32:01.286+0000] {logging_mixin.py:137} INFO - [2024-07-23T20:32:01.286+0000] {dagbag.py:538} INFO - Filling up the DagBag from /home/airflow/.local/lib/python3.7/site-packages/airflow/example_dags/tutorial_taskflow_api.py
[2024-07-23T20:32:01.298+0000] {processor.py:753} INFO - DAG(s) dict_keys(['tutorial_taskflow_api']) retrieved from /home/airflow/.local/lib/python3.7/site-packages/airflow/example_dags/tutorial_taskflow_api.py
[2024-07-23T20:32:01.314+0000] {logging_mixin.py:137} INFO - [2024-07-23T20:32:01.314+0000] {dag.py:2690} INFO - Sync 1 DAGs
[2024-07-23T20:32:01.328+0000] {logging_mixin.py:137} INFO - [2024-07-23T20:32:01.328+0000] {dag.py:3441} INFO - Setting next_dagrun for tutorial_taskflow_api to None, run_after=None
[2024-07-23T20:32:01.341+0000] {processor.py:175} INFO - Processing /home/airflow/.local/lib/python3.7/site-packages/airflow/example_dags/tutorial_taskflow_api.py took 0.058 seconds
[2024-07-23T20:32:32.048+0000] {processor.py:153} INFO - Started process (PID=372) to work on /home/airflow/.local/lib/python3.7/site-packages/airflow/example_dags/tutorial_taskflow_api.py
[2024-07-23T20:32:32.050+0000] {processor.py:743} INFO - Processing file /home/airflow/.local/lib/python3.7/site-packages/airflow/example_dags/tutorial_taskflow_api.py for tasks to queue
[2024-07-23T20:32:32.050+0000] {logging_mixin.py:137} INFO - [2024-07-23T20:32:32.050+0000] {dagbag.py:538} INFO - Filling up the DagBag from /home/airflow/.local/lib/python3.7/site-packages/airflow/example_dags/tutorial_taskflow_api.py
[2024-07-23T20:32:32.061+0000] {processor.py:753} INFO - DAG(s) dict_keys(['tutorial_taskflow_api']) retrieved from /home/airflow/.local/lib/python3.7/site-packages/airflow/example_dags/tutorial_taskflow_api.py
[2024-07-23T20:32:32.078+0000] {logging_mixin.py:137} INFO - [2024-07-23T20:32:32.078+0000] {dag.py:2690} INFO - Sync 1 DAGs
[2024-07-23T20:32:32.089+0000] {logging_mixin.py:137} INFO - [2024-07-23T20:32:32.089+0000] {dag.py:3441} INFO - Setting next_dagrun for tutorial_taskflow_api to None, run_after=None
[2024-07-23T20:32:32.103+0000] {processor.py:175} INFO - Processing /home/airflow/.local/lib/python3.7/site-packages/airflow/example_dags/tutorial_taskflow_api.py took 0.056 seconds
[2024-07-23T20:33:02.774+0000] {processor.py:153} INFO - Started process (PID=458) to work on /home/airflow/.local/lib/python3.7/site-packages/airflow/example_dags/tutorial_taskflow_api.py
[2024-07-23T20:33:02.776+0000] {processor.py:743} INFO - Processing file /home/airflow/.local/lib/python3.7/site-packages/airflow/example_dags/tutorial_taskflow_api.py for tasks to queue
[2024-07-23T20:33:02.777+0000] {logging_mixin.py:137} INFO - [2024-07-23T20:33:02.776+0000] {dagbag.py:538} INFO - Filling up the DagBag from /home/airflow/.local/lib/python3.7/site-packages/airflow/example_dags/tutorial_taskflow_api.py
[2024-07-23T20:33:02.791+0000] {processor.py:753} INFO - DAG(s) dict_keys(['tutorial_taskflow_api']) retrieved from /home/airflow/.local/lib/python3.7/site-packages/airflow/example_dags/tutorial_taskflow_api.py
[2024-07-23T20:33:02.806+0000] {logging_mixin.py:137} INFO - [2024-07-23T20:33:02.806+0000] {dag.py:2690} INFO - Sync 1 DAGs
[2024-07-23T20:33:02.821+0000] {logging_mixin.py:137} INFO - [2024-07-23T20:33:02.821+0000] {dag.py:3441} INFO - Setting next_dagrun for tutorial_taskflow_api to None, run_after=None
[2024-07-23T20:33:02.835+0000] {processor.py:175} INFO - Processing /home/airflow/.local/lib/python3.7/site-packages/airflow/example_dags/tutorial_taskflow_api.py took 0.064 seconds
[2024-07-23T20:33:33.428+0000] {processor.py:153} INFO - Started process (PID=545) to work on /home/airflow/.local/lib/python3.7/site-packages/airflow/example_dags/tutorial_taskflow_api.py
[2024-07-23T20:33:33.429+0000] {processor.py:743} INFO - Processing file /home/airflow/.local/lib/python3.7/site-packages/airflow/example_dags/tutorial_taskflow_api.py for tasks to queue
[2024-07-23T20:33:33.429+0000] {logging_mixin.py:137} INFO - [2024-07-23T20:33:33.429+0000] {dagbag.py:538} INFO - Filling up the DagBag from /home/airflow/.local/lib/python3.7/site-packages/airflow/example_dags/tutorial_taskflow_api.py
[2024-07-23T20:33:33.441+0000] {processor.py:753} INFO - DAG(s) dict_keys(['tutorial_taskflow_api']) retrieved from /home/airflow/.local/lib/python3.7/site-packages/airflow/example_dags/tutorial_taskflow_api.py
[2024-07-23T20:33:33.460+0000] {logging_mixin.py:137} INFO - [2024-07-23T20:33:33.460+0000] {dag.py:2690} INFO - Sync 1 DAGs
[2024-07-23T20:33:33.478+0000] {logging_mixin.py:137} INFO - [2024-07-23T20:33:33.478+0000] {dag.py:3441} INFO - Setting next_dagrun for tutorial_taskflow_api to None, run_after=None
[2024-07-23T20:33:33.496+0000] {processor.py:175} INFO - Processing /home/airflow/.local/lib/python3.7/site-packages/airflow/example_dags/tutorial_taskflow_api.py took 0.070 seconds
[2024-07-23T20:34:03.995+0000] {processor.py:153} INFO - Started process (PID=616) to work on /home/airflow/.local/lib/python3.7/site-packages/airflow/example_dags/tutorial_taskflow_api.py
[2024-07-23T20:34:03.995+0000] {processor.py:743} INFO - Processing file /home/airflow/.local/lib/python3.7/site-packages/airflow/example_dags/tutorial_taskflow_api.py for tasks to queue
[2024-07-23T20:34:03.996+0000] {logging_mixin.py:137} INFO - [2024-07-23T20:34:03.995+0000] {dagbag.py:538} INFO - Filling up the DagBag from /home/airflow/.local/lib/python3.7/site-packages/airflow/example_dags/tutorial_taskflow_api.py
[2024-07-23T20:34:04.007+0000] {processor.py:753} INFO - DAG(s) dict_keys(['tutorial_taskflow_api']) retrieved from /home/airflow/.local/lib/python3.7/site-packages/airflow/example_dags/tutorial_taskflow_api.py
[2024-07-23T20:34:04.020+0000] {logging_mixin.py:137} INFO - [2024-07-23T20:34:04.020+0000] {dag.py:2690} INFO - Sync 1 DAGs
[2024-07-23T20:34:04.035+0000] {logging_mixin.py:137} INFO - [2024-07-23T20:34:04.034+0000] {dag.py:3441} INFO - Setting next_dagrun for tutorial_taskflow_api to None, run_after=None
[2024-07-23T20:34:04.048+0000] {processor.py:175} INFO - Processing /home/airflow/.local/lib/python3.7/site-packages/airflow/example_dags/tutorial_taskflow_api.py took 0.055 seconds
[2024-07-23T20:34:34.712+0000] {processor.py:153} INFO - Started process (PID=703) to work on /home/airflow/.local/lib/python3.7/site-packages/airflow/example_dags/tutorial_taskflow_api.py
[2024-07-23T20:34:34.713+0000] {processor.py:743} INFO - Processing file /home/airflow/.local/lib/python3.7/site-packages/airflow/example_dags/tutorial_taskflow_api.py for tasks to queue
[2024-07-23T20:34:34.713+0000] {logging_mixin.py:137} INFO - [2024-07-23T20:34:34.713+0000] {dagbag.py:538} INFO - Filling up the DagBag from /home/airflow/.local/lib/python3.7/site-packages/airflow/example_dags/tutorial_taskflow_api.py
[2024-07-23T20:34:34.723+0000] {processor.py:753} INFO - DAG(s) dict_keys(['tutorial_taskflow_api']) retrieved from /home/airflow/.local/lib/python3.7/site-packages/airflow/example_dags/tutorial_taskflow_api.py
[2024-07-23T20:34:34.743+0000] {logging_mixin.py:137} INFO - [2024-07-23T20:34:34.743+0000] {dag.py:2690} INFO - Sync 1 DAGs
[2024-07-23T20:34:34.755+0000] {logging_mixin.py:137} INFO - [2024-07-23T20:34:34.755+0000] {dag.py:3441} INFO - Setting next_dagrun for tutorial_taskflow_api to None, run_after=None
[2024-07-23T20:34:34.769+0000] {processor.py:175} INFO - Processing /home/airflow/.local/lib/python3.7/site-packages/airflow/example_dags/tutorial_taskflow_api.py took 0.059 seconds
[2024-07-23T20:35:05.251+0000] {processor.py:153} INFO - Started process (PID=790) to work on /home/airflow/.local/lib/python3.7/site-packages/airflow/example_dags/tutorial_taskflow_api.py
[2024-07-23T20:35:05.253+0000] {processor.py:743} INFO - Processing file /home/airflow/.local/lib/python3.7/site-packages/airflow/example_dags/tutorial_taskflow_api.py for tasks to queue
[2024-07-23T20:35:05.253+0000] {logging_mixin.py:137} INFO - [2024-07-23T20:35:05.253+0000] {dagbag.py:538} INFO - Filling up the DagBag from /home/airflow/.local/lib/python3.7/site-packages/airflow/example_dags/tutorial_taskflow_api.py
[2024-07-23T20:35:05.263+0000] {processor.py:753} INFO - DAG(s) dict_keys(['tutorial_taskflow_api']) retrieved from /home/airflow/.local/lib/python3.7/site-packages/airflow/example_dags/tutorial_taskflow_api.py
[2024-07-23T20:35:05.280+0000] {logging_mixin.py:137} INFO - [2024-07-23T20:35:05.280+0000] {dag.py:2690} INFO - Sync 1 DAGs
[2024-07-23T20:35:05.292+0000] {logging_mixin.py:137} INFO - [2024-07-23T20:35:05.291+0000] {dag.py:3441} INFO - Setting next_dagrun for tutorial_taskflow_api to None, run_after=None
[2024-07-23T20:35:05.306+0000] {processor.py:175} INFO - Processing /home/airflow/.local/lib/python3.7/site-packages/airflow/example_dags/tutorial_taskflow_api.py took 0.057 seconds
[2024-07-23T20:35:35.880+0000] {processor.py:153} INFO - Started process (PID=867) to work on /home/airflow/.local/lib/python3.7/site-packages/airflow/example_dags/tutorial_taskflow_api.py
[2024-07-23T20:35:35.884+0000] {processor.py:743} INFO - Processing file /home/airflow/.local/lib/python3.7/site-packages/airflow/example_dags/tutorial_taskflow_api.py for tasks to queue
[2024-07-23T20:35:35.885+0000] {logging_mixin.py:137} INFO - [2024-07-23T20:35:35.885+0000] {dagbag.py:538} INFO - Filling up the DagBag from /home/airflow/.local/lib/python3.7/site-packages/airflow/example_dags/tutorial_taskflow_api.py
[2024-07-23T20:35:35.896+0000] {processor.py:753} INFO - DAG(s) dict_keys(['tutorial_taskflow_api']) retrieved from /home/airflow/.local/lib/python3.7/site-packages/airflow/example_dags/tutorial_taskflow_api.py
[2024-07-23T20:35:35.907+0000] {logging_mixin.py:137} INFO - [2024-07-23T20:35:35.907+0000] {dag.py:2690} INFO - Sync 1 DAGs
[2024-07-23T20:35:35.921+0000] {logging_mixin.py:137} INFO - [2024-07-23T20:35:35.921+0000] {dag.py:3441} INFO - Setting next_dagrun for tutorial_taskflow_api to None, run_after=None
[2024-07-23T20:35:35.930+0000] {processor.py:175} INFO - Processing /home/airflow/.local/lib/python3.7/site-packages/airflow/example_dags/tutorial_taskflow_api.py took 0.051 seconds
[2024-07-23T20:36:06.497+0000] {processor.py:153} INFO - Started process (PID=948) to work on /home/airflow/.local/lib/python3.7/site-packages/airflow/example_dags/tutorial_taskflow_api.py
[2024-07-23T20:36:06.498+0000] {processor.py:743} INFO - Processing file /home/airflow/.local/lib/python3.7/site-packages/airflow/example_dags/tutorial_taskflow_api.py for tasks to queue
[2024-07-23T20:36:06.498+0000] {logging_mixin.py:137} INFO - [2024-07-23T20:36:06.498+0000] {dagbag.py:538} INFO - Filling up the DagBag from /home/airflow/.local/lib/python3.7/site-packages/airflow/example_dags/tutorial_taskflow_api.py
[2024-07-23T20:36:06.508+0000] {processor.py:753} INFO - DAG(s) dict_keys(['tutorial_taskflow_api']) retrieved from /home/airflow/.local/lib/python3.7/site-packages/airflow/example_dags/tutorial_taskflow_api.py
[2024-07-23T20:36:06.520+0000] {logging_mixin.py:137} INFO - [2024-07-23T20:36:06.520+0000] {dag.py:2690} INFO - Sync 1 DAGs
[2024-07-23T20:36:06.531+0000] {logging_mixin.py:137} INFO - [2024-07-23T20:36:06.531+0000] {dag.py:3441} INFO - Setting next_dagrun for tutorial_taskflow_api to None, run_after=None
[2024-07-23T20:36:06.539+0000] {processor.py:175} INFO - Processing /home/airflow/.local/lib/python3.7/site-packages/airflow/example_dags/tutorial_taskflow_api.py took 0.044 seconds
[2024-07-23T20:36:36.943+0000] {processor.py:153} INFO - Started process (PID=1035) to work on /home/airflow/.local/lib/python3.7/site-packages/airflow/example_dags/tutorial_taskflow_api.py
[2024-07-23T20:36:36.947+0000] {processor.py:743} INFO - Processing file /home/airflow/.local/lib/python3.7/site-packages/airflow/example_dags/tutorial_taskflow_api.py for tasks to queue
[2024-07-23T20:36:36.947+0000] {logging_mixin.py:137} INFO - [2024-07-23T20:36:36.947+0000] {dagbag.py:538} INFO - Filling up the DagBag from /home/airflow/.local/lib/python3.7/site-packages/airflow/example_dags/tutorial_taskflow_api.py
[2024-07-23T20:36:36.957+0000] {processor.py:753} INFO - DAG(s) dict_keys(['tutorial_taskflow_api']) retrieved from /home/airflow/.local/lib/python3.7/site-packages/airflow/example_dags/tutorial_taskflow_api.py
[2024-07-23T20:36:36.968+0000] {logging_mixin.py:137} INFO - [2024-07-23T20:36:36.968+0000] {dag.py:2690} INFO - Sync 1 DAGs
[2024-07-23T20:36:36.979+0000] {logging_mixin.py:137} INFO - [2024-07-23T20:36:36.979+0000] {dag.py:3441} INFO - Setting next_dagrun for tutorial_taskflow_api to None, run_after=None
[2024-07-23T20:36:36.988+0000] {processor.py:175} INFO - Processing /home/airflow/.local/lib/python3.7/site-packages/airflow/example_dags/tutorial_taskflow_api.py took 0.046 seconds
