[2024-07-23T20:30:29.674+0000] {processor.py:153} INFO - Started process (PID=42) to work on /home/airflow/.local/lib/python3.7/site-packages/airflow/example_dags/tutorial.py
[2024-07-23T20:30:29.676+0000] {processor.py:743} INFO - Processing file /home/airflow/.local/lib/python3.7/site-packages/airflow/example_dags/tutorial.py for tasks to queue
[2024-07-23T20:30:29.683+0000] {logging_mixin.py:137} INFO - [2024-07-23T20:30:29.683+0000] {dagbag.py:538} INFO - Filling up the DagBag from /home/airflow/.local/lib/python3.7/site-packages/airflow/example_dags/tutorial.py
[2024-07-23T20:30:29.726+0000] {processor.py:753} INFO - DAG(s) dict_keys(['tutorial']) retrieved from /home/airflow/.local/lib/python3.7/site-packages/airflow/example_dags/tutorial.py
[2024-07-23T20:30:29.902+0000] {logging_mixin.py:137} INFO - [2024-07-23T20:30:29.902+0000] {manager.py:504} INFO - Created Permission View: can read on DAG:tutorial
[2024-07-23T20:30:29.913+0000] {logging_mixin.py:137} INFO - [2024-07-23T20:30:29.912+0000] {manager.py:504} INFO - Created Permission View: can delete on DAG:tutorial
[2024-07-23T20:30:29.924+0000] {logging_mixin.py:137} INFO - [2024-07-23T20:30:29.924+0000] {manager.py:504} INFO - Created Permission View: can edit on DAG:tutorial
[2024-07-23T20:30:29.925+0000] {logging_mixin.py:137} INFO - [2024-07-23T20:30:29.925+0000] {dag.py:2690} INFO - Sync 1 DAGs
[2024-07-23T20:30:29.951+0000] {logging_mixin.py:137} INFO - [2024-07-23T20:30:29.951+0000] {dag.py:2711} INFO - Creating ORM DAG for tutorial
[2024-07-23T20:30:29.966+0000] {logging_mixin.py:137} INFO - [2024-07-23T20:30:29.966+0000] {dag.py:3441} INFO - Setting next_dagrun for tutorial to 2024-07-22T20:30:29.966547+00:00, run_after=2024-07-23T20:30:29.966547+00:00
[2024-07-23T20:30:29.993+0000] {processor.py:175} INFO - Processing /home/airflow/.local/lib/python3.7/site-packages/airflow/example_dags/tutorial.py took 0.326 seconds
[2024-07-23T20:31:00.181+0000] {processor.py:153} INFO - Started process (PID=129) to work on /home/airflow/.local/lib/python3.7/site-packages/airflow/example_dags/tutorial.py
[2024-07-23T20:31:00.181+0000] {processor.py:743} INFO - Processing file /home/airflow/.local/lib/python3.7/site-packages/airflow/example_dags/tutorial.py for tasks to queue
[2024-07-23T20:31:00.182+0000] {logging_mixin.py:137} INFO - [2024-07-23T20:31:00.182+0000] {dagbag.py:538} INFO - Filling up the DagBag from /home/airflow/.local/lib/python3.7/site-packages/airflow/example_dags/tutorial.py
[2024-07-23T20:31:00.211+0000] {processor.py:753} INFO - DAG(s) dict_keys(['tutorial']) retrieved from /home/airflow/.local/lib/python3.7/site-packages/airflow/example_dags/tutorial.py
[2024-07-23T20:31:00.236+0000] {logging_mixin.py:137} INFO - [2024-07-23T20:31:00.236+0000] {dag.py:2690} INFO - Sync 1 DAGs
[2024-07-23T20:31:00.249+0000] {logging_mixin.py:137} INFO - [2024-07-23T20:31:00.249+0000] {dag.py:3441} INFO - Setting next_dagrun for tutorial to 2024-07-22T20:31:00.248910+00:00, run_after=2024-07-23T20:31:00.248910+00:00
[2024-07-23T20:31:00.264+0000] {processor.py:175} INFO - Processing /home/airflow/.local/lib/python3.7/site-packages/airflow/example_dags/tutorial.py took 0.085 seconds
[2024-07-23T20:31:30.781+0000] {processor.py:153} INFO - Started process (PID=216) to work on /home/airflow/.local/lib/python3.7/site-packages/airflow/example_dags/tutorial.py
[2024-07-23T20:31:30.781+0000] {processor.py:743} INFO - Processing file /home/airflow/.local/lib/python3.7/site-packages/airflow/example_dags/tutorial.py for tasks to queue
[2024-07-23T20:31:30.782+0000] {logging_mixin.py:137} INFO - [2024-07-23T20:31:30.782+0000] {dagbag.py:538} INFO - Filling up the DagBag from /home/airflow/.local/lib/python3.7/site-packages/airflow/example_dags/tutorial.py
[2024-07-23T20:31:30.789+0000] {processor.py:753} INFO - DAG(s) dict_keys(['tutorial']) retrieved from /home/airflow/.local/lib/python3.7/site-packages/airflow/example_dags/tutorial.py
[2024-07-23T20:31:30.807+0000] {logging_mixin.py:137} INFO - [2024-07-23T20:31:30.806+0000] {dag.py:2690} INFO - Sync 1 DAGs
[2024-07-23T20:31:30.820+0000] {logging_mixin.py:137} INFO - [2024-07-23T20:31:30.820+0000] {dag.py:3441} INFO - Setting next_dagrun for tutorial to 2024-07-22T20:31:30.819858+00:00, run_after=2024-07-23T20:31:30.819858+00:00
[2024-07-23T20:31:30.834+0000] {processor.py:175} INFO - Processing /home/airflow/.local/lib/python3.7/site-packages/airflow/example_dags/tutorial.py took 0.055 seconds
[2024-07-23T20:32:01.354+0000] {processor.py:153} INFO - Started process (PID=287) to work on /home/airflow/.local/lib/python3.7/site-packages/airflow/example_dags/tutorial.py
[2024-07-23T20:32:01.354+0000] {processor.py:743} INFO - Processing file /home/airflow/.local/lib/python3.7/site-packages/airflow/example_dags/tutorial.py for tasks to queue
[2024-07-23T20:32:01.355+0000] {logging_mixin.py:137} INFO - [2024-07-23T20:32:01.355+0000] {dagbag.py:538} INFO - Filling up the DagBag from /home/airflow/.local/lib/python3.7/site-packages/airflow/example_dags/tutorial.py
[2024-07-23T20:32:01.363+0000] {processor.py:753} INFO - DAG(s) dict_keys(['tutorial']) retrieved from /home/airflow/.local/lib/python3.7/site-packages/airflow/example_dags/tutorial.py
[2024-07-23T20:32:01.382+0000] {logging_mixin.py:137} INFO - [2024-07-23T20:32:01.382+0000] {dag.py:2690} INFO - Sync 1 DAGs
[2024-07-23T20:32:01.398+0000] {logging_mixin.py:137} INFO - [2024-07-23T20:32:01.398+0000] {dag.py:3441} INFO - Setting next_dagrun for tutorial to 2024-07-22T20:32:01.398334+00:00, run_after=2024-07-23T20:32:01.398334+00:00
[2024-07-23T20:32:01.412+0000] {processor.py:175} INFO - Processing /home/airflow/.local/lib/python3.7/site-packages/airflow/example_dags/tutorial.py took 0.059 seconds
[2024-07-23T20:32:32.155+0000] {processor.py:153} INFO - Started process (PID=374) to work on /home/airflow/.local/lib/python3.7/site-packages/airflow/example_dags/tutorial.py
[2024-07-23T20:32:32.155+0000] {processor.py:743} INFO - Processing file /home/airflow/.local/lib/python3.7/site-packages/airflow/example_dags/tutorial.py for tasks to queue
[2024-07-23T20:32:32.156+0000] {logging_mixin.py:137} INFO - [2024-07-23T20:32:32.155+0000] {dagbag.py:538} INFO - Filling up the DagBag from /home/airflow/.local/lib/python3.7/site-packages/airflow/example_dags/tutorial.py
[2024-07-23T20:32:32.164+0000] {processor.py:753} INFO - DAG(s) dict_keys(['tutorial']) retrieved from /home/airflow/.local/lib/python3.7/site-packages/airflow/example_dags/tutorial.py
[2024-07-23T20:32:32.178+0000] {logging_mixin.py:137} INFO - [2024-07-23T20:32:32.178+0000] {dag.py:2690} INFO - Sync 1 DAGs
[2024-07-23T20:32:32.189+0000] {logging_mixin.py:137} INFO - [2024-07-23T20:32:32.189+0000] {dag.py:3441} INFO - Setting next_dagrun for tutorial to 2024-07-22T20:32:32.189385+00:00, run_after=2024-07-23T20:32:32.189385+00:00
[2024-07-23T20:32:32.200+0000] {processor.py:175} INFO - Processing /home/airflow/.local/lib/python3.7/site-packages/airflow/example_dags/tutorial.py took 0.047 seconds
[2024-07-23T20:33:02.842+0000] {processor.py:153} INFO - Started process (PID=460) to work on /home/airflow/.local/lib/python3.7/site-packages/airflow/example_dags/tutorial.py
[2024-07-23T20:33:02.842+0000] {processor.py:743} INFO - Processing file /home/airflow/.local/lib/python3.7/site-packages/airflow/example_dags/tutorial.py for tasks to queue
[2024-07-23T20:33:02.843+0000] {logging_mixin.py:137} INFO - [2024-07-23T20:33:02.843+0000] {dagbag.py:538} INFO - Filling up the DagBag from /home/airflow/.local/lib/python3.7/site-packages/airflow/example_dags/tutorial.py
[2024-07-23T20:33:02.850+0000] {processor.py:753} INFO - DAG(s) dict_keys(['tutorial']) retrieved from /home/airflow/.local/lib/python3.7/site-packages/airflow/example_dags/tutorial.py
[2024-07-23T20:33:02.862+0000] {logging_mixin.py:137} INFO - [2024-07-23T20:33:02.861+0000] {dag.py:2690} INFO - Sync 1 DAGs
[2024-07-23T20:33:02.872+0000] {logging_mixin.py:137} INFO - [2024-07-23T20:33:02.872+0000] {dag.py:3441} INFO - Setting next_dagrun for tutorial to 2024-07-22T20:33:02.872530+00:00, run_after=2024-07-23T20:33:02.872530+00:00
[2024-07-23T20:33:02.881+0000] {processor.py:175} INFO - Processing /home/airflow/.local/lib/python3.7/site-packages/airflow/example_dags/tutorial.py took 0.041 seconds
[2024-07-23T20:33:33.512+0000] {processor.py:153} INFO - Started process (PID=547) to work on /home/airflow/.local/lib/python3.7/site-packages/airflow/example_dags/tutorial.py
[2024-07-23T20:33:33.513+0000] {processor.py:743} INFO - Processing file /home/airflow/.local/lib/python3.7/site-packages/airflow/example_dags/tutorial.py for tasks to queue
[2024-07-23T20:33:33.513+0000] {logging_mixin.py:137} INFO - [2024-07-23T20:33:33.513+0000] {dagbag.py:538} INFO - Filling up the DagBag from /home/airflow/.local/lib/python3.7/site-packages/airflow/example_dags/tutorial.py
[2024-07-23T20:33:33.519+0000] {processor.py:753} INFO - DAG(s) dict_keys(['tutorial']) retrieved from /home/airflow/.local/lib/python3.7/site-packages/airflow/example_dags/tutorial.py
[2024-07-23T20:33:33.533+0000] {logging_mixin.py:137} INFO - [2024-07-23T20:33:33.533+0000] {dag.py:2690} INFO - Sync 1 DAGs
[2024-07-23T20:33:33.545+0000] {logging_mixin.py:137} INFO - [2024-07-23T20:33:33.545+0000] {dag.py:3441} INFO - Setting next_dagrun for tutorial to 2024-07-22T20:33:33.545083+00:00, run_after=2024-07-23T20:33:33.545083+00:00
[2024-07-23T20:33:33.553+0000] {processor.py:175} INFO - Processing /home/airflow/.local/lib/python3.7/site-packages/airflow/example_dags/tutorial.py took 0.043 seconds
[2024-07-23T20:34:04.058+0000] {processor.py:153} INFO - Started process (PID=618) to work on /home/airflow/.local/lib/python3.7/site-packages/airflow/example_dags/tutorial.py
[2024-07-23T20:34:04.058+0000] {processor.py:743} INFO - Processing file /home/airflow/.local/lib/python3.7/site-packages/airflow/example_dags/tutorial.py for tasks to queue
[2024-07-23T20:34:04.058+0000] {logging_mixin.py:137} INFO - [2024-07-23T20:34:04.058+0000] {dagbag.py:538} INFO - Filling up the DagBag from /home/airflow/.local/lib/python3.7/site-packages/airflow/example_dags/tutorial.py
[2024-07-23T20:34:04.065+0000] {processor.py:753} INFO - DAG(s) dict_keys(['tutorial']) retrieved from /home/airflow/.local/lib/python3.7/site-packages/airflow/example_dags/tutorial.py
[2024-07-23T20:34:04.077+0000] {logging_mixin.py:137} INFO - [2024-07-23T20:34:04.077+0000] {dag.py:2690} INFO - Sync 1 DAGs
[2024-07-23T20:34:04.088+0000] {logging_mixin.py:137} INFO - [2024-07-23T20:34:04.088+0000] {dag.py:3441} INFO - Setting next_dagrun for tutorial to 2024-07-22T20:34:04.088098+00:00, run_after=2024-07-23T20:34:04.088098+00:00
[2024-07-23T20:34:04.096+0000] {processor.py:175} INFO - Processing /home/airflow/.local/lib/python3.7/site-packages/airflow/example_dags/tutorial.py took 0.040 seconds
[2024-07-23T20:34:34.775+0000] {processor.py:153} INFO - Started process (PID=705) to work on /home/airflow/.local/lib/python3.7/site-packages/airflow/example_dags/tutorial.py
[2024-07-23T20:34:34.776+0000] {processor.py:743} INFO - Processing file /home/airflow/.local/lib/python3.7/site-packages/airflow/example_dags/tutorial.py for tasks to queue
[2024-07-23T20:34:34.776+0000] {logging_mixin.py:137} INFO - [2024-07-23T20:34:34.776+0000] {dagbag.py:538} INFO - Filling up the DagBag from /home/airflow/.local/lib/python3.7/site-packages/airflow/example_dags/tutorial.py
[2024-07-23T20:34:34.783+0000] {processor.py:753} INFO - DAG(s) dict_keys(['tutorial']) retrieved from /home/airflow/.local/lib/python3.7/site-packages/airflow/example_dags/tutorial.py
[2024-07-23T20:34:34.800+0000] {logging_mixin.py:137} INFO - [2024-07-23T20:34:34.800+0000] {dag.py:2690} INFO - Sync 1 DAGs
[2024-07-23T20:34:34.812+0000] {logging_mixin.py:137} INFO - [2024-07-23T20:34:34.812+0000] {dag.py:3441} INFO - Setting next_dagrun for tutorial to 2024-07-22T20:34:34.811988+00:00, run_after=2024-07-23T20:34:34.811988+00:00
[2024-07-23T20:34:34.824+0000] {processor.py:175} INFO - Processing /home/airflow/.local/lib/python3.7/site-packages/airflow/example_dags/tutorial.py took 0.051 seconds
[2024-07-23T20:35:05.361+0000] {processor.py:153} INFO - Started process (PID=792) to work on /home/airflow/.local/lib/python3.7/site-packages/airflow/example_dags/tutorial.py
[2024-07-23T20:35:05.361+0000] {processor.py:743} INFO - Processing file /home/airflow/.local/lib/python3.7/site-packages/airflow/example_dags/tutorial.py for tasks to queue
[2024-07-23T20:35:05.362+0000] {logging_mixin.py:137} INFO - [2024-07-23T20:35:05.361+0000] {dagbag.py:538} INFO - Filling up the DagBag from /home/airflow/.local/lib/python3.7/site-packages/airflow/example_dags/tutorial.py
[2024-07-23T20:35:05.369+0000] {processor.py:753} INFO - DAG(s) dict_keys(['tutorial']) retrieved from /home/airflow/.local/lib/python3.7/site-packages/airflow/example_dags/tutorial.py
[2024-07-23T20:35:05.384+0000] {logging_mixin.py:137} INFO - [2024-07-23T20:35:05.384+0000] {dag.py:2690} INFO - Sync 1 DAGs
[2024-07-23T20:35:05.397+0000] {logging_mixin.py:137} INFO - [2024-07-23T20:35:05.397+0000] {dag.py:3441} INFO - Setting next_dagrun for tutorial to 2024-07-22T20:35:05.397077+00:00, run_after=2024-07-23T20:35:05.397077+00:00
[2024-07-23T20:35:05.407+0000] {processor.py:175} INFO - Processing /home/airflow/.local/lib/python3.7/site-packages/airflow/example_dags/tutorial.py took 0.048 seconds
[2024-07-23T20:35:35.941+0000] {processor.py:153} INFO - Started process (PID=870) to work on /home/airflow/.local/lib/python3.7/site-packages/airflow/example_dags/tutorial.py
[2024-07-23T20:35:35.946+0000] {processor.py:743} INFO - Processing file /home/airflow/.local/lib/python3.7/site-packages/airflow/example_dags/tutorial.py for tasks to queue
[2024-07-23T20:35:35.946+0000] {logging_mixin.py:137} INFO - [2024-07-23T20:35:35.946+0000] {dagbag.py:538} INFO - Filling up the DagBag from /home/airflow/.local/lib/python3.7/site-packages/airflow/example_dags/tutorial.py
[2024-07-23T20:35:35.953+0000] {processor.py:753} INFO - DAG(s) dict_keys(['tutorial']) retrieved from /home/airflow/.local/lib/python3.7/site-packages/airflow/example_dags/tutorial.py
[2024-07-23T20:35:35.965+0000] {logging_mixin.py:137} INFO - [2024-07-23T20:35:35.965+0000] {dag.py:2690} INFO - Sync 1 DAGs
[2024-07-23T20:35:35.979+0000] {logging_mixin.py:137} INFO - [2024-07-23T20:35:35.979+0000] {dag.py:3441} INFO - Setting next_dagrun for tutorial to 2024-07-22T20:35:35.979096+00:00, run_after=2024-07-23T20:35:35.979096+00:00
[2024-07-23T20:35:35.991+0000] {processor.py:175} INFO - Processing /home/airflow/.local/lib/python3.7/site-packages/airflow/example_dags/tutorial.py took 0.051 seconds
[2024-07-23T20:36:06.548+0000] {processor.py:153} INFO - Started process (PID=950) to work on /home/airflow/.local/lib/python3.7/site-packages/airflow/example_dags/tutorial.py
[2024-07-23T20:36:06.549+0000] {processor.py:743} INFO - Processing file /home/airflow/.local/lib/python3.7/site-packages/airflow/example_dags/tutorial.py for tasks to queue
[2024-07-23T20:36:06.550+0000] {logging_mixin.py:137} INFO - [2024-07-23T20:36:06.549+0000] {dagbag.py:538} INFO - Filling up the DagBag from /home/airflow/.local/lib/python3.7/site-packages/airflow/example_dags/tutorial.py
[2024-07-23T20:36:06.556+0000] {processor.py:753} INFO - DAG(s) dict_keys(['tutorial']) retrieved from /home/airflow/.local/lib/python3.7/site-packages/airflow/example_dags/tutorial.py
[2024-07-23T20:36:06.567+0000] {logging_mixin.py:137} INFO - [2024-07-23T20:36:06.567+0000] {dag.py:2690} INFO - Sync 1 DAGs
[2024-07-23T20:36:06.578+0000] {logging_mixin.py:137} INFO - [2024-07-23T20:36:06.578+0000] {dag.py:3441} INFO - Setting next_dagrun for tutorial to 2024-07-22T20:36:06.578340+00:00, run_after=2024-07-23T20:36:06.578340+00:00
[2024-07-23T20:36:06.586+0000] {processor.py:175} INFO - Processing /home/airflow/.local/lib/python3.7/site-packages/airflow/example_dags/tutorial.py took 0.039 seconds
[2024-07-23T20:36:36.999+0000] {processor.py:153} INFO - Started process (PID=1037) to work on /home/airflow/.local/lib/python3.7/site-packages/airflow/example_dags/tutorial.py
[2024-07-23T20:36:37.002+0000] {processor.py:743} INFO - Processing file /home/airflow/.local/lib/python3.7/site-packages/airflow/example_dags/tutorial.py for tasks to queue
[2024-07-23T20:36:37.002+0000] {logging_mixin.py:137} INFO - [2024-07-23T20:36:37.002+0000] {dagbag.py:538} INFO - Filling up the DagBag from /home/airflow/.local/lib/python3.7/site-packages/airflow/example_dags/tutorial.py
[2024-07-23T20:36:37.009+0000] {processor.py:753} INFO - DAG(s) dict_keys(['tutorial']) retrieved from /home/airflow/.local/lib/python3.7/site-packages/airflow/example_dags/tutorial.py
[2024-07-23T20:36:37.020+0000] {logging_mixin.py:137} INFO - [2024-07-23T20:36:37.020+0000] {dag.py:2690} INFO - Sync 1 DAGs
[2024-07-23T20:36:37.033+0000] {logging_mixin.py:137} INFO - [2024-07-23T20:36:37.033+0000] {dag.py:3441} INFO - Setting next_dagrun for tutorial to 2024-07-22T20:36:37.033532+00:00, run_after=2024-07-23T20:36:37.033532+00:00
[2024-07-23T20:36:37.041+0000] {processor.py:175} INFO - Processing /home/airflow/.local/lib/python3.7/site-packages/airflow/example_dags/tutorial.py took 0.044 seconds
