[2024-07-25T13:32:20.686+0000] {taskinstance.py:1083} INFO - Dependencies all met for <TaskInstance: execute_get_api_data_script.run_python_script manual__2024-07-25T13:32:20.123706+00:00 [queued]>
[2024-07-25T13:32:20.692+0000] {taskinstance.py:1083} INFO - Dependencies all met for <TaskInstance: execute_get_api_data_script.run_python_script manual__2024-07-25T13:32:20.123706+00:00 [queued]>
[2024-07-25T13:32:20.692+0000] {taskinstance.py:1279} INFO - 
--------------------------------------------------------------------------------
[2024-07-25T13:32:20.692+0000] {taskinstance.py:1280} INFO - Starting attempt 1 of 2
[2024-07-25T13:32:20.693+0000] {taskinstance.py:1281} INFO - 
--------------------------------------------------------------------------------
[2024-07-25T13:32:20.699+0000] {taskinstance.py:1300} INFO - Executing <Task(BashOperator): run_python_script> on 2024-07-25 13:32:20.123706+00:00
[2024-07-25T13:32:20.703+0000] {standard_task_runner.py:55} INFO - Started process 778 to run task
[2024-07-25T13:32:20.705+0000] {standard_task_runner.py:82} INFO - Running: ['***', 'tasks', 'run', 'execute_get_api_data_script', 'run_python_script', 'manual__2024-07-25T13:32:20.123706+00:00', '--job-id', '12', '--raw', '--subdir', 'DAGS_FOLDER/get_api_data_dag.py', '--cfg-path', '/tmp/tmpf8vtuv0i']
[2024-07-25T13:32:20.705+0000] {standard_task_runner.py:83} INFO - Job 12: Subtask run_python_script
[2024-07-25T13:32:20.743+0000] {task_command.py:388} INFO - Running <TaskInstance: execute_get_api_data_script.run_python_script manual__2024-07-25T13:32:20.123706+00:00 [running]> on host ebb7cd7d43b9
[2024-07-25T13:32:20.786+0000] {taskinstance.py:1509} INFO - Exporting the following env vars:
AIRFLOW_CTX_DAG_OWNER=miguelrezende
AIRFLOW_CTX_DAG_ID=execute_get_api_data_script
AIRFLOW_CTX_TASK_ID=run_python_script
AIRFLOW_CTX_EXECUTION_DATE=2024-07-25T13:32:20.123706+00:00
AIRFLOW_CTX_TRY_NUMBER=1
AIRFLOW_CTX_DAG_RUN_ID=manual__2024-07-25T13:32:20.123706+00:00
[2024-07-25T13:32:20.787+0000] {subprocess.py:63} INFO - Tmp dir root location: 
 /tmp
[2024-07-25T13:32:20.788+0000] {subprocess.py:75} INFO - Running command: ['/bin/bash', '-c', 'python3 /opt/***/python_scripts/get_api_data_script.py 2>&1']
[2024-07-25T13:32:20.794+0000] {subprocess.py:86} INFO - Output:
[2024-07-25T13:32:20.839+0000] {subprocess.py:93} INFO - BAZINGA
[2024-07-25T13:32:20.841+0000] {subprocess.py:97} INFO - Command exited with return code 0
[2024-07-25T13:32:20.856+0000] {taskinstance.py:1323} INFO - Marking task as SUCCESS. dag_id=execute_get_api_data_script, task_id=run_python_script, execution_date=20240725T133220, start_date=20240725T133220, end_date=20240725T133220
[2024-07-25T13:32:20.885+0000] {local_task_job.py:208} INFO - Task exited with return code 0
[2024-07-25T13:32:20.897+0000] {taskinstance.py:2578} INFO - 0 downstream tasks scheduled from follow-on schedule check
