[2024-07-25T13:27:46.355+0000] {taskinstance.py:1083} INFO - Dependencies all met for <TaskInstance: execute_get_api_data_script.run_python_script scheduled__2024-07-24T13:27:44.740703+00:00 [queued]>
[2024-07-25T13:27:46.360+0000] {taskinstance.py:1083} INFO - Dependencies all met for <TaskInstance: execute_get_api_data_script.run_python_script scheduled__2024-07-24T13:27:44.740703+00:00 [queued]>
[2024-07-25T13:27:46.360+0000] {taskinstance.py:1279} INFO - 
--------------------------------------------------------------------------------
[2024-07-25T13:27:46.360+0000] {taskinstance.py:1280} INFO - Starting attempt 1 of 2
[2024-07-25T13:27:46.360+0000] {taskinstance.py:1281} INFO - 
--------------------------------------------------------------------------------
[2024-07-25T13:27:46.365+0000] {taskinstance.py:1300} INFO - Executing <Task(BashOperator): run_python_script> on 2024-07-24 13:27:44.740703+00:00
[2024-07-25T13:27:46.368+0000] {standard_task_runner.py:55} INFO - Started process 375 to run task
[2024-07-25T13:27:46.370+0000] {standard_task_runner.py:82} INFO - Running: ['***', 'tasks', 'run', 'execute_get_api_data_script', 'run_python_script', 'scheduled__2024-07-24T13:27:44.740703+00:00', '--job-id', '11', '--raw', '--subdir', 'DAGS_FOLDER/get_api_data_dag.py', '--cfg-path', '/tmp/tmpf6nm2iai']
[2024-07-25T13:27:46.370+0000] {standard_task_runner.py:83} INFO - Job 11: Subtask run_python_script
[2024-07-25T13:27:46.393+0000] {task_command.py:388} INFO - Running <TaskInstance: execute_get_api_data_script.run_python_script scheduled__2024-07-24T13:27:44.740703+00:00 [running]> on host ebb7cd7d43b9
[2024-07-25T13:27:46.420+0000] {taskinstance.py:1509} INFO - Exporting the following env vars:
AIRFLOW_CTX_DAG_OWNER=miguelrezende
AIRFLOW_CTX_DAG_ID=execute_get_api_data_script
AIRFLOW_CTX_TASK_ID=run_python_script
AIRFLOW_CTX_EXECUTION_DATE=2024-07-24T13:27:44.740703+00:00
AIRFLOW_CTX_TRY_NUMBER=1
AIRFLOW_CTX_DAG_RUN_ID=scheduled__2024-07-24T13:27:44.740703+00:00
[2024-07-25T13:27:46.421+0000] {subprocess.py:63} INFO - Tmp dir root location: 
 /tmp
[2024-07-25T13:27:46.421+0000] {subprocess.py:75} INFO - Running command: ['/bin/bash', '-c', 'python3 /opt/***/python_scripts/get_api_data_script.py']
[2024-07-25T13:27:46.425+0000] {subprocess.py:86} INFO - Output:
[2024-07-25T13:27:46.464+0000] {subprocess.py:97} INFO - Command exited with return code 0
[2024-07-25T13:27:46.474+0000] {taskinstance.py:1323} INFO - Marking task as SUCCESS. dag_id=execute_get_api_data_script, task_id=run_python_script, execution_date=20240724T132744, start_date=20240725T132746, end_date=20240725T132746
[2024-07-25T13:27:46.512+0000] {local_task_job.py:208} INFO - Task exited with return code 0
[2024-07-25T13:27:46.520+0000] {taskinstance.py:2578} INFO - 0 downstream tasks scheduled from follow-on schedule check
