[2024-08-05T16:43:17.831+0000] {taskinstance.py:1083} INFO - Dependencies all met for <TaskInstance: execute_get_api_data_script.run_python_script scheduled__2024-08-04T16:43:14.931527+00:00 [queued]>
[2024-08-05T16:43:17.835+0000] {taskinstance.py:1083} INFO - Dependencies all met for <TaskInstance: execute_get_api_data_script.run_python_script scheduled__2024-08-04T16:43:14.931527+00:00 [queued]>
[2024-08-05T16:43:17.835+0000] {taskinstance.py:1279} INFO - 
--------------------------------------------------------------------------------
[2024-08-05T16:43:17.835+0000] {taskinstance.py:1280} INFO - Starting attempt 1 of 2
[2024-08-05T16:43:17.836+0000] {taskinstance.py:1281} INFO - 
--------------------------------------------------------------------------------
[2024-08-05T16:43:17.844+0000] {taskinstance.py:1300} INFO - Executing <Task(BashOperator): run_python_script> on 2024-08-04 16:43:14.931527+00:00
[2024-08-05T16:43:17.846+0000] {standard_task_runner.py:55} INFO - Started process 58 to run task
[2024-08-05T16:43:17.848+0000] {standard_task_runner.py:82} INFO - Running: ['***', 'tasks', 'run', 'execute_get_api_data_script', 'run_python_script', 'scheduled__2024-08-04T16:43:14.931527+00:00', '--job-id', '36', '--raw', '--subdir', 'DAGS_FOLDER/get_api_data_dag.py', '--cfg-path', '/tmp/tmpgt6xc5pk']
[2024-08-05T16:43:17.848+0000] {standard_task_runner.py:83} INFO - Job 36: Subtask run_python_script
[2024-08-05T16:43:17.885+0000] {task_command.py:388} INFO - Running <TaskInstance: execute_get_api_data_script.run_python_script scheduled__2024-08-04T16:43:14.931527+00:00 [running]> on host 20e7dcf735b8
[2024-08-05T16:43:17.925+0000] {taskinstance.py:1509} INFO - Exporting the following env vars:
AIRFLOW_CTX_DAG_OWNER=miguelrezende
AIRFLOW_CTX_DAG_ID=execute_get_api_data_script
AIRFLOW_CTX_TASK_ID=run_python_script
AIRFLOW_CTX_EXECUTION_DATE=2024-08-04T16:43:14.931527+00:00
AIRFLOW_CTX_TRY_NUMBER=1
AIRFLOW_CTX_DAG_RUN_ID=scheduled__2024-08-04T16:43:14.931527+00:00
[2024-08-05T16:43:17.926+0000] {subprocess.py:63} INFO - Tmp dir root location: 
 /tmp
[2024-08-05T16:43:17.927+0000] {subprocess.py:75} INFO - Running command: ['/bin/bash', '-c', 'python3 /opt/***/python_scripts/get_api_data_script.py 2>&1']
[2024-08-05T16:43:17.931+0000] {subprocess.py:86} INFO - Output:
[2024-08-05T16:43:20.768+0000] {subprocess.py:93} INFO - Getting data from API
[2024-08-05T16:43:20.769+0000] {subprocess.py:93} INFO - 
[2024-08-05T16:43:20.771+0000] {subprocess.py:93} INFO - Endpoint: feriados
[2024-08-05T16:43:20.772+0000] {subprocess.py:93} INFO - Suzano - 2023
[2024-08-05T16:43:20.773+0000] {subprocess.py:93} INFO - Suzano - 2024
[2024-08-05T16:43:20.774+0000] {subprocess.py:93} INFO - Mogi das Cruzes - 2023
[2024-08-05T16:43:20.774+0000] {subprocess.py:93} INFO - Mogi das Cruzes - 2024
[2024-08-05T16:43:20.775+0000] {subprocess.py:93} INFO - 
[2024-08-05T16:43:20.776+0000] {subprocess.py:93} INFO - Endpoint: suspensoes
[2024-08-05T16:43:20.777+0000] {subprocess.py:93} INFO - Suzano - 2023
[2024-08-05T16:43:20.778+0000] {subprocess.py:93} INFO - Suzano - 2024
[2024-08-05T16:43:20.778+0000] {subprocess.py:93} INFO - Mogi das Cruzes - 2023
[2024-08-05T16:43:20.780+0000] {subprocess.py:93} INFO - Mogi das Cruzes - 2024
[2024-08-05T16:43:20.781+0000] {subprocess.py:93} INFO - Saving file: gs://prazos_bucket/2024/08/05/164319_file.parquet in Google Cloud Storage
[2024-08-05T16:43:20.875+0000] {subprocess.py:97} INFO - Command exited with return code 0
[2024-08-05T16:43:20.890+0000] {taskinstance.py:1323} INFO - Marking task as SUCCESS. dag_id=execute_get_api_data_script, task_id=run_python_script, execution_date=20240804T164314, start_date=20240805T164317, end_date=20240805T164320
[2024-08-05T16:43:20.902+0000] {local_task_job.py:208} INFO - Task exited with return code 0
[2024-08-05T16:43:20.916+0000] {taskinstance.py:2578} INFO - 0 downstream tasks scheduled from follow-on schedule check
